#! /c/Source/iverilog-install/bin/vvp
:ivl_version "12.0 (devel)" "(s20150603-1539-g2693dd32b)";
:ivl_delay_selection "TYPICAL";
:vpi_time_precision + 0;
:vpi_module "C:\iverilog\lib\ivl\system.vpi";
:vpi_module "C:\iverilog\lib\ivl\vhdl_sys.vpi";
:vpi_module "C:\iverilog\lib\ivl\vhdl_textio.vpi";
:vpi_module "C:\iverilog\lib\ivl\v2005_math.vpi";
:vpi_module "C:\iverilog\lib\ivl\va_math.vpi";
S_000001fc73426b40 .scope module, "f2s_control" "f2s_control" 2 4;
 .timescale 0 0;
    .port_info 0 /INPUT 1 "adat";
    .port_info 1 /INPUT 1 "rst";
    .port_info 2 /INPUT 1 "aclk";
    .port_info 3 /INPUT 1 "bclk";
    .port_info 4 /OUTPUT 1 "bdat";
o000001fc73279038 .functor BUFZ 1, C4<z>; HiZ drive
L_000001fc7342aa10 .functor AND 1, o000001fc73279038, v000001fc732be7e0_0, C4<1>, C4<1>;
v000001fc7342aeb0_0 .var "abdat1", 0 0;
v000001fc7342b760_0 .var "abdat2", 0 0;
v000001fc73426cd0_0 .net "aclk", 0 0, o000001fc73279038;  0 drivers
v000001fc73426d70_0 .net "aclk_gt", 0 0, L_000001fc7342aa10;  1 drivers
o000001fc73279098 .functor BUFZ 1, C4<z>; HiZ drive
v000001fc73426e10_0 .net "adat", 0 0, o000001fc73279098;  0 drivers
v000001fc73426eb0_0 .var "adat1", 0 0;
o000001fc732790f8 .functor BUFZ 1, C4<z>; HiZ drive
v000001fc73426f50_0 .net "bclk", 0 0, o000001fc732790f8;  0 drivers
v000001fc732bdc50_0 .var "bdat", 0 0;
v000001fc732be920_0 .var "bdat1", 0 0;
v000001fc732bdde0_0 .var "bdat2", 0 0;
v000001fc732be560_0 .var "bdat3", 0 0;
o000001fc732791e8 .functor BUFZ 1, C4<z>; HiZ drive
v000001fc732bdd40_0 .net "rst", 0 0, o000001fc732791e8;  0 drivers
v000001fc732be7e0_0 .var "stall", 0 0;
E_000001fc73428b40/0 .event negedge, v000001fc732bdd40_0;
E_000001fc73428b40/1 .event posedge, v000001fc73426d70_0;
E_000001fc73428b40 .event/or E_000001fc73428b40/0, E_000001fc73428b40/1;
E_000001fc73428a00 .event anyedge, v000001fc7342b760_0, v000001fc73426eb0_0;
E_000001fc73428cc0 .event anyedge, v000001fc732be560_0, v000001fc732bdde0_0;
E_000001fc73428740/0 .event negedge, v000001fc732bdd40_0;
E_000001fc73428740/1 .event posedge, v000001fc73426f50_0;
E_000001fc73428740 .event/or E_000001fc73428740/0, E_000001fc73428740/1;
E_000001fc73428f80/0 .event negedge, v000001fc732bdd40_0;
E_000001fc73428f80/1 .event posedge, v000001fc73426cd0_0;
E_000001fc73428f80 .event/or E_000001fc73428f80/0, E_000001fc73428f80/1;
    .scope S_000001fc73426b40;
T_0 ;
    %wait E_000001fc73428f80;
    %load/vec4 v000001fc732bdd40_0;
    %inv;
    %flag_set/vec4 8;
    %jmp/0xz  T_0.0, 8;
    %pushi/vec4 0, 0, 2;
    %split/vec4 1;
    %assign/vec4 v000001fc7342aeb0_0, 0;
    %assign/vec4 v000001fc7342b760_0, 0;
    %jmp T_0.1;
T_0.0 ;
    %load/vec4 v000001fc7342aeb0_0;
    %load/vec4 v000001fc732bdde0_0;
    %concat/vec4; draw_concat_vec4
    %split/vec4 1;
    %assign/vec4 v000001fc7342aeb0_0, 0;
    %assign/vec4 v000001fc7342b760_0, 0;
T_0.1 ;
    %jmp T_0;
    .thread T_0;
    .scope S_000001fc73426b40;
T_1 ;
    %wait E_000001fc73428740;
    %load/vec4 v000001fc732bdd40_0;
    %inv;
    %flag_set/vec4 8;
    %jmp/0xz  T_1.0, 8;
    %pushi/vec4 0, 0, 2;
    %split/vec4 1;
    %assign/vec4 v000001fc732be920_0, 0;
    %assign/vec4 v000001fc732bdde0_0, 0;
    %jmp T_1.1;
T_1.0 ;
    %load/vec4 v000001fc732be920_0;
    %load/vec4 v000001fc73426eb0_0;
    %concat/vec4; draw_concat_vec4
    %split/vec4 1;
    %assign/vec4 v000001fc732be920_0, 0;
    %assign/vec4 v000001fc732bdde0_0, 0;
T_1.1 ;
    %jmp T_1;
    .thread T_1;
    .scope S_000001fc73426b40;
T_2 ;
    %wait E_000001fc73428740;
    %load/vec4 v000001fc732bdd40_0;
    %inv;
    %flag_set/vec4 8;
    %jmp/0xz  T_2.0, 8;
    %pushi/vec4 0, 0, 1;
    %assign/vec4 v000001fc732be560_0, 0;
    %jmp T_2.1;
T_2.0 ;
    %load/vec4 v000001fc732bdde0_0;
    %assign/vec4 v000001fc732be560_0, 0;
T_2.1 ;
    %jmp T_2;
    .thread T_2;
    .scope S_000001fc73426b40;
T_3 ;
    %wait E_000001fc73428cc0;
    %load/vec4 v000001fc732be560_0;
    %load/vec4 v000001fc732bdde0_0;
    %concat/vec4; draw_concat_vec4
    %cmpi/e 1, 0, 2;
    %flag_mov 8, 4;
    %jmp/0 T_3.0, 8;
    %pushi/vec4 1, 0, 2;
    %jmp/1 T_3.1, 8;
T_3.0 ; End of true expr.
    %pushi/vec4 0, 0, 2;
    %jmp/0 T_3.1, 8;
 ; End of false expr.
    %blend;
T_3.1;
    %pad/s 1;
    %assign/vec4 v000001fc732bdc50_0, 0;
    %jmp T_3;
    .thread T_3, $push;
    .scope S_000001fc73426b40;
T_4 ;
    %wait E_000001fc73428a00;
    %load/vec4 v000001fc7342b760_0;
    %pad/u 32;
    %cmpi/e 1, 0, 32;
    %jmp/0xz  T_4.0, 4;
    %pushi/vec4 1, 0, 1;
    %assign/vec4 v000001fc732be7e0_0, 0;
    %jmp T_4.1;
T_4.0 ;
    %load/vec4 v000001fc73426eb0_0;
    %pad/u 32;
    %cmpi/e 1, 0, 32;
    %jmp/0xz  T_4.2, 4;
    %pushi/vec4 0, 0, 1;
    %assign/vec4 v000001fc732be7e0_0, 0;
    %jmp T_4.3;
T_4.2 ;
    %pushi/vec4 1, 0, 1;
    %assign/vec4 v000001fc732be7e0_0, 0;
T_4.3 ;
T_4.1 ;
    %jmp T_4;
    .thread T_4, $push;
    .scope S_000001fc73426b40;
T_5 ;
    %wait E_000001fc73428b40;
    %load/vec4 v000001fc732bdd40_0;
    %inv;
    %flag_set/vec4 8;
    %jmp/0xz  T_5.0, 8;
    %pushi/vec4 0, 0, 1;
    %assign/vec4 v000001fc73426eb0_0, 0;
    %jmp T_5.1;
T_5.0 ;
    %load/vec4 v000001fc73426e10_0;
    %assign/vec4 v000001fc73426eb0_0, 0;
T_5.1 ;
    %jmp T_5;
    .thread T_5;
# The file index is used to find the file name in the following table.
:file_names 3;
    "N/A";
    "<interactive>";
    "f2s_control_2.v";
