#! /usr/bin/vvp
:ivl_version "11.0 (stable)";
:ivl_delay_selection "TYPICAL";
:vpi_time_precision - 10;
:vpi_module "/usr/lib/x86_64-linux-gnu/ivl/system.vpi";
:vpi_module "/usr/lib/x86_64-linux-gnu/ivl/vhdl_sys.vpi";
:vpi_module "/usr/lib/x86_64-linux-gnu/ivl/vhdl_textio.vpi";
:vpi_module "/usr/lib/x86_64-linux-gnu/ivl/v2005_math.vpi";
:vpi_module "/usr/lib/x86_64-linux-gnu/ivl/va_math.vpi";
S_0x5614ea7d15e0 .scope module, "MCDF_tb1" "MCDF_tb1" 2 5;
 .timescale -9 -10;
P_0x5614ea7d2930 .param/l "IDLE" 0 2 8, C4<00>;
P_0x5614ea7d2970 .param/l "RD" 0 2 6, C4<01>;
P_0x5614ea7d29b0 .param/l "WR" 0 2 7, C4<10>;
v0x5614ea7fef40_0 .var "ch0_data", 31 0;
v0x5614ea7ff020_0 .net "ch0_ready", 0 0, L_0x5614ea810c80;  1 drivers
v0x5614ea7ff130_0 .var "ch0_valid", 0 0;
v0x5614ea7ff220_0 .var "ch1_data", 31 0;
v0x5614ea7ff2c0_0 .net "ch1_ready", 0 0, L_0x5614ea813420;  1 drivers
v0x5614ea7ff400_0 .var "ch1_valid", 0 0;
v0x5614ea7ff4f0_0 .var "ch2_data", 31 0;
v0x5614ea7ff590_0 .net "ch2_ready", 0 0, L_0x5614ea815dc0;  1 drivers
v0x5614ea7ff680_0 .var "ch2_valid", 0 0;
v0x5614ea7ff720_0 .var "clk", 0 0;
v0x5614ea7ff7c0_0 .var "cmd", 1 0;
v0x5614ea7ff8d0_0 .var "cmd_addr", 5 0;
v0x5614ea7ff9e0_0 .var "cmd_data_i", 31 0;
v0x5614ea7ffaf0_0 .net "cmd_data_o", 31 0, v0x5614ea7eb0d0_0;  1 drivers
v0x5614ea7ffc00_0 .net "fmt_child", 1 0, L_0x5614ea819d90;  1 drivers
v0x5614ea7ffd10_0 .net "fmt_data", 31 0, L_0x5614ea819d20;  1 drivers
v0x5614ea7ffe20_0 .net "fmt_end", 0 0, L_0x5614ea819cb0;  1 drivers
v0x5614ea7fff10_0 .var "fmt_grant", 0 0;
v0x5614ea800000_0 .net "fmt_length", 5 0, v0x5614ea7ed0b0_0;  1 drivers
v0x5614ea800110_0 .net "fmt_req", 0 0, L_0x5614ea819af0;  1 drivers
v0x5614ea800200_0 .net "fmt_start", 0 0, v0x5614ea7ed250_0;  1 drivers
v0x5614ea8002f0_0 .var "rst_n", 0 0;
E_0x5614ea760210 .event posedge, v0x5614ea7e9240_0;
S_0x5614ea7cd5f0 .scope module, "MCDF_inst0" "MCDF" 2 38, 3 8 0, S_0x5614ea7d15e0;
 .timescale -9 -10;
    .port_info 0 /INPUT 1 "clk";
    .port_info 1 /INPUT 1 "rst_n";
    .port_info 2 /INPUT 32 "ch0_data";
    .port_info 3 /INPUT 1 "ch0_valid";
    .port_info 4 /OUTPUT 1 "ch0_ready";
    .port_info 5 /INPUT 32 "ch1_data";
    .port_info 6 /INPUT 1 "ch1_valid";
    .port_info 7 /OUTPUT 1 "ch1_ready";
    .port_info 8 /INPUT 32 "ch2_data";
    .port_info 9 /INPUT 1 "ch2_valid";
    .port_info 10 /OUTPUT 1 "ch2_ready";
    .port_info 11 /INPUT 1 "fmt_grant";
    .port_info 12 /OUTPUT 2 "fmt_child";
    .port_info 13 /OUTPUT 6 "fmt_length";
    .port_info 14 /OUTPUT 1 "fmt_req";
    .port_info 15 /OUTPUT 32 "fmt_data";
    .port_info 16 /OUTPUT 1 "fmt_start";
    .port_info 17 /OUTPUT 1 "fmt_end";
    .port_info 18 /INPUT 2 "cmd";
    .port_info 19 /INPUT 6 "cmd_addr";
    .port_info 20 /INPUT 32 "cmd_data_i";
    .port_info 21 /OUTPUT 32 "cmd_data_o";
v0x5614ea7fbcf0_0 .net "a2f_data", 31 0, v0x5614ea7e8860_0;  1 drivers
v0x5614ea7fbe20_0 .net "a2f_end", 0 0, v0x5614ea7e8940_0;  1 drivers
v0x5614ea7fbf30_0 .net "a2f_id", 1 0, v0x5614ea7e8a00_0;  1 drivers
v0x5614ea7fc020_0 .net "a2f_pkglen_sel", 2 0, v0x5614ea7e8ae0_0;  1 drivers
v0x5614ea7fc110_0 .net "a2f_val", 0 0, v0x5614ea7e8bc0_0;  1 drivers
v0x5614ea7fc250_0 .net "a2s0_ack", 0 0, v0x5614ea7e8c80_0;  1 drivers
v0x5614ea7fc340_0 .net "a2s1_ack", 0 0, v0x5614ea7e8d40_0;  1 drivers
v0x5614ea7fc430_0 .net "a2s2_ack", 0 0, v0x5614ea7e8e00_0;  1 drivers
v0x5614ea7fc520_0 .net "ch0_data", 31 0, v0x5614ea7fef40_0;  1 drivers
v0x5614ea7fc5e0_0 .net "ch0_ready", 0 0, L_0x5614ea810c80;  alias, 1 drivers
v0x5614ea7fc680_0 .net "ch0_valid", 0 0, v0x5614ea7ff130_0;  1 drivers
v0x5614ea7fc720_0 .net "ch1_data", 31 0, v0x5614ea7ff220_0;  1 drivers
v0x5614ea7fc810_0 .net "ch1_ready", 0 0, L_0x5614ea813420;  alias, 1 drivers
v0x5614ea7fc8b0_0 .net "ch1_valid", 0 0, v0x5614ea7ff400_0;  1 drivers
v0x5614ea7fc950_0 .net "ch2_data", 31 0, v0x5614ea7ff4f0_0;  1 drivers
v0x5614ea7fca40_0 .net "ch2_ready", 0 0, L_0x5614ea815dc0;  alias, 1 drivers
v0x5614ea7fcae0_0 .net "ch2_valid", 0 0, v0x5614ea7ff680_0;  1 drivers
v0x5614ea7fcb80_0 .net "clk", 0 0, v0x5614ea7ff720_0;  1 drivers
v0x5614ea7fcc20_0 .net "cmd", 1 0, v0x5614ea7ff7c0_0;  1 drivers
v0x5614ea7fccc0_0 .net "cmd_addr", 5 0, v0x5614ea7ff8d0_0;  1 drivers
v0x5614ea7fcd60_0 .net "cmd_data_i", 31 0, v0x5614ea7ff9e0_0;  1 drivers
v0x5614ea7fce00_0 .net "cmd_data_o", 31 0, v0x5614ea7eb0d0_0;  alias, 1 drivers
v0x5614ea7fcea0_0 .net "f2a_ack", 0 0, L_0x5614ea819bb0;  1 drivers
v0x5614ea7fcf90_0 .net "f2a_id_req", 0 0, v0x5614ea7ecf40_0;  1 drivers
v0x5614ea7fd080_0 .net "fmt_child", 1 0, L_0x5614ea819d90;  alias, 1 drivers
v0x5614ea7fd120_0 .net "fmt_data", 31 0, L_0x5614ea819d20;  alias, 1 drivers
v0x5614ea7fd1c0_0 .net "fmt_end", 0 0, L_0x5614ea819cb0;  alias, 1 drivers
v0x5614ea7fd260_0 .net "fmt_grant", 0 0, v0x5614ea7fff10_0;  1 drivers
v0x5614ea7fd330_0 .net "fmt_length", 5 0, v0x5614ea7ed0b0_0;  alias, 1 drivers
v0x5614ea7fd400_0 .net "fmt_req", 0 0, L_0x5614ea819af0;  alias, 1 drivers
v0x5614ea7fd4d0_0 .net "fmt_start", 0 0, v0x5614ea7ed250_0;  alias, 1 drivers
v0x5614ea7fd5a0_0 .net "rst_n", 0 0, v0x5614ea8002f0_0;  1 drivers
v0x5614ea7fd640_0 .net "slv0_data", 31 0, v0x5614ea7ef060_0;  1 drivers
v0x5614ea7fd8f0_0 .net "slv0_en", 0 0, L_0x5614ea800390;  1 drivers
v0x5614ea7fd9e0_0 .net "slv0_end", 0 0, v0x5614ea7f1cf0_0;  1 drivers
v0x5614ea7fdad0_0 .net "slv0_margin", 5 0, L_0x5614ea811bb0;  1 drivers
v0x5614ea7fdb70_0 .net "slv0_pkglen", 2 0, L_0x5614ea800880;  1 drivers
v0x5614ea7fdc10_0 .net "slv0_prio", 1 0, L_0x5614ea800570;  1 drivers
v0x5614ea7fdd00_0 .net "slv0_req", 0 0, L_0x5614ea813240;  1 drivers
v0x5614ea7fddf0_0 .net "slv0_val", 0 0, v0x5614ea7f1f50_0;  1 drivers
v0x5614ea7fdee0_0 .net "slv1_data", 31 0, v0x5614ea7f3ce0_0;  1 drivers
v0x5614ea7fdf80_0 .net "slv1_en", 0 0, L_0x5614ea800430;  1 drivers
v0x5614ea7fe070_0 .net "slv1_end", 0 0, v0x5614ea7f6970_0;  1 drivers
v0x5614ea7fe160_0 .net "slv1_margin", 5 0, L_0x5614ea814400;  1 drivers
v0x5614ea7fe200_0 .net "slv1_pkglen", 2 0, L_0x5614ea800920;  1 drivers
v0x5614ea7fe2a0_0 .net "slv1_prio", 1 0, L_0x5614ea800660;  1 drivers
v0x5614ea7fe390_0 .net "slv1_req", 0 0, L_0x5614ea815b50;  1 drivers
v0x5614ea7fe480_0 .net "slv1_val", 0 0, v0x5614ea7f6bd0_0;  1 drivers
v0x5614ea7fe570_0 .net "slv2_data", 31 0, v0x5614ea7f8940_0;  1 drivers
v0x5614ea7fe630_0 .net "slv2_en", 0 0, L_0x5614ea8004d0;  1 drivers
v0x5614ea7fe720_0 .net "slv2_end", 0 0, v0x5614ea7fb730_0;  1 drivers
v0x5614ea7fe810_0 .net "slv2_margin", 5 0, L_0x5614ea816da0;  1 drivers
v0x5614ea7fe8d0_0 .net "slv2_pkglen", 2 0, L_0x5614ea800a10;  1 drivers
v0x5614ea7fe990_0 .net "slv2_prio", 1 0, L_0x5614ea800750;  1 drivers
v0x5614ea7feaa0_0 .net "slv2_req", 0 0, L_0x5614ea8182e0;  1 drivers
v0x5614ea7feb90_0 .net "slv2_val", 0 0, v0x5614ea7fb990_0;  1 drivers
S_0x5614ea7cd270 .scope module, "arb0" "arbiter" 3 143, 4 4 0, S_0x5614ea7cd5f0;
 .timescale -9 -10;
    .port_info 0 /INPUT 1 "clk_i";
    .port_info 1 /INPUT 1 "rstn_i";
    .port_info 2 /INPUT 2 "slv0_prio_i";
    .port_info 3 /INPUT 2 "slv1_prio_i";
    .port_info 4 /INPUT 2 "slv2_prio_i";
    .port_info 5 /INPUT 3 "slv0_pkglen_i";
    .port_info 6 /INPUT 3 "slv1_pkglen_i";
    .port_info 7 /INPUT 3 "slv2_pkglen_i";
    .port_info 8 /INPUT 32 "slv0_data_i";
    .port_info 9 /INPUT 32 "slv1_data_i";
    .port_info 10 /INPUT 32 "slv2_data_i";
    .port_info 11 /INPUT 1 "slv0_req_i";
    .port_info 12 /INPUT 1 "slv1_req_i";
    .port_info 13 /INPUT 1 "slv2_req_i";
    .port_info 14 /INPUT 1 "slv0_val_i";
    .port_info 15 /INPUT 1 "slv1_val_i";
    .port_info 16 /INPUT 1 "slv2_val_i";
    .port_info 17 /INPUT 1 "slv0_end_i";
    .port_info 18 /INPUT 1 "slv1_end_i";
    .port_info 19 /INPUT 1 "slv2_end_i";
    .port_info 20 /INPUT 1 "f2a_id_req_i";
    .port_info 21 /INPUT 1 "f2a_ack_i";
    .port_info 22 /OUTPUT 1 "a2s0_ack_o";
    .port_info 23 /OUTPUT 1 "a2s1_ack_o";
    .port_info 24 /OUTPUT 1 "a2s2_ack_o";
    .port_info 25 /OUTPUT 1 "a2f_val_o";
    .port_info 26 /OUTPUT 2 "a2f_id_o";
    .port_info 27 /OUTPUT 32 "a2f_data_o";
    .port_info 28 /OUTPUT 3 "a2f_pkglen_sel_o";
    .port_info 29 /OUTPUT 1 "a2f_end_o";
L_0x5614ea817f20 .functor BUFZ 1, L_0x5614ea813240, C4<0>, C4<0>, C4<0>;
L_0x5614ea817e10 .functor BUFZ 1, L_0x5614ea815b50, C4<0>, C4<0>, C4<0>;
L_0x5614ea818590 .functor BUFZ 1, L_0x5614ea8182e0, C4<0>, C4<0>, C4<0>;
v0x5614ea7cedc0_0 .net *"_ivl_12", 0 0, L_0x5614ea818590;  1 drivers
L_0x7f19dab68020 .functor BUFT 1, C4<00>, C4<0>, C4<0>, C4<0>;
v0x5614ea7cee90_0 .net/2u *"_ivl_13", 1 0, L_0x7f19dab68020;  1 drivers
v0x5614ea7cf410_0 .net *"_ivl_15", 3 0, L_0x5614ea8186e0;  1 drivers
v0x5614ea7cf4e0_0 .net *"_ivl_17", 3 0, L_0x5614ea8188b0;  1 drivers
v0x5614ea78f090_0 .net *"_ivl_19", 1 0, L_0x5614ea818810;  1 drivers
L_0x7f19dab68068 .functor BUFT 1, C4<00>, C4<0>, C4<0>, C4<0>;
v0x5614ea78f130_0 .net *"_ivl_21", 1 0, L_0x7f19dab68068;  1 drivers
L_0x7f19dab680b0 .functor BUFT 1, C4<0000>, C4<0>, C4<0>, C4<0>;
v0x5614ea7376a0_0 .net/2u *"_ivl_23", 3 0, L_0x7f19dab680b0;  1 drivers
L_0x7f19dab680f8 .functor BUFT 1, C4<00>, C4<0>, C4<0>, C4<0>;
v0x5614ea7e7c20_0 .net/2u *"_ivl_27", 1 0, L_0x7f19dab680f8;  1 drivers
v0x5614ea7e7d00_0 .net *"_ivl_29", 3 0, L_0x5614ea818ba0;  1 drivers
v0x5614ea7e7de0_0 .net *"_ivl_3", 0 0, L_0x5614ea817f20;  1 drivers
v0x5614ea7e7ec0_0 .net *"_ivl_31", 3 0, L_0x5614ea818e00;  1 drivers
v0x5614ea7e7fa0_0 .net *"_ivl_33", 1 0, L_0x5614ea818d10;  1 drivers
L_0x7f19dab68140 .functor BUFT 1, C4<00>, C4<0>, C4<0>, C4<0>;
v0x5614ea7e8080_0 .net *"_ivl_35", 1 0, L_0x7f19dab68140;  1 drivers
L_0x7f19dab68188 .functor BUFT 1, C4<0001>, C4<0>, C4<0>, C4<0>;
v0x5614ea7e8160_0 .net/2u *"_ivl_37", 3 0, L_0x7f19dab68188;  1 drivers
L_0x7f19dab681d0 .functor BUFT 1, C4<00>, C4<0>, C4<0>, C4<0>;
v0x5614ea7e8240_0 .net/2u *"_ivl_41", 1 0, L_0x7f19dab681d0;  1 drivers
v0x5614ea7e8320_0 .net *"_ivl_43", 3 0, L_0x5614ea8190d0;  1 drivers
v0x5614ea7e8400_0 .net *"_ivl_45", 3 0, L_0x5614ea819710;  1 drivers
v0x5614ea7e84e0_0 .net *"_ivl_47", 1 0, L_0x5614ea819260;  1 drivers
L_0x7f19dab68218 .functor BUFT 1, C4<00>, C4<0>, C4<0>, C4<0>;
v0x5614ea7e85c0_0 .net *"_ivl_49", 1 0, L_0x7f19dab68218;  1 drivers
L_0x7f19dab68260 .functor BUFT 1, C4<0010>, C4<0>, C4<0>, C4<0>;
v0x5614ea7e86a0_0 .net/2u *"_ivl_51", 3 0, L_0x7f19dab68260;  1 drivers
v0x5614ea7e8780_0 .net *"_ivl_7", 0 0, L_0x5614ea817e10;  1 drivers
v0x5614ea7e8860_0 .var "a2f_data_o", 31 0;
v0x5614ea7e8940_0 .var "a2f_end_o", 0 0;
v0x5614ea7e8a00_0 .var "a2f_id_o", 1 0;
v0x5614ea7e8ae0_0 .var "a2f_pkglen_sel_o", 2 0;
v0x5614ea7e8bc0_0 .var "a2f_val_o", 0 0;
v0x5614ea7e8c80_0 .var "a2s0_ack_o", 0 0;
v0x5614ea7e8d40_0 .var "a2s1_ack_o", 0 0;
v0x5614ea7e8e00_0 .var "a2s2_ack_o", 0 0;
v0x5614ea7e8ec0_0 .net "ch0_prio_syn", 3 0, L_0x5614ea8189f0;  1 drivers
v0x5614ea7e8fa0_0 .net "ch1_prio_syn", 3 0, L_0x5614ea818f90;  1 drivers
v0x5614ea7e9080_0 .net "ch2_prio_syn", 3 0, L_0x5614ea819870;  1 drivers
v0x5614ea7e9160_0 .var "channel_prio", 5 0;
v0x5614ea7e9240_0 .net "clk_i", 0 0, v0x5614ea7ff720_0;  alias, 1 drivers
v0x5614ea7e9300_0 .net "f2a_ack_i", 0 0, L_0x5614ea819bb0;  alias, 1 drivers
v0x5614ea7e93c0_0 .net "f2a_id_req_i", 0 0, v0x5614ea7ecf40_0;  alias, 1 drivers
v0x5614ea7e9480_0 .net "rstn_i", 0 0, v0x5614ea8002f0_0;  alias, 1 drivers
v0x5614ea7e9540_0 .net "slv0_data_i", 31 0, v0x5614ea7ef060_0;  alias, 1 drivers
v0x5614ea7e9620_0 .net "slv0_end_i", 0 0, v0x5614ea7f1cf0_0;  alias, 1 drivers
v0x5614ea7e96e0_0 .net "slv0_pkglen_i", 2 0, L_0x5614ea800880;  alias, 1 drivers
v0x5614ea7e97c0_0 .net "slv0_prio_i", 1 0, L_0x5614ea800570;  alias, 1 drivers
v0x5614ea7e98a0_0 .net "slv0_req_i", 0 0, L_0x5614ea813240;  alias, 1 drivers
v0x5614ea7e9960_0 .net "slv0_val_i", 0 0, v0x5614ea7f1f50_0;  alias, 1 drivers
v0x5614ea7e9a20_0 .net "slv1_data_i", 31 0, v0x5614ea7f3ce0_0;  alias, 1 drivers
v0x5614ea7e9b00_0 .net "slv1_end_i", 0 0, v0x5614ea7f6970_0;  alias, 1 drivers
v0x5614ea7e9bc0_0 .net "slv1_pkglen_i", 2 0, L_0x5614ea800920;  alias, 1 drivers
v0x5614ea7e9ca0_0 .net "slv1_prio_i", 1 0, L_0x5614ea800660;  alias, 1 drivers
v0x5614ea7e9d80_0 .net "slv1_req_i", 0 0, L_0x5614ea815b50;  alias, 1 drivers
v0x5614ea7e9e40_0 .net "slv1_val_i", 0 0, v0x5614ea7f6bd0_0;  alias, 1 drivers
v0x5614ea7e9f00_0 .net "slv2_data_i", 31 0, v0x5614ea7f8940_0;  alias, 1 drivers
v0x5614ea7e9fe0_0 .net "slv2_end_i", 0 0, v0x5614ea7fb730_0;  alias, 1 drivers
v0x5614ea7ea0a0_0 .net "slv2_pkglen_i", 2 0, L_0x5614ea800a10;  alias, 1 drivers
v0x5614ea7ea180_0 .net "slv2_prio_i", 1 0, L_0x5614ea800750;  alias, 1 drivers
v0x5614ea7ea260_0 .net "slv2_req_i", 0 0, L_0x5614ea8182e0;  alias, 1 drivers
v0x5614ea7ea320_0 .net "slv2_val_i", 0 0, v0x5614ea7fb990_0;  alias, 1 drivers
v0x5614ea7ea3e0_0 .net "slvx_req", 2 0, L_0x5614ea8184f0;  1 drivers
E_0x5614ea75fd80/0 .event edge, v0x5614ea7e8a00_0, v0x5614ea7e9960_0, v0x5614ea7e9540_0, v0x5614ea7e96e0_0;
E_0x5614ea75fd80/1 .event edge, v0x5614ea7e9300_0, v0x5614ea7e9620_0, v0x5614ea7e9e40_0, v0x5614ea7e9a20_0;
E_0x5614ea75fd80/2 .event edge, v0x5614ea7e9bc0_0, v0x5614ea7e9b00_0, v0x5614ea7ea320_0, v0x5614ea7e9f00_0;
E_0x5614ea75fd80/3 .event edge, v0x5614ea7ea0a0_0, v0x5614ea7e9fe0_0;
E_0x5614ea75fd80 .event/or E_0x5614ea75fd80/0, E_0x5614ea75fd80/1, E_0x5614ea75fd80/2, E_0x5614ea75fd80/3;
E_0x5614ea70dad0/0 .event negedge, v0x5614ea7e9480_0;
E_0x5614ea70dad0/1 .event posedge, v0x5614ea7e9240_0;
E_0x5614ea70dad0 .event/or E_0x5614ea70dad0/0, E_0x5614ea70dad0/1;
E_0x5614ea7d5bd0 .event edge, v0x5614ea7e8ec0_0, v0x5614ea7e8fa0_0, v0x5614ea7e9080_0;
L_0x5614ea8184f0 .concat8 [ 1 1 1 0], L_0x5614ea817f20, L_0x5614ea817e10, L_0x5614ea818590;
L_0x5614ea8186e0 .concat [ 2 2 0 0], L_0x5614ea800570, L_0x7f19dab68020;
L_0x5614ea818810 .part L_0x5614ea8186e0, 0, 2;
L_0x5614ea8188b0 .concat [ 2 2 0 0], L_0x7f19dab68068, L_0x5614ea818810;
L_0x5614ea8189f0 .arith/sum 4, L_0x5614ea8188b0, L_0x7f19dab680b0;
L_0x5614ea818ba0 .concat [ 2 2 0 0], L_0x5614ea800660, L_0x7f19dab680f8;
L_0x5614ea818d10 .part L_0x5614ea818ba0, 0, 2;
L_0x5614ea818e00 .concat [ 2 2 0 0], L_0x7f19dab68140, L_0x5614ea818d10;
L_0x5614ea818f90 .arith/sum 4, L_0x5614ea818e00, L_0x7f19dab68188;
L_0x5614ea8190d0 .concat [ 2 2 0 0], L_0x5614ea800750, L_0x7f19dab681d0;
L_0x5614ea819260 .part L_0x5614ea8190d0, 0, 2;
L_0x5614ea819710 .concat [ 2 2 0 0], L_0x7f19dab68218, L_0x5614ea819260;
L_0x5614ea819870 .arith/sum 4, L_0x5614ea819710, L_0x7f19dab68260;
S_0x5614ea7ea880 .scope module, "cr0" "control_register" 3 76, 5 5 0, S_0x5614ea7cd5f0;
 .timescale -9 -10;
    .port_info 0 /INPUT 1 "clk_i";
    .port_info 1 /INPUT 1 "rstn_i";
    .port_info 2 /INPUT 2 "cmd_i";
    .port_info 3 /INPUT 6 "cmd_addr_i";
    .port_info 4 /INPUT 32 "cmd_data_i";
    .port_info 5 /INPUT 6 "slv0_margin_i";
    .port_info 6 /INPUT 6 "slv1_margin_i";
    .port_info 7 /INPUT 6 "slv2_margin_i";
    .port_info 8 /OUTPUT 1 "slv0_en_o";
    .port_info 9 /OUTPUT 1 "slv1_en_o";
    .port_info 10 /OUTPUT 1 "slv2_en_o";
    .port_info 11 /OUTPUT 32 "cmd_data_o";
    .port_info 12 /OUTPUT 2 "slv0_prio_o";
    .port_info 13 /OUTPUT 2 "slv1_prio_o";
    .port_info 14 /OUTPUT 2 "slv2_prio_o";
    .port_info 15 /OUTPUT 3 "slv0_pkglen_o";
    .port_info 16 /OUTPUT 3 "slv1_pkglen_o";
    .port_info 17 /OUTPUT 3 "slv2_pkglen_o";
P_0x5614ea752a20 .param/l "CTRL_REG_DEFAULT" 0 5 7, C4<00000000000000000000000000000111>;
P_0x5614ea752a60 .param/l "STATE_REG_DEFAULT" 0 5 8, C4<00000000000000000000000000111111>;
v0x5614ea7ead30 .array "Register", 0 5, 31 0;
v0x5614ea7eaeb0_0 .net "clk_i", 0 0, v0x5614ea7ff720_0;  alias, 1 drivers
v0x5614ea7eaf70_0 .net "cmd_addr_i", 5 0, v0x5614ea7ff8d0_0;  alias, 1 drivers
v0x5614ea7eb010_0 .net "cmd_data_i", 31 0, v0x5614ea7ff9e0_0;  alias, 1 drivers
v0x5614ea7eb0d0_0 .var "cmd_data_o", 31 0;
v0x5614ea7eb200_0 .net "cmd_i", 1 0, v0x5614ea7ff7c0_0;  alias, 1 drivers
v0x5614ea7eb2e0_0 .var/i "i", 31 0;
v0x5614ea7eb3c0_0 .net "rstn_i", 0 0, v0x5614ea8002f0_0;  alias, 1 drivers
v0x5614ea7eb460_0 .net "slv0_en_o", 0 0, L_0x5614ea800390;  alias, 1 drivers
v0x5614ea7eb500_0 .net "slv0_margin_i", 5 0, L_0x5614ea811bb0;  alias, 1 drivers
v0x5614ea7eb5e0_0 .net "slv0_pkglen_o", 2 0, L_0x5614ea800880;  alias, 1 drivers
v0x5614ea7eb6a0_0 .net "slv0_prio_o", 1 0, L_0x5614ea800570;  alias, 1 drivers
v0x5614ea7eb770_0 .net "slv1_en_o", 0 0, L_0x5614ea800430;  alias, 1 drivers
v0x5614ea7eb810_0 .net "slv1_margin_i", 5 0, L_0x5614ea814400;  alias, 1 drivers
v0x5614ea7eb8f0_0 .net "slv1_pkglen_o", 2 0, L_0x5614ea800920;  alias, 1 drivers
v0x5614ea7eb9e0_0 .net "slv1_prio_o", 1 0, L_0x5614ea800660;  alias, 1 drivers
v0x5614ea7ebab0_0 .net "slv2_en_o", 0 0, L_0x5614ea8004d0;  alias, 1 drivers
v0x5614ea7ebb50_0 .net "slv2_margin_i", 5 0, L_0x5614ea816da0;  alias, 1 drivers
v0x5614ea7ebc30_0 .net "slv2_pkglen_o", 2 0, L_0x5614ea800a10;  alias, 1 drivers
v0x5614ea7ebd20_0 .net "slv2_prio_o", 1 0, L_0x5614ea800750;  alias, 1 drivers
v0x5614ea7ead30_0 .array/port v0x5614ea7ead30, 0;
L_0x5614ea800390 .part v0x5614ea7ead30_0, 0, 1;
v0x5614ea7ead30_1 .array/port v0x5614ea7ead30, 1;
L_0x5614ea800430 .part v0x5614ea7ead30_1, 0, 1;
v0x5614ea7ead30_2 .array/port v0x5614ea7ead30, 2;
L_0x5614ea8004d0 .part v0x5614ea7ead30_2, 0, 1;
L_0x5614ea800570 .part v0x5614ea7ead30_0, 1, 2;
L_0x5614ea800660 .part v0x5614ea7ead30_1, 1, 2;
L_0x5614ea800750 .part v0x5614ea7ead30_2, 1, 2;
L_0x5614ea800880 .part v0x5614ea7ead30_0, 3, 3;
L_0x5614ea800920 .part v0x5614ea7ead30_1, 3, 3;
L_0x5614ea800a10 .part v0x5614ea7ead30_2, 3, 3;
S_0x5614ea7ec0b0 .scope module, "fm0" "formatter" 3 177, 6 4 0, S_0x5614ea7cd5f0;
 .timescale -9 -10;
    .port_info 0 /INPUT 1 "clk_i";
    .port_info 1 /INPUT 1 "rstn_i";
    .port_info 2 /INPUT 1 "a2f_val_i";
    .port_info 3 /INPUT 2 "a2f_id_i";
    .port_info 4 /INPUT 32 "a2f_data_i";
    .port_info 5 /INPUT 3 "a2f_pkglen_sel_i";
    .port_info 6 /INPUT 1 "fmt_grant_i";
    .port_info 7 /INPUT 1 "a2f_end_i";
    .port_info 8 /OUTPUT 1 "f2a_ack_o";
    .port_info 9 /OUTPUT 1 "fmt_id_req_o";
    .port_info 10 /OUTPUT 2 "fmt_child_o";
    .port_info 11 /OUTPUT 6 "fmt_length_o";
    .port_info 12 /OUTPUT 1 "fmt_req_o";
    .port_info 13 /OUTPUT 32 "fmt_data_o";
    .port_info 14 /OUTPUT 1 "fmt_start_o";
    .port_info 15 /OUTPUT 1 "fmt_end_o";
L_0x5614ea818a90 .functor AND 1, v0x5614ea7ecf40_0, L_0x5614ea8199b0, C4<1>, C4<1>;
L_0x5614ea819af0 .functor AND 1, L_0x5614ea818a90, v0x5614ea7ed010_0, C4<1>, C4<1>;
L_0x5614ea819bb0 .functor AND 1, v0x5614ea7fff10_0, L_0x5614ea819af0, C4<1>, C4<1>;
L_0x5614ea819cb0 .functor BUFZ 1, v0x5614ea7e8940_0, C4<0>, C4<0>, C4<0>;
L_0x5614ea819d20 .functor BUFZ 32, v0x5614ea7e8860_0, C4<00000000000000000000000000000000>, C4<00000000000000000000000000000000>, C4<00000000000000000000000000000000>;
L_0x5614ea819d90 .functor BUFZ 2, v0x5614ea7e8a00_0, C4<00>, C4<00>, C4<00>;
L_0x7f19dab682a8 .functor BUFT 1, C4<11>, C4<0>, C4<0>, C4<0>;
v0x5614ea7eaad0_0 .net/2u *"_ivl_0", 1 0, L_0x7f19dab682a8;  1 drivers
v0x5614ea7ec480_0 .net *"_ivl_2", 0 0, L_0x5614ea8199b0;  1 drivers
v0x5614ea7ec540_0 .net *"_ivl_4", 0 0, L_0x5614ea818a90;  1 drivers
v0x5614ea7ec630_0 .net "a2f_data_i", 31 0, v0x5614ea7e8860_0;  alias, 1 drivers
v0x5614ea7ec720_0 .net "a2f_end_i", 0 0, v0x5614ea7e8940_0;  alias, 1 drivers
v0x5614ea7ec810_0 .net "a2f_id_i", 1 0, v0x5614ea7e8a00_0;  alias, 1 drivers
v0x5614ea7ec8e0_0 .net "a2f_pkglen_sel_i", 2 0, v0x5614ea7e8ae0_0;  alias, 1 drivers
v0x5614ea7ec9b0_0 .net "a2f_val_i", 0 0, v0x5614ea7e8bc0_0;  alias, 1 drivers
v0x5614ea7eca80_0 .net "clk_i", 0 0, v0x5614ea7ff720_0;  alias, 1 drivers
v0x5614ea7ecb20_0 .net "f2a_ack_o", 0 0, L_0x5614ea819bb0;  alias, 1 drivers
v0x5614ea7ecbc0_0 .net "fmt_child_o", 1 0, L_0x5614ea819d90;  alias, 1 drivers
v0x5614ea7ecc60_0 .net "fmt_data_o", 31 0, L_0x5614ea819d20;  alias, 1 drivers
v0x5614ea7ecd00_0 .var "fmt_end_d1", 0 0;
v0x5614ea7ecdc0_0 .net "fmt_end_o", 0 0, L_0x5614ea819cb0;  alias, 1 drivers
v0x5614ea7ece80_0 .net "fmt_grant_i", 0 0, v0x5614ea7fff10_0;  alias, 1 drivers
v0x5614ea7ecf40_0 .var "fmt_id_req_o", 0 0;
v0x5614ea7ed010_0 .var "fmt_id_req_o_d1", 0 0;
v0x5614ea7ed0b0_0 .var "fmt_length_o", 5 0;
v0x5614ea7ed190_0 .net "fmt_req_o", 0 0, L_0x5614ea819af0;  alias, 1 drivers
v0x5614ea7ed250_0 .var "fmt_start_o", 0 0;
v0x5614ea7ed310_0 .net "rstn_i", 0 0, v0x5614ea8002f0_0;  alias, 1 drivers
E_0x5614ea7d6820 .event edge, v0x5614ea7e8ae0_0;
L_0x5614ea8199b0 .cmp/ne 2, v0x5614ea7e8a00_0, L_0x7f19dab682a8;
S_0x5614ea7ed600 .scope module, "slave0" "slave_FIFO" 3 97, 7 5 0, S_0x5614ea7cd5f0;
 .timescale -9 -10;
    .port_info 0 /INPUT 1 "clk_i";
    .port_info 1 /INPUT 1 "rstn_i";
    .port_info 2 /INPUT 1 "chx_valid_i";
    .port_info 3 /INPUT 1 "a2sx_ack_i";
    .port_info 4 /INPUT 1 "slvx_en_i";
    .port_info 5 /INPUT 32 "chx_data_i";
    .port_info 6 /INPUT 3 "slvx_pkglen_i";
    .port_info 7 /OUTPUT 1 "chx_ready_o";
    .port_info 8 /OUTPUT 6 "margin_o";
    .port_info 9 /OUTPUT 32 "slvx_data_o";
    .port_info 10 /OUTPUT 1 "slvx_val_o";
    .port_info 11 /OUTPUT 1 "slvx_req_o";
    .port_info 12 /OUTPUT 1 "slvx_end_o";
P_0x5614ea7ed7e0 .param/l "DATA_DEPTH" 0 7 7, C4<00000000000000000000000001000000>;
L_0x5614ea798550 .functor AND 1, v0x5614ea7ff130_0, L_0x5614ea810c80, C4<1>, C4<1>;
L_0x5614ea7cf2f0 .functor AND 1, v0x5614ea8002f0_0, L_0x5614ea800390, C4<1>, C4<1>;
L_0x5614ea812870 .functor OR 1, L_0x5614ea812780, v0x5614ea7e8c80_0, C4<0>, C4<0>;
L_0x7f19dab670a8 .functor BUFT 1, C4<00000000000000000000000000000010>, C4<0>, C4<0>, C4<0>;
v0x5614ea7efba0_0 .net/2s *"_ivl_12", 31 0, L_0x7f19dab670a8;  1 drivers
v0x5614ea7efca0_0 .net *"_ivl_14", 31 0, L_0x5614ea810ec0;  1 drivers
L_0x7f19dab670f0 .functor BUFT 1, C4<00000000000000000000000000000>, C4<0>, C4<0>, C4<0>;
v0x5614ea7efd80_0 .net *"_ivl_17", 28 0, L_0x7f19dab670f0;  1 drivers
L_0x7f19dab67138 .functor BUFT 1, C4<00000000000000000000000000000010>, C4<0>, C4<0>, C4<0>;
v0x5614ea7efe70_0 .net/2u *"_ivl_18", 31 0, L_0x7f19dab67138;  1 drivers
v0x5614ea7eff50_0 .net *"_ivl_2", 31 0, L_0x5614ea800b40;  1 drivers
v0x5614ea7f0030_0 .net *"_ivl_20", 31 0, L_0x5614ea810fb0;  1 drivers
v0x5614ea7f0110_0 .net/s *"_ivl_23", 31 0, L_0x5614ea8110f0;  1 drivers
L_0x7f19dab67330 .functor BUFT 1, C4<00000000000000000000000000000000>, C4<0>, C4<0>, C4<0>;
v0x5614ea7f01f0_0 .net/2s *"_ivl_26", 31 0, L_0x7f19dab67330;  1 drivers
v0x5614ea7f02d0_0 .net *"_ivl_28", 0 0, L_0x5614ea8124b0;  1 drivers
L_0x7f19dab67378 .functor BUFT 1, C4<00>, C4<0>, C4<0>, C4<0>;
v0x5614ea7f0390_0 .net/2s *"_ivl_30", 1 0, L_0x7f19dab67378;  1 drivers
L_0x7f19dab673c0 .functor BUFT 1, C4<01>, C4<0>, C4<0>, C4<0>;
v0x5614ea7f0470_0 .net/2s *"_ivl_32", 1 0, L_0x7f19dab673c0;  1 drivers
v0x5614ea7f0550_0 .net *"_ivl_34", 1 0, L_0x5614ea8125a0;  1 drivers
v0x5614ea7f0630_0 .net *"_ivl_40", 31 0, L_0x5614ea812980;  1 drivers
L_0x7f19dab67408 .functor BUFT 1, C4<00000000000000000000000000>, C4<0>, C4<0>, C4<0>;
v0x5614ea7f0710_0 .net *"_ivl_43", 25 0, L_0x7f19dab67408;  1 drivers
L_0x7f19dab67450 .functor BUFT 1, C4<00000000000000000000000001000000>, C4<0>, C4<0>, C4<0>;
v0x5614ea7f07f0_0 .net/2u *"_ivl_44", 31 0, L_0x7f19dab67450;  1 drivers
v0x5614ea7f08d0_0 .net *"_ivl_46", 31 0, L_0x5614ea812a80;  1 drivers
L_0x7f19dab67498 .functor BUFT 1, C4<00000000000000000000000000>, C4<0>, C4<0>, C4<0>;
v0x5614ea7f09b0_0 .net *"_ivl_49", 25 0, L_0x7f19dab67498;  1 drivers
L_0x7f19dab67018 .functor BUFT 1, C4<00000000000000000000000000>, C4<0>, C4<0>, C4<0>;
v0x5614ea7f0ba0_0 .net *"_ivl_5", 25 0, L_0x7f19dab67018;  1 drivers
v0x5614ea7f0c80_0 .net *"_ivl_50", 31 0, L_0x5614ea812cd0;  1 drivers
v0x5614ea7f0d60_0 .net *"_ivl_52", 0 0, L_0x5614ea812ef0;  1 drivers
L_0x7f19dab674e0 .functor BUFT 1, C4<01>, C4<0>, C4<0>, C4<0>;
v0x5614ea7f0e20_0 .net/2s *"_ivl_54", 1 0, L_0x7f19dab674e0;  1 drivers
L_0x7f19dab67528 .functor BUFT 1, C4<00>, C4<0>, C4<0>, C4<0>;
v0x5614ea7f0f00_0 .net/2s *"_ivl_56", 1 0, L_0x7f19dab67528;  1 drivers
v0x5614ea7f0fe0_0 .net *"_ivl_58", 1 0, L_0x5614ea813030;  1 drivers
L_0x7f19dab67060 .functor BUFT 1, C4<00000000000000000000000000100000>, C4<0>, C4<0>, C4<0>;
v0x5614ea7f10c0_0 .net/2u *"_ivl_6", 31 0, L_0x7f19dab67060;  1 drivers
v0x5614ea7f11a0_0 .net "a2sx_ack_i", 0 0, v0x5614ea7e8c80_0;  alias, 1 drivers
v0x5614ea7f1240_0 .net "chx_data_i", 31 0, v0x5614ea7fef40_0;  alias, 1 drivers
v0x5614ea7f1310_0 .net "chx_ready_o", 0 0, L_0x5614ea810c80;  alias, 1 drivers
v0x5614ea7f13b0_0 .net "chx_valid_i", 0 0, v0x5614ea7ff130_0;  alias, 1 drivers
v0x5614ea7f1470_0 .net "clk_i", 0 0, v0x5614ea7ff720_0;  alias, 1 drivers
v0x5614ea7f1510_0 .var/i "i", 31 0;
v0x5614ea7f15f0_0 .net "margin_o", 5 0, L_0x5614ea811bb0;  alias, 1 drivers
v0x5614ea7f16b0_0 .net "pkglen", 5 0, L_0x5614ea811230;  1 drivers
v0x5614ea7f1790_0 .net "rd_en", 0 0, L_0x5614ea812870;  1 drivers
v0x5614ea7f1a40_0 .net "rst_n", 0 0, L_0x5614ea7cf2f0;  1 drivers
v0x5614ea7f1b10_0 .net "rstn_i", 0 0, v0x5614ea8002f0_0;  alias, 1 drivers
v0x5614ea7f1bb0_0 .net "slvx_data_o", 31 0, v0x5614ea7ef060_0;  alias, 1 drivers
v0x5614ea7f1c50_0 .net "slvx_en_i", 0 0, L_0x5614ea800390;  alias, 1 drivers
v0x5614ea7f1cf0_0 .var "slvx_end_o", 0 0;
v0x5614ea7f1dc0_0 .net "slvx_pkglen_i", 2 0, L_0x5614ea800880;  alias, 1 drivers
v0x5614ea7f1eb0_0 .net "slvx_req_o", 0 0, L_0x5614ea813240;  alias, 1 drivers
v0x5614ea7f1f50_0 .var "slvx_val_o", 0 0;
v0x5614ea7f2020_0 .net "val_i", 0 0, L_0x5614ea812780;  1 drivers
v0x5614ea7f20c0_0 .net "wr_en", 0 0, L_0x5614ea798550;  1 drivers
L_0x5614ea800b40 .concat [ 6 26 0 0], L_0x5614ea811bb0, L_0x7f19dab67018;
L_0x5614ea810c80 .cmp/ge 32, L_0x5614ea800b40, L_0x7f19dab67060;
L_0x5614ea810ec0 .concat [ 3 29 0 0], L_0x5614ea800880, L_0x7f19dab670f0;
L_0x5614ea810fb0 .arith/sum 32, L_0x5614ea810ec0, L_0x7f19dab67138;
L_0x5614ea8110f0 .arith/pow 32, L_0x7f19dab670a8, L_0x5614ea810fb0;
L_0x5614ea811230 .part L_0x5614ea8110f0, 0, 6;
L_0x5614ea8124b0 .cmp/eq 32, v0x5614ea7f1510_0, L_0x7f19dab67330;
L_0x5614ea8125a0 .functor MUXZ 2, L_0x7f19dab673c0, L_0x7f19dab67378, L_0x5614ea8124b0, C4<>;
L_0x5614ea812780 .part L_0x5614ea8125a0, 0, 1;
L_0x5614ea812980 .concat [ 6 26 0 0], L_0x5614ea811bb0, L_0x7f19dab67408;
L_0x5614ea812a80 .concat [ 6 26 0 0], L_0x5614ea811230, L_0x7f19dab67498;
L_0x5614ea812cd0 .arith/sub 32, L_0x7f19dab67450, L_0x5614ea812a80;
L_0x5614ea812ef0 .cmp/ge 32, L_0x5614ea812cd0, L_0x5614ea812980;
L_0x5614ea813030 .functor MUXZ 2, L_0x7f19dab67528, L_0x7f19dab674e0, L_0x5614ea812ef0, C4<>;
L_0x5614ea813240 .part L_0x5614ea813030, 0, 1;
S_0x5614ea7ed9c0 .scope module, "FIFO1" "SCFIFO" 7 38, 8 4 0, S_0x5614ea7ed600;
 .timescale -9 -10;
    .port_info 0 /INPUT 1 "clk";
    .port_info 1 /INPUT 1 "rst_n";
    .port_info 2 /INPUT 32 "data_in";
    .port_info 3 /INPUT 1 "rd_en";
    .port_info 4 /INPUT 1 "wr_en";
    .port_info 5 /OUTPUT 32 "data_out";
    .port_info 6 /OUTPUT 1 "empty";
    .port_info 7 /OUTPUT 1 "full";
    .port_info 8 /OUTPUT 6 "FIFO_margin_o";
P_0x5614ea7c8200 .param/l "DATA_DEPTH" 0 8 7, C4<00000000000000000000000001000000>;
P_0x5614ea7c8240 .param/l "DATA_WIDTH" 0 8 6, C4<00000000000000000000000000100000>;
L_0x5614ea721010 .functor BUFZ 7, v0x5614ea7ef800_0, C4<0000000>, C4<0000000>, C4<0000000>;
L_0x5614ea72d240 .functor BUFZ 7, v0x5614ea7ef400_0, C4<0000000>, C4<0000000>, C4<0000000>;
L_0x5614ea811680 .functor NOT 1, L_0x5614ea811e20, C4<0>, C4<0>, C4<0>;
L_0x5614ea811790 .functor XOR 1, L_0x5614ea811360, L_0x5614ea8114f0, C4<0>, C4<0>;
L_0x5614ea8121a0 .functor AND 1, L_0x5614ea811790, L_0x5614ea812060, C4<1>, C4<1>;
v0x5614ea7edf00_0 .net "FIFO_margin_o", 5 0, L_0x5614ea811bb0;  alias, 1 drivers
v0x5614ea7ee010_0 .net *"_ivl_10", 0 0, L_0x5614ea811680;  1 drivers
L_0x7f19dab67180 .functor BUFT 1, C4<1000000>, C4<0>, C4<0>, C4<0>;
v0x5614ea7ee0d0_0 .net/2u *"_ivl_12", 6 0, L_0x7f19dab67180;  1 drivers
v0x5614ea7ee1c0_0 .net *"_ivl_14", 6 0, L_0x5614ea8116f0;  1 drivers
v0x5614ea7ee2a0_0 .net *"_ivl_16", 6 0, L_0x5614ea8118a0;  1 drivers
L_0x7f19dab671c8 .functor BUFT 1, C4<0111111>, C4<0>, C4<0>, C4<0>;
v0x5614ea7ee3d0_0 .net/2u *"_ivl_18", 6 0, L_0x7f19dab671c8;  1 drivers
v0x5614ea7ee4b0_0 .net *"_ivl_20", 6 0, L_0x5614ea811a20;  1 drivers
v0x5614ea7ee590_0 .net *"_ivl_24", 0 0, L_0x5614ea811cf0;  1 drivers
L_0x7f19dab67210 .functor BUFT 1, C4<1>, C4<0>, C4<0>, C4<0>;
v0x5614ea7ee650_0 .net/2u *"_ivl_26", 0 0, L_0x7f19dab67210;  1 drivers
L_0x7f19dab67258 .functor BUFT 1, C4<0>, C4<0>, C4<0>, C4<0>;
v0x5614ea7ee730_0 .net/2u *"_ivl_28", 0 0, L_0x7f19dab67258;  1 drivers
v0x5614ea7ee810_0 .net *"_ivl_32", 0 0, L_0x5614ea811790;  1 drivers
v0x5614ea7ee8d0_0 .net *"_ivl_34", 0 0, L_0x5614ea812060;  1 drivers
v0x5614ea7ee990_0 .net *"_ivl_37", 0 0, L_0x5614ea8121a0;  1 drivers
L_0x7f19dab672a0 .functor BUFT 1, C4<1>, C4<0>, C4<0>, C4<0>;
v0x5614ea7eea50_0 .net/2u *"_ivl_38", 0 0, L_0x7f19dab672a0;  1 drivers
v0x5614ea7eeb30_0 .net *"_ivl_4", 6 0, L_0x5614ea721010;  1 drivers
L_0x7f19dab672e8 .functor BUFT 1, C4<0>, C4<0>, C4<0>, C4<0>;
v0x5614ea7eec10_0 .net/2u *"_ivl_40", 0 0, L_0x7f19dab672e8;  1 drivers
v0x5614ea7eecf0_0 .net *"_ivl_9", 6 0, L_0x5614ea72d240;  1 drivers
v0x5614ea7eeee0_0 .net "clk", 0 0, v0x5614ea7ff720_0;  alias, 1 drivers
v0x5614ea7eef80_0 .net "data_in", 31 0, v0x5614ea7fef40_0;  alias, 1 drivers
v0x5614ea7ef060_0 .var "data_out", 31 0;
v0x5614ea7ef120_0 .net "empty", 0 0, L_0x5614ea811e20;  1 drivers
v0x5614ea7ef1c0 .array "fifo_buffer", 0 63, 31 0;
v0x5614ea7ef280_0 .net "full", 0 0, L_0x5614ea8122b0;  1 drivers
v0x5614ea7ef340_0 .net "rd_en", 0 0, L_0x5614ea812870;  alias, 1 drivers
v0x5614ea7ef400_0 .var "rd_ptr", 6 0;
v0x5614ea7ef4e0_0 .net "rd_ptr_msb", 0 0, L_0x5614ea8114f0;  1 drivers
v0x5614ea7ef5a0_0 .net "rd_ptr_true", 5 0, L_0x5614ea811590;  1 drivers
v0x5614ea7ef680_0 .net "rst_n", 0 0, L_0x5614ea7cf2f0;  alias, 1 drivers
v0x5614ea7ef740_0 .net "wr_en", 0 0, L_0x5614ea798550;  alias, 1 drivers
v0x5614ea7ef800_0 .var "wr_ptr", 6 0;
v0x5614ea7ef8e0_0 .net "wr_ptr_msb", 0 0, L_0x5614ea811360;  1 drivers
v0x5614ea7ef9a0_0 .net "wr_ptr_true", 5 0, L_0x5614ea811400;  1 drivers
E_0x5614ea7ede80/0 .event negedge, v0x5614ea7ef680_0;
E_0x5614ea7ede80/1 .event posedge, v0x5614ea7e9240_0;
E_0x5614ea7ede80 .event/or E_0x5614ea7ede80/0, E_0x5614ea7ede80/1;
L_0x5614ea811360 .part L_0x5614ea721010, 6, 1;
L_0x5614ea811400 .part L_0x5614ea721010, 0, 6;
L_0x5614ea8114f0 .part L_0x5614ea72d240, 6, 1;
L_0x5614ea811590 .part L_0x5614ea72d240, 0, 6;
L_0x5614ea8116f0 .arith/sub 7, v0x5614ea7ef800_0, v0x5614ea7ef400_0;
L_0x5614ea8118a0 .arith/sub 7, L_0x7f19dab67180, L_0x5614ea8116f0;
L_0x5614ea811a20 .functor MUXZ 7, L_0x7f19dab671c8, L_0x5614ea8118a0, L_0x5614ea811680, C4<>;
L_0x5614ea811bb0 .part L_0x5614ea811a20, 0, 6;
L_0x5614ea811cf0 .cmp/eq 7, v0x5614ea7ef800_0, v0x5614ea7ef400_0;
L_0x5614ea811e20 .functor MUXZ 1, L_0x7f19dab67258, L_0x7f19dab67210, L_0x5614ea811cf0, C4<>;
L_0x5614ea812060 .cmp/eq 6, L_0x5614ea811400, L_0x5614ea811590;
L_0x5614ea8122b0 .functor MUXZ 1, L_0x7f19dab672e8, L_0x7f19dab672a0, L_0x5614ea8121a0, C4<>;
S_0x5614ea7f22b0 .scope module, "slave1" "slave_FIFO" 3 112, 7 5 0, S_0x5614ea7cd5f0;
 .timescale -9 -10;
    .port_info 0 /INPUT 1 "clk_i";
    .port_info 1 /INPUT 1 "rstn_i";
    .port_info 2 /INPUT 1 "chx_valid_i";
    .port_info 3 /INPUT 1 "a2sx_ack_i";
    .port_info 4 /INPUT 1 "slvx_en_i";
    .port_info 5 /INPUT 32 "chx_data_i";
    .port_info 6 /INPUT 3 "slvx_pkglen_i";
    .port_info 7 /OUTPUT 1 "chx_ready_o";
    .port_info 8 /OUTPUT 6 "margin_o";
    .port_info 9 /OUTPUT 32 "slvx_data_o";
    .port_info 10 /OUTPUT 1 "slvx_val_o";
    .port_info 11 /OUTPUT 1 "slvx_req_o";
    .port_info 12 /OUTPUT 1 "slvx_end_o";
P_0x5614ea7f24e0 .param/l "DATA_DEPTH" 0 7 7, C4<00000000000000000000000001000000>;
L_0x5614ea812e80 .functor AND 1, v0x5614ea7ff400_0, L_0x5614ea813420, C4<1>, C4<1>;
L_0x5614ea812d70 .functor AND 1, v0x5614ea8002f0_0, L_0x5614ea800430, C4<1>, C4<1>;
L_0x5614ea815290 .functor OR 1, L_0x5614ea8151a0, v0x5614ea7e8d40_0, C4<0>, C4<0>;
L_0x7f19dab67600 .functor BUFT 1, C4<00000000000000000000000000000010>, C4<0>, C4<0>, C4<0>;
v0x5614ea7f4820_0 .net/2s *"_ivl_12", 31 0, L_0x7f19dab67600;  1 drivers
v0x5614ea7f4920_0 .net *"_ivl_14", 31 0, L_0x5614ea813680;  1 drivers
L_0x7f19dab67648 .functor BUFT 1, C4<00000000000000000000000000000>, C4<0>, C4<0>, C4<0>;
v0x5614ea7f4a00_0 .net *"_ivl_17", 28 0, L_0x7f19dab67648;  1 drivers
L_0x7f19dab67690 .functor BUFT 1, C4<00000000000000000000000000000010>, C4<0>, C4<0>, C4<0>;
v0x5614ea7f4af0_0 .net/2u *"_ivl_18", 31 0, L_0x7f19dab67690;  1 drivers
v0x5614ea7f4bd0_0 .net *"_ivl_2", 31 0, L_0x5614ea813380;  1 drivers
v0x5614ea7f4cb0_0 .net *"_ivl_20", 31 0, L_0x5614ea813720;  1 drivers
v0x5614ea7f4d90_0 .net/s *"_ivl_23", 31 0, L_0x5614ea8138d0;  1 drivers
L_0x7f19dab67888 .functor BUFT 1, C4<00000000000000000000000000000000>, C4<0>, C4<0>, C4<0>;
v0x5614ea7f4e70_0 .net/2s *"_ivl_26", 31 0, L_0x7f19dab67888;  1 drivers
v0x5614ea7f4f50_0 .net *"_ivl_28", 0 0, L_0x5614ea814cc0;  1 drivers
L_0x7f19dab678d0 .functor BUFT 1, C4<00>, C4<0>, C4<0>, C4<0>;
v0x5614ea7f5010_0 .net/2s *"_ivl_30", 1 0, L_0x7f19dab678d0;  1 drivers
L_0x7f19dab67918 .functor BUFT 1, C4<01>, C4<0>, C4<0>, C4<0>;
v0x5614ea7f50f0_0 .net/2s *"_ivl_32", 1 0, L_0x7f19dab67918;  1 drivers
v0x5614ea7f51d0_0 .net *"_ivl_34", 1 0, L_0x5614ea814fc0;  1 drivers
v0x5614ea7f52b0_0 .net *"_ivl_40", 31 0, L_0x5614ea8153a0;  1 drivers
L_0x7f19dab67960 .functor BUFT 1, C4<00000000000000000000000000>, C4<0>, C4<0>, C4<0>;
v0x5614ea7f5390_0 .net *"_ivl_43", 25 0, L_0x7f19dab67960;  1 drivers
L_0x7f19dab679a8 .functor BUFT 1, C4<00000000000000000000000001000000>, C4<0>, C4<0>, C4<0>;
v0x5614ea7f5470_0 .net/2u *"_ivl_44", 31 0, L_0x7f19dab679a8;  1 drivers
v0x5614ea7f5550_0 .net *"_ivl_46", 31 0, L_0x5614ea8154a0;  1 drivers
L_0x7f19dab679f0 .functor BUFT 1, C4<00000000000000000000000000>, C4<0>, C4<0>, C4<0>;
v0x5614ea7f5630_0 .net *"_ivl_49", 25 0, L_0x7f19dab679f0;  1 drivers
L_0x7f19dab67570 .functor BUFT 1, C4<00000000000000000000000000>, C4<0>, C4<0>, C4<0>;
v0x5614ea7f5820_0 .net *"_ivl_5", 25 0, L_0x7f19dab67570;  1 drivers
v0x5614ea7f5900_0 .net *"_ivl_50", 31 0, L_0x5614ea8155e0;  1 drivers
v0x5614ea7f59e0_0 .net *"_ivl_52", 0 0, L_0x5614ea815800;  1 drivers
L_0x7f19dab67a38 .functor BUFT 1, C4<01>, C4<0>, C4<0>, C4<0>;
v0x5614ea7f5aa0_0 .net/2s *"_ivl_54", 1 0, L_0x7f19dab67a38;  1 drivers
L_0x7f19dab67a80 .functor BUFT 1, C4<00>, C4<0>, C4<0>, C4<0>;
v0x5614ea7f5b80_0 .net/2s *"_ivl_56", 1 0, L_0x7f19dab67a80;  1 drivers
v0x5614ea7f5c60_0 .net *"_ivl_58", 1 0, L_0x5614ea815940;  1 drivers
L_0x7f19dab675b8 .functor BUFT 1, C4<00000000000000000000000000100000>, C4<0>, C4<0>, C4<0>;
v0x5614ea7f5d40_0 .net/2u *"_ivl_6", 31 0, L_0x7f19dab675b8;  1 drivers
v0x5614ea7f5e20_0 .net "a2sx_ack_i", 0 0, v0x5614ea7e8d40_0;  alias, 1 drivers
v0x5614ea7f5ec0_0 .net "chx_data_i", 31 0, v0x5614ea7ff220_0;  alias, 1 drivers
v0x5614ea7f5f90_0 .net "chx_ready_o", 0 0, L_0x5614ea813420;  alias, 1 drivers
v0x5614ea7f6030_0 .net "chx_valid_i", 0 0, v0x5614ea7ff400_0;  alias, 1 drivers
v0x5614ea7f60f0_0 .net "clk_i", 0 0, v0x5614ea7ff720_0;  alias, 1 drivers
v0x5614ea7f6190_0 .var/i "i", 31 0;
v0x5614ea7f6270_0 .net "margin_o", 5 0, L_0x5614ea814400;  alias, 1 drivers
v0x5614ea7f6330_0 .net "pkglen", 5 0, L_0x5614ea813a10;  1 drivers
v0x5614ea7f6410_0 .net "rd_en", 0 0, L_0x5614ea815290;  1 drivers
v0x5614ea7f66c0_0 .net "rst_n", 0 0, L_0x5614ea812d70;  1 drivers
v0x5614ea7f6790_0 .net "rstn_i", 0 0, v0x5614ea8002f0_0;  alias, 1 drivers
v0x5614ea7f6830_0 .net "slvx_data_o", 31 0, v0x5614ea7f3ce0_0;  alias, 1 drivers
v0x5614ea7f68d0_0 .net "slvx_en_i", 0 0, L_0x5614ea800430;  alias, 1 drivers
v0x5614ea7f6970_0 .var "slvx_end_o", 0 0;
v0x5614ea7f6a40_0 .net "slvx_pkglen_i", 2 0, L_0x5614ea800920;  alias, 1 drivers
v0x5614ea7f6b30_0 .net "slvx_req_o", 0 0, L_0x5614ea815b50;  alias, 1 drivers
v0x5614ea7f6bd0_0 .var "slvx_val_o", 0 0;
v0x5614ea7f6ca0_0 .net "val_i", 0 0, L_0x5614ea8151a0;  1 drivers
v0x5614ea7f6d40_0 .net "wr_en", 0 0, L_0x5614ea812e80;  1 drivers
L_0x5614ea813380 .concat [ 6 26 0 0], L_0x5614ea814400, L_0x7f19dab67570;
L_0x5614ea813420 .cmp/ge 32, L_0x5614ea813380, L_0x7f19dab675b8;
L_0x5614ea813680 .concat [ 3 29 0 0], L_0x5614ea800920, L_0x7f19dab67648;
L_0x5614ea813720 .arith/sum 32, L_0x5614ea813680, L_0x7f19dab67690;
L_0x5614ea8138d0 .arith/pow 32, L_0x7f19dab67600, L_0x5614ea813720;
L_0x5614ea813a10 .part L_0x5614ea8138d0, 0, 6;
L_0x5614ea814cc0 .cmp/eq 32, v0x5614ea7f6190_0, L_0x7f19dab67888;
L_0x5614ea814fc0 .functor MUXZ 2, L_0x7f19dab67918, L_0x7f19dab678d0, L_0x5614ea814cc0, C4<>;
L_0x5614ea8151a0 .part L_0x5614ea814fc0, 0, 1;
L_0x5614ea8153a0 .concat [ 6 26 0 0], L_0x5614ea814400, L_0x7f19dab67960;
L_0x5614ea8154a0 .concat [ 6 26 0 0], L_0x5614ea813a10, L_0x7f19dab679f0;
L_0x5614ea8155e0 .arith/sub 32, L_0x7f19dab679a8, L_0x5614ea8154a0;
L_0x5614ea815800 .cmp/ge 32, L_0x5614ea8155e0, L_0x5614ea8153a0;
L_0x5614ea815940 .functor MUXZ 2, L_0x7f19dab67a80, L_0x7f19dab67a38, L_0x5614ea815800, C4<>;
L_0x5614ea815b50 .part L_0x5614ea815940, 0, 1;
S_0x5614ea7f2750 .scope module, "FIFO1" "SCFIFO" 7 38, 8 4 0, S_0x5614ea7f22b0;
 .timescale -9 -10;
    .port_info 0 /INPUT 1 "clk";
    .port_info 1 /INPUT 1 "rst_n";
    .port_info 2 /INPUT 32 "data_in";
    .port_info 3 /INPUT 1 "rd_en";
    .port_info 4 /INPUT 1 "wr_en";
    .port_info 5 /OUTPUT 32 "data_out";
    .port_info 6 /OUTPUT 1 "empty";
    .port_info 7 /OUTPUT 1 "full";
    .port_info 8 /OUTPUT 6 "FIFO_margin_o";
P_0x5614ea7f2580 .param/l "DATA_DEPTH" 0 8 7, C4<00000000000000000000000001000000>;
P_0x5614ea7f25c0 .param/l "DATA_WIDTH" 0 8 6, C4<00000000000000000000000000100000>;
L_0x5614ea8137c0 .functor BUFZ 7, v0x5614ea7f4480_0, C4<0000000>, C4<0000000>, C4<0000000>;
L_0x5614ea813e60 .functor BUFZ 7, v0x5614ea7f4080_0, C4<0000000>, C4<0000000>, C4<0000000>;
L_0x5614ea813ed0 .functor NOT 1, L_0x5614ea8145e0, C4<0>, C4<0>, C4<0>;
L_0x5614ea813fe0 .functor XOR 1, L_0x5614ea813b40, L_0x5614ea813cd0, C4<0>, C4<0>;
L_0x5614ea8149b0 .functor AND 1, L_0x5614ea813fe0, L_0x5614ea814870, C4<1>, C4<1>;
v0x5614ea7f2c90_0 .net "FIFO_margin_o", 5 0, L_0x5614ea814400;  alias, 1 drivers
v0x5614ea7f2da0_0 .net *"_ivl_10", 0 0, L_0x5614ea813ed0;  1 drivers
L_0x7f19dab676d8 .functor BUFT 1, C4<1000000>, C4<0>, C4<0>, C4<0>;
v0x5614ea7f2e60_0 .net/2u *"_ivl_12", 6 0, L_0x7f19dab676d8;  1 drivers
v0x5614ea7f2f50_0 .net *"_ivl_14", 6 0, L_0x5614ea813f40;  1 drivers
v0x5614ea7f3030_0 .net *"_ivl_16", 6 0, L_0x5614ea8140f0;  1 drivers
L_0x7f19dab67720 .functor BUFT 1, C4<0111111>, C4<0>, C4<0>, C4<0>;
v0x5614ea7f3160_0 .net/2u *"_ivl_18", 6 0, L_0x7f19dab67720;  1 drivers
v0x5614ea7f3240_0 .net *"_ivl_20", 6 0, L_0x5614ea814270;  1 drivers
v0x5614ea7f3320_0 .net *"_ivl_24", 0 0, L_0x5614ea814540;  1 drivers
L_0x7f19dab67768 .functor BUFT 1, C4<1>, C4<0>, C4<0>, C4<0>;
v0x5614ea7f33e0_0 .net/2u *"_ivl_26", 0 0, L_0x7f19dab67768;  1 drivers
L_0x7f19dab677b0 .functor BUFT 1, C4<0>, C4<0>, C4<0>, C4<0>;
v0x5614ea7f34c0_0 .net/2u *"_ivl_28", 0 0, L_0x7f19dab677b0;  1 drivers
v0x5614ea7f35a0_0 .net *"_ivl_32", 0 0, L_0x5614ea813fe0;  1 drivers
v0x5614ea7f3660_0 .net *"_ivl_34", 0 0, L_0x5614ea814870;  1 drivers
v0x5614ea7f3720_0 .net *"_ivl_37", 0 0, L_0x5614ea8149b0;  1 drivers
L_0x7f19dab677f8 .functor BUFT 1, C4<1>, C4<0>, C4<0>, C4<0>;
v0x5614ea7f37e0_0 .net/2u *"_ivl_38", 0 0, L_0x7f19dab677f8;  1 drivers
v0x5614ea7f38c0_0 .net *"_ivl_4", 6 0, L_0x5614ea8137c0;  1 drivers
L_0x7f19dab67840 .functor BUFT 1, C4<0>, C4<0>, C4<0>, C4<0>;
v0x5614ea7f39a0_0 .net/2u *"_ivl_40", 0 0, L_0x7f19dab67840;  1 drivers
v0x5614ea7f3a80_0 .net *"_ivl_9", 6 0, L_0x5614ea813e60;  1 drivers
v0x5614ea7f3b60_0 .net "clk", 0 0, v0x5614ea7ff720_0;  alias, 1 drivers
v0x5614ea7f3c00_0 .net "data_in", 31 0, v0x5614ea7ff220_0;  alias, 1 drivers
v0x5614ea7f3ce0_0 .var "data_out", 31 0;
v0x5614ea7f3da0_0 .net "empty", 0 0, L_0x5614ea8145e0;  1 drivers
v0x5614ea7f3e40 .array "fifo_buffer", 0 63, 31 0;
v0x5614ea7f3f00_0 .net "full", 0 0, L_0x5614ea814ac0;  1 drivers
v0x5614ea7f3fc0_0 .net "rd_en", 0 0, L_0x5614ea815290;  alias, 1 drivers
v0x5614ea7f4080_0 .var "rd_ptr", 6 0;
v0x5614ea7f4160_0 .net "rd_ptr_msb", 0 0, L_0x5614ea813cd0;  1 drivers
v0x5614ea7f4220_0 .net "rd_ptr_true", 5 0, L_0x5614ea813d70;  1 drivers
v0x5614ea7f4300_0 .net "rst_n", 0 0, L_0x5614ea812d70;  alias, 1 drivers
v0x5614ea7f43c0_0 .net "wr_en", 0 0, L_0x5614ea812e80;  alias, 1 drivers
v0x5614ea7f4480_0 .var "wr_ptr", 6 0;
v0x5614ea7f4560_0 .net "wr_ptr_msb", 0 0, L_0x5614ea813b40;  1 drivers
v0x5614ea7f4620_0 .net "wr_ptr_true", 5 0, L_0x5614ea813be0;  1 drivers
E_0x5614ea7f2c10/0 .event negedge, v0x5614ea7f4300_0;
E_0x5614ea7f2c10/1 .event posedge, v0x5614ea7e9240_0;
E_0x5614ea7f2c10 .event/or E_0x5614ea7f2c10/0, E_0x5614ea7f2c10/1;
L_0x5614ea813b40 .part L_0x5614ea8137c0, 6, 1;
L_0x5614ea813be0 .part L_0x5614ea8137c0, 0, 6;
L_0x5614ea813cd0 .part L_0x5614ea813e60, 6, 1;
L_0x5614ea813d70 .part L_0x5614ea813e60, 0, 6;
L_0x5614ea813f40 .arith/sub 7, v0x5614ea7f4480_0, v0x5614ea7f4080_0;
L_0x5614ea8140f0 .arith/sub 7, L_0x7f19dab676d8, L_0x5614ea813f40;
L_0x5614ea814270 .functor MUXZ 7, L_0x7f19dab67720, L_0x5614ea8140f0, L_0x5614ea813ed0, C4<>;
L_0x5614ea814400 .part L_0x5614ea814270, 0, 6;
L_0x5614ea814540 .cmp/eq 7, v0x5614ea7f4480_0, v0x5614ea7f4080_0;
L_0x5614ea8145e0 .functor MUXZ 1, L_0x7f19dab677b0, L_0x7f19dab67768, L_0x5614ea814540, C4<>;
L_0x5614ea814870 .cmp/eq 6, L_0x5614ea813be0, L_0x5614ea813d70;
L_0x5614ea814ac0 .functor MUXZ 1, L_0x7f19dab67840, L_0x7f19dab677f8, L_0x5614ea8149b0, C4<>;
S_0x5614ea7f6f30 .scope module, "slave2" "slave_FIFO" 3 127, 7 5 0, S_0x5614ea7cd5f0;
 .timescale -9 -10;
    .port_info 0 /INPUT 1 "clk_i";
    .port_info 1 /INPUT 1 "rstn_i";
    .port_info 2 /INPUT 1 "chx_valid_i";
    .port_info 3 /INPUT 1 "a2sx_ack_i";
    .port_info 4 /INPUT 1 "slvx_en_i";
    .port_info 5 /INPUT 32 "chx_data_i";
    .port_info 6 /INPUT 3 "slvx_pkglen_i";
    .port_info 7 /OUTPUT 1 "chx_ready_o";
    .port_info 8 /OUTPUT 6 "margin_o";
    .port_info 9 /OUTPUT 32 "slvx_data_o";
    .port_info 10 /OUTPUT 1 "slvx_val_o";
    .port_info 11 /OUTPUT 1 "slvx_req_o";
    .port_info 12 /OUTPUT 1 "slvx_end_o";
P_0x5614ea7f7110 .param/l "DATA_DEPTH" 0 7 7, C4<00000000000000000000000001000000>;
L_0x5614ea815790 .functor AND 1, v0x5614ea7ff680_0, L_0x5614ea815dc0, C4<1>, C4<1>;
L_0x5614ea815680 .functor AND 1, v0x5614ea8002f0_0, L_0x5614ea8004d0, C4<1>, C4<1>;
L_0x5614ea817a20 .functor OR 1, L_0x5614ea817930, v0x5614ea7e8e00_0, C4<0>, C4<0>;
L_0x7f19dab67b58 .functor BUFT 1, C4<00000000000000000000000000000010>, C4<0>, C4<0>, C4<0>;
v0x5614ea7f9480_0 .net/2s *"_ivl_12", 31 0, L_0x7f19dab67b58;  1 drivers
v0x5614ea7f9580_0 .net *"_ivl_14", 31 0, L_0x5614ea816020;  1 drivers
L_0x7f19dab67ba0 .functor BUFT 1, C4<00000000000000000000000000000>, C4<0>, C4<0>, C4<0>;
v0x5614ea7f9660_0 .net *"_ivl_17", 28 0, L_0x7f19dab67ba0;  1 drivers
L_0x7f19dab67be8 .functor BUFT 1, C4<00000000000000000000000000000010>, C4<0>, C4<0>, C4<0>;
v0x5614ea7f9750_0 .net/2u *"_ivl_18", 31 0, L_0x7f19dab67be8;  1 drivers
v0x5614ea7f9830_0 .net *"_ivl_2", 31 0, L_0x5614ea815c90;  1 drivers
v0x5614ea7f9910_0 .net *"_ivl_20", 31 0, L_0x5614ea8160c0;  1 drivers
v0x5614ea7f99f0_0 .net/s *"_ivl_23", 31 0, L_0x5614ea816270;  1 drivers
L_0x7f19dab67de0 .functor BUFT 1, C4<00000000000000000000000000000000>, C4<0>, C4<0>, C4<0>;
v0x5614ea7f9ad0_0 .net/2s *"_ivl_26", 31 0, L_0x7f19dab67de0;  1 drivers
v0x5614ea7f9bb0_0 .net *"_ivl_28", 0 0, L_0x5614ea817660;  1 drivers
L_0x7f19dab67e28 .functor BUFT 1, C4<00>, C4<0>, C4<0>, C4<0>;
v0x5614ea7f9c70_0 .net/2s *"_ivl_30", 1 0, L_0x7f19dab67e28;  1 drivers
L_0x7f19dab67e70 .functor BUFT 1, C4<01>, C4<0>, C4<0>, C4<0>;
v0x5614ea7f9d50_0 .net/2s *"_ivl_32", 1 0, L_0x7f19dab67e70;  1 drivers
v0x5614ea7f9e30_0 .net *"_ivl_34", 1 0, L_0x5614ea817750;  1 drivers
v0x5614ea7f9f10_0 .net *"_ivl_40", 31 0, L_0x5614ea817b30;  1 drivers
L_0x7f19dab67eb8 .functor BUFT 1, C4<00000000000000000000000000>, C4<0>, C4<0>, C4<0>;
v0x5614ea7f9ff0_0 .net *"_ivl_43", 25 0, L_0x7f19dab67eb8;  1 drivers
L_0x7f19dab67f00 .functor BUFT 1, C4<00000000000000000000000001000000>, C4<0>, C4<0>, C4<0>;
v0x5614ea7fa0d0_0 .net/2u *"_ivl_44", 31 0, L_0x7f19dab67f00;  1 drivers
v0x5614ea7fa1b0_0 .net *"_ivl_46", 31 0, L_0x5614ea817c30;  1 drivers
L_0x7f19dab67f48 .functor BUFT 1, C4<00000000000000000000000000>, C4<0>, C4<0>, C4<0>;
v0x5614ea7fa290_0 .net *"_ivl_49", 25 0, L_0x7f19dab67f48;  1 drivers
L_0x7f19dab67ac8 .functor BUFT 1, C4<00000000000000000000000000>, C4<0>, C4<0>, C4<0>;
v0x5614ea7fa480_0 .net *"_ivl_5", 25 0, L_0x7f19dab67ac8;  1 drivers
v0x5614ea7fa560_0 .net *"_ivl_50", 31 0, L_0x5614ea817d70;  1 drivers
v0x5614ea7fa640_0 .net *"_ivl_52", 0 0, L_0x5614ea817f90;  1 drivers
L_0x7f19dab67f90 .functor BUFT 1, C4<01>, C4<0>, C4<0>, C4<0>;
v0x5614ea7fa700_0 .net/2s *"_ivl_54", 1 0, L_0x7f19dab67f90;  1 drivers
L_0x7f19dab67fd8 .functor BUFT 1, C4<00>, C4<0>, C4<0>, C4<0>;
v0x5614ea7fa7e0_0 .net/2s *"_ivl_56", 1 0, L_0x7f19dab67fd8;  1 drivers
v0x5614ea7fa8c0_0 .net *"_ivl_58", 1 0, L_0x5614ea8180d0;  1 drivers
L_0x7f19dab67b10 .functor BUFT 1, C4<00000000000000000000000000100000>, C4<0>, C4<0>, C4<0>;
v0x5614ea7fa9a0_0 .net/2u *"_ivl_6", 31 0, L_0x7f19dab67b10;  1 drivers
v0x5614ea7faa80_0 .net "a2sx_ack_i", 0 0, v0x5614ea7e8e00_0;  alias, 1 drivers
v0x5614ea7fab20_0 .net "chx_data_i", 31 0, v0x5614ea7ff4f0_0;  alias, 1 drivers
v0x5614ea7fabf0_0 .net "chx_ready_o", 0 0, L_0x5614ea815dc0;  alias, 1 drivers
v0x5614ea7fac90_0 .net "chx_valid_i", 0 0, v0x5614ea7ff680_0;  alias, 1 drivers
v0x5614ea7fad50_0 .net "clk_i", 0 0, v0x5614ea7ff720_0;  alias, 1 drivers
v0x5614ea7faf00_0 .var/i "i", 31 0;
v0x5614ea7fafe0_0 .net "margin_o", 5 0, L_0x5614ea816da0;  alias, 1 drivers
v0x5614ea7fb0a0_0 .net "pkglen", 5 0, L_0x5614ea8163b0;  1 drivers
v0x5614ea7fb180_0 .net "rd_en", 0 0, L_0x5614ea817a20;  1 drivers
v0x5614ea7fb430_0 .net "rst_n", 0 0, L_0x5614ea815680;  1 drivers
v0x5614ea7fb500_0 .net "rstn_i", 0 0, v0x5614ea8002f0_0;  alias, 1 drivers
v0x5614ea7fb5a0_0 .net "slvx_data_o", 31 0, v0x5614ea7f8940_0;  alias, 1 drivers
v0x5614ea7fb690_0 .net "slvx_en_i", 0 0, L_0x5614ea8004d0;  alias, 1 drivers
v0x5614ea7fb730_0 .var "slvx_end_o", 0 0;
v0x5614ea7fb800_0 .net "slvx_pkglen_i", 2 0, L_0x5614ea800a10;  alias, 1 drivers
v0x5614ea7fb8f0_0 .net "slvx_req_o", 0 0, L_0x5614ea8182e0;  alias, 1 drivers
v0x5614ea7fb990_0 .var "slvx_val_o", 0 0;
v0x5614ea7fba60_0 .net "val_i", 0 0, L_0x5614ea817930;  1 drivers
v0x5614ea7fbb00_0 .net "wr_en", 0 0, L_0x5614ea815790;  1 drivers
L_0x5614ea815c90 .concat [ 6 26 0 0], L_0x5614ea816da0, L_0x7f19dab67ac8;
L_0x5614ea815dc0 .cmp/ge 32, L_0x5614ea815c90, L_0x7f19dab67b10;
L_0x5614ea816020 .concat [ 3 29 0 0], L_0x5614ea800a10, L_0x7f19dab67ba0;
L_0x5614ea8160c0 .arith/sum 32, L_0x5614ea816020, L_0x7f19dab67be8;
L_0x5614ea816270 .arith/pow 32, L_0x7f19dab67b58, L_0x5614ea8160c0;
L_0x5614ea8163b0 .part L_0x5614ea816270, 0, 6;
L_0x5614ea817660 .cmp/eq 32, v0x5614ea7faf00_0, L_0x7f19dab67de0;
L_0x5614ea817750 .functor MUXZ 2, L_0x7f19dab67e70, L_0x7f19dab67e28, L_0x5614ea817660, C4<>;
L_0x5614ea817930 .part L_0x5614ea817750, 0, 1;
L_0x5614ea817b30 .concat [ 6 26 0 0], L_0x5614ea816da0, L_0x7f19dab67eb8;
L_0x5614ea817c30 .concat [ 6 26 0 0], L_0x5614ea8163b0, L_0x7f19dab67f48;
L_0x5614ea817d70 .arith/sub 32, L_0x7f19dab67f00, L_0x5614ea817c30;
L_0x5614ea817f90 .cmp/ge 32, L_0x5614ea817d70, L_0x5614ea817b30;
L_0x5614ea8180d0 .functor MUXZ 2, L_0x7f19dab67fd8, L_0x7f19dab67f90, L_0x5614ea817f90, C4<>;
L_0x5614ea8182e0 .part L_0x5614ea8180d0, 0, 1;
S_0x5614ea7f73b0 .scope module, "FIFO1" "SCFIFO" 7 38, 8 4 0, S_0x5614ea7f6f30;
 .timescale -9 -10;
    .port_info 0 /INPUT 1 "clk";
    .port_info 1 /INPUT 1 "rst_n";
    .port_info 2 /INPUT 32 "data_in";
    .port_info 3 /INPUT 1 "rd_en";
    .port_info 4 /INPUT 1 "wr_en";
    .port_info 5 /OUTPUT 32 "data_out";
    .port_info 6 /OUTPUT 1 "empty";
    .port_info 7 /OUTPUT 1 "full";
    .port_info 8 /OUTPUT 6 "FIFO_margin_o";
P_0x5614ea7f71b0 .param/l "DATA_DEPTH" 0 8 7, C4<00000000000000000000000001000000>;
P_0x5614ea7f71f0 .param/l "DATA_WIDTH" 0 8 6, C4<00000000000000000000000000100000>;
L_0x5614ea816160 .functor BUFZ 7, v0x5614ea7f90e0_0, C4<0000000>, C4<0000000>, C4<0000000>;
L_0x5614ea816800 .functor BUFZ 7, v0x5614ea7f8ce0_0, C4<0000000>, C4<0000000>, C4<0000000>;
L_0x5614ea816870 .functor NOT 1, L_0x5614ea816f80, C4<0>, C4<0>, C4<0>;
L_0x5614ea816980 .functor XOR 1, L_0x5614ea8164e0, L_0x5614ea816670, C4<0>, C4<0>;
L_0x5614ea817350 .functor AND 1, L_0x5614ea816980, L_0x5614ea817210, C4<1>, C4<1>;
v0x5614ea7f78f0_0 .net "FIFO_margin_o", 5 0, L_0x5614ea816da0;  alias, 1 drivers
v0x5614ea7f7a00_0 .net *"_ivl_10", 0 0, L_0x5614ea816870;  1 drivers
L_0x7f19dab67c30 .functor BUFT 1, C4<1000000>, C4<0>, C4<0>, C4<0>;
v0x5614ea7f7ac0_0 .net/2u *"_ivl_12", 6 0, L_0x7f19dab67c30;  1 drivers
v0x5614ea7f7bb0_0 .net *"_ivl_14", 6 0, L_0x5614ea8168e0;  1 drivers
v0x5614ea7f7c90_0 .net *"_ivl_16", 6 0, L_0x5614ea816a90;  1 drivers
L_0x7f19dab67c78 .functor BUFT 1, C4<0111111>, C4<0>, C4<0>, C4<0>;
v0x5614ea7f7dc0_0 .net/2u *"_ivl_18", 6 0, L_0x7f19dab67c78;  1 drivers
v0x5614ea7f7ea0_0 .net *"_ivl_20", 6 0, L_0x5614ea816c10;  1 drivers
v0x5614ea7f7f80_0 .net *"_ivl_24", 0 0, L_0x5614ea816ee0;  1 drivers
L_0x7f19dab67cc0 .functor BUFT 1, C4<1>, C4<0>, C4<0>, C4<0>;
v0x5614ea7f8040_0 .net/2u *"_ivl_26", 0 0, L_0x7f19dab67cc0;  1 drivers
L_0x7f19dab67d08 .functor BUFT 1, C4<0>, C4<0>, C4<0>, C4<0>;
v0x5614ea7f8120_0 .net/2u *"_ivl_28", 0 0, L_0x7f19dab67d08;  1 drivers
v0x5614ea7f8200_0 .net *"_ivl_32", 0 0, L_0x5614ea816980;  1 drivers
v0x5614ea7f82c0_0 .net *"_ivl_34", 0 0, L_0x5614ea817210;  1 drivers
v0x5614ea7f8380_0 .net *"_ivl_37", 0 0, L_0x5614ea817350;  1 drivers
L_0x7f19dab67d50 .functor BUFT 1, C4<1>, C4<0>, C4<0>, C4<0>;
v0x5614ea7f8440_0 .net/2u *"_ivl_38", 0 0, L_0x7f19dab67d50;  1 drivers
v0x5614ea7f8520_0 .net *"_ivl_4", 6 0, L_0x5614ea816160;  1 drivers
L_0x7f19dab67d98 .functor BUFT 1, C4<0>, C4<0>, C4<0>, C4<0>;
v0x5614ea7f8600_0 .net/2u *"_ivl_40", 0 0, L_0x7f19dab67d98;  1 drivers
v0x5614ea7f86e0_0 .net *"_ivl_9", 6 0, L_0x5614ea816800;  1 drivers
v0x5614ea7f87c0_0 .net "clk", 0 0, v0x5614ea7ff720_0;  alias, 1 drivers
v0x5614ea7f8860_0 .net "data_in", 31 0, v0x5614ea7ff4f0_0;  alias, 1 drivers
v0x5614ea7f8940_0 .var "data_out", 31 0;
v0x5614ea7f8a00_0 .net "empty", 0 0, L_0x5614ea816f80;  1 drivers
v0x5614ea7f8aa0 .array "fifo_buffer", 0 63, 31 0;
v0x5614ea7f8b60_0 .net "full", 0 0, L_0x5614ea817460;  1 drivers
v0x5614ea7f8c20_0 .net "rd_en", 0 0, L_0x5614ea817a20;  alias, 1 drivers
v0x5614ea7f8ce0_0 .var "rd_ptr", 6 0;
v0x5614ea7f8dc0_0 .net "rd_ptr_msb", 0 0, L_0x5614ea816670;  1 drivers
v0x5614ea7f8e80_0 .net "rd_ptr_true", 5 0, L_0x5614ea816710;  1 drivers
v0x5614ea7f8f60_0 .net "rst_n", 0 0, L_0x5614ea815680;  alias, 1 drivers
v0x5614ea7f9020_0 .net "wr_en", 0 0, L_0x5614ea815790;  alias, 1 drivers
v0x5614ea7f90e0_0 .var "wr_ptr", 6 0;
v0x5614ea7f91c0_0 .net "wr_ptr_msb", 0 0, L_0x5614ea8164e0;  1 drivers
v0x5614ea7f9280_0 .net "wr_ptr_true", 5 0, L_0x5614ea816580;  1 drivers
E_0x5614ea7f7870/0 .event negedge, v0x5614ea7f8f60_0;
E_0x5614ea7f7870/1 .event posedge, v0x5614ea7e9240_0;
E_0x5614ea7f7870 .event/or E_0x5614ea7f7870/0, E_0x5614ea7f7870/1;
L_0x5614ea8164e0 .part L_0x5614ea816160, 6, 1;
L_0x5614ea816580 .part L_0x5614ea816160, 0, 6;
L_0x5614ea816670 .part L_0x5614ea816800, 6, 1;
L_0x5614ea816710 .part L_0x5614ea816800, 0, 6;
L_0x5614ea8168e0 .arith/sub 7, v0x5614ea7f90e0_0, v0x5614ea7f8ce0_0;
L_0x5614ea816a90 .arith/sub 7, L_0x7f19dab67c30, L_0x5614ea8168e0;
L_0x5614ea816c10 .functor MUXZ 7, L_0x7f19dab67c78, L_0x5614ea816a90, L_0x5614ea816870, C4<>;
L_0x5614ea816da0 .part L_0x5614ea816c10, 0, 6;
L_0x5614ea816ee0 .cmp/eq 7, v0x5614ea7f90e0_0, v0x5614ea7f8ce0_0;
L_0x5614ea816f80 .functor MUXZ 1, L_0x7f19dab67d08, L_0x7f19dab67cc0, L_0x5614ea816ee0, C4<>;
L_0x5614ea817210 .cmp/eq 6, L_0x5614ea816580, L_0x5614ea816710;
L_0x5614ea817460 .functor MUXZ 1, L_0x7f19dab67d98, L_0x7f19dab67d50, L_0x5614ea817350, C4<>;
    .scope S_0x5614ea7ea880;
T_0 ;
    %wait E_0x5614ea70dad0;
    %load/vec4 v0x5614ea7eb3c0_0;
    %nor/r;
    %flag_set/vec4 8;
    %jmp/0xz  T_0.0, 8;
    %pushi/vec4 0, 0, 32;
    %store/vec4 v0x5614ea7eb2e0_0, 0, 32;
T_0.2 ;
    %load/vec4 v0x5614ea7eb2e0_0;
    %cmpi/s 3, 0, 32;
    %jmp/0xz T_0.3, 5;
    %pushi/vec4 7, 0, 32;
    %ix/getv/s 3, v0x5614ea7eb2e0_0;
    %ix/load 4, 0, 0; Constant delay
    %assign/vec4/a/d v0x5614ea7ead30, 0, 4;
    %load/vec4 v0x5614ea7eb2e0_0;
    %addi 1, 0, 32;
    %store/vec4 v0x5614ea7eb2e0_0, 0, 32;
    %jmp T_0.2;
T_0.3 ;
    %pushi/vec4 3, 0, 32;
    %store/vec4 v0x5614ea7eb2e0_0, 0, 32;
T_0.4 ;
    %load/vec4 v0x5614ea7eb2e0_0;
    %cmpi/s 6, 0, 32;
    %jmp/0xz T_0.5, 5;
    %pushi/vec4 63, 0, 32;
    %ix/getv/s 3, v0x5614ea7eb2e0_0;
    %ix/load 4, 0, 0; Constant delay
    %assign/vec4/a/d v0x5614ea7ead30, 0, 4;
    %load/vec4 v0x5614ea7eb2e0_0;
    %addi 1, 0, 32;
    %store/vec4 v0x5614ea7eb2e0_0, 0, 32;
    %jmp T_0.4;
T_0.5 ;
    %pushi/vec4 0, 0, 32;
    %assign/vec4 v0x5614ea7eb0d0_0, 0;
    %jmp T_0.1;
T_0.0 ;
    %load/vec4 v0x5614ea7eb200_0;
    %dup/vec4;
    %pushi/vec4 1, 0, 2;
    %cmp/u;
    %jmp/1 T_0.6, 6;
    %dup/vec4;
    %pushi/vec4 2, 0, 2;
    %cmp/u;
    %jmp/1 T_0.7, 6;
    %jmp T_0.9;
T_0.6 ;
    %load/vec4 v0x5614ea7eaf70_0;
    %ix/load 5, 2, 0;
    %flag_set/imm 4, 0;
    %shiftr 5;
    %ix/vec4 4;
    %load/vec4a v0x5614ea7ead30, 4;
    %assign/vec4 v0x5614ea7eb0d0_0, 0;
    %jmp T_0.9;
T_0.7 ;
    %load/vec4 v0x5614ea7eb010_0;
    %load/vec4 v0x5614ea7eaf70_0;
    %ix/load 4, 2, 0;
    %flag_set/imm 4, 0;
    %shiftr 4;
    %ix/vec4 3;
    %ix/load 4, 0, 0; Constant delay
    %assign/vec4/a/d v0x5614ea7ead30, 0, 4;
    %jmp T_0.9;
T_0.9 ;
    %pop/vec4 1;
    %load/vec4 v0x5614ea7eb500_0;
    %ix/load 3, 3, 0;
    %flag_set/imm 4, 0;
    %ix/load 4, 0, 0; Constant delay
    %assign/vec4/a/d v0x5614ea7ead30, 0, 4;
    %load/vec4 v0x5614ea7eb810_0;
    %ix/load 3, 4, 0;
    %flag_set/imm 4, 0;
    %ix/load 4, 0, 0; Constant delay
    %assign/vec4/a/d v0x5614ea7ead30, 0, 4;
    %load/vec4 v0x5614ea7ebb50_0;
    %ix/load 3, 5, 0;
    %flag_set/imm 4, 0;
    %ix/load 4, 0, 0; Constant delay
    %assign/vec4/a/d v0x5614ea7ead30, 0, 4;
T_0.1 ;
    %jmp T_0;
    .thread T_0;
    .scope S_0x5614ea7ed9c0;
T_1 ;
    %wait E_0x5614ea7ede80;
    %load/vec4 v0x5614ea7ef680_0;
    %cmpi/e 0, 0, 1;
    %jmp/0xz  T_1.0, 4;
    %pushi/vec4 0, 0, 7;
    %assign/vec4 v0x5614ea7ef400_0, 0;
    %pushi/vec4 0, 0, 32;
    %ix/load 3, 0, 0;
    %flag_set/imm 4, 0;
    %ix/load 4, 0, 0; Constant delay
    %assign/vec4/a/d v0x5614ea7ef1c0, 0, 4;
    %pushi/vec4 0, 0, 32;
    %assign/vec4 v0x5614ea7ef060_0, 0;
    %jmp T_1.1;
T_1.0 ;
    %load/vec4 v0x5614ea7ef340_0;
    %load/vec4 v0x5614ea7ef120_0;
    %nor/r;
    %and;
    %flag_set/vec4 8;
    %jmp/0xz  T_1.2, 8;
    %load/vec4 v0x5614ea7ef5a0_0;
    %pad/u 8;
    %ix/vec4 4;
    %load/vec4a v0x5614ea7ef1c0, 4;
    %assign/vec4 v0x5614ea7ef060_0, 0;
    %load/vec4 v0x5614ea7ef400_0;
    %addi 1, 0, 7;
    %assign/vec4 v0x5614ea7ef400_0, 0;
T_1.2 ;
T_1.1 ;
    %jmp T_1;
    .thread T_1;
    .scope S_0x5614ea7ed9c0;
T_2 ;
    %wait E_0x5614ea7ede80;
    %load/vec4 v0x5614ea7ef680_0;
    %nor/r;
    %flag_set/vec4 8;
    %jmp/0xz  T_2.0, 8;
    %pushi/vec4 0, 0, 7;
    %assign/vec4 v0x5614ea7ef800_0, 0;
    %jmp T_2.1;
T_2.0 ;
    %load/vec4 v0x5614ea7ef280_0;
    %nor/r;
    %load/vec4 v0x5614ea7ef740_0;
    %and;
    %flag_set/vec4 8;
    %jmp/0xz  T_2.2, 8;
    %load/vec4 v0x5614ea7ef800_0;
    %addi 1, 0, 7;
    %assign/vec4 v0x5614ea7ef800_0, 0;
    %load/vec4 v0x5614ea7eef80_0;
    %load/vec4 v0x5614ea7ef9a0_0;
    %pad/u 8;
    %ix/vec4 3;
    %ix/load 4, 0, 0; Constant delay
    %assign/vec4/a/d v0x5614ea7ef1c0, 0, 4;
T_2.2 ;
T_2.1 ;
    %jmp T_2;
    .thread T_2;
    .scope S_0x5614ea7ed600;
T_3 ;
    %wait E_0x5614ea7ede80;
    %load/vec4 v0x5614ea7f1a40_0;
    %inv;
    %flag_set/vec4 8;
    %jmp/0xz  T_3.0, 8;
    %pushi/vec4 0, 0, 32;
    %assign/vec4 v0x5614ea7f1510_0, 0;
    %jmp T_3.1;
T_3.0 ;
    %load/vec4 v0x5614ea7f11a0_0;
    %pad/u 32;
    %cmpi/e 1, 0, 32;
    %jmp/0xz  T_3.2, 4;
    %pushi/vec4 1, 0, 32;
    %assign/vec4 v0x5614ea7f1510_0, 0;
    %jmp T_3.3;
T_3.2 ;
    %pushi/vec4 0, 0, 32;
    %load/vec4 v0x5614ea7f1510_0;
    %cmp/s;
    %flag_get/vec4 5;
    %load/vec4 v0x5614ea7f1510_0;
    %load/vec4 v0x5614ea7f16b0_0;
    %pad/u 32;
    %subi 1, 0, 32;
    %cmp/u;
    %flag_get/vec4 5;
    %and;
    %flag_set/vec4 8;
    %jmp/0xz  T_3.4, 8;
    %load/vec4 v0x5614ea7f1510_0;
    %addi 1, 0, 32;
    %assign/vec4 v0x5614ea7f1510_0, 0;
    %jmp T_3.5;
T_3.4 ;
    %pushi/vec4 0, 0, 32;
    %assign/vec4 v0x5614ea7f1510_0, 0;
T_3.5 ;
T_3.3 ;
T_3.1 ;
    %jmp T_3;
    .thread T_3;
    .scope S_0x5614ea7ed600;
T_4 ;
    %wait E_0x5614ea7ede80;
    %load/vec4 v0x5614ea7f1a40_0;
    %inv;
    %flag_set/vec4 8;
    %jmp/0xz  T_4.0, 8;
    %pushi/vec4 0, 0, 1;
    %assign/vec4 v0x5614ea7f1f50_0, 0;
    %jmp T_4.1;
T_4.0 ;
    %load/vec4 v0x5614ea7f1790_0;
    %assign/vec4 v0x5614ea7f1f50_0, 0;
T_4.1 ;
    %jmp T_4;
    .thread T_4;
    .scope S_0x5614ea7ed600;
T_5 ;
    %wait E_0x5614ea7ede80;
    %load/vec4 v0x5614ea7f1a40_0;
    %inv;
    %flag_set/vec4 8;
    %jmp/0xz  T_5.0, 8;
    %pushi/vec4 0, 0, 1;
    %assign/vec4 v0x5614ea7f1cf0_0, 0;
    %jmp T_5.1;
T_5.0 ;
    %load/vec4 v0x5614ea7f1510_0;
    %load/vec4 v0x5614ea7f16b0_0;
    %pad/u 32;
    %subi 1, 0, 32;
    %cmp/e;
    %jmp/0xz  T_5.2, 4;
    %pushi/vec4 1, 0, 1;
    %assign/vec4 v0x5614ea7f1cf0_0, 0;
    %jmp T_5.3;
T_5.2 ;
    %pushi/vec4 0, 0, 1;
    %assign/vec4 v0x5614ea7f1cf0_0, 0;
T_5.3 ;
T_5.1 ;
    %jmp T_5;
    .thread T_5;
    .scope S_0x5614ea7f2750;
T_6 ;
    %wait E_0x5614ea7f2c10;
    %load/vec4 v0x5614ea7f4300_0;
    %cmpi/e 0, 0, 1;
    %jmp/0xz  T_6.0, 4;
    %pushi/vec4 0, 0, 7;
    %assign/vec4 v0x5614ea7f4080_0, 0;
    %pushi/vec4 0, 0, 32;
    %ix/load 3, 0, 0;
    %flag_set/imm 4, 0;
    %ix/load 4, 0, 0; Constant delay
    %assign/vec4/a/d v0x5614ea7f3e40, 0, 4;
    %pushi/vec4 0, 0, 32;
    %assign/vec4 v0x5614ea7f3ce0_0, 0;
    %jmp T_6.1;
T_6.0 ;
    %load/vec4 v0x5614ea7f3fc0_0;
    %load/vec4 v0x5614ea7f3da0_0;
    %nor/r;
    %and;
    %flag_set/vec4 8;
    %jmp/0xz  T_6.2, 8;
    %load/vec4 v0x5614ea7f4220_0;
    %pad/u 8;
    %ix/vec4 4;
    %load/vec4a v0x5614ea7f3e40, 4;
    %assign/vec4 v0x5614ea7f3ce0_0, 0;
    %load/vec4 v0x5614ea7f4080_0;
    %addi 1, 0, 7;
    %assign/vec4 v0x5614ea7f4080_0, 0;
T_6.2 ;
T_6.1 ;
    %jmp T_6;
    .thread T_6;
    .scope S_0x5614ea7f2750;
T_7 ;
    %wait E_0x5614ea7f2c10;
    %load/vec4 v0x5614ea7f4300_0;
    %nor/r;
    %flag_set/vec4 8;
    %jmp/0xz  T_7.0, 8;
    %pushi/vec4 0, 0, 7;
    %assign/vec4 v0x5614ea7f4480_0, 0;
    %jmp T_7.1;
T_7.0 ;
    %load/vec4 v0x5614ea7f3f00_0;
    %nor/r;
    %load/vec4 v0x5614ea7f43c0_0;
    %and;
    %flag_set/vec4 8;
    %jmp/0xz  T_7.2, 8;
    %load/vec4 v0x5614ea7f4480_0;
    %addi 1, 0, 7;
    %assign/vec4 v0x5614ea7f4480_0, 0;
    %load/vec4 v0x5614ea7f3c00_0;
    %load/vec4 v0x5614ea7f4620_0;
    %pad/u 8;
    %ix/vec4 3;
    %ix/load 4, 0, 0; Constant delay
    %assign/vec4/a/d v0x5614ea7f3e40, 0, 4;
T_7.2 ;
T_7.1 ;
    %jmp T_7;
    .thread T_7;
    .scope S_0x5614ea7f22b0;
T_8 ;
    %wait E_0x5614ea7f2c10;
    %load/vec4 v0x5614ea7f66c0_0;
    %inv;
    %flag_set/vec4 8;
    %jmp/0xz  T_8.0, 8;
    %pushi/vec4 0, 0, 32;
    %assign/vec4 v0x5614ea7f6190_0, 0;
    %jmp T_8.1;
T_8.0 ;
    %load/vec4 v0x5614ea7f5e20_0;
    %pad/u 32;
    %cmpi/e 1, 0, 32;
    %jmp/0xz  T_8.2, 4;
    %pushi/vec4 1, 0, 32;
    %assign/vec4 v0x5614ea7f6190_0, 0;
    %jmp T_8.3;
T_8.2 ;
    %pushi/vec4 0, 0, 32;
    %load/vec4 v0x5614ea7f6190_0;
    %cmp/s;
    %flag_get/vec4 5;
    %load/vec4 v0x5614ea7f6190_0;
    %load/vec4 v0x5614ea7f6330_0;
    %pad/u 32;
    %subi 1, 0, 32;
    %cmp/u;
    %flag_get/vec4 5;
    %and;
    %flag_set/vec4 8;
    %jmp/0xz  T_8.4, 8;
    %load/vec4 v0x5614ea7f6190_0;
    %addi 1, 0, 32;
    %assign/vec4 v0x5614ea7f6190_0, 0;
    %jmp T_8.5;
T_8.4 ;
    %pushi/vec4 0, 0, 32;
    %assign/vec4 v0x5614ea7f6190_0, 0;
T_8.5 ;
T_8.3 ;
T_8.1 ;
    %jmp T_8;
    .thread T_8;
    .scope S_0x5614ea7f22b0;
T_9 ;
    %wait E_0x5614ea7f2c10;
    %load/vec4 v0x5614ea7f66c0_0;
    %inv;
    %flag_set/vec4 8;
    %jmp/0xz  T_9.0, 8;
    %pushi/vec4 0, 0, 1;
    %assign/vec4 v0x5614ea7f6bd0_0, 0;
    %jmp T_9.1;
T_9.0 ;
    %load/vec4 v0x5614ea7f6410_0;
    %assign/vec4 v0x5614ea7f6bd0_0, 0;
T_9.1 ;
    %jmp T_9;
    .thread T_9;
    .scope S_0x5614ea7f22b0;
T_10 ;
    %wait E_0x5614ea7f2c10;
    %load/vec4 v0x5614ea7f66c0_0;
    %inv;
    %flag_set/vec4 8;
    %jmp/0xz  T_10.0, 8;
    %pushi/vec4 0, 0, 1;
    %assign/vec4 v0x5614ea7f6970_0, 0;
    %jmp T_10.1;
T_10.0 ;
    %load/vec4 v0x5614ea7f6190_0;
    %load/vec4 v0x5614ea7f6330_0;
    %pad/u 32;
    %subi 1, 0, 32;
    %cmp/e;
    %jmp/0xz  T_10.2, 4;
    %pushi/vec4 1, 0, 1;
    %assign/vec4 v0x5614ea7f6970_0, 0;
    %jmp T_10.3;
T_10.2 ;
    %pushi/vec4 0, 0, 1;
    %assign/vec4 v0x5614ea7f6970_0, 0;
T_10.3 ;
T_10.1 ;
    %jmp T_10;
    .thread T_10;
    .scope S_0x5614ea7f73b0;
T_11 ;
    %wait E_0x5614ea7f7870;
    %load/vec4 v0x5614ea7f8f60_0;
    %cmpi/e 0, 0, 1;
    %jmp/0xz  T_11.0, 4;
    %pushi/vec4 0, 0, 7;
    %assign/vec4 v0x5614ea7f8ce0_0, 0;
    %pushi/vec4 0, 0, 32;
    %ix/load 3, 0, 0;
    %flag_set/imm 4, 0;
    %ix/load 4, 0, 0; Constant delay
    %assign/vec4/a/d v0x5614ea7f8aa0, 0, 4;
    %pushi/vec4 0, 0, 32;
    %assign/vec4 v0x5614ea7f8940_0, 0;
    %jmp T_11.1;
T_11.0 ;
    %load/vec4 v0x5614ea7f8c20_0;
    %load/vec4 v0x5614ea7f8a00_0;
    %nor/r;
    %and;
    %flag_set/vec4 8;
    %jmp/0xz  T_11.2, 8;
    %load/vec4 v0x5614ea7f8e80_0;
    %pad/u 8;
    %ix/vec4 4;
    %load/vec4a v0x5614ea7f8aa0, 4;
    %assign/vec4 v0x5614ea7f8940_0, 0;
    %load/vec4 v0x5614ea7f8ce0_0;
    %addi 1, 0, 7;
    %assign/vec4 v0x5614ea7f8ce0_0, 0;
T_11.2 ;
T_11.1 ;
    %jmp T_11;
    .thread T_11;
    .scope S_0x5614ea7f73b0;
T_12 ;
    %wait E_0x5614ea7f7870;
    %load/vec4 v0x5614ea7f8f60_0;
    %nor/r;
    %flag_set/vec4 8;
    %jmp/0xz  T_12.0, 8;
    %pushi/vec4 0, 0, 7;
    %assign/vec4 v0x5614ea7f90e0_0, 0;
    %jmp T_12.1;
T_12.0 ;
    %load/vec4 v0x5614ea7f8b60_0;
    %nor/r;
    %load/vec4 v0x5614ea7f9020_0;
    %and;
    %flag_set/vec4 8;
    %jmp/0xz  T_12.2, 8;
    %load/vec4 v0x5614ea7f90e0_0;
    %addi 1, 0, 7;
    %assign/vec4 v0x5614ea7f90e0_0, 0;
    %load/vec4 v0x5614ea7f8860_0;
    %load/vec4 v0x5614ea7f9280_0;
    %pad/u 8;
    %ix/vec4 3;
    %ix/load 4, 0, 0; Constant delay
    %assign/vec4/a/d v0x5614ea7f8aa0, 0, 4;
T_12.2 ;
T_12.1 ;
    %jmp T_12;
    .thread T_12;
    .scope S_0x5614ea7f6f30;
T_13 ;
    %wait E_0x5614ea7f7870;
    %load/vec4 v0x5614ea7fb430_0;
    %inv;
    %flag_set/vec4 8;
    %jmp/0xz  T_13.0, 8;
    %pushi/vec4 0, 0, 32;
    %assign/vec4 v0x5614ea7faf00_0, 0;
    %jmp T_13.1;
T_13.0 ;
    %load/vec4 v0x5614ea7faa80_0;
    %pad/u 32;
    %cmpi/e 1, 0, 32;
    %jmp/0xz  T_13.2, 4;
    %pushi/vec4 1, 0, 32;
    %assign/vec4 v0x5614ea7faf00_0, 0;
    %jmp T_13.3;
T_13.2 ;
    %pushi/vec4 0, 0, 32;
    %load/vec4 v0x5614ea7faf00_0;
    %cmp/s;
    %flag_get/vec4 5;
    %load/vec4 v0x5614ea7faf00_0;
    %load/vec4 v0x5614ea7fb0a0_0;
    %pad/u 32;
    %subi 1, 0, 32;
    %cmp/u;
    %flag_get/vec4 5;
    %and;
    %flag_set/vec4 8;
    %jmp/0xz  T_13.4, 8;
    %load/vec4 v0x5614ea7faf00_0;
    %addi 1, 0, 32;
    %assign/vec4 v0x5614ea7faf00_0, 0;
    %jmp T_13.5;
T_13.4 ;
    %pushi/vec4 0, 0, 32;
    %assign/vec4 v0x5614ea7faf00_0, 0;
T_13.5 ;
T_13.3 ;
T_13.1 ;
    %jmp T_13;
    .thread T_13;
    .scope S_0x5614ea7f6f30;
T_14 ;
    %wait E_0x5614ea7f7870;
    %load/vec4 v0x5614ea7fb430_0;
    %inv;
    %flag_set/vec4 8;
    %jmp/0xz  T_14.0, 8;
    %pushi/vec4 0, 0, 1;
    %assign/vec4 v0x5614ea7fb990_0, 0;
    %jmp T_14.1;
T_14.0 ;
    %load/vec4 v0x5614ea7fb180_0;
    %assign/vec4 v0x5614ea7fb990_0, 0;
T_14.1 ;
    %jmp T_14;
    .thread T_14;
    .scope S_0x5614ea7f6f30;
T_15 ;
    %wait E_0x5614ea7f7870;
    %load/vec4 v0x5614ea7fb430_0;
    %inv;
    %flag_set/vec4 8;
    %jmp/0xz  T_15.0, 8;
    %pushi/vec4 0, 0, 1;
    %assign/vec4 v0x5614ea7fb730_0, 0;
    %jmp T_15.1;
T_15.0 ;
    %load/vec4 v0x5614ea7faf00_0;
    %load/vec4 v0x5614ea7fb0a0_0;
    %pad/u 32;
    %subi 1, 0, 32;
    %cmp/e;
    %jmp/0xz  T_15.2, 4;
    %pushi/vec4 1, 0, 1;
    %assign/vec4 v0x5614ea7fb730_0, 0;
    %jmp T_15.3;
T_15.2 ;
    %pushi/vec4 0, 0, 1;
    %assign/vec4 v0x5614ea7fb730_0, 0;
T_15.3 ;
T_15.1 ;
    %jmp T_15;
    .thread T_15;
    .scope S_0x5614ea7cd270;
T_16 ;
    %wait E_0x5614ea7d5bd0;
    %load/vec4 v0x5614ea7e8fa0_0;
    %load/vec4 v0x5614ea7e8ec0_0;
    %cmp/u;
    %jmp/0xz  T_16.0, 5;
    %load/vec4 v0x5614ea7e9080_0;
    %load/vec4 v0x5614ea7e8fa0_0;
    %cmp/u;
    %jmp/0xz  T_16.2, 5;
    %pushi/vec4 36, 0, 6;
    %assign/vec4 v0x5614ea7e9160_0, 0;
    %jmp T_16.3;
T_16.2 ;
    %load/vec4 v0x5614ea7e9080_0;
    %load/vec4 v0x5614ea7e8ec0_0;
    %cmp/u;
    %jmp/0xz  T_16.4, 5;
    %pushi/vec4 24, 0, 6;
    %assign/vec4 v0x5614ea7e9160_0, 0;
    %jmp T_16.5;
T_16.4 ;
    %pushi/vec4 18, 0, 6;
    %assign/vec4 v0x5614ea7e9160_0, 0;
T_16.5 ;
T_16.3 ;
    %jmp T_16.1;
T_16.0 ;
    %load/vec4 v0x5614ea7e8fa0_0;
    %load/vec4 v0x5614ea7e9080_0;
    %cmp/u;
    %jmp/0xz  T_16.6, 5;
    %pushi/vec4 6, 0, 6;
    %assign/vec4 v0x5614ea7e9160_0, 0;
    %jmp T_16.7;
T_16.6 ;
    %load/vec4 v0x5614ea7e8ec0_0;
    %load/vec4 v0x5614ea7e9080_0;
    %cmp/u;
    %jmp/0xz  T_16.8, 5;
    %pushi/vec4 9, 0, 6;
    %assign/vec4 v0x5614ea7e9160_0, 0;
    %jmp T_16.9;
T_16.8 ;
    %pushi/vec4 33, 0, 6;
    %assign/vec4 v0x5614ea7e9160_0, 0;
T_16.9 ;
T_16.7 ;
T_16.1 ;
    %jmp T_16;
    .thread T_16, $push;
    .scope S_0x5614ea7cd270;
T_17 ;
    %wait E_0x5614ea70dad0;
    %load/vec4 v0x5614ea7e9480_0;
    %inv;
    %flag_set/vec4 8;
    %jmp/0xz  T_17.0, 8;
    %pushi/vec4 3, 0, 2;
    %assign/vec4 v0x5614ea7e8a00_0, 0;
    %jmp T_17.1;
T_17.0 ;
    %load/vec4 v0x5614ea7e93c0_0;
    %flag_set/vec4 8;
    %jmp/0xz  T_17.2, 8;
    %load/vec4 v0x5614ea7ea3e0_0;
    %load/vec4 v0x5614ea7e9160_0;
    %parti/s 2, 4, 4;
    %part/u 1;
    %flag_set/vec4 8;
    %jmp/0xz  T_17.4, 8;
    %load/vec4 v0x5614ea7e9160_0;
    %parti/s 2, 4, 4;
    %assign/vec4 v0x5614ea7e8a00_0, 0;
    %jmp T_17.5;
T_17.4 ;
    %load/vec4 v0x5614ea7ea3e0_0;
    %load/vec4 v0x5614ea7e9160_0;
    %parti/s 2, 2, 3;
    %part/u 1;
    %flag_set/vec4 8;
    %jmp/0xz  T_17.6, 8;
    %load/vec4 v0x5614ea7e9160_0;
    %parti/s 2, 2, 3;
    %assign/vec4 v0x5614ea7e8a00_0, 0;
    %jmp T_17.7;
T_17.6 ;
    %load/vec4 v0x5614ea7ea3e0_0;
    %load/vec4 v0x5614ea7e9160_0;
    %parti/s 2, 0, 2;
    %part/u 1;
    %flag_set/vec4 8;
    %jmp/0xz  T_17.8, 8;
    %load/vec4 v0x5614ea7e9160_0;
    %parti/s 2, 0, 2;
    %assign/vec4 v0x5614ea7e8a00_0, 0;
    %jmp T_17.9;
T_17.8 ;
    %pushi/vec4 3, 0, 2;
    %assign/vec4 v0x5614ea7e8a00_0, 0;
T_17.9 ;
T_17.7 ;
T_17.5 ;
    %jmp T_17.3;
T_17.2 ;
    %load/vec4 v0x5614ea7e8a00_0;
    %assign/vec4 v0x5614ea7e8a00_0, 0;
T_17.3 ;
T_17.1 ;
    %jmp T_17;
    .thread T_17;
    .scope S_0x5614ea7cd270;
T_18 ;
    %wait E_0x5614ea75fd80;
    %load/vec4 v0x5614ea7e8a00_0;
    %dup/vec4;
    %pushi/vec4 0, 0, 2;
    %cmp/u;
    %jmp/1 T_18.0, 6;
    %dup/vec4;
    %pushi/vec4 1, 0, 2;
    %cmp/u;
    %jmp/1 T_18.1, 6;
    %dup/vec4;
    %pushi/vec4 2, 0, 2;
    %cmp/u;
    %jmp/1 T_18.2, 6;
    %dup/vec4;
    %pushi/vec4 3, 0, 2;
    %cmp/u;
    %jmp/1 T_18.3, 6;
    %jmp T_18.4;
T_18.0 ;
    %load/vec4 v0x5614ea7e9960_0;
    %store/vec4 v0x5614ea7e8bc0_0, 0, 1;
    %load/vec4 v0x5614ea7e9540_0;
    %store/vec4 v0x5614ea7e8860_0, 0, 32;
    %load/vec4 v0x5614ea7e96e0_0;
    %store/vec4 v0x5614ea7e8ae0_0, 0, 3;
    %load/vec4 v0x5614ea7e9300_0;
    %store/vec4 v0x5614ea7e8c80_0, 0, 1;
    %pushi/vec4 0, 0, 1;
    %store/vec4 v0x5614ea7e8d40_0, 0, 1;
    %pushi/vec4 0, 0, 1;
    %store/vec4 v0x5614ea7e8e00_0, 0, 1;
    %load/vec4 v0x5614ea7e9620_0;
    %store/vec4 v0x5614ea7e8940_0, 0, 1;
    %jmp T_18.4;
T_18.1 ;
    %load/vec4 v0x5614ea7e9e40_0;
    %store/vec4 v0x5614ea7e8bc0_0, 0, 1;
    %load/vec4 v0x5614ea7e9a20_0;
    %store/vec4 v0x5614ea7e8860_0, 0, 32;
    %load/vec4 v0x5614ea7e9bc0_0;
    %store/vec4 v0x5614ea7e8ae0_0, 0, 3;
    %pushi/vec4 0, 0, 1;
    %store/vec4 v0x5614ea7e8c80_0, 0, 1;
    %load/vec4 v0x5614ea7e9300_0;
    %store/vec4 v0x5614ea7e8d40_0, 0, 1;
    %pushi/vec4 0, 0, 1;
    %store/vec4 v0x5614ea7e8e00_0, 0, 1;
    %load/vec4 v0x5614ea7e9b00_0;
    %store/vec4 v0x5614ea7e8940_0, 0, 1;
    %jmp T_18.4;
T_18.2 ;
    %load/vec4 v0x5614ea7ea320_0;
    %store/vec4 v0x5614ea7e8bc0_0, 0, 1;
    %load/vec4 v0x5614ea7e9f00_0;
    %store/vec4 v0x5614ea7e8860_0, 0, 32;
    %load/vec4 v0x5614ea7ea0a0_0;
    %store/vec4 v0x5614ea7e8ae0_0, 0, 3;
    %pushi/vec4 0, 0, 1;
    %store/vec4 v0x5614ea7e8c80_0, 0, 1;
    %pushi/vec4 0, 0, 1;
    %store/vec4 v0x5614ea7e8d40_0, 0, 1;
    %load/vec4 v0x5614ea7e9300_0;
    %store/vec4 v0x5614ea7e8e00_0, 0, 1;
    %load/vec4 v0x5614ea7e9fe0_0;
    %store/vec4 v0x5614ea7e8940_0, 0, 1;
    %jmp T_18.4;
T_18.3 ;
    %pushi/vec4 0, 0, 1;
    %store/vec4 v0x5614ea7e8bc0_0, 0, 1;
    %pushi/vec4 0, 0, 32;
    %store/vec4 v0x5614ea7e8860_0, 0, 32;
    %pushi/vec4 0, 0, 3;
    %store/vec4 v0x5614ea7e8ae0_0, 0, 3;
    %pushi/vec4 0, 0, 1;
    %store/vec4 v0x5614ea7e8c80_0, 0, 1;
    %pushi/vec4 0, 0, 1;
    %store/vec4 v0x5614ea7e8d40_0, 0, 1;
    %pushi/vec4 0, 0, 1;
    %store/vec4 v0x5614ea7e8e00_0, 0, 1;
    %pushi/vec4 0, 0, 1;
    %store/vec4 v0x5614ea7e8940_0, 0, 1;
    %jmp T_18.4;
T_18.4 ;
    %pop/vec4 1;
    %jmp T_18;
    .thread T_18, $push;
    .scope S_0x5614ea7ec0b0;
T_19 ;
    %wait E_0x5614ea70dad0;
    %load/vec4 v0x5614ea7ed310_0;
    %inv;
    %flag_set/vec4 8;
    %jmp/0xz  T_19.0, 8;
    %pushi/vec4 0, 0, 1;
    %assign/vec4 v0x5614ea7ed010_0, 0;
    %jmp T_19.1;
T_19.0 ;
    %load/vec4 v0x5614ea7ecf40_0;
    %assign/vec4 v0x5614ea7ed010_0, 0;
T_19.1 ;
    %jmp T_19;
    .thread T_19;
    .scope S_0x5614ea7ec0b0;
T_20 ;
    %wait E_0x5614ea70dad0;
    %load/vec4 v0x5614ea7ed310_0;
    %inv;
    %flag_set/vec4 8;
    %jmp/0xz  T_20.0, 8;
    %pushi/vec4 0, 0, 1;
    %assign/vec4 v0x5614ea7ecd00_0, 0;
    %jmp T_20.1;
T_20.0 ;
    %load/vec4 v0x5614ea7ecdc0_0;
    %assign/vec4 v0x5614ea7ecd00_0, 0;
T_20.1 ;
    %jmp T_20;
    .thread T_20;
    .scope S_0x5614ea7ec0b0;
T_21 ;
    %wait E_0x5614ea70dad0;
    %load/vec4 v0x5614ea7ed310_0;
    %inv;
    %flag_set/vec4 8;
    %jmp/0xz  T_21.0, 8;
    %pushi/vec4 1, 0, 1;
    %assign/vec4 v0x5614ea7ecf40_0, 0;
    %jmp T_21.1;
T_21.0 ;
    %load/vec4 v0x5614ea7ecd00_0;
    %flag_set/vec4 8;
    %jmp/0xz  T_21.2, 8;
    %pushi/vec4 1, 0, 1;
    %assign/vec4 v0x5614ea7ecf40_0, 0;
    %jmp T_21.3;
T_21.2 ;
    %load/vec4 v0x5614ea7ece80_0;
    %flag_set/vec4 8;
    %jmp/0xz  T_21.4, 8;
    %pushi/vec4 0, 0, 1;
    %assign/vec4 v0x5614ea7ecf40_0, 0;
    %jmp T_21.5;
T_21.4 ;
    %load/vec4 v0x5614ea7ecf40_0;
    %assign/vec4 v0x5614ea7ecf40_0, 0;
T_21.5 ;
T_21.3 ;
T_21.1 ;
    %jmp T_21;
    .thread T_21;
    .scope S_0x5614ea7ec0b0;
T_22 ;
    %wait E_0x5614ea70dad0;
    %load/vec4 v0x5614ea7ed310_0;
    %inv;
    %flag_set/vec4 8;
    %jmp/0xz  T_22.0, 8;
    %pushi/vec4 0, 0, 1;
    %assign/vec4 v0x5614ea7ed250_0, 0;
    %jmp T_22.1;
T_22.0 ;
    %load/vec4 v0x5614ea7ecb20_0;
    %assign/vec4 v0x5614ea7ed250_0, 0;
T_22.1 ;
    %jmp T_22;
    .thread T_22;
    .scope S_0x5614ea7ec0b0;
T_23 ;
    %wait E_0x5614ea7d6820;
    %load/vec4 v0x5614ea7ec8e0_0;
    %dup/vec4;
    %pushi/vec4 0, 0, 3;
    %cmp/u;
    %jmp/1 T_23.0, 6;
    %dup/vec4;
    %pushi/vec4 1, 0, 3;
    %cmp/u;
    %jmp/1 T_23.1, 6;
    %dup/vec4;
    %pushi/vec4 2, 0, 3;
    %cmp/u;
    %jmp/1 T_23.2, 6;
    %dup/vec4;
    %pushi/vec4 3, 0, 3;
    %cmp/u;
    %jmp/1 T_23.3, 6;
    %pushi/vec4 32, 0, 6;
    %assign/vec4 v0x5614ea7ed0b0_0, 0;
    %jmp T_23.5;
T_23.0 ;
    %pushi/vec4 4, 0, 6;
    %assign/vec4 v0x5614ea7ed0b0_0, 0;
    %jmp T_23.5;
T_23.1 ;
    %pushi/vec4 8, 0, 6;
    %assign/vec4 v0x5614ea7ed0b0_0, 0;
    %jmp T_23.5;
T_23.2 ;
    %pushi/vec4 16, 0, 6;
    %assign/vec4 v0x5614ea7ed0b0_0, 0;
    %jmp T_23.5;
T_23.3 ;
    %pushi/vec4 32, 0, 6;
    %assign/vec4 v0x5614ea7ed0b0_0, 0;
    %jmp T_23.5;
T_23.5 ;
    %pop/vec4 1;
    %jmp T_23;
    .thread T_23, $push;
    .scope S_0x5614ea7d15e0;
T_24 ;
    %pushi/vec4 0, 0, 1;
    %assign/vec4 v0x5614ea7ff720_0, 0;
    %pushi/vec4 0, 0, 1;
    %assign/vec4 v0x5614ea8002f0_0, 0;
    %pushi/vec4 0, 0, 32;
    %assign/vec4 v0x5614ea7fef40_0, 0;
    %pushi/vec4 0, 0, 32;
    %assign/vec4 v0x5614ea7ff220_0, 0;
    %pushi/vec4 0, 0, 32;
    %assign/vec4 v0x5614ea7ff4f0_0, 0;
    %pushi/vec4 0, 0, 1;
    %assign/vec4 v0x5614ea7ff130_0, 0;
    %pushi/vec4 0, 0, 1;
    %assign/vec4 v0x5614ea7ff400_0, 0;
    %pushi/vec4 0, 0, 1;
    %assign/vec4 v0x5614ea7ff680_0, 0;
    %pushi/vec4 0, 0, 1;
    %assign/vec4 v0x5614ea7fff10_0, 0;
    %pushi/vec4 0, 0, 2;
    %assign/vec4 v0x5614ea7ff7c0_0, 0;
    %pushi/vec4 0, 0, 6;
    %assign/vec4 v0x5614ea7ff8d0_0, 0;
    %pushi/vec4 9, 0, 32;
    %assign/vec4 v0x5614ea7ff9e0_0, 0;
    %vpi_call 2 84 "$dumpfile", "MCDF_tb1.vcd" {0 0 0};
    %vpi_call 2 85 "$dumpvars" {0 0 0};
    %delay 150, 0;
    %pushi/vec4 1, 0, 1;
    %assign/vec4 v0x5614ea8002f0_0, 0;
    %delay 400, 0;
    %wait E_0x5614ea760210;
    %pushi/vec4 2, 0, 2;
    %assign/vec4 v0x5614ea7ff7c0_0, 0;
    %pushi/vec4 0, 0, 6;
    %assign/vec4 v0x5614ea7ff8d0_0, 0;
    %pushi/vec4 19, 0, 32;
    %assign/vec4 v0x5614ea7ff9e0_0, 0;
    %wait E_0x5614ea760210;
    %pushi/vec4 2, 0, 2;
    %assign/vec4 v0x5614ea7ff7c0_0, 0;
    %pushi/vec4 4, 0, 6;
    %assign/vec4 v0x5614ea7ff8d0_0, 0;
    %pushi/vec4 1, 0, 32;
    %assign/vec4 v0x5614ea7ff9e0_0, 0;
    %wait E_0x5614ea760210;
    %pushi/vec4 2, 0, 2;
    %assign/vec4 v0x5614ea7ff7c0_0, 0;
    %pushi/vec4 8, 0, 6;
    %assign/vec4 v0x5614ea7ff8d0_0, 0;
    %pushi/vec4 9, 0, 32;
    %assign/vec4 v0x5614ea7ff9e0_0, 0;
    %wait E_0x5614ea760210;
    %pushi/vec4 1, 0, 2;
    %assign/vec4 v0x5614ea7ff7c0_0, 0;
    %pushi/vec4 0, 0, 6;
    %assign/vec4 v0x5614ea7ff8d0_0, 0;
    %pushi/vec4 5, 0, 32;
T_24.0 %dup/vec4;
    %pushi/vec4 0, 0, 32;
    %cmp/s;
    %jmp/1xz T_24.1, 5;
    %jmp/1 T_24.1, 4;
    %pushi/vec4 1, 0, 32;
    %sub;
    %wait E_0x5614ea760210;
    %load/vec4 v0x5614ea7ff8d0_0;
    %addi 4, 0, 6;
    %assign/vec4 v0x5614ea7ff8d0_0, 0;
    %jmp T_24.0;
T_24.1 ;
    %pop/vec4 1;
    %delay 200, 0;
    %pushi/vec4 16, 0, 6;
    %assign/vec4 v0x5614ea7ff8d0_0, 0;
    %delay 200, 0;
    %wait E_0x5614ea760210;
    %pushi/vec4 1, 0, 1;
    %assign/vec4 v0x5614ea7ff130_0, 0;
    %pushi/vec4 1, 0, 1;
    %assign/vec4 v0x5614ea7ff400_0, 0;
    %pushi/vec4 1, 0, 1;
    %assign/vec4 v0x5614ea7ff680_0, 0;
    %delay 800, 0;
    %wait E_0x5614ea760210;
    %pushi/vec4 0, 0, 1;
    %assign/vec4 v0x5614ea7ff400_0, 0;
    %delay 400, 0;
    %wait E_0x5614ea760210;
    %pushi/vec4 1, 0, 1;
    %assign/vec4 v0x5614ea7fff10_0, 0;
    %wait E_0x5614ea760210;
    %pushi/vec4 1, 0, 1;
    %assign/vec4 v0x5614ea7fff10_0, 0;
    %wait E_0x5614ea760210;
    %pushi/vec4 0, 0, 1;
    %assign/vec4 v0x5614ea7fff10_0, 0;
    %delay 1200, 0;
    %wait E_0x5614ea760210;
    %pushi/vec4 1, 0, 1;
    %assign/vec4 v0x5614ea7fff10_0, 0;
    %pushi/vec4 0, 0, 1;
    %assign/vec4 v0x5614ea7ff680_0, 0;
    %wait E_0x5614ea760210;
    %pushi/vec4 1, 0, 1;
    %assign/vec4 v0x5614ea7fff10_0, 0;
    %wait E_0x5614ea760210;
    %pushi/vec4 0, 0, 1;
    %assign/vec4 v0x5614ea7fff10_0, 0;
    %delay 800, 0;
    %wait E_0x5614ea760210;
    %pushi/vec4 0, 0, 1;
    %assign/vec4 v0x5614ea7ff130_0, 0;
    %delay 1200, 0;
    %wait E_0x5614ea760210;
    %pushi/vec4 1, 0, 1;
    %assign/vec4 v0x5614ea7fff10_0, 0;
    %wait E_0x5614ea760210;
    %pushi/vec4 1, 0, 1;
    %assign/vec4 v0x5614ea7fff10_0, 0;
    %wait E_0x5614ea760210;
    %pushi/vec4 0, 0, 1;
    %assign/vec4 v0x5614ea7fff10_0, 0;
    %delay 20000, 0;
    %vpi_call 2 164 "$finish" {0 0 0};
    %end;
    .thread T_24;
    .scope S_0x5614ea7d15e0;
T_25 ;
    %delay 100, 0;
    %load/vec4 v0x5614ea7ff720_0;
    %inv;
    %assign/vec4 v0x5614ea7ff720_0, 0;
    %jmp T_25;
    .thread T_25;
    .scope S_0x5614ea7d15e0;
T_26 ;
    %wait E_0x5614ea760210;
    %vpi_func 2 168 "$random" 32 {0 0 0};
    %assign/vec4 v0x5614ea7fef40_0, 0;
    %vpi_func 2 169 "$random" 32 {0 0 0};
    %assign/vec4 v0x5614ea7ff220_0, 0;
    %vpi_func 2 170 "$random" 32 {0 0 0};
    %assign/vec4 v0x5614ea7ff4f0_0, 0;
    %jmp T_26;
    .thread T_26;
# The file index is used to find the file name in the following table.
:file_names 9;
    "N/A";
    "<interactive>";
    "MCDF_tb1.v";
    "./MCDF.v";
    "./../arbiter/arbiter.v";
    "./../control_register/control_register.v";
    "./../formatter/formatter.v";
    "./../slave_FIFO/slave_FIFO.v";
    "./../SCFIFO/SCFIFO.v";
