#! /usr/bin/vvp
:ivl_version "11.0 (stable)";
:ivl_delay_selection "TYPICAL";
:vpi_time_precision + 0;
:vpi_module "/usr/lib/x86_64-linux-gnu/ivl/system.vpi";
:vpi_module "/usr/lib/x86_64-linux-gnu/ivl/vhdl_sys.vpi";
:vpi_module "/usr/lib/x86_64-linux-gnu/ivl/vhdl_textio.vpi";
:vpi_module "/usr/lib/x86_64-linux-gnu/ivl/v2005_math.vpi";
:vpi_module "/usr/lib/x86_64-linux-gnu/ivl/va_math.vpi";
S_0x561ced203dc0 .scope module, "button_light2" "button_light2" 2 3;
 .timescale 0 0;
    .port_info 0 /INPUT 1 "clk";
    .port_info 1 /INPUT 1 "button";
    .port_info 2 /INPUT 1 "rst_n";
    .port_info 3 /OUTPUT 1 "light";
P_0x561ced205620 .param/l "S1" 0 2 4, C4<001>;
P_0x561ced205660 .param/l "S2" 0 2 5, C4<010>;
P_0x561ced2056a0 .param/l "S3" 0 2 6, C4<100>;
o0x7f63af298018 .functor BUFZ 1, C4<z>; HiZ drive
v0x561ced229160_0 .net "button", 0 0, o0x7f63af298018;  0 drivers
o0x7f63af298048 .functor BUFZ 1, C4<z>; HiZ drive
v0x561ced229260_0 .net "clk", 0 0, o0x7f63af298048;  0 drivers
v0x561ced24f7a0_0 .var "current_state", 2 0;
v0x561ced24f860_0 .var "light", 0 0;
v0x561ced24f920_0 .var "next_state", 2 0;
o0x7f63af298108 .functor BUFZ 1, C4<z>; HiZ drive
v0x561ced24fa50_0 .net "rst_n", 0 0, o0x7f63af298108;  0 drivers
E_0x561ced23d390/0 .event negedge, v0x561ced24fa50_0;
E_0x561ced23d390/1 .event posedge, v0x561ced229260_0;
E_0x561ced23d390 .event/or E_0x561ced23d390/0, E_0x561ced23d390/1;
E_0x561ced23cc50 .event edge, v0x561ced24f7a0_0, v0x561ced229160_0;
    .scope S_0x561ced203dc0;
T_0 ;
    %wait E_0x561ced23d390;
    %load/vec4 v0x561ced24fa50_0;
    %inv;
    %flag_set/vec4 8;
    %jmp/0xz  T_0.0, 8;
    %pushi/vec4 1, 0, 3;
    %assign/vec4 v0x561ced24f7a0_0, 0;
    %jmp T_0.1;
T_0.0 ;
    %load/vec4 v0x561ced24f920_0;
    %assign/vec4 v0x561ced24f7a0_0, 0;
T_0.1 ;
    %jmp T_0;
    .thread T_0;
    .scope S_0x561ced203dc0;
T_1 ;
    %wait E_0x561ced23cc50;
    %load/vec4 v0x561ced24f7a0_0;
    %dup/vec4;
    %pushi/vec4 1, 0, 3;
    %cmp/u;
    %jmp/1 T_1.0, 6;
    %dup/vec4;
    %pushi/vec4 2, 0, 3;
    %cmp/u;
    %jmp/1 T_1.1, 6;
    %dup/vec4;
    %pushi/vec4 4, 0, 3;
    %cmp/u;
    %jmp/1 T_1.2, 6;
    %pushi/vec4 1, 0, 3;
    %store/vec4 v0x561ced24f920_0, 0, 3;
    %jmp T_1.4;
T_1.0 ;
    %load/vec4 v0x561ced229160_0;
    %pad/u 32;
    %cmpi/e 0, 0, 32;
    %flag_mov 8, 4;
    %jmp/0 T_1.5, 8;
    %pushi/vec4 1, 0, 3;
    %jmp/1 T_1.6, 8;
T_1.5 ; End of true expr.
    %pushi/vec4 2, 0, 3;
    %jmp/0 T_1.6, 8;
 ; End of false expr.
    %blend;
T_1.6;
    %store/vec4 v0x561ced24f920_0, 0, 3;
    %jmp T_1.4;
T_1.1 ;
    %load/vec4 v0x561ced229160_0;
    %pad/u 32;
    %cmpi/e 0, 0, 32;
    %flag_mov 8, 4;
    %jmp/0 T_1.7, 8;
    %pushi/vec4 1, 0, 3;
    %jmp/1 T_1.8, 8;
T_1.7 ; End of true expr.
    %pushi/vec4 4, 0, 3;
    %jmp/0 T_1.8, 8;
 ; End of false expr.
    %blend;
T_1.8;
    %store/vec4 v0x561ced24f920_0, 0, 3;
    %jmp T_1.4;
T_1.2 ;
    %load/vec4 v0x561ced229160_0;
    %pad/u 32;
    %cmpi/e 0, 0, 32;
    %flag_mov 8, 4;
    %jmp/0 T_1.9, 8;
    %pushi/vec4 1, 0, 3;
    %jmp/1 T_1.10, 8;
T_1.9 ; End of true expr.
    %pushi/vec4 4, 0, 3;
    %jmp/0 T_1.10, 8;
 ; End of false expr.
    %blend;
T_1.10;
    %store/vec4 v0x561ced24f920_0, 0, 3;
    %jmp T_1.4;
T_1.4 ;
    %pop/vec4 1;
    %jmp T_1;
    .thread T_1, $push;
    .scope S_0x561ced203dc0;
T_2 ;
    %wait E_0x561ced23d390;
    %load/vec4 v0x561ced24fa50_0;
    %inv;
    %flag_set/vec4 8;
    %jmp/0xz  T_2.0, 8;
    %pushi/vec4 0, 0, 1;
    %assign/vec4 v0x561ced24f860_0, 0;
    %jmp T_2.1;
T_2.0 ;
    %load/vec4 v0x561ced24f7a0_0;
    %cmpi/e 2, 0, 3;
    %jmp/0xz  T_2.2, 4;
    %load/vec4 v0x561ced24f860_0;
    %inv;
    %assign/vec4 v0x561ced24f860_0, 0;
T_2.2 ;
T_2.1 ;
    %jmp T_2;
    .thread T_2;
# The file index is used to find the file name in the following table.
:file_names 3;
    "N/A";
    "<interactive>";
    "button_light2.v";
