#! /usr/bin/vvp
:ivl_version "11.0 (stable)";
:ivl_delay_selection "TYPICAL";
:vpi_time_precision - 12;
:vpi_module "/usr/lib/x86_64-linux-gnu/ivl/system.vpi";
:vpi_module "/usr/lib/x86_64-linux-gnu/ivl/vhdl_sys.vpi";
:vpi_module "/usr/lib/x86_64-linux-gnu/ivl/vhdl_textio.vpi";
:vpi_module "/usr/lib/x86_64-linux-gnu/ivl/v2005_math.vpi";
:vpi_module "/usr/lib/x86_64-linux-gnu/ivl/va_math.vpi";
S_0x56446ee73590 .scope module, "button_light_tb" "button_light_tb" 2 3;
 .timescale -9 -12;
v0x56446ee88a70_0 .var "button", 0 0;
v0x56446ee88b30_0 .var "clk", 0 0;
v0x56446ee88bd0_0 .net "light", 0 0, v0x56446ee88790_0;  1 drivers
v0x56446ee88c70_0 .var "rst_n", 0 0;
S_0x56446ee73720 .scope module, "b1" "button_light2" 2 11, 3 3 0, S_0x56446ee73590;
 .timescale -9 -12;
    .port_info 0 /INPUT 1 "clk";
    .port_info 1 /INPUT 1 "button";
    .port_info 2 /INPUT 1 "rst_n";
    .port_info 3 /OUTPUT 1 "light";
P_0x56446ee37620 .param/l "S1" 0 3 4, C4<001>;
P_0x56446ee37660 .param/l "S2" 0 3 5, C4<010>;
P_0x56446ee376a0 .param/l "S3" 0 3 6, C4<100>;
v0x56446ee5bfb0_0 .net "button", 0 0, v0x56446ee88a70_0;  1 drivers
v0x56446ee5c0b0_0 .var "button_d1", 0 0;
v0x56446ee5c670_0 .var "button_d2", 0 0;
v0x56446ee5c740_0 .net "clk", 0 0, v0x56446ee88b30_0;  1 drivers
v0x56446ee88660_0 .var "current_state", 2 0;
v0x56446ee88790_0 .var "light", 0 0;
v0x56446ee88850_0 .var "next_state", 2 0;
v0x56446ee88930_0 .net "rst_n", 0 0, v0x56446ee88c70_0;  1 drivers
E_0x56446ee6f400/0 .event negedge, v0x56446ee88930_0;
E_0x56446ee6f400/1 .event posedge, v0x56446ee5c740_0;
E_0x56446ee6f400 .event/or E_0x56446ee6f400/0, E_0x56446ee6f400/1;
E_0x56446ee6ece0 .event edge, v0x56446ee88660_0, v0x56446ee5c670_0;
    .scope S_0x56446ee73720;
T_0 ;
    %wait E_0x56446ee6f400;
    %load/vec4 v0x56446ee88930_0;
    %inv;
    %flag_set/vec4 8;
    %jmp/0xz  T_0.0, 8;
    %pushi/vec4 0, 0, 2;
    %split/vec4 1;
    %assign/vec4 v0x56446ee5c0b0_0, 0;
    %assign/vec4 v0x56446ee5c670_0, 0;
    %jmp T_0.1;
T_0.0 ;
    %load/vec4 v0x56446ee5c0b0_0;
    %load/vec4 v0x56446ee5bfb0_0;
    %concat/vec4; draw_concat_vec4
    %split/vec4 1;
    %assign/vec4 v0x56446ee5c0b0_0, 0;
    %assign/vec4 v0x56446ee5c670_0, 0;
T_0.1 ;
    %jmp T_0;
    .thread T_0;
    .scope S_0x56446ee73720;
T_1 ;
    %wait E_0x56446ee6f400;
    %load/vec4 v0x56446ee88930_0;
    %inv;
    %flag_set/vec4 8;
    %jmp/0xz  T_1.0, 8;
    %pushi/vec4 1, 0, 3;
    %assign/vec4 v0x56446ee88660_0, 0;
    %jmp T_1.1;
T_1.0 ;
    %load/vec4 v0x56446ee88850_0;
    %assign/vec4 v0x56446ee88660_0, 0;
T_1.1 ;
    %jmp T_1;
    .thread T_1;
    .scope S_0x56446ee73720;
T_2 ;
    %wait E_0x56446ee6ece0;
    %load/vec4 v0x56446ee88660_0;
    %dup/vec4;
    %pushi/vec4 1, 0, 3;
    %cmp/u;
    %jmp/1 T_2.0, 6;
    %dup/vec4;
    %pushi/vec4 2, 0, 3;
    %cmp/u;
    %jmp/1 T_2.1, 6;
    %dup/vec4;
    %pushi/vec4 4, 0, 3;
    %cmp/u;
    %jmp/1 T_2.2, 6;
    %pushi/vec4 1, 0, 3;
    %store/vec4 v0x56446ee88850_0, 0, 3;
    %jmp T_2.4;
T_2.0 ;
    %load/vec4 v0x56446ee5c670_0;
    %pad/u 32;
    %cmpi/e 0, 0, 32;
    %flag_mov 8, 4;
    %jmp/0 T_2.5, 8;
    %pushi/vec4 1, 0, 3;
    %jmp/1 T_2.6, 8;
T_2.5 ; End of true expr.
    %pushi/vec4 2, 0, 3;
    %jmp/0 T_2.6, 8;
 ; End of false expr.
    %blend;
T_2.6;
    %store/vec4 v0x56446ee88850_0, 0, 3;
    %jmp T_2.4;
T_2.1 ;
    %load/vec4 v0x56446ee5c670_0;
    %pad/u 32;
    %cmpi/e 0, 0, 32;
    %flag_mov 8, 4;
    %jmp/0 T_2.7, 8;
    %pushi/vec4 1, 0, 3;
    %jmp/1 T_2.8, 8;
T_2.7 ; End of true expr.
    %pushi/vec4 4, 0, 3;
    %jmp/0 T_2.8, 8;
 ; End of false expr.
    %blend;
T_2.8;
    %store/vec4 v0x56446ee88850_0, 0, 3;
    %jmp T_2.4;
T_2.2 ;
    %load/vec4 v0x56446ee5c670_0;
    %pad/u 32;
    %cmpi/e 0, 0, 32;
    %flag_mov 8, 4;
    %jmp/0 T_2.9, 8;
    %pushi/vec4 1, 0, 3;
    %jmp/1 T_2.10, 8;
T_2.9 ; End of true expr.
    %pushi/vec4 4, 0, 3;
    %jmp/0 T_2.10, 8;
 ; End of false expr.
    %blend;
T_2.10;
    %store/vec4 v0x56446ee88850_0, 0, 3;
    %jmp T_2.4;
T_2.4 ;
    %pop/vec4 1;
    %jmp T_2;
    .thread T_2, $push;
    .scope S_0x56446ee73720;
T_3 ;
    %wait E_0x56446ee6f400;
    %load/vec4 v0x56446ee88930_0;
    %inv;
    %flag_set/vec4 8;
    %jmp/0xz  T_3.0, 8;
    %pushi/vec4 0, 0, 1;
    %assign/vec4 v0x56446ee88790_0, 0;
    %jmp T_3.1;
T_3.0 ;
    %load/vec4 v0x56446ee88660_0;
    %cmpi/e 2, 0, 3;
    %jmp/0xz  T_3.2, 4;
    %load/vec4 v0x56446ee88790_0;
    %inv;
    %assign/vec4 v0x56446ee88790_0, 0;
T_3.2 ;
T_3.1 ;
    %jmp T_3;
    .thread T_3;
    .scope S_0x56446ee73590;
T_4 ;
    %vpi_call 2 20 "$dumpfile", "button_light2.vcd" {0 0 0};
    %vpi_call 2 21 "$dumpvars" {0 0 0};
    %pushi/vec4 0, 0, 1;
    %assign/vec4 v0x56446ee88b30_0, 0;
    %pushi/vec4 0, 0, 1;
    %assign/vec4 v0x56446ee88c70_0, 0;
    %pushi/vec4 0, 0, 1;
    %assign/vec4 v0x56446ee88a70_0, 0;
    %delay 15000, 0;
    %pushi/vec4 1, 0, 1;
    %assign/vec4 v0x56446ee88c70_0, 0;
    %delay 20000, 0;
    %pushi/vec4 1, 0, 1;
    %assign/vec4 v0x56446ee88a70_0, 0;
    %delay 160000, 0;
    %pushi/vec4 0, 0, 1;
    %assign/vec4 v0x56446ee88a70_0, 0;
    %delay 125000, 0;
    %pushi/vec4 1, 0, 1;
    %assign/vec4 v0x56446ee88a70_0, 0;
    %delay 130000, 0;
    %pushi/vec4 0, 0, 1;
    %assign/vec4 v0x56446ee88a70_0, 0;
    %delay 55000, 0;
    %pushi/vec4 1, 0, 1;
    %assign/vec4 v0x56446ee88a70_0, 0;
    %delay 60000, 0;
    %pushi/vec4 0, 0, 1;
    %assign/vec4 v0x56446ee88a70_0, 0;
    %delay 1000000, 0;
    %vpi_call 2 34 "$finish" {0 0 0};
    %end;
    .thread T_4;
    .scope S_0x56446ee73590;
T_5 ;
    %delay 10000, 0;
    %load/vec4 v0x56446ee88b30_0;
    %inv;
    %store/vec4 v0x56446ee88b30_0, 0, 1;
    %jmp T_5;
    .thread T_5;
# The file index is used to find the file name in the following table.
:file_names 4;
    "N/A";
    "<interactive>";
    "button_light_tb.v";
    "./button_light2.v";
