#! /usr/bin/vvp
:ivl_version "11.0 (stable)";
:ivl_delay_selection "TYPICAL";
:vpi_time_precision - 12;
:vpi_module "/usr/lib/x86_64-linux-gnu/ivl/system.vpi";
:vpi_module "/usr/lib/x86_64-linux-gnu/ivl/vhdl_sys.vpi";
:vpi_module "/usr/lib/x86_64-linux-gnu/ivl/vhdl_textio.vpi";
:vpi_module "/usr/lib/x86_64-linux-gnu/ivl/v2005_math.vpi";
:vpi_module "/usr/lib/x86_64-linux-gnu/ivl/va_math.vpi";
S_0x5574c7e560f0 .scope module, "button_light_tb" "button_light_tb" 2 3;
 .timescale -9 -12;
v0x5574c7e6a540_0 .var "button", 0 0;
v0x5574c7e6a600_0 .var "clk", 0 0;
v0x5574c7e6a6d0_0 .net "light", 0 0, v0x5574c7e6a280_0;  1 drivers
v0x5574c7e6a7d0_0 .var "rst_n", 0 0;
S_0x5574c7e56280 .scope module, "b1" "button_light" 2 11, 3 3 0, S_0x5574c7e560f0;
 .timescale -9 -12;
    .port_info 0 /INPUT 1 "clk";
    .port_info 1 /INPUT 1 "button";
    .port_info 2 /INPUT 1 "rst_n";
    .port_info 3 /OUTPUT 1 "light";
L_0x5574c7e6a8a0 .functor NOT 1, v0x5574c7e6a0b0_0, C4<0>, C4<0>, C4<0>;
L_0x5574c7e6a970 .functor AND 1, L_0x5574c7e6a8a0, v0x5574c7e69ff0_0, C4<1>, C4<1>;
v0x5574c7e41550_0 .net *"_ivl_0", 0 0, L_0x5574c7e6a8a0;  1 drivers
v0x5574c7e41650_0 .net "button", 0 0, v0x5574c7e6a540_0;  1 drivers
v0x5574c7e69f50_0 .var "button_d1", 0 0;
v0x5574c7e69ff0_0 .var "button_d2", 0 0;
v0x5574c7e6a0b0_0 .var "button_d3", 0 0;
v0x5574c7e6a1c0_0 .net "clk", 0 0, v0x5574c7e6a600_0;  1 drivers
v0x5574c7e6a280_0 .var "light", 0 0;
v0x5574c7e6a340_0 .net "pulse", 0 0, L_0x5574c7e6a970;  1 drivers
v0x5574c7e6a400_0 .net "rst_n", 0 0, v0x5574c7e6a7d0_0;  1 drivers
E_0x5574c7e54160/0 .event negedge, v0x5574c7e6a400_0;
E_0x5574c7e54160/1 .event posedge, v0x5574c7e6a1c0_0;
E_0x5574c7e54160 .event/or E_0x5574c7e54160/0, E_0x5574c7e54160/1;
    .scope S_0x5574c7e56280;
T_0 ;
    %wait E_0x5574c7e54160;
    %load/vec4 v0x5574c7e6a400_0;
    %inv;
    %flag_set/vec4 8;
    %jmp/0xz  T_0.0, 8;
    %pushi/vec4 0, 0, 3;
    %split/vec4 1;
    %assign/vec4 v0x5574c7e69f50_0, 0;
    %split/vec4 1;
    %assign/vec4 v0x5574c7e69ff0_0, 0;
    %assign/vec4 v0x5574c7e6a0b0_0, 0;
    %jmp T_0.1;
T_0.0 ;
    %load/vec4 v0x5574c7e69ff0_0;
    %load/vec4 v0x5574c7e69f50_0;
    %concat/vec4; draw_concat_vec4
    %load/vec4 v0x5574c7e41650_0;
    %concat/vec4; draw_concat_vec4
    %split/vec4 1;
    %assign/vec4 v0x5574c7e69f50_0, 0;
    %split/vec4 1;
    %assign/vec4 v0x5574c7e69ff0_0, 0;
    %assign/vec4 v0x5574c7e6a0b0_0, 0;
T_0.1 ;
    %jmp T_0;
    .thread T_0;
    .scope S_0x5574c7e56280;
T_1 ;
    %wait E_0x5574c7e54160;
    %load/vec4 v0x5574c7e6a400_0;
    %inv;
    %flag_set/vec4 8;
    %jmp/0xz  T_1.0, 8;
    %pushi/vec4 0, 0, 1;
    %assign/vec4 v0x5574c7e6a280_0, 0;
    %jmp T_1.1;
T_1.0 ;
    %load/vec4 v0x5574c7e6a340_0;
    %flag_set/vec4 8;
    %jmp/0xz  T_1.2, 8;
    %load/vec4 v0x5574c7e6a280_0;
    %inv;
    %assign/vec4 v0x5574c7e6a280_0, 0;
T_1.2 ;
T_1.1 ;
    %jmp T_1;
    .thread T_1;
    .scope S_0x5574c7e560f0;
T_2 ;
    %vpi_call 2 20 "$dumpfile", "button_light.vcd" {0 0 0};
    %vpi_call 2 21 "$dumpvars" {0 0 0};
    %pushi/vec4 0, 0, 1;
    %assign/vec4 v0x5574c7e6a600_0, 0;
    %pushi/vec4 0, 0, 1;
    %assign/vec4 v0x5574c7e6a7d0_0, 0;
    %pushi/vec4 0, 0, 1;
    %assign/vec4 v0x5574c7e6a540_0, 0;
    %delay 15000, 0;
    %pushi/vec4 1, 0, 1;
    %assign/vec4 v0x5574c7e6a7d0_0, 0;
    %delay 20000, 0;
    %pushi/vec4 1, 0, 1;
    %assign/vec4 v0x5574c7e6a540_0, 0;
    %delay 160000, 0;
    %pushi/vec4 0, 0, 1;
    %assign/vec4 v0x5574c7e6a540_0, 0;
    %delay 125000, 0;
    %pushi/vec4 1, 0, 1;
    %assign/vec4 v0x5574c7e6a540_0, 0;
    %delay 130000, 0;
    %pushi/vec4 0, 0, 1;
    %assign/vec4 v0x5574c7e6a540_0, 0;
    %delay 55000, 0;
    %pushi/vec4 1, 0, 1;
    %assign/vec4 v0x5574c7e6a540_0, 0;
    %delay 60000, 0;
    %pushi/vec4 0, 0, 1;
    %assign/vec4 v0x5574c7e6a540_0, 0;
    %delay 1000000, 0;
    %vpi_call 2 34 "$finish" {0 0 0};
    %end;
    .thread T_2;
    .scope S_0x5574c7e560f0;
T_3 ;
    %delay 10000, 0;
    %load/vec4 v0x5574c7e6a600_0;
    %inv;
    %store/vec4 v0x5574c7e6a600_0, 0, 1;
    %jmp T_3;
    .thread T_3;
# The file index is used to find the file name in the following table.
:file_names 4;
    "N/A";
    "<interactive>";
    "button_light_tb.v";
    "./button_light.v";
