#! /c/Source/iverilog-install/bin/vvp
:ivl_version "12.0 (devel)" "(s20150603-1539-g2693dd32b)";
:ivl_delay_selection "TYPICAL";
:vpi_time_precision - 10;
:vpi_module "C:\iverilog\lib\ivl\system.vpi";
:vpi_module "C:\iverilog\lib\ivl\vhdl_sys.vpi";
:vpi_module "C:\iverilog\lib\ivl\vhdl_textio.vpi";
:vpi_module "C:\iverilog\lib\ivl\v2005_math.vpi";
:vpi_module "C:\iverilog\lib\ivl\va_math.vpi";
S_00000195dddf5d30 .scope module, "formatter" "formatter" 2 4;
 .timescale -9 -10;
    .port_info 0 /INPUT 1 "clk_i";
    .port_info 1 /INPUT 1 "rstn_i";
    .port_info 2 /INPUT 1 "a2f_val_i";
    .port_info 3 /INPUT 2 "a2f_id_i";
    .port_info 4 /INPUT 32 "a2f_data_i";
    .port_info 5 /INPUT 3 "a2f_pkglen_sel_i";
    .port_info 6 /INPUT 1 "fmt_grant_i";
    .port_info 7 /INPUT 1 "a2f_end_i";
    .port_info 8 /OUTPUT 1 "f2a_ack_o";
    .port_info 9 /OUTPUT 1 "fmt_id_req_o";
    .port_info 10 /OUTPUT 2 "fmt_child_o";
    .port_info 11 /OUTPUT 6 "fmt_length_o";
    .port_info 12 /OUTPUT 1 "fmt_req_o";
    .port_info 13 /OUTPUT 32 "fmt_data_o";
    .port_info 14 /OUTPUT 1 "fmt_start_o";
    .port_info 15 /OUTPUT 1 "fmt_end_o";
L_00000195dddf4d90 .functor AND 1, v00000195dde02c30_0, L_00000195dde02cd0, C4<1>, C4<1>;
L_00000195dddf4c40 .functor AND 1, L_00000195dddf4d90, v00000195dde02d70_0, C4<1>, C4<1>;
o00000195dde0e248 .functor BUFZ 1, C4<z>; HiZ drive
L_00000195dddf48c0 .functor AND 1, o00000195dde0e248, L_00000195dddf4c40, C4<1>, C4<1>;
o00000195dde0e068 .functor BUFZ 1, C4<z>; HiZ drive
L_00000195dddf4af0 .functor BUFZ 1, o00000195dde0e068, C4<0>, C4<0>, C4<0>;
o00000195dde0e038 .functor BUFZ 32, C4<zzzzzzzzzzzzzzzzzzzzzzzzzzzzzzzz>; HiZ drive
L_00000195dddf4930 .functor BUFZ 32, o00000195dde0e038, C4<00000000000000000000000000000000>, C4<00000000000000000000000000000000>, C4<00000000000000000000000000000000>;
o00000195dde0e098 .functor BUFZ 2, C4<zz>; HiZ drive
L_00000195dddf49a0 .functor BUFZ 2, o00000195dde0e098, C4<00>, C4<00>, C4<00>;
L_00000195dde5b028 .functor BUFT 1, C4<11>, C4<0>, C4<0>, C4<0>;
v00000195dddb6df0_0 .net/2u *"_ivl_0", 1 0, L_00000195dde5b028;  1 drivers
v00000195dddf5ec0_0 .net *"_ivl_2", 0 0, L_00000195dde02cd0;  1 drivers
v00000195dddb6880_0 .net *"_ivl_4", 0 0, L_00000195dddf4d90;  1 drivers
v00000195dddb6920_0 .net "a2f_data_i", 31 0, o00000195dde0e038;  0 drivers
v00000195dddb69c0_0 .net "a2f_end_i", 0 0, o00000195dde0e068;  0 drivers
v00000195dddb6a60_0 .net "a2f_id_i", 1 0, o00000195dde0e098;  0 drivers
o00000195dde0e0c8 .functor BUFZ 3, C4<zzz>; HiZ drive
v00000195dddb6b00_0 .net "a2f_pkglen_sel_i", 2 0, o00000195dde0e0c8;  0 drivers
o00000195dde0e0f8 .functor BUFZ 1, C4<z>; HiZ drive
v00000195dde02780_0 .net "a2f_val_i", 0 0, o00000195dde0e0f8;  0 drivers
o00000195dde0e128 .functor BUFZ 1, C4<z>; HiZ drive
v00000195dde02820_0 .net "clk_i", 0 0, o00000195dde0e128;  0 drivers
v00000195dde028c0_0 .net "f2a_ack_o", 0 0, L_00000195dddf48c0;  1 drivers
v00000195dde029b0_0 .net "fmt_child_o", 1 0, L_00000195dddf49a0;  1 drivers
v00000195dde02a50_0 .net "fmt_data_o", 31 0, L_00000195dddf4930;  1 drivers
v00000195dde03090_0 .var "fmt_end_d1", 0 0;
v00000195dde03590_0 .net "fmt_end_o", 0 0, L_00000195dddf4af0;  1 drivers
v00000195dde031d0_0 .net "fmt_grant_i", 0 0, o00000195dde0e248;  0 drivers
v00000195dde02c30_0 .var "fmt_id_req_o", 0 0;
v00000195dde02d70_0 .var "fmt_id_req_o_d1", 0 0;
v00000195dde02e10_0 .var "fmt_length_o", 5 0;
v00000195dde02af0_0 .net "fmt_req_o", 0 0, L_00000195dddf4c40;  1 drivers
v00000195dde038b0_0 .var "fmt_start_o", 0 0;
o00000195dde0e368 .functor BUFZ 1, C4<z>; HiZ drive
v00000195dde02b90_0 .net "rstn_i", 0 0, o00000195dde0e368;  0 drivers
E_00000195dddbab50 .event anyedge, v00000195dddb6b00_0;
E_00000195dddba810/0 .event negedge, v00000195dde02b90_0;
E_00000195dddba810/1 .event posedge, v00000195dde02820_0;
E_00000195dddba810 .event/or E_00000195dddba810/0, E_00000195dddba810/1;
L_00000195dde02cd0 .cmp/ne 2, o00000195dde0e098, L_00000195dde5b028;
    .scope S_00000195dddf5d30;
T_0 ;
    %wait E_00000195dddba810;
    %load/vec4 v00000195dde02b90_0;
    %inv;
    %flag_set/vec4 8;
    %jmp/0xz  T_0.0, 8;
    %pushi/vec4 0, 0, 1;
    %assign/vec4 v00000195dde02d70_0, 0;
    %jmp T_0.1;
T_0.0 ;
    %load/vec4 v00000195dde02c30_0;
    %assign/vec4 v00000195dde02d70_0, 0;
T_0.1 ;
    %jmp T_0;
    .thread T_0;
    .scope S_00000195dddf5d30;
T_1 ;
    %wait E_00000195dddba810;
    %load/vec4 v00000195dde02b90_0;
    %inv;
    %flag_set/vec4 8;
    %jmp/0xz  T_1.0, 8;
    %pushi/vec4 0, 0, 1;
    %assign/vec4 v00000195dde03090_0, 0;
    %jmp T_1.1;
T_1.0 ;
    %load/vec4 v00000195dde03590_0;
    %assign/vec4 v00000195dde03090_0, 0;
T_1.1 ;
    %jmp T_1;
    .thread T_1;
    .scope S_00000195dddf5d30;
T_2 ;
    %wait E_00000195dddba810;
    %load/vec4 v00000195dde02b90_0;
    %inv;
    %flag_set/vec4 8;
    %jmp/0xz  T_2.0, 8;
    %pushi/vec4 1, 0, 1;
    %assign/vec4 v00000195dde02c30_0, 0;
    %jmp T_2.1;
T_2.0 ;
    %load/vec4 v00000195dde03090_0;
    %flag_set/vec4 8;
    %jmp/0xz  T_2.2, 8;
    %pushi/vec4 1, 0, 1;
    %assign/vec4 v00000195dde02c30_0, 0;
    %jmp T_2.3;
T_2.2 ;
    %load/vec4 v00000195dde031d0_0;
    %flag_set/vec4 8;
    %jmp/0xz  T_2.4, 8;
    %pushi/vec4 0, 0, 1;
    %assign/vec4 v00000195dde02c30_0, 0;
    %jmp T_2.5;
T_2.4 ;
    %load/vec4 v00000195dde02c30_0;
    %assign/vec4 v00000195dde02c30_0, 0;
T_2.5 ;
T_2.3 ;
T_2.1 ;
    %jmp T_2;
    .thread T_2;
    .scope S_00000195dddf5d30;
T_3 ;
    %wait E_00000195dddba810;
    %load/vec4 v00000195dde02b90_0;
    %inv;
    %flag_set/vec4 8;
    %jmp/0xz  T_3.0, 8;
    %pushi/vec4 0, 0, 1;
    %assign/vec4 v00000195dde038b0_0, 0;
    %jmp T_3.1;
T_3.0 ;
    %load/vec4 v00000195dde028c0_0;
    %assign/vec4 v00000195dde038b0_0, 0;
T_3.1 ;
    %jmp T_3;
    .thread T_3;
    .scope S_00000195dddf5d30;
T_4 ;
    %wait E_00000195dddbab50;
    %load/vec4 v00000195dddb6b00_0;
    %dup/vec4;
    %pushi/vec4 0, 0, 3;
    %cmp/u;
    %jmp/1 T_4.0, 6;
    %dup/vec4;
    %pushi/vec4 1, 0, 3;
    %cmp/u;
    %jmp/1 T_4.1, 6;
    %dup/vec4;
    %pushi/vec4 2, 0, 3;
    %cmp/u;
    %jmp/1 T_4.2, 6;
    %dup/vec4;
    %pushi/vec4 3, 0, 3;
    %cmp/u;
    %jmp/1 T_4.3, 6;
    %pushi/vec4 32, 0, 6;
    %assign/vec4 v00000195dde02e10_0, 0;
    %jmp T_4.5;
T_4.0 ;
    %pushi/vec4 4, 0, 6;
    %assign/vec4 v00000195dde02e10_0, 0;
    %jmp T_4.5;
T_4.1 ;
    %pushi/vec4 8, 0, 6;
    %assign/vec4 v00000195dde02e10_0, 0;
    %jmp T_4.5;
T_4.2 ;
    %pushi/vec4 16, 0, 6;
    %assign/vec4 v00000195dde02e10_0, 0;
    %jmp T_4.5;
T_4.3 ;
    %pushi/vec4 32, 0, 6;
    %assign/vec4 v00000195dde02e10_0, 0;
    %jmp T_4.5;
T_4.5 ;
    %pop/vec4 1;
    %jmp T_4;
    .thread T_4, $push;
# The file index is used to find the file name in the following table.
:file_names 3;
    "N/A";
    "<interactive>";
    "formatter.v";
