#! /usr/bin/vvp
:ivl_version "11.0 (stable)";
:ivl_delay_selection "TYPICAL";
:vpi_time_precision - 10;
:vpi_module "/usr/lib/x86_64-linux-gnu/ivl/system.vpi";
:vpi_module "/usr/lib/x86_64-linux-gnu/ivl/vhdl_sys.vpi";
:vpi_module "/usr/lib/x86_64-linux-gnu/ivl/vhdl_textio.vpi";
:vpi_module "/usr/lib/x86_64-linux-gnu/ivl/v2005_math.vpi";
:vpi_module "/usr/lib/x86_64-linux-gnu/ivl/va_math.vpi";
S_0x5650004a82a0 .scope module, "formatter_tb" "formatter_tb" 2 4;
 .timescale -9 -10;
v0x5650004c87c0_0 .var "a2f_data_i", 31 0;
v0x5650004c88a0_0 .var "a2f_end_i", 0 0;
v0x5650004c8940_0 .var "a2f_id_i", 1 0;
v0x5650004c89e0_0 .var "a2f_pkglen_sel_i", 2 0;
v0x5650004c8a80_0 .var "a2f_val_i", 0 0;
v0x5650004c8b20_0 .var "clk_i", 0 0;
v0x5650004c8bf0_0 .net "f2a_ack_o", 0 0, L_0x5650004966e0;  1 drivers
v0x5650004c8cc0_0 .net "fmt_child_o", 1 0, L_0x565000496fb0;  1 drivers
v0x5650004c8d90_0 .net "fmt_data_o", 31 0, L_0x565000496ce0;  1 drivers
v0x5650004c8e60_0 .net "fmt_end_o", 0 0, L_0x5650004969d0;  1 drivers
v0x5650004c8f30_0 .var "fmt_grant_i", 0 0;
v0x5650004c9000_0 .net "fmt_id_req_o", 0 0, v0x5650004c81e0_0;  1 drivers
v0x5650004c90d0_0 .net "fmt_length_o", 5 0, v0x5650004c82a0_0;  1 drivers
v0x5650004c91a0_0 .net "fmt_req_o", 0 0, L_0x565000496450;  1 drivers
v0x5650004c9270_0 .net "fmt_start_o", 0 0, v0x5650004c8440_0;  1 drivers
v0x5650004c9340_0 .var "rstn_i", 0 0;
E_0x5650004a2a70 .event edge, v0x565000492140_0;
E_0x5650004a31a0 .event posedge, v0x5650004c7c60_0;
S_0x5650004a8430 .scope module, "fm1" "formatter" 2 23, 3 4 0, S_0x5650004a82a0;
 .timescale -9 -10;
    .port_info 0 /INPUT 1 "clk_i";
    .port_info 1 /INPUT 1 "rstn_i";
    .port_info 2 /INPUT 1 "a2f_val_i";
    .port_info 3 /INPUT 2 "a2f_id_i";
    .port_info 4 /INPUT 32 "a2f_data_i";
    .port_info 5 /INPUT 3 "a2f_pkglen_sel_i";
    .port_info 6 /INPUT 1 "fmt_grant_i";
    .port_info 7 /INPUT 1 "a2f_end_i";
    .port_info 8 /OUTPUT 1 "f2a_ack_o";
    .port_info 9 /OUTPUT 1 "fmt_id_req_o";
    .port_info 10 /OUTPUT 2 "fmt_child_o";
    .port_info 11 /OUTPUT 6 "fmt_length_o";
    .port_info 12 /OUTPUT 1 "fmt_req_o";
    .port_info 13 /OUTPUT 32 "fmt_data_o";
    .port_info 14 /OUTPUT 1 "fmt_start_o";
    .port_info 15 /OUTPUT 1 "fmt_end_o";
L_0x565000496450 .functor AND 1, v0x5650004c81e0_0, L_0x5650004c9440, C4<1>, C4<1>;
L_0x5650004966e0 .functor AND 1, v0x5650004c8f30_0, L_0x565000496450, C4<1>, C4<1>;
L_0x5650004969d0 .functor BUFZ 1, v0x5650004c88a0_0, C4<0>, C4<0>, C4<0>;
L_0x565000496ce0 .functor BUFZ 32, v0x5650004c87c0_0, C4<00000000000000000000000000000000>, C4<00000000000000000000000000000000>, C4<00000000000000000000000000000000>;
L_0x565000496fb0 .functor BUFZ 2, v0x5650004c8940_0, C4<00>, C4<00>, C4<00>;
L_0x7f2b1e30c018 .functor BUFT 1, C4<11>, C4<0>, C4<0>, C4<0>;
v0x565000496b30_0 .net/2u *"_ivl_0", 1 0, L_0x7f2b1e30c018;  1 drivers
v0x565000496e40_0 .net *"_ivl_2", 0 0, L_0x5650004c9440;  1 drivers
v0x565000497110_0 .net "a2f_data_i", 31 0, v0x5650004c87c0_0;  1 drivers
v0x565000492040_0 .net "a2f_end_i", 0 0, v0x5650004c88a0_0;  1 drivers
v0x565000492140_0 .net "a2f_id_i", 1 0, v0x5650004c8940_0;  1 drivers
v0x565000492b40_0 .net "a2f_pkglen_sel_i", 2 0, v0x5650004c89e0_0;  1 drivers
v0x565000492c10_0 .net "a2f_val_i", 0 0, v0x5650004c8a80_0;  1 drivers
v0x5650004c7c60_0 .net "clk_i", 0 0, v0x5650004c8b20_0;  1 drivers
v0x5650004c7d20_0 .net "f2a_ack_o", 0 0, L_0x5650004966e0;  alias, 1 drivers
v0x5650004c7de0_0 .net "fmt_child_o", 1 0, L_0x565000496fb0;  alias, 1 drivers
v0x5650004c7ec0_0 .net "fmt_data_o", 31 0, L_0x565000496ce0;  alias, 1 drivers
v0x5650004c7fa0_0 .var "fmt_end_d1", 0 0;
v0x5650004c8060_0 .net "fmt_end_o", 0 0, L_0x5650004969d0;  alias, 1 drivers
v0x5650004c8120_0 .net "fmt_grant_i", 0 0, v0x5650004c8f30_0;  1 drivers
v0x5650004c81e0_0 .var "fmt_id_req_o", 0 0;
v0x5650004c82a0_0 .var "fmt_length_o", 5 0;
v0x5650004c8380_0 .net "fmt_req_o", 0 0, L_0x565000496450;  alias, 1 drivers
v0x5650004c8440_0 .var "fmt_start_o", 0 0;
v0x5650004c8500_0 .net "rstn_i", 0 0, v0x5650004c9340_0;  1 drivers
E_0x565000468580 .event edge, v0x565000492b40_0;
E_0x56500048b9b0/0 .event negedge, v0x5650004c8500_0;
E_0x56500048b9b0/1 .event posedge, v0x5650004c7c60_0;
E_0x56500048b9b0 .event/or E_0x56500048b9b0/0, E_0x56500048b9b0/1;
L_0x5650004c9440 .cmp/ne 2, v0x5650004c8940_0, L_0x7f2b1e30c018;
    .scope S_0x5650004a8430;
T_0 ;
    %wait E_0x56500048b9b0;
    %load/vec4 v0x5650004c8500_0;
    %inv;
    %flag_set/vec4 8;
    %jmp/0xz  T_0.0, 8;
    %pushi/vec4 0, 0, 1;
    %assign/vec4 v0x5650004c7fa0_0, 0;
    %jmp T_0.1;
T_0.0 ;
    %load/vec4 v0x5650004c8060_0;
    %assign/vec4 v0x5650004c7fa0_0, 0;
T_0.1 ;
    %jmp T_0;
    .thread T_0;
    .scope S_0x5650004a8430;
T_1 ;
    %wait E_0x56500048b9b0;
    %load/vec4 v0x5650004c8500_0;
    %inv;
    %flag_set/vec4 8;
    %jmp/0xz  T_1.0, 8;
    %pushi/vec4 1, 0, 1;
    %assign/vec4 v0x5650004c81e0_0, 0;
    %jmp T_1.1;
T_1.0 ;
    %load/vec4 v0x5650004c7fa0_0;
    %flag_set/vec4 8;
    %jmp/0xz  T_1.2, 8;
    %pushi/vec4 1, 0, 1;
    %assign/vec4 v0x5650004c81e0_0, 0;
    %jmp T_1.3;
T_1.2 ;
    %load/vec4 v0x5650004c8120_0;
    %flag_set/vec4 8;
    %jmp/0xz  T_1.4, 8;
    %pushi/vec4 0, 0, 1;
    %assign/vec4 v0x5650004c81e0_0, 0;
    %jmp T_1.5;
T_1.4 ;
    %load/vec4 v0x5650004c81e0_0;
    %assign/vec4 v0x5650004c81e0_0, 0;
T_1.5 ;
T_1.3 ;
T_1.1 ;
    %jmp T_1;
    .thread T_1;
    .scope S_0x5650004a8430;
T_2 ;
    %wait E_0x56500048b9b0;
    %load/vec4 v0x5650004c8500_0;
    %inv;
    %flag_set/vec4 8;
    %jmp/0xz  T_2.0, 8;
    %pushi/vec4 0, 0, 1;
    %assign/vec4 v0x5650004c8440_0, 0;
    %jmp T_2.1;
T_2.0 ;
    %load/vec4 v0x5650004c7d20_0;
    %assign/vec4 v0x5650004c8440_0, 0;
T_2.1 ;
    %jmp T_2;
    .thread T_2;
    .scope S_0x5650004a8430;
T_3 ;
    %wait E_0x565000468580;
    %load/vec4 v0x565000492b40_0;
    %dup/vec4;
    %pushi/vec4 0, 0, 3;
    %cmp/u;
    %jmp/1 T_3.0, 6;
    %dup/vec4;
    %pushi/vec4 1, 0, 3;
    %cmp/u;
    %jmp/1 T_3.1, 6;
    %dup/vec4;
    %pushi/vec4 2, 0, 3;
    %cmp/u;
    %jmp/1 T_3.2, 6;
    %dup/vec4;
    %pushi/vec4 3, 0, 3;
    %cmp/u;
    %jmp/1 T_3.3, 6;
    %pushi/vec4 32, 0, 6;
    %assign/vec4 v0x5650004c82a0_0, 0;
    %jmp T_3.5;
T_3.0 ;
    %pushi/vec4 4, 0, 6;
    %assign/vec4 v0x5650004c82a0_0, 0;
    %jmp T_3.5;
T_3.1 ;
    %pushi/vec4 8, 0, 6;
    %assign/vec4 v0x5650004c82a0_0, 0;
    %jmp T_3.5;
T_3.2 ;
    %pushi/vec4 16, 0, 6;
    %assign/vec4 v0x5650004c82a0_0, 0;
    %jmp T_3.5;
T_3.3 ;
    %pushi/vec4 32, 0, 6;
    %assign/vec4 v0x5650004c82a0_0, 0;
    %jmp T_3.5;
T_3.5 ;
    %pop/vec4 1;
    %jmp T_3;
    .thread T_3, $push;
    .scope S_0x5650004a82a0;
T_4 ;
    %pushi/vec4 0, 0, 1;
    %assign/vec4 v0x5650004c8b20_0, 0;
    %pushi/vec4 0, 0, 1;
    %assign/vec4 v0x5650004c9340_0, 0;
    %pushi/vec4 0, 0, 1;
    %assign/vec4 v0x5650004c8a80_0, 0;
    %pushi/vec4 3, 0, 2;
    %assign/vec4 v0x5650004c8940_0, 0;
    %vpi_func 2 50 "$random" 32 {0 0 0};
    %assign/vec4 v0x5650004c87c0_0, 0;
    %pushi/vec4 0, 0, 3;
    %assign/vec4 v0x5650004c89e0_0, 0;
    %pushi/vec4 0, 0, 1;
    %assign/vec4 v0x5650004c8f30_0, 0;
    %pushi/vec4 0, 0, 1;
    %assign/vec4 v0x5650004c88a0_0, 0;
    %vpi_call 2 54 "$dumpfile", "formatter.vcd" {0 0 0};
    %vpi_call 2 55 "$dumpvars" {0 0 0};
    %delay 150, 0;
    %pushi/vec4 1, 0, 1;
    %assign/vec4 v0x5650004c9340_0, 0;
    %delay 400, 0;
    %wait E_0x5650004a31a0;
    %pushi/vec4 0, 0, 2;
    %assign/vec4 v0x5650004c8940_0, 0;
    %delay 300, 0;
    %wait E_0x5650004a31a0;
    %pushi/vec4 1, 0, 1;
    %assign/vec4 v0x5650004c8f30_0, 0;
    %wait E_0x5650004a31a0;
    %pushi/vec4 1, 0, 1;
    %assign/vec4 v0x5650004c8f30_0, 0;
    %wait E_0x5650004a31a0;
    %pushi/vec4 0, 0, 1;
    %assign/vec4 v0x5650004c8f30_0, 0;
    %wait E_0x5650004a31a0;
    %pushi/vec4 0, 0, 1;
    %assign/vec4 v0x5650004c8f30_0, 0;
    %wait E_0x5650004a31a0;
    %pushi/vec4 1, 0, 1;
    %assign/vec4 v0x5650004c88a0_0, 0;
    %wait E_0x5650004a31a0;
    %pushi/vec4 0, 0, 1;
    %assign/vec4 v0x5650004c88a0_0, 0;
    %delay 5000, 0;
    %vpi_call 2 66 "$finish" {0 0 0};
    %end;
    .thread T_4;
    .scope S_0x5650004a82a0;
T_5 ;
    %wait E_0x5650004a31a0;
    %vpi_func 2 69 "$random" 32 {0 0 0};
    %assign/vec4 v0x5650004c87c0_0, 0;
    %jmp T_5;
    .thread T_5;
    .scope S_0x5650004a82a0;
T_6 ;
    %delay 100, 0;
    %load/vec4 v0x5650004c8b20_0;
    %inv;
    %assign/vec4 v0x5650004c8b20_0, 0;
    %jmp T_6;
    .thread T_6;
    .scope S_0x5650004a82a0;
T_7 ;
    %wait E_0x5650004a2a70;
    %load/vec4 v0x5650004c8940_0;
    %dup/vec4;
    %pushi/vec4 0, 0, 2;
    %cmp/u;
    %jmp/1 T_7.0, 6;
    %dup/vec4;
    %pushi/vec4 1, 0, 2;
    %cmp/u;
    %jmp/1 T_7.1, 6;
    %dup/vec4;
    %pushi/vec4 2, 0, 2;
    %cmp/u;
    %jmp/1 T_7.2, 6;
    %dup/vec4;
    %pushi/vec4 3, 0, 2;
    %cmp/u;
    %jmp/1 T_7.3, 6;
    %jmp T_7.4;
T_7.0 ;
    %pushi/vec4 0, 0, 3;
    %assign/vec4 v0x5650004c89e0_0, 0;
    %jmp T_7.4;
T_7.1 ;
    %pushi/vec4 1, 0, 3;
    %assign/vec4 v0x5650004c89e0_0, 0;
    %jmp T_7.4;
T_7.2 ;
    %pushi/vec4 2, 0, 3;
    %assign/vec4 v0x5650004c89e0_0, 0;
    %jmp T_7.4;
T_7.3 ;
    %pushi/vec4 0, 0, 3;
    %assign/vec4 v0x5650004c89e0_0, 0;
    %jmp T_7.4;
T_7.4 ;
    %pop/vec4 1;
    %jmp T_7;
    .thread T_7, $push;
# The file index is used to find the file name in the following table.
:file_names 4;
    "N/A";
    "<interactive>";
    "formatter_tb.v";
    "./formatter.v";
