#! /usr/bin/vvp
:ivl_version "11.0 (stable)";
:ivl_delay_selection "TYPICAL";
:vpi_time_precision - 10;
:vpi_module "/usr/lib/x86_64-linux-gnu/ivl/system.vpi";
:vpi_module "/usr/lib/x86_64-linux-gnu/ivl/vhdl_sys.vpi";
:vpi_module "/usr/lib/x86_64-linux-gnu/ivl/vhdl_textio.vpi";
:vpi_module "/usr/lib/x86_64-linux-gnu/ivl/v2005_math.vpi";
:vpi_module "/usr/lib/x86_64-linux-gnu/ivl/va_math.vpi";
S_0x55f90117fe80 .scope module, "seq_ref" "seq_ref" 2 3;
 .timescale -9 -10;
L_0x55f9011a6ce0 .functor AND 1, v0x55f9011a93a0_0, v0x55f9011d1b30_0, C4<1>, C4<1>;
L_0x55f9011a71e0 .functor AND 1, v0x55f9011a93a0_0, v0x55f9011d1b30_0, C4<1>, C4<1>;
v0x55f9011a6e40_0 .var "a2f_id", 1 0;
v0x55f9011a7340_0 .net "a2sx_ack", 0 0, L_0x55f9011a71e0;  1 drivers
v0x55f9011a7670_0 .var "clk_i", 0 0;
v0x55f9011a8550_0 .net "f2a_ack", 0 0, L_0x55f9011a6ce0;  1 drivers
v0x55f9011a8ac0_0 .var "fmt_data", 31 0;
v0x55f9011a8f20_0 .var "fmt_end", 0 0;
v0x55f9011a93a0_0 .var "fmt_grant", 0 0;
v0x55f9011d1a70_0 .var "fmt_id_req", 0 0;
v0x55f9011d1b30_0 .var "fmt_req", 0 0;
v0x55f9011d1bf0_0 .var "fmt_strat", 0 0;
v0x55f9011d1cb0_0 .var "rst_n", 0 0;
E_0x55f9011b98c0 .event posedge, v0x55f9011a7670_0;
    .scope S_0x55f90117fe80;
T_0 ;
    %pushi/vec4 0, 0, 1;
    %assign/vec4 v0x55f9011a7670_0, 0;
    %pushi/vec4 0, 0, 1;
    %assign/vec4 v0x55f9011d1cb0_0, 0;
    %pushi/vec4 0, 0, 1;
    %assign/vec4 v0x55f9011a93a0_0, 0;
    %pushi/vec4 0, 0, 1;
    %assign/vec4 v0x55f9011d1a70_0, 0;
    %pushi/vec4 3, 0, 2;
    %assign/vec4 v0x55f9011a6e40_0, 0;
    %pushi/vec4 0, 0, 32;
    %assign/vec4 v0x55f9011a8ac0_0, 0;
    %pushi/vec4 0, 0, 1;
    %assign/vec4 v0x55f9011d1bf0_0, 0;
    %pushi/vec4 0, 0, 1;
    %assign/vec4 v0x55f9011a8f20_0, 0;
    %pushi/vec4 0, 0, 1;
    %assign/vec4 v0x55f9011d1b30_0, 0;
    %vpi_call 2 28 "$dumpfile", "seq_ref.vcd" {0 0 0};
    %vpi_call 2 29 "$dumpvars" {0 0 0};
    %delay 150, 0;
    %pushi/vec4 1, 0, 1;
    %assign/vec4 v0x55f9011d1cb0_0, 0;
    %wait E_0x55f9011b98c0;
    %pushi/vec4 1, 0, 1;
    %assign/vec4 v0x55f9011d1a70_0, 0;
    %delay 400, 0;
    %wait E_0x55f9011b98c0;
    %pushi/vec4 2, 0, 2;
    %assign/vec4 v0x55f9011a6e40_0, 0;
    %pushi/vec4 1, 0, 1;
    %assign/vec4 v0x55f9011d1b30_0, 0;
    %delay 300, 0;
    %wait E_0x55f9011b98c0;
    %pushi/vec4 1, 0, 1;
    %assign/vec4 v0x55f9011a93a0_0, 0;
    %wait E_0x55f9011b98c0;
    %pushi/vec4 0, 0, 1;
    %assign/vec4 v0x55f9011d1b30_0, 0;
    %vpi_func 2 41 "$random" 32 {0 0 0};
    %assign/vec4 v0x55f9011a8ac0_0, 0;
    %pushi/vec4 1, 0, 1;
    %assign/vec4 v0x55f9011d1bf0_0, 0;
    %pushi/vec4 0, 0, 1;
    %assign/vec4 v0x55f9011d1a70_0, 0;
    %wait E_0x55f9011b98c0;
    %pushi/vec4 0, 0, 1;
    %assign/vec4 v0x55f9011a93a0_0, 0;
    %vpi_func 2 47 "$random" 32 {0 0 0};
    %assign/vec4 v0x55f9011a8ac0_0, 0;
    %pushi/vec4 0, 0, 1;
    %assign/vec4 v0x55f9011d1bf0_0, 0;
    %wait E_0x55f9011b98c0;
    %pushi/vec4 0, 0, 1;
    %assign/vec4 v0x55f9011d1bf0_0, 0;
    %vpi_func 2 52 "$random" 32 {0 0 0};
    %assign/vec4 v0x55f9011a8ac0_0, 0;
    %wait E_0x55f9011b98c0;
    %pushi/vec4 1, 0, 1;
    %assign/vec4 v0x55f9011a8f20_0, 0;
    %vpi_func 2 57 "$random" 32 {0 0 0};
    %assign/vec4 v0x55f9011a8ac0_0, 0;
    %wait E_0x55f9011b98c0;
    %pushi/vec4 0, 0, 1;
    %assign/vec4 v0x55f9011a8f20_0, 0;
    %vpi_func 2 61 "$random" 32 {0 0 0};
    %assign/vec4 v0x55f9011a8ac0_0, 0;
    %delay 5000, 0;
    %vpi_call 2 64 "$finish" {0 0 0};
    %end;
    .thread T_0;
    .scope S_0x55f90117fe80;
T_1 ;
    %delay 100, 0;
    %load/vec4 v0x55f9011a7670_0;
    %inv;
    %store/vec4 v0x55f9011a7670_0, 0, 1;
    %jmp T_1;
    .thread T_1;
# The file index is used to find the file name in the following table.
:file_names 3;
    "N/A";
    "<interactive>";
    "seq_ref.v";
