#! /c/Source/iverilog-install/bin/vvp
:ivl_version "12.0 (devel)" "(s20150603-1539-g2693dd32b)";
:ivl_delay_selection "TYPICAL";
:vpi_time_precision - 9;
:vpi_module "C:\iverilog\lib\ivl\system.vpi";
:vpi_module "C:\iverilog\lib\ivl\vhdl_sys.vpi";
:vpi_module "C:\iverilog\lib\ivl\vhdl_textio.vpi";
:vpi_module "C:\iverilog\lib\ivl\v2005_math.vpi";
:vpi_module "C:\iverilog\lib\ivl\va_math.vpi";
S_000001e24c04d6d0 .scope module, "asyn_fifo" "asyn_fifo" 2 47;
 .timescale -9 -9;
    .port_info 0 /INPUT 1 "wclk";
    .port_info 1 /INPUT 1 "rclk";
    .port_info 2 /INPUT 1 "wrstn";
    .port_info 3 /INPUT 1 "rrstn";
    .port_info 4 /INPUT 1 "winc";
    .port_info 5 /INPUT 1 "rinc";
    .port_info 6 /INPUT 8 "wdata";
    .port_info 7 /OUTPUT 1 "wfull";
    .port_info 8 /OUTPUT 1 "rempty";
    .port_info 9 /OUTPUT 8 "rdata";
P_000001e24c0472c0 .param/l "DEPTH" 0 2 49, +C4<00000000000000000000000000010000>;
P_000001e24c0472f8 .param/l "WIDTH" 0 2 48, +C4<00000000000000000000000000001000>;
L_000001e24c087380 .functor NOT 1, L_000001e24c0f9250, C4<0>, C4<0>, C4<0>;
o000001e24c0a56f8 .functor BUFZ 1, C4<z>; HiZ drive
L_000001e24c087e00 .functor AND 1, o000001e24c0a56f8, L_000001e24c087380, C4<1>, C4<1>;
L_000001e24c087e70 .functor NOT 1, L_000001e24c0f8710, C4<0>, C4<0>, C4<0>;
o000001e24c0a55a8 .functor BUFZ 1, C4<z>; HiZ drive
L_000001e24c087700 .functor AND 1, o000001e24c0a55a8, L_000001e24c087e70, C4<1>, C4<1>;
L_000001e24c0873f0 .functor NOT 2, L_000001e24c0f7f90, C4<00>, C4<00>, C4<00>;
v000001e24c08a6c0_0 .net *"_ivl_0", 0 0, L_000001e24c087380;  1 drivers
L_000001e24c0f9b98 .functor BUFT 1, C4<01>, C4<0>, C4<0>, C4<0>;
v000001e24c089c20_0 .net/2s *"_ivl_10", 1 0, L_000001e24c0f9b98;  1 drivers
L_000001e24c0f9be0 .functor BUFT 1, C4<00>, C4<0>, C4<0>, C4<0>;
v000001e24c08a4e0_0 .net/2s *"_ivl_12", 1 0, L_000001e24c0f9be0;  1 drivers
v000001e24c089e00_0 .net *"_ivl_14", 1 0, L_000001e24c0f8cb0;  1 drivers
v000001e24c089cc0_0 .net *"_ivl_19", 1 0, L_000001e24c0f7f90;  1 drivers
v000001e24c089d60_0 .net *"_ivl_20", 1 0, L_000001e24c0873f0;  1 drivers
v000001e24c089ae0_0 .net *"_ivl_23", 2 0, L_000001e24c0f8210;  1 drivers
v000001e24c089b80_0 .net *"_ivl_24", 4 0, L_000001e24c0f8d50;  1 drivers
v000001e24c089f40_0 .net *"_ivl_26", 0 0, L_000001e24c0f80d0;  1 drivers
L_000001e24c0f9c28 .functor BUFT 1, C4<01>, C4<0>, C4<0>, C4<0>;
v000001e24c08a080_0 .net/2s *"_ivl_28", 1 0, L_000001e24c0f9c28;  1 drivers
L_000001e24c0f9c70 .functor BUFT 1, C4<00>, C4<0>, C4<0>, C4<0>;
v000001e24c0f8670_0 .net/2s *"_ivl_30", 1 0, L_000001e24c0f9c70;  1 drivers
v000001e24c0f8350_0 .net *"_ivl_32", 1 0, L_000001e24c0f87b0;  1 drivers
v000001e24c0f7e50_0 .net *"_ivl_4", 0 0, L_000001e24c087e70;  1 drivers
v000001e24c0f8ad0_0 .net *"_ivl_8", 0 0, L_000001e24c0f96b0;  1 drivers
o000001e24c0a5008 .functor BUFZ 1, C4<z>; HiZ drive
v000001e24c0f8b70_0 .net "rclk", 0 0, o000001e24c0a5008;  0 drivers
v000001e24c0f8f30_0 .net "rdata", 7 0, v000001e24c08a120_0;  1 drivers
v000001e24c0f7d10_0 .net "rempty", 0 0, L_000001e24c0f8710;  1 drivers
v000001e24c0f78b0_0 .net "renc", 0 0, L_000001e24c087700;  1 drivers
v000001e24c0f91b0_0 .net "rinc", 0 0, o000001e24c0a55a8;  0 drivers
v000001e24c0f9070_0 .var "rptr_expand", 4 0;
v000001e24c0f9570_0 .var "rptr_expand_g", 4 0;
v000001e24c0f8c10_0 .var "rptr_expand_g_d1", 4 0;
v000001e24c0f82b0_0 .var "rptr_expand_g_d2", 4 0;
o000001e24c0a5698 .functor BUFZ 1, C4<z>; HiZ drive
v000001e24c0f8e90_0 .net "rrstn", 0 0, o000001e24c0a5698;  0 drivers
o000001e24c0a50c8 .functor BUFZ 1, C4<z>; HiZ drive
v000001e24c0f7db0_0 .net "wclk", 0 0, o000001e24c0a50c8;  0 drivers
o000001e24c0a50f8 .functor BUFZ 8, C4<zzzzzzzz>; HiZ drive
v000001e24c0f8490_0 .net "wdata", 7 0, o000001e24c0a50f8;  0 drivers
v000001e24c0f8030_0 .net "wenc", 0 0, L_000001e24c087e00;  1 drivers
v000001e24c0f7bd0_0 .net "wfull", 0 0, L_000001e24c0f9250;  1 drivers
v000001e24c0f7950_0 .net "winc", 0 0, o000001e24c0a56f8;  0 drivers
v000001e24c0f8170_0 .var "wptr_expand", 4 0;
v000001e24c0f9610_0 .var "wptr_expand_g", 4 0;
v000001e24c0f9430_0 .var "wptr_expand_g_d1", 4 0;
v000001e24c0f7ef0_0 .var "wptr_expand_g_d2", 4 0;
o000001e24c0a57e8 .functor BUFZ 1, C4<z>; HiZ drive
v000001e24c0f9110_0 .net "wrstn", 0 0, o000001e24c0a57e8;  0 drivers
E_000001e24c08c240/0 .event negedge, v000001e24c0f8e90_0;
E_000001e24c08c240/1 .event posedge, v000001e24c08a9e0_0;
E_000001e24c08c240 .event/or E_000001e24c08c240/0, E_000001e24c08c240/1;
E_000001e24c08bcc0/0 .event negedge, v000001e24c0f9110_0;
E_000001e24c08bcc0/1 .event posedge, v000001e24c08a800_0;
E_000001e24c08bcc0 .event/or E_000001e24c08bcc0/0, E_000001e24c08bcc0/1;
L_000001e24c0f96b0 .cmp/eq 5, v000001e24c0f9570_0, v000001e24c0f7ef0_0;
L_000001e24c0f8cb0 .functor MUXZ 2, L_000001e24c0f9be0, L_000001e24c0f9b98, L_000001e24c0f96b0, C4<>;
L_000001e24c0f8710 .part L_000001e24c0f8cb0, 0, 1;
L_000001e24c0f7f90 .part v000001e24c0f82b0_0, 3, 2;
L_000001e24c0f8210 .part v000001e24c0f82b0_0, 0, 3;
L_000001e24c0f8d50 .concat [ 3 2 0 0], L_000001e24c0f8210, L_000001e24c0873f0;
L_000001e24c0f80d0 .cmp/eq 5, v000001e24c0f9610_0, L_000001e24c0f8d50;
L_000001e24c0f87b0 .functor MUXZ 2, L_000001e24c0f9c70, L_000001e24c0f9c28, L_000001e24c0f80d0, C4<>;
L_000001e24c0f9250 .part L_000001e24c0f87b0, 0, 1;
L_000001e24c0f83f0 .part v000001e24c0f8170_0, 0, 4;
L_000001e24c0f79f0 .part v000001e24c0f9070_0, 0, 4;
S_000001e24c04d860 .scope module, "d1" "dual_port_RAM" 2 132, 2 18 0, S_000001e24c04d6d0;
 .timescale -9 -9;
    .port_info 0 /INPUT 1 "wclk";
    .port_info 1 /INPUT 1 "wenc";
    .port_info 2 /INPUT 4 "waddr";
    .port_info 3 /INPUT 8 "wdata";
    .port_info 4 /INPUT 1 "rclk";
    .port_info 5 /INPUT 1 "renc";
    .port_info 6 /INPUT 4 "raddr";
    .port_info 7 /OUTPUT 8 "rdata";
P_000001e24c0a4f50 .param/l "DEPTH" 0 2 19, +C4<00000000000000000000000000010000>;
P_000001e24c0a4f88 .param/l "WIDTH" 0 2 20, +C4<00000000000000000000000000001000>;
v000001e24c08a940 .array "RAM_MEM", 15 0, 7 0;
v000001e24c08a300_0 .net "raddr", 3 0, L_000001e24c0f79f0;  1 drivers
v000001e24c08a9e0_0 .net "rclk", 0 0, o000001e24c0a5008;  alias, 0 drivers
v000001e24c08a120_0 .var "rdata", 7 0;
v000001e24c089fe0_0 .net "renc", 0 0, L_000001e24c087700;  alias, 1 drivers
v000001e24c08a580_0 .net "waddr", 3 0, L_000001e24c0f83f0;  1 drivers
v000001e24c08a800_0 .net "wclk", 0 0, o000001e24c0a50c8;  alias, 0 drivers
v000001e24c089ea0_0 .net "wdata", 7 0, o000001e24c0a50f8;  alias, 0 drivers
v000001e24c08a440_0 .net "wenc", 0 0, L_000001e24c087e00;  alias, 1 drivers
E_000001e24c08c280 .event posedge, v000001e24c08a9e0_0;
E_000001e24c08c600 .event posedge, v000001e24c08a800_0;
    .scope S_000001e24c04d860;
T_0 ;
    %wait E_000001e24c08c600;
    %load/vec4 v000001e24c08a440_0;
    %flag_set/vec4 8;
    %jmp/0xz  T_0.0, 8;
    %load/vec4 v000001e24c089ea0_0;
    %load/vec4 v000001e24c08a580_0;
    %pad/u 6;
    %ix/vec4 3;
    %ix/load 4, 0, 0; Constant delay
    %assign/vec4/a/d v000001e24c08a940, 0, 4;
T_0.0 ;
    %jmp T_0;
    .thread T_0;
    .scope S_000001e24c04d860;
T_1 ;
    %wait E_000001e24c08c280;
    %load/vec4 v000001e24c089fe0_0;
    %flag_set/vec4 8;
    %jmp/0xz  T_1.0, 8;
    %load/vec4 v000001e24c08a300_0;
    %pad/u 6;
    %ix/vec4 4;
    %load/vec4a v000001e24c08a940, 4;
    %assign/vec4 v000001e24c08a120_0, 0;
T_1.0 ;
    %jmp T_1;
    .thread T_1;
    .scope S_000001e24c04d6d0;
T_2 ;
    %wait E_000001e24c08bcc0;
    %load/vec4 v000001e24c0f9110_0;
    %inv;
    %flag_set/vec4 8;
    %jmp/0xz  T_2.0, 8;
    %pushi/vec4 0, 0, 5;
    %assign/vec4 v000001e24c0f8170_0, 0;
    %jmp T_2.1;
T_2.0 ;
    %load/vec4 v000001e24c0f8030_0;
    %flag_set/vec4 8;
    %jmp/0xz  T_2.2, 8;
    %load/vec4 v000001e24c0f8170_0;
    %addi 1, 0, 5;
    %assign/vec4 v000001e24c0f8170_0, 0;
    %jmp T_2.3;
T_2.2 ;
    %load/vec4 v000001e24c0f8170_0;
    %assign/vec4 v000001e24c0f8170_0, 0;
T_2.3 ;
T_2.1 ;
    %jmp T_2;
    .thread T_2;
    .scope S_000001e24c04d6d0;
T_3 ;
    %wait E_000001e24c08c240;
    %load/vec4 v000001e24c0f8e90_0;
    %inv;
    %flag_set/vec4 8;
    %jmp/0xz  T_3.0, 8;
    %pushi/vec4 0, 0, 5;
    %assign/vec4 v000001e24c0f9070_0, 0;
    %jmp T_3.1;
T_3.0 ;
    %load/vec4 v000001e24c0f78b0_0;
    %flag_set/vec4 8;
    %jmp/0xz  T_3.2, 8;
    %load/vec4 v000001e24c0f9070_0;
    %addi 1, 0, 5;
    %assign/vec4 v000001e24c0f9070_0, 0;
    %jmp T_3.3;
T_3.2 ;
    %load/vec4 v000001e24c0f9070_0;
    %assign/vec4 v000001e24c0f9070_0, 0;
T_3.3 ;
T_3.1 ;
    %jmp T_3;
    .thread T_3;
    .scope S_000001e24c04d6d0;
T_4 ;
    %wait E_000001e24c08bcc0;
    %load/vec4 v000001e24c0f9110_0;
    %inv;
    %flag_set/vec4 8;
    %jmp/0xz  T_4.0, 8;
    %pushi/vec4 0, 0, 5;
    %assign/vec4 v000001e24c0f9610_0, 0;
    %jmp T_4.1;
T_4.0 ;
    %load/vec4 v000001e24c0f8170_0;
    %ix/load 4, 1, 0;
    %flag_set/imm 4, 0;
    %shiftr 4;
    %load/vec4 v000001e24c0f8170_0;
    %xor;
    %assign/vec4 v000001e24c0f9610_0, 0;
T_4.1 ;
    %jmp T_4;
    .thread T_4;
    .scope S_000001e24c04d6d0;
T_5 ;
    %wait E_000001e24c08c240;
    %load/vec4 v000001e24c0f8e90_0;
    %inv;
    %flag_set/vec4 8;
    %jmp/0xz  T_5.0, 8;
    %pushi/vec4 0, 0, 5;
    %assign/vec4 v000001e24c0f9570_0, 0;
    %jmp T_5.1;
T_5.0 ;
    %load/vec4 v000001e24c0f9070_0;
    %ix/load 4, 1, 0;
    %flag_set/imm 4, 0;
    %shiftr 4;
    %load/vec4 v000001e24c0f9070_0;
    %xor;
    %assign/vec4 v000001e24c0f9570_0, 0;
T_5.1 ;
    %jmp T_5;
    .thread T_5;
    .scope S_000001e24c04d6d0;
T_6 ;
    %wait E_000001e24c08bcc0;
    %load/vec4 v000001e24c0f9110_0;
    %inv;
    %flag_set/vec4 8;
    %jmp/0xz  T_6.0, 8;
    %pushi/vec4 0, 0, 10;
    %split/vec4 5;
    %assign/vec4 v000001e24c0f8c10_0, 0;
    %assign/vec4 v000001e24c0f82b0_0, 0;
    %jmp T_6.1;
T_6.0 ;
    %load/vec4 v000001e24c0f8c10_0;
    %load/vec4 v000001e24c0f9570_0;
    %concat/vec4; draw_concat_vec4
    %split/vec4 5;
    %assign/vec4 v000001e24c0f8c10_0, 0;
    %assign/vec4 v000001e24c0f82b0_0, 0;
T_6.1 ;
    %jmp T_6;
    .thread T_6;
    .scope S_000001e24c04d6d0;
T_7 ;
    %wait E_000001e24c08c240;
    %load/vec4 v000001e24c0f8e90_0;
    %inv;
    %flag_set/vec4 8;
    %jmp/0xz  T_7.0, 8;
    %pushi/vec4 0, 0, 10;
    %split/vec4 5;
    %assign/vec4 v000001e24c0f9430_0, 0;
    %assign/vec4 v000001e24c0f7ef0_0, 0;
    %jmp T_7.1;
T_7.0 ;
    %load/vec4 v000001e24c0f9430_0;
    %load/vec4 v000001e24c0f9610_0;
    %concat/vec4; draw_concat_vec4
    %split/vec4 5;
    %assign/vec4 v000001e24c0f9430_0, 0;
    %assign/vec4 v000001e24c0f7ef0_0, 0;
T_7.1 ;
    %jmp T_7;
    .thread T_7;
# The file index is used to find the file name in the following table.
:file_names 3;
    "N/A";
    "<interactive>";
    "ASFIFO.v";
