#! /usr/bin/vvp
:ivl_version "11.0 (stable)";
:ivl_delay_selection "TYPICAL";
:vpi_time_precision - 12;
:vpi_module "/usr/lib/x86_64-linux-gnu/ivl/system.vpi";
:vpi_module "/usr/lib/x86_64-linux-gnu/ivl/vhdl_sys.vpi";
:vpi_module "/usr/lib/x86_64-linux-gnu/ivl/vhdl_textio.vpi";
:vpi_module "/usr/lib/x86_64-linux-gnu/ivl/v2005_math.vpi";
:vpi_module "/usr/lib/x86_64-linux-gnu/ivl/va_math.vpi";
S_0x559413e38c60 .scope module, "posedge_detect_tb" "posedge_detect_tb" 2 3;
 .timescale -9 -12;
P_0x559413dfe620 .param/l "S1" 0 2 4, C4<001>;
P_0x559413dfe660 .param/l "S2" 0 2 5, C4<010>;
P_0x559413dfe6a0 .param/l "S3" 0 2 6, C4<100>;
v0x559413e4cdd0_0 .var "clk", 0 0;
v0x559413e4ce90_0 .var "i_pulse", 0 0;
v0x559413e4cf60_0 .net "o_pulse", 0 0, v0x559413e4cb80_0;  1 drivers
v0x559413e4d060_0 .var "rst_n", 0 0;
S_0x559413e38ee0 .scope module, "p1" "posedge_detect" 2 15, 3 1 0, S_0x559413e38c60;
 .timescale -9 -12;
    .port_info 0 /INPUT 1 "rst_n";
    .port_info 1 /INPUT 1 "clk";
    .port_info 2 /INPUT 1 "i_pulse";
    .port_info 3 /OUTPUT 1 "o_pulse";
P_0x559413e25cb0 .param/l "S1" 0 3 2, C4<001>;
P_0x559413e25cf0 .param/l "S2" 0 3 3, C4<010>;
P_0x559413e25d30 .param/l "S3" 0 3 4, C4<100>;
v0x559413e39440_0 .net "clk", 0 0, v0x559413e4cdd0_0;  1 drivers
v0x559413e4c8f0_0 .var "current_state", 2 0;
v0x559413e4c9d0_0 .net "i_pulse", 0 0, v0x559413e4ce90_0;  1 drivers
v0x559413e4caa0_0 .var "next_state", 2 0;
v0x559413e4cb80_0 .var "o_pulse", 0 0;
v0x559413e4cc90_0 .net "rst_n", 0 0, v0x559413e4d060_0;  1 drivers
E_0x559413e35f80 .event edge, v0x559413e4c8f0_0;
E_0x559413dfd720 .event edge, v0x559413e4c8f0_0, v0x559413e4c9d0_0;
E_0x559413e209b0/0 .event negedge, v0x559413e4cc90_0;
E_0x559413e209b0/1 .event posedge, v0x559413e39440_0;
E_0x559413e209b0 .event/or E_0x559413e209b0/0, E_0x559413e209b0/1;
    .scope S_0x559413e38ee0;
T_0 ;
    %wait E_0x559413e209b0;
    %load/vec4 v0x559413e4cc90_0;
    %inv;
    %flag_set/vec4 8;
    %jmp/0xz  T_0.0, 8;
    %pushi/vec4 1, 0, 3;
    %assign/vec4 v0x559413e4c8f0_0, 0;
    %jmp T_0.1;
T_0.0 ;
    %load/vec4 v0x559413e4caa0_0;
    %assign/vec4 v0x559413e4c8f0_0, 0;
T_0.1 ;
    %jmp T_0;
    .thread T_0;
    .scope S_0x559413e38ee0;
T_1 ;
    %wait E_0x559413dfd720;
    %load/vec4 v0x559413e4c8f0_0;
    %dup/vec4;
    %pushi/vec4 1, 0, 3;
    %cmp/u;
    %jmp/1 T_1.0, 6;
    %dup/vec4;
    %pushi/vec4 2, 0, 3;
    %cmp/u;
    %jmp/1 T_1.1, 6;
    %dup/vec4;
    %pushi/vec4 4, 0, 3;
    %cmp/u;
    %jmp/1 T_1.2, 6;
    %pushi/vec4 1, 0, 3;
    %store/vec4 v0x559413e4caa0_0, 0, 3;
    %jmp T_1.4;
T_1.0 ;
    %load/vec4 v0x559413e4c9d0_0;
    %pad/u 32;
    %cmpi/e 0, 0, 32;
    %flag_mov 8, 4;
    %jmp/0 T_1.5, 8;
    %pushi/vec4 1, 0, 3;
    %jmp/1 T_1.6, 8;
T_1.5 ; End of true expr.
    %pushi/vec4 2, 0, 3;
    %jmp/0 T_1.6, 8;
 ; End of false expr.
    %blend;
T_1.6;
    %store/vec4 v0x559413e4caa0_0, 0, 3;
    %jmp T_1.4;
T_1.1 ;
    %load/vec4 v0x559413e4c9d0_0;
    %pad/u 32;
    %cmpi/e 0, 0, 32;
    %flag_mov 8, 4;
    %jmp/0 T_1.7, 8;
    %pushi/vec4 1, 0, 3;
    %jmp/1 T_1.8, 8;
T_1.7 ; End of true expr.
    %pushi/vec4 4, 0, 3;
    %jmp/0 T_1.8, 8;
 ; End of false expr.
    %blend;
T_1.8;
    %store/vec4 v0x559413e4caa0_0, 0, 3;
    %jmp T_1.4;
T_1.2 ;
    %load/vec4 v0x559413e4c9d0_0;
    %pad/u 32;
    %cmpi/e 0, 0, 32;
    %flag_mov 8, 4;
    %jmp/0 T_1.9, 8;
    %pushi/vec4 1, 0, 3;
    %jmp/1 T_1.10, 8;
T_1.9 ; End of true expr.
    %pushi/vec4 4, 0, 3;
    %jmp/0 T_1.10, 8;
 ; End of false expr.
    %blend;
T_1.10;
    %store/vec4 v0x559413e4caa0_0, 0, 3;
    %jmp T_1.4;
T_1.4 ;
    %pop/vec4 1;
    %jmp T_1;
    .thread T_1, $push;
    .scope S_0x559413e38ee0;
T_2 ;
    %wait E_0x559413e35f80;
    %load/vec4 v0x559413e4c8f0_0;
    %pushi/vec4 2, 0, 3;
    %cmp/e;
    %flag_get/vec4 4;
    %store/vec4 v0x559413e4cb80_0, 0, 1;
    %jmp T_2;
    .thread T_2, $push;
    .scope S_0x559413e38c60;
T_3 ;
    %vpi_call 2 24 "$dumpfile", "posedge_detect.vcd" {0 0 0};
    %vpi_call 2 25 "$dumpvars" {0 0 0};
    %pushi/vec4 0, 0, 1;
    %assign/vec4 v0x559413e4cdd0_0, 0;
    %pushi/vec4 0, 0, 1;
    %assign/vec4 v0x559413e4d060_0, 0;
    %pushi/vec4 0, 0, 1;
    %assign/vec4 v0x559413e4ce90_0, 0;
    %delay 15000, 0;
    %pushi/vec4 1, 0, 1;
    %assign/vec4 v0x559413e4d060_0, 0;
    %delay 20000, 0;
    %pushi/vec4 1, 0, 1;
    %assign/vec4 v0x559413e4ce90_0, 0;
    %delay 60000, 0;
    %pushi/vec4 0, 0, 1;
    %assign/vec4 v0x559413e4ce90_0, 0;
    %delay 1000000, 0;
    %vpi_call 2 35 "$finish" {0 0 0};
    %end;
    .thread T_3;
    .scope S_0x559413e38c60;
T_4 ;
    %delay 10000, 0;
    %load/vec4 v0x559413e4cdd0_0;
    %inv;
    %store/vec4 v0x559413e4cdd0_0, 0, 1;
    %jmp T_4;
    .thread T_4;
# The file index is used to find the file name in the following table.
:file_names 4;
    "N/A";
    "<interactive>";
    "posedge_detect_tb.v";
    "./posedge_detect.v";
