#! /usr/bin/vvp
:ivl_version "11.0 (stable)";
:ivl_delay_selection "TYPICAL";
:vpi_time_precision - 10;
:vpi_module "/usr/lib/x86_64-linux-gnu/ivl/system.vpi";
:vpi_module "/usr/lib/x86_64-linux-gnu/ivl/vhdl_sys.vpi";
:vpi_module "/usr/lib/x86_64-linux-gnu/ivl/vhdl_textio.vpi";
:vpi_module "/usr/lib/x86_64-linux-gnu/ivl/v2005_math.vpi";
:vpi_module "/usr/lib/x86_64-linux-gnu/ivl/va_math.vpi";
S_0x55d8e8324d90 .scope module, "SCFIFO" "SCFIFO" 2 4;
 .timescale -9 -10;
    .port_info 0 /INPUT 1 "clk";
    .port_info 1 /INPUT 1 "rst_n";
    .port_info 2 /INPUT 32 "data_in";
    .port_info 3 /INPUT 1 "rd_en";
    .port_info 4 /INPUT 1 "wr_en";
    .port_info 5 /OUTPUT 32 "data_out";
    .port_info 6 /OUTPUT 1 "empty";
    .port_info 7 /OUTPUT 1 "full";
    .port_info 8 /OUTPUT 6 "FIFO_margin_o";
P_0x55d8e8324f20 .param/l "DATA_DEPTH" 0 2 7, C4<00000000000000000000000001000000>;
P_0x55d8e8324f60 .param/l "DATA_WIDTH" 0 2 6, C4<00000000000000000000000000100000>;
L_0x55d8e83511e0 .functor BUFZ 7, v0x55d8e837b670_0, C4<0000000>, C4<0000000>, C4<0000000>;
L_0x55d8e837bdd0 .functor BUFZ 7, v0x55d8e837b270_0, C4<0000000>, C4<0000000>, C4<0000000>;
L_0x55d8e837be40 .functor NOT 1, L_0x55d8e837c610, C4<0>, C4<0>, C4<0>;
L_0x55d8e837bfe0 .functor XOR 1, L_0x55d8e837ba10, L_0x55d8e837bb80, C4<0>, C4<0>;
L_0x55d8e837ca10 .functor AND 1, L_0x55d8e837bfe0, L_0x55d8e837c8d0, C4<1>, C4<1>;
v0x55d8e8351340_0 .net "FIFO_margin_o", 5 0, L_0x55d8e837c430;  1 drivers
v0x55d8e83513e0_0 .net *"_ivl_10", 0 0, L_0x55d8e837be40;  1 drivers
L_0x7f6d0bacf018 .functor BUFT 1, C4<1000000>, C4<0>, C4<0>, C4<0>;
v0x55d8e8379f10_0 .net/2u *"_ivl_12", 6 0, L_0x7f6d0bacf018;  1 drivers
v0x55d8e8379fd0_0 .net *"_ivl_14", 6 0, L_0x55d8e837bf40;  1 drivers
v0x55d8e837a0b0_0 .net *"_ivl_16", 6 0, L_0x55d8e837c120;  1 drivers
L_0x7f6d0bacf060 .functor BUFT 1, C4<0111111>, C4<0>, C4<0>, C4<0>;
v0x55d8e837a1e0_0 .net/2u *"_ivl_18", 6 0, L_0x7f6d0bacf060;  1 drivers
v0x55d8e837a2c0_0 .net *"_ivl_20", 6 0, L_0x55d8e837c2a0;  1 drivers
v0x55d8e837a3a0_0 .net *"_ivl_24", 0 0, L_0x55d8e837c570;  1 drivers
L_0x7f6d0bacf0a8 .functor BUFT 1, C4<1>, C4<0>, C4<0>, C4<0>;
v0x55d8e837a460_0 .net/2u *"_ivl_26", 0 0, L_0x7f6d0bacf0a8;  1 drivers
L_0x7f6d0bacf0f0 .functor BUFT 1, C4<0>, C4<0>, C4<0>, C4<0>;
v0x55d8e837a540_0 .net/2u *"_ivl_28", 0 0, L_0x7f6d0bacf0f0;  1 drivers
v0x55d8e837a620_0 .net *"_ivl_32", 0 0, L_0x55d8e837bfe0;  1 drivers
v0x55d8e837a6e0_0 .net *"_ivl_34", 0 0, L_0x55d8e837c8d0;  1 drivers
v0x55d8e837a7a0_0 .net *"_ivl_37", 0 0, L_0x55d8e837ca10;  1 drivers
L_0x7f6d0bacf138 .functor BUFT 1, C4<1>, C4<0>, C4<0>, C4<0>;
v0x55d8e837a860_0 .net/2u *"_ivl_38", 0 0, L_0x7f6d0bacf138;  1 drivers
v0x55d8e837a940_0 .net *"_ivl_4", 6 0, L_0x55d8e83511e0;  1 drivers
L_0x7f6d0bacf180 .functor BUFT 1, C4<0>, C4<0>, C4<0>, C4<0>;
v0x55d8e837aa20_0 .net/2u *"_ivl_40", 0 0, L_0x7f6d0bacf180;  1 drivers
v0x55d8e837ab00_0 .net *"_ivl_9", 6 0, L_0x55d8e837bdd0;  1 drivers
o0x7f6d0bb18348 .functor BUFZ 1, C4<z>; HiZ drive
v0x55d8e837acf0_0 .net "clk", 0 0, o0x7f6d0bb18348;  0 drivers
o0x7f6d0bb18378 .functor BUFZ 32, C4<zzzzzzzzzzzzzzzzzzzzzzzzzzzzzzzz>; HiZ drive
v0x55d8e837adb0_0 .net "data_in", 31 0, o0x7f6d0bb18378;  0 drivers
v0x55d8e837ae90_0 .var "data_out", 31 0;
v0x55d8e837af70_0 .net "empty", 0 0, L_0x55d8e837c610;  1 drivers
v0x55d8e837b030 .array "fifo_buffer", 0 63, 31 0;
v0x55d8e837b0f0_0 .net "full", 0 0, L_0x55d8e837cb70;  1 drivers
o0x7f6d0bb18438 .functor BUFZ 1, C4<z>; HiZ drive
v0x55d8e837b1b0_0 .net "rd_en", 0 0, o0x7f6d0bb18438;  0 drivers
v0x55d8e837b270_0 .var "rd_ptr", 6 0;
v0x55d8e837b350_0 .net "rd_ptr_msb", 0 0, L_0x55d8e837bb80;  1 drivers
v0x55d8e837b410_0 .net "rd_ptr_true", 5 0, L_0x55d8e837bc80;  1 drivers
o0x7f6d0bb184f8 .functor BUFZ 1, C4<z>; HiZ drive
v0x55d8e837b4f0_0 .net "rst_n", 0 0, o0x7f6d0bb184f8;  0 drivers
o0x7f6d0bb18528 .functor BUFZ 1, C4<z>; HiZ drive
v0x55d8e837b5b0_0 .net "wr_en", 0 0, o0x7f6d0bb18528;  0 drivers
v0x55d8e837b670_0 .var "wr_ptr", 6 0;
v0x55d8e837b750_0 .net "wr_ptr_msb", 0 0, L_0x55d8e837ba10;  1 drivers
v0x55d8e837b810_0 .net "wr_ptr_true", 5 0, L_0x55d8e837bab0;  1 drivers
E_0x55d8e8360550/0 .event negedge, v0x55d8e837b4f0_0;
E_0x55d8e8360550/1 .event posedge, v0x55d8e837acf0_0;
E_0x55d8e8360550 .event/or E_0x55d8e8360550/0, E_0x55d8e8360550/1;
L_0x55d8e837ba10 .part L_0x55d8e83511e0, 6, 1;
L_0x55d8e837bab0 .part L_0x55d8e83511e0, 0, 6;
L_0x55d8e837bb80 .part L_0x55d8e837bdd0, 6, 1;
L_0x55d8e837bc80 .part L_0x55d8e837bdd0, 0, 6;
L_0x55d8e837bf40 .arith/sub 7, v0x55d8e837b670_0, v0x55d8e837b270_0;
L_0x55d8e837c120 .arith/sub 7, L_0x7f6d0bacf018, L_0x55d8e837bf40;
L_0x55d8e837c2a0 .functor MUXZ 7, L_0x7f6d0bacf060, L_0x55d8e837c120, L_0x55d8e837be40, C4<>;
L_0x55d8e837c430 .part L_0x55d8e837c2a0, 0, 6;
L_0x55d8e837c570 .cmp/eq 7, v0x55d8e837b670_0, v0x55d8e837b270_0;
L_0x55d8e837c610 .functor MUXZ 1, L_0x7f6d0bacf0f0, L_0x7f6d0bacf0a8, L_0x55d8e837c570, C4<>;
L_0x55d8e837c8d0 .cmp/eq 6, L_0x55d8e837bab0, L_0x55d8e837bc80;
L_0x55d8e837cb70 .functor MUXZ 1, L_0x7f6d0bacf180, L_0x7f6d0bacf138, L_0x55d8e837ca10, C4<>;
    .scope S_0x55d8e8324d90;
T_0 ;
    %wait E_0x55d8e8360550;
    %load/vec4 v0x55d8e837b4f0_0;
    %cmpi/e 0, 0, 1;
    %jmp/0xz  T_0.0, 4;
    %pushi/vec4 0, 0, 7;
    %assign/vec4 v0x55d8e837b270_0, 0;
    %jmp T_0.1;
T_0.0 ;
    %load/vec4 v0x55d8e837b1b0_0;
    %load/vec4 v0x55d8e837af70_0;
    %nor/r;
    %and;
    %flag_set/vec4 8;
    %jmp/0xz  T_0.2, 8;
    %load/vec4 v0x55d8e837b410_0;
    %pad/u 8;
    %ix/vec4 4;
    %load/vec4a v0x55d8e837b030, 4;
    %assign/vec4 v0x55d8e837ae90_0, 0;
    %load/vec4 v0x55d8e837b270_0;
    %addi 1, 0, 7;
    %assign/vec4 v0x55d8e837b270_0, 0;
T_0.2 ;
T_0.1 ;
    %jmp T_0;
    .thread T_0;
    .scope S_0x55d8e8324d90;
T_1 ;
    %wait E_0x55d8e8360550;
    %load/vec4 v0x55d8e837b4f0_0;
    %nor/r;
    %flag_set/vec4 8;
    %jmp/0xz  T_1.0, 8;
    %pushi/vec4 0, 0, 7;
    %assign/vec4 v0x55d8e837b670_0, 0;
    %jmp T_1.1;
T_1.0 ;
    %load/vec4 v0x55d8e837b0f0_0;
    %nor/r;
    %load/vec4 v0x55d8e837b5b0_0;
    %and;
    %flag_set/vec4 8;
    %jmp/0xz  T_1.2, 8;
    %load/vec4 v0x55d8e837b670_0;
    %addi 1, 0, 7;
    %assign/vec4 v0x55d8e837b670_0, 0;
    %load/vec4 v0x55d8e837adb0_0;
    %load/vec4 v0x55d8e837b810_0;
    %pad/u 8;
    %ix/vec4 3;
    %ix/load 4, 0, 0; Constant delay
    %assign/vec4/a/d v0x55d8e837b030, 0, 4;
T_1.2 ;
T_1.1 ;
    %jmp T_1;
    .thread T_1;
# The file index is used to find the file name in the following table.
:file_names 3;
    "N/A";
    "<interactive>";
    "SCFIFO.v";
