#! /usr/bin/vvp
:ivl_version "11.0 (stable)";
:ivl_delay_selection "TYPICAL";
:vpi_time_precision - 10;
:vpi_module "/usr/lib/x86_64-linux-gnu/ivl/system.vpi";
:vpi_module "/usr/lib/x86_64-linux-gnu/ivl/vhdl_sys.vpi";
:vpi_module "/usr/lib/x86_64-linux-gnu/ivl/vhdl_textio.vpi";
:vpi_module "/usr/lib/x86_64-linux-gnu/ivl/v2005_math.vpi";
:vpi_module "/usr/lib/x86_64-linux-gnu/ivl/va_math.vpi";
S_0x556427a057b0 .scope module, "slave_FIFO_tb" "slave_FIFO_tb" 2 4;
 .timescale -9 -10;
v0x556427a351c0_0 .var "a2sx_ack_i", 0 0;
v0x556427a352b0_0 .var "chx_data_i", 31 0;
v0x556427a35350_0 .net "chx_ready_o", 0 0, L_0x556427a45d00;  1 drivers
v0x556427a35420_0 .var "chx_valid_i", 0 0;
v0x556427a354f0_0 .var "clk_i", 0 0;
v0x556427a35630_0 .net "margin_o", 5 0, L_0x556427a46d00;  1 drivers
v0x556427a35720_0 .var "rstn_i", 0 0;
v0x556427a357c0_0 .net "slvx_data_o", 31 0, v0x556427a32080_0;  1 drivers
v0x556427a358b0_0 .var "slvx_en_i", 0 0;
v0x556427a35950_0 .var "slvx_pkglen_i", 2 0;
v0x556427a359f0_0 .net "slvx_req_o", 0 0, L_0x556427a48310;  1 drivers
v0x556427a35a90_0 .net "slvx_val_o", 0 0, v0x556427a34e10_0;  1 drivers
E_0x5564279f9ce0 .event posedge, v0x556427a31ee0_0;
S_0x556427a05940 .scope module, "slave1" "slave_FIFO" 2 19, 3 5 0, S_0x556427a057b0;
 .timescale -9 -10;
    .port_info 0 /INPUT 1 "clk_i";
    .port_info 1 /INPUT 1 "rstn_i";
    .port_info 2 /INPUT 1 "chx_valid_i";
    .port_info 3 /INPUT 1 "a2sx_ack_i";
    .port_info 4 /INPUT 1 "slvx_en_i";
    .port_info 5 /INPUT 32 "chx_data_i";
    .port_info 6 /INPUT 3 "slvx_pkglen_i";
    .port_info 7 /OUTPUT 1 "chx_ready_o";
    .port_info 8 /OUTPUT 6 "margin_o";
    .port_info 9 /OUTPUT 32 "slvx_data_o";
    .port_info 10 /OUTPUT 1 "slvx_val_o";
    .port_info 11 /OUTPUT 1 "slvx_req_o";
P_0x556427a05ad0 .param/l "DATA_DEPTH" 0 3 7, C4<00000000000000000000000001000000>;
L_0x556427a128a0 .functor AND 1, v0x556427a35420_0, L_0x556427a45d00, C4<1>, C4<1>;
L_0x556427a130b0 .functor AND 1, v0x556427a35720_0, v0x556427a358b0_0, C4<1>, C4<1>;
L_0x556427a47a00 .functor OR 1, L_0x556427a47910, v0x556427a351c0_0, C4<0>, C4<0>;
L_0x7fb4d9c9f0a8 .functor BUFT 1, C4<00000000000000000000000000000010>, C4<0>, C4<0>, C4<0>;
v0x556427a32c00_0 .net/2s *"_ivl_12", 31 0, L_0x7fb4d9c9f0a8;  1 drivers
v0x556427a32d00_0 .net *"_ivl_14", 31 0, L_0x556427a45f30;  1 drivers
L_0x7fb4d9c9f0f0 .functor BUFT 1, C4<00000000000000000000000000000>, C4<0>, C4<0>, C4<0>;
v0x556427a32de0_0 .net *"_ivl_17", 28 0, L_0x7fb4d9c9f0f0;  1 drivers
L_0x7fb4d9c9f138 .functor BUFT 1, C4<00000000000000000000000000000010>, C4<0>, C4<0>, C4<0>;
v0x556427a32ea0_0 .net/2u *"_ivl_18", 31 0, L_0x7fb4d9c9f138;  1 drivers
v0x556427a32f80_0 .net *"_ivl_2", 31 0, L_0x556427a35c00;  1 drivers
v0x556427a33060_0 .net *"_ivl_20", 31 0, L_0x556427a460c0;  1 drivers
v0x556427a33140_0 .net/s *"_ivl_23", 31 0, L_0x556427a46230;  1 drivers
L_0x7fb4d9c9f330 .functor BUFT 1, C4<00000000000000000000000000000000>, C4<0>, C4<0>, C4<0>;
v0x556427a33220_0 .net/2s *"_ivl_26", 31 0, L_0x7fb4d9c9f330;  1 drivers
v0x556427a33300_0 .net *"_ivl_28", 0 0, L_0x556427a47640;  1 drivers
L_0x7fb4d9c9f378 .functor BUFT 1, C4<00>, C4<0>, C4<0>, C4<0>;
v0x556427a333c0_0 .net/2s *"_ivl_30", 1 0, L_0x7fb4d9c9f378;  1 drivers
L_0x7fb4d9c9f3c0 .functor BUFT 1, C4<01>, C4<0>, C4<0>, C4<0>;
v0x556427a334a0_0 .net/2s *"_ivl_32", 1 0, L_0x7fb4d9c9f3c0;  1 drivers
v0x556427a33580_0 .net *"_ivl_34", 1 0, L_0x556427a47730;  1 drivers
v0x556427a33660_0 .net *"_ivl_40", 31 0, L_0x556427a47b60;  1 drivers
L_0x7fb4d9c9f408 .functor BUFT 1, C4<00000000000000000000000000>, C4<0>, C4<0>, C4<0>;
v0x556427a33740_0 .net *"_ivl_43", 25 0, L_0x7fb4d9c9f408;  1 drivers
L_0x7fb4d9c9f450 .functor BUFT 1, C4<00000000000000000000000001000000>, C4<0>, C4<0>, C4<0>;
v0x556427a33820_0 .net/2u *"_ivl_44", 31 0, L_0x7fb4d9c9f450;  1 drivers
v0x556427a33900_0 .net *"_ivl_46", 31 0, L_0x556427a47c60;  1 drivers
L_0x7fb4d9c9f498 .functor BUFT 1, C4<00000000000000000000000000>, C4<0>, C4<0>, C4<0>;
v0x556427a339e0_0 .net *"_ivl_49", 25 0, L_0x7fb4d9c9f498;  1 drivers
L_0x7fb4d9c9f018 .functor BUFT 1, C4<00000000000000000000000000>, C4<0>, C4<0>, C4<0>;
v0x556427a33ac0_0 .net *"_ivl_5", 25 0, L_0x7fb4d9c9f018;  1 drivers
v0x556427a33ba0_0 .net *"_ivl_50", 31 0, L_0x556427a47da0;  1 drivers
v0x556427a33c80_0 .net *"_ivl_52", 0 0, L_0x556427a47fc0;  1 drivers
L_0x7fb4d9c9f4e0 .functor BUFT 1, C4<01>, C4<0>, C4<0>, C4<0>;
v0x556427a33d40_0 .net/2s *"_ivl_54", 1 0, L_0x7fb4d9c9f4e0;  1 drivers
L_0x7fb4d9c9f528 .functor BUFT 1, C4<00>, C4<0>, C4<0>, C4<0>;
v0x556427a33e20_0 .net/2s *"_ivl_56", 1 0, L_0x7fb4d9c9f528;  1 drivers
v0x556427a33f00_0 .net *"_ivl_58", 1 0, L_0x556427a48100;  1 drivers
L_0x7fb4d9c9f060 .functor BUFT 1, C4<00000000000000000000000000100000>, C4<0>, C4<0>, C4<0>;
v0x556427a33fe0_0 .net/2u *"_ivl_6", 31 0, L_0x7fb4d9c9f060;  1 drivers
v0x556427a340c0_0 .net "a2sx_ack_i", 0 0, v0x556427a351c0_0;  1 drivers
v0x556427a34180_0 .net "chx_data_i", 31 0, v0x556427a352b0_0;  1 drivers
v0x556427a34240_0 .net "chx_ready_o", 0 0, L_0x556427a45d00;  alias, 1 drivers
v0x556427a342e0_0 .net "chx_valid_i", 0 0, v0x556427a35420_0;  1 drivers
v0x556427a343a0_0 .net "clk_i", 0 0, v0x556427a354f0_0;  1 drivers
v0x556427a34440_0 .var/i "i", 31 0;
v0x556427a34500_0 .net "margin_o", 5 0, L_0x556427a46d00;  alias, 1 drivers
v0x556427a345f0_0 .net "pkglen", 5 0, L_0x556427a46370;  1 drivers
v0x556427a346b0_0 .net "rd_en", 0 0, L_0x556427a47a00;  1 drivers
v0x556427a34990_0 .net "rst_n", 0 0, L_0x556427a130b0;  1 drivers
v0x556427a34a60_0 .net "rstn_i", 0 0, v0x556427a35720_0;  1 drivers
v0x556427a34b00_0 .net "slvx_data_o", 31 0, v0x556427a32080_0;  alias, 1 drivers
v0x556427a34bd0_0 .net "slvx_en_i", 0 0, v0x556427a358b0_0;  1 drivers
v0x556427a34c70_0 .net "slvx_pkglen_i", 2 0, v0x556427a35950_0;  1 drivers
v0x556427a34d50_0 .net "slvx_req_o", 0 0, L_0x556427a48310;  alias, 1 drivers
v0x556427a34e10_0 .var "slvx_val_o", 0 0;
v0x556427a34ed0_0 .net "val_i", 0 0, L_0x556427a47910;  1 drivers
v0x556427a34f90_0 .net "wr_en", 0 0, L_0x556427a128a0;  1 drivers
L_0x556427a35c00 .concat [ 6 26 0 0], L_0x556427a46d00, L_0x7fb4d9c9f018;
L_0x556427a45d00 .cmp/ge 32, L_0x556427a35c00, L_0x7fb4d9c9f060;
L_0x556427a45f30 .concat [ 3 29 0 0], v0x556427a35950_0, L_0x7fb4d9c9f0f0;
L_0x556427a460c0 .arith/sum 32, L_0x556427a45f30, L_0x7fb4d9c9f138;
L_0x556427a46230 .arith/pow 32, L_0x7fb4d9c9f0a8, L_0x556427a460c0;
L_0x556427a46370 .part L_0x556427a46230, 0, 6;
L_0x556427a47640 .cmp/eq 32, v0x556427a34440_0, L_0x7fb4d9c9f330;
L_0x556427a47730 .functor MUXZ 2, L_0x7fb4d9c9f3c0, L_0x7fb4d9c9f378, L_0x556427a47640, C4<>;
L_0x556427a47910 .part L_0x556427a47730, 0, 1;
L_0x556427a47b60 .concat [ 6 26 0 0], L_0x556427a46d00, L_0x7fb4d9c9f408;
L_0x556427a47c60 .concat [ 6 26 0 0], L_0x556427a46370, L_0x7fb4d9c9f498;
L_0x556427a47da0 .arith/sub 32, L_0x7fb4d9c9f450, L_0x556427a47c60;
L_0x556427a47fc0 .cmp/ge 32, L_0x556427a47da0, L_0x556427a47b60;
L_0x556427a48100 .functor MUXZ 2, L_0x7fb4d9c9f528, L_0x7fb4d9c9f4e0, L_0x556427a47fc0, C4<>;
L_0x556427a48310 .part L_0x556427a48100, 0, 1;
S_0x5564279fdc10 .scope module, "FIFO1" "SCFIFO" 3 37, 4 4 0, S_0x556427a05940;
 .timescale -9 -10;
    .port_info 0 /INPUT 1 "clk";
    .port_info 1 /INPUT 1 "rst_n";
    .port_info 2 /INPUT 32 "data_in";
    .port_info 3 /INPUT 1 "rd_en";
    .port_info 4 /INPUT 1 "wr_en";
    .port_info 5 /OUTPUT 32 "data_out";
    .port_info 6 /OUTPUT 1 "empty";
    .port_info 7 /OUTPUT 1 "full";
    .port_info 8 /OUTPUT 6 "FIFO_margin_o";
P_0x556427a11070 .param/l "DATA_DEPTH" 0 4 7, C4<00000000000000000000000001000000>;
P_0x556427a110b0 .param/l "DATA_WIDTH" 0 4 6, C4<00000000000000000000000000100000>;
L_0x5564279f5280 .functor BUFZ 7, v0x556427a32860_0, C4<0000000>, C4<0000000>, C4<0000000>;
L_0x556427a102c0 .functor BUFZ 7, v0x556427a32460_0, C4<0000000>, C4<0000000>, C4<0000000>;
L_0x5564279f17d0 .functor NOT 1, L_0x556427a46fb0, C4<0>, C4<0>, C4<0>;
L_0x556427a00800 .functor XOR 1, L_0x556427a464a0, L_0x556427a46630, C4<0>, C4<0>;
L_0x556427a47330 .functor AND 1, L_0x556427a00800, L_0x556427a471f0, C4<1>, C4<1>;
v0x556427a131d0_0 .net "FIFO_margin_o", 5 0, L_0x556427a46d00;  alias, 1 drivers
v0x556427a0fd90_0 .net *"_ivl_10", 0 0, L_0x5564279f17d0;  1 drivers
L_0x7fb4d9c9f180 .functor BUFT 1, C4<1000000>, C4<0>, C4<0>, C4<0>;
v0x556427a0fe60_0 .net/2u *"_ivl_12", 6 0, L_0x7fb4d9c9f180;  1 drivers
v0x556427a103e0_0 .net *"_ivl_14", 6 0, L_0x556427a46880;  1 drivers
v0x556427a104b0_0 .net *"_ivl_16", 6 0, L_0x556427a469f0;  1 drivers
L_0x7fb4d9c9f1c8 .functor BUFT 1, C4<0111111>, C4<0>, C4<0>, C4<0>;
v0x5564279f1930_0 .net/2u *"_ivl_18", 6 0, L_0x7fb4d9c9f1c8;  1 drivers
v0x5564279f19d0_0 .net *"_ivl_20", 6 0, L_0x556427a46b70;  1 drivers
v0x556427a316a0_0 .net *"_ivl_24", 0 0, L_0x556427a46e80;  1 drivers
L_0x7fb4d9c9f210 .functor BUFT 1, C4<1>, C4<0>, C4<0>, C4<0>;
v0x556427a31760_0 .net/2u *"_ivl_26", 0 0, L_0x7fb4d9c9f210;  1 drivers
L_0x7fb4d9c9f258 .functor BUFT 1, C4<0>, C4<0>, C4<0>, C4<0>;
v0x556427a31840_0 .net/2u *"_ivl_28", 0 0, L_0x7fb4d9c9f258;  1 drivers
v0x556427a31920_0 .net *"_ivl_32", 0 0, L_0x556427a00800;  1 drivers
v0x556427a319e0_0 .net *"_ivl_34", 0 0, L_0x556427a471f0;  1 drivers
v0x556427a31aa0_0 .net *"_ivl_37", 0 0, L_0x556427a47330;  1 drivers
L_0x7fb4d9c9f2a0 .functor BUFT 1, C4<1>, C4<0>, C4<0>, C4<0>;
v0x556427a31b60_0 .net/2u *"_ivl_38", 0 0, L_0x7fb4d9c9f2a0;  1 drivers
v0x556427a31c40_0 .net *"_ivl_4", 6 0, L_0x5564279f5280;  1 drivers
L_0x7fb4d9c9f2e8 .functor BUFT 1, C4<0>, C4<0>, C4<0>, C4<0>;
v0x556427a31d20_0 .net/2u *"_ivl_40", 0 0, L_0x7fb4d9c9f2e8;  1 drivers
v0x556427a31e00_0 .net *"_ivl_9", 6 0, L_0x556427a102c0;  1 drivers
v0x556427a31ee0_0 .net "clk", 0 0, v0x556427a354f0_0;  alias, 1 drivers
v0x556427a31fa0_0 .net "data_in", 31 0, v0x556427a352b0_0;  alias, 1 drivers
v0x556427a32080_0 .var "data_out", 31 0;
v0x556427a32160_0 .net "empty", 0 0, L_0x556427a46fb0;  1 drivers
v0x556427a32220 .array "fifo_buffer", 0 63, 31 0;
v0x556427a322e0_0 .net "full", 0 0, L_0x556427a47440;  1 drivers
v0x556427a323a0_0 .net "rd_en", 0 0, L_0x556427a47a00;  alias, 1 drivers
v0x556427a32460_0 .var "rd_ptr", 6 0;
v0x556427a32540_0 .net "rd_ptr_msb", 0 0, L_0x556427a46630;  1 drivers
v0x556427a32600_0 .net "rd_ptr_true", 5 0, L_0x556427a466d0;  1 drivers
v0x556427a326e0_0 .net "rst_n", 0 0, L_0x556427a130b0;  alias, 1 drivers
v0x556427a327a0_0 .net "wr_en", 0 0, L_0x556427a128a0;  alias, 1 drivers
v0x556427a32860_0 .var "wr_ptr", 6 0;
v0x556427a32940_0 .net "wr_ptr_msb", 0 0, L_0x556427a464a0;  1 drivers
v0x556427a32a00_0 .net "wr_ptr_true", 5 0, L_0x556427a46540;  1 drivers
E_0x5564279f95d0/0 .event negedge, v0x556427a326e0_0;
E_0x5564279f95d0/1 .event posedge, v0x556427a31ee0_0;
E_0x5564279f95d0 .event/or E_0x5564279f95d0/0, E_0x5564279f95d0/1;
L_0x556427a464a0 .part L_0x5564279f5280, 6, 1;
L_0x556427a46540 .part L_0x5564279f5280, 0, 6;
L_0x556427a46630 .part L_0x556427a102c0, 6, 1;
L_0x556427a466d0 .part L_0x556427a102c0, 0, 6;
L_0x556427a46880 .arith/sub 7, v0x556427a32860_0, v0x556427a32460_0;
L_0x556427a469f0 .arith/sub 7, L_0x7fb4d9c9f180, L_0x556427a46880;
L_0x556427a46b70 .functor MUXZ 7, L_0x7fb4d9c9f1c8, L_0x556427a469f0, L_0x5564279f17d0, C4<>;
L_0x556427a46d00 .part L_0x556427a46b70, 0, 6;
L_0x556427a46e80 .cmp/eq 7, v0x556427a32860_0, v0x556427a32460_0;
L_0x556427a46fb0 .functor MUXZ 1, L_0x7fb4d9c9f258, L_0x7fb4d9c9f210, L_0x556427a46e80, C4<>;
L_0x556427a471f0 .cmp/eq 6, L_0x556427a46540, L_0x556427a466d0;
L_0x556427a47440 .functor MUXZ 1, L_0x7fb4d9c9f2e8, L_0x7fb4d9c9f2a0, L_0x556427a47330, C4<>;
    .scope S_0x5564279fdc10;
T_0 ;
    %wait E_0x5564279f95d0;
    %load/vec4 v0x556427a326e0_0;
    %cmpi/e 0, 0, 1;
    %jmp/0xz  T_0.0, 4;
    %pushi/vec4 0, 0, 7;
    %assign/vec4 v0x556427a32460_0, 0;
    %jmp T_0.1;
T_0.0 ;
    %load/vec4 v0x556427a323a0_0;
    %load/vec4 v0x556427a32160_0;
    %nor/r;
    %and;
    %flag_set/vec4 8;
    %jmp/0xz  T_0.2, 8;
    %load/vec4 v0x556427a32600_0;
    %pad/u 8;
    %ix/vec4 4;
    %load/vec4a v0x556427a32220, 4;
    %assign/vec4 v0x556427a32080_0, 0;
    %load/vec4 v0x556427a32460_0;
    %addi 1, 0, 7;
    %assign/vec4 v0x556427a32460_0, 0;
T_0.2 ;
T_0.1 ;
    %jmp T_0;
    .thread T_0;
    .scope S_0x5564279fdc10;
T_1 ;
    %wait E_0x5564279f95d0;
    %load/vec4 v0x556427a326e0_0;
    %nor/r;
    %flag_set/vec4 8;
    %jmp/0xz  T_1.0, 8;
    %pushi/vec4 0, 0, 7;
    %assign/vec4 v0x556427a32860_0, 0;
    %jmp T_1.1;
T_1.0 ;
    %load/vec4 v0x556427a322e0_0;
    %nor/r;
    %load/vec4 v0x556427a327a0_0;
    %and;
    %flag_set/vec4 8;
    %jmp/0xz  T_1.2, 8;
    %load/vec4 v0x556427a32860_0;
    %addi 1, 0, 7;
    %assign/vec4 v0x556427a32860_0, 0;
    %load/vec4 v0x556427a31fa0_0;
    %load/vec4 v0x556427a32a00_0;
    %pad/u 8;
    %ix/vec4 3;
    %ix/load 4, 0, 0; Constant delay
    %assign/vec4/a/d v0x556427a32220, 0, 4;
T_1.2 ;
T_1.1 ;
    %jmp T_1;
    .thread T_1;
    .scope S_0x556427a05940;
T_2 ;
    %wait E_0x5564279f95d0;
    %load/vec4 v0x556427a34990_0;
    %inv;
    %flag_set/vec4 8;
    %jmp/0xz  T_2.0, 8;
    %pushi/vec4 0, 0, 32;
    %assign/vec4 v0x556427a34440_0, 0;
    %jmp T_2.1;
T_2.0 ;
    %load/vec4 v0x556427a340c0_0;
    %pad/u 32;
    %cmpi/e 1, 0, 32;
    %jmp/0xz  T_2.2, 4;
    %pushi/vec4 1, 0, 32;
    %assign/vec4 v0x556427a34440_0, 0;
    %jmp T_2.3;
T_2.2 ;
    %pushi/vec4 0, 0, 32;
    %load/vec4 v0x556427a34440_0;
    %cmp/s;
    %flag_get/vec4 5;
    %load/vec4 v0x556427a34440_0;
    %load/vec4 v0x556427a345f0_0;
    %pad/u 32;
    %subi 1, 0, 32;
    %cmp/u;
    %flag_get/vec4 5;
    %and;
    %flag_set/vec4 8;
    %jmp/0xz  T_2.4, 8;
    %load/vec4 v0x556427a34440_0;
    %addi 1, 0, 32;
    %assign/vec4 v0x556427a34440_0, 0;
    %jmp T_2.5;
T_2.4 ;
    %pushi/vec4 0, 0, 32;
    %assign/vec4 v0x556427a34440_0, 0;
T_2.5 ;
T_2.3 ;
T_2.1 ;
    %jmp T_2;
    .thread T_2;
    .scope S_0x556427a05940;
T_3 ;
    %wait E_0x5564279f95d0;
    %load/vec4 v0x556427a34990_0;
    %inv;
    %flag_set/vec4 8;
    %jmp/0xz  T_3.0, 8;
    %pushi/vec4 0, 0, 1;
    %assign/vec4 v0x556427a34e10_0, 0;
    %jmp T_3.1;
T_3.0 ;
    %load/vec4 v0x556427a346b0_0;
    %assign/vec4 v0x556427a34e10_0, 0;
T_3.1 ;
    %jmp T_3;
    .thread T_3;
    .scope S_0x556427a057b0;
T_4 ;
    %pushi/vec4 0, 0, 1;
    %assign/vec4 v0x556427a354f0_0, 0;
    %pushi/vec4 0, 0, 1;
    %assign/vec4 v0x556427a35720_0, 0;
    %pushi/vec4 1, 0, 1;
    %assign/vec4 v0x556427a35420_0, 0;
    %pushi/vec4 0, 0, 1;
    %assign/vec4 v0x556427a351c0_0, 0;
    %pushi/vec4 1, 0, 1;
    %assign/vec4 v0x556427a358b0_0, 0;
    %vpi_func 2 40 "$random" 32 {0 0 0};
    %assign/vec4 v0x556427a352b0_0, 0;
    %pushi/vec4 0, 0, 3;
    %assign/vec4 v0x556427a35950_0, 0;
    %vpi_call 2 42 "$dumpfile", "slave_FIFO.vcd" {0 0 0};
    %vpi_call 2 43 "$dumpvars" {0 0 0};
    %delay 250, 0;
    %pushi/vec4 1, 0, 1;
    %assign/vec4 v0x556427a35720_0, 0;
    %pushi/vec4 2, 0, 32;
T_4.0 %dup/vec4;
    %pushi/vec4 0, 0, 32;
    %cmp/s;
    %jmp/1xz T_4.1, 5;
    %jmp/1 T_4.1, 4;
    %pushi/vec4 1, 0, 32;
    %sub;
    %wait E_0x5564279f9ce0;
    %pushi/vec4 1, 0, 1;
    %assign/vec4 v0x556427a35420_0, 0;
    %vpi_func 2 48 "$random" 32 {0 0 0};
    %assign/vec4 v0x556427a352b0_0, 0;
    %jmp T_4.0;
T_4.1 ;
    %pop/vec4 1;
    %wait E_0x5564279f9ce0;
    %pushi/vec4 0, 0, 1;
    %assign/vec4 v0x556427a35420_0, 0;
    %vpi_func 2 53 "$random" 32 {0 0 0};
    %assign/vec4 v0x556427a352b0_0, 0;
    %pushi/vec4 5, 0, 32;
T_4.2 %dup/vec4;
    %pushi/vec4 0, 0, 32;
    %cmp/s;
    %jmp/1xz T_4.3, 5;
    %jmp/1 T_4.3, 4;
    %pushi/vec4 1, 0, 32;
    %sub;
    %wait E_0x5564279f9ce0;
    %pushi/vec4 1, 0, 1;
    %assign/vec4 v0x556427a35420_0, 0;
    %vpi_func 2 58 "$random" 32 {0 0 0};
    %assign/vec4 v0x556427a352b0_0, 0;
    %jmp T_4.2;
T_4.3 ;
    %pop/vec4 1;
    %wait E_0x5564279f9ce0;
    %pushi/vec4 1, 0, 1;
    %assign/vec4 v0x556427a351c0_0, 0;
    %wait E_0x5564279f9ce0;
    %pushi/vec4 0, 0, 1;
    %assign/vec4 v0x556427a351c0_0, 0;
    %pushi/vec4 0, 0, 1;
    %assign/vec4 v0x556427a35420_0, 0;
    %delay 1000, 0;
    %wait E_0x5564279f9ce0;
    %pushi/vec4 1, 0, 1;
    %assign/vec4 v0x556427a351c0_0, 0;
    %wait E_0x5564279f9ce0;
    %pushi/vec4 0, 0, 1;
    %assign/vec4 v0x556427a351c0_0, 0;
    %delay 2000, 0;
    %pushi/vec4 40, 0, 32;
T_4.4 %dup/vec4;
    %pushi/vec4 0, 0, 32;
    %cmp/s;
    %jmp/1xz T_4.5, 5;
    %jmp/1 T_4.5, 4;
    %pushi/vec4 1, 0, 32;
    %sub;
    %wait E_0x5564279f9ce0;
    %pushi/vec4 1, 0, 1;
    %assign/vec4 v0x556427a35420_0, 0;
    %vpi_func 2 74 "$random" 32 {0 0 0};
    %assign/vec4 v0x556427a352b0_0, 0;
    %jmp T_4.4;
T_4.5 ;
    %pop/vec4 1;
    %delay 20000, 0;
    %vpi_call 2 77 "$finish" {0 0 0};
    %end;
    .thread T_4;
    .scope S_0x556427a057b0;
T_5 ;
    %delay 100, 0;
    %load/vec4 v0x556427a354f0_0;
    %inv;
    %assign/vec4 v0x556427a354f0_0, 0;
    %jmp T_5;
    .thread T_5;
# The file index is used to find the file name in the following table.
:file_names 5;
    "N/A";
    "<interactive>";
    "slave_FIFO_tb.v";
    "./slave_FIFO.v";
    "./SCFIFO.v";
