#! /c/Source/iverilog-install/bin/vvp
:ivl_version "12.0 (devel)" "(s20150603-1539-g2693dd32b)";
:ivl_delay_selection "TYPICAL";
:vpi_time_precision - 10;
:vpi_module "E:\IVERILOG\iverilog\lib\ivl\system.vpi";
:vpi_module "E:\IVERILOG\iverilog\lib\ivl\vhdl_sys.vpi";
:vpi_module "E:\IVERILOG\iverilog\lib\ivl\vhdl_textio.vpi";
:vpi_module "E:\IVERILOG\iverilog\lib\ivl\v2005_math.vpi";
:vpi_module "E:\IVERILOG\iverilog\lib\ivl\va_math.vpi";
S_0000020b24272d40 .scope module, "memory" "memory" 2 2;
 .timescale -9 -10;
    .port_info 0 /INPUT 1 "clk";
    .port_info 1 /INPUT 8 "data_A";
    .port_info 2 /INPUT 5 "addr_A";
    .port_info 3 /OUTPUT 8 "data_B";
    .port_info 4 /INPUT 5 "addr_B";
    .port_info 5 /INPUT 1 "rd";
    .port_info 6 /INPUT 1 "wr";
P_0000020b24273480 .param/l "L" 0 2 4, +C4<00000000000000000000000000000101>;
P_0000020b242734b8 .param/l "W" 0 2 3, +C4<00000000000000000000000000001000>;
L_0000020b2425c5c0 .functor BUFZ 8, L_0000020b2425c480, C4<00000000>, C4<00000000>, C4<00000000>;
v0000020b24273680_0 .net *"_ivl_0", 7 0, L_0000020b2425c480;  1 drivers
v0000020b24259e50_0 .net *"_ivl_2", 6 0, L_0000020b2425c520;  1 drivers
L_0000020b242e7c18 .functor BUFT 1, C4<00>, C4<0>, C4<0>, C4<0>;
v0000020b24272ed0_0 .net *"_ivl_5", 1 0, L_0000020b242e7c18;  1 drivers
o0000020b242a7048 .functor BUFZ 5, C4<zzzzz>; HiZ drive
v0000020b24272f70_0 .net "addr_A", 4 0, o0000020b242a7048;  0 drivers
o0000020b242a7078 .functor BUFZ 5, C4<zzzzz>; HiZ drive
v0000020b24273010_0 .net "addr_B", 4 0, o0000020b242a7078;  0 drivers
v0000020b242730b0_0 .var "addr_rd", 4 0;
o0000020b242a70d8 .functor BUFZ 1, C4<z>; HiZ drive
v0000020b2425c0c0_0 .net "clk", 0 0, o0000020b242a70d8;  0 drivers
o0000020b242a7108 .functor BUFZ 8, C4<zzzzzzzz>; HiZ drive
v0000020b2425c160_0 .net "data_A", 7 0, o0000020b242a7108;  0 drivers
v0000020b2425c200_0 .net "data_B", 7 0, L_0000020b2425c5c0;  1 drivers
v0000020b2425c2a0 .array "mem", 0 31, 7 0;
o0000020b242a7168 .functor BUFZ 1, C4<z>; HiZ drive
v0000020b2425c340_0 .net "rd", 0 0, o0000020b242a7168;  0 drivers
o0000020b242a7198 .functor BUFZ 1, C4<z>; HiZ drive
v0000020b2425c3e0_0 .net "wr", 0 0, o0000020b242a7198;  0 drivers
E_0000020b242a6010 .event posedge, v0000020b2425c0c0_0;
L_0000020b2425c480 .array/port v0000020b2425c2a0, L_0000020b2425c520;
L_0000020b2425c520 .concat [ 5 2 0 0], v0000020b242730b0_0, L_0000020b242e7c18;
    .scope S_0000020b24272d40;
T_0 ;
    %wait E_0000020b242a6010;
    %load/vec4 v0000020b2425c340_0;
    %nor/r;
    %flag_set/vec4 8;
    %jmp/0xz  T_0.0, 8;
    %load/vec4 v0000020b24273010_0;
    %assign/vec4 v0000020b242730b0_0, 0;
T_0.0 ;
    %jmp T_0;
    .thread T_0;
    .scope S_0000020b24272d40;
T_1 ;
    %wait E_0000020b242a6010;
    %load/vec4 v0000020b2425c3e0_0;
    %nor/r;
    %flag_set/vec4 8;
    %jmp/0xz  T_1.0, 8;
    %load/vec4 v0000020b2425c160_0;
    %load/vec4 v0000020b24272f70_0;
    %pad/u 7;
    %ix/vec4 3;
    %ix/load 4, 0, 0; Constant delay
    %assign/vec4/a/d v0000020b2425c2a0, 0, 4;
T_1.0 ;
    %jmp T_1;
    .thread T_1;
# The file index is used to find the file name in the following table.
:file_names 3;
    "N/A";
    "<interactive>";
    "memory.v";
