#! /c/Source/iverilog-install/bin/vvp
:ivl_version "12.0 (devel)" "(s20150603-1539-g2693dd32b)";
:ivl_delay_selection "TYPICAL";
:vpi_time_precision - 10;
:vpi_module "E:\IVERILOG\iverilog\lib\ivl\system.vpi";
:vpi_module "E:\IVERILOG\iverilog\lib\ivl\vhdl_sys.vpi";
:vpi_module "E:\IVERILOG\iverilog\lib\ivl\vhdl_textio.vpi";
:vpi_module "E:\IVERILOG\iverilog\lib\ivl\v2005_math.vpi";
:vpi_module "E:\IVERILOG\iverilog\lib\ivl\va_math.vpi";
S_000001ac4e4f4500 .scope module, "SCFIFO_tb" "SCFIFO_tb" 2 3;
 .timescale -9 -10;
v000001ac4e55faf0_0 .var "clk", 0 0;
v000001ac4e55fb90_0 .var "data_in", 3 0;
v000001ac4e55fc30_0 .net "data_out", 3 0, L_000001ac4e561920;  1 drivers
v000001ac4e55feb0_0 .net "empty", 0 0, L_000001ac4e561380;  1 drivers
v000001ac4e55ff50_0 .net "full", 0 0, L_000001ac4e560340;  1 drivers
v000001ac4e560200_0 .var "rd", 0 0;
v000001ac4e5619c0_0 .var "reset_n", 0 0;
v000001ac4e560480_0 .var "wr", 0 0;
E_000001ac4e4ec770 .event negedge, v000001ac4e4ec190_0;
S_000001ac4e4f4690 .scope module, "FIFO1" "SCFIFO" 2 14, 3 3 0, S_000001ac4e4f4500;
 .timescale -9 -10;
    .port_info 0 /INPUT 1 "clk";
    .port_info 1 /INPUT 1 "reset_n";
    .port_info 2 /INPUT 4 "data_in";
    .port_info 3 /INPUT 1 "rd";
    .port_info 4 /INPUT 1 "wr";
    .port_info 5 /OUTPUT 4 "data_out";
    .port_info 6 /OUTPUT 1 "full";
    .port_info 7 /OUTPUT 1 "empty";
P_000001ac4e4c3500 .param/l "L" 0 3 6, +C4<00000000000000000000000000000100>;
P_000001ac4e4c3538 .param/l "W" 0 3 5, +C4<00000000000000000000000000000100>;
L_000001ac4e502ac0 .functor XNOR 1, L_000001ac4e560840, L_000001ac4e560ca0, C4<0>, C4<0>;
L_000001ac4e502970 .functor AND 1, L_000001ac4e502ac0, L_000001ac4e561f60, C4<1>, C4<1>;
L_000001ac4e502cf0 .functor XOR 1, L_000001ac4e560840, L_000001ac4e560ca0, C4<0>, C4<0>;
L_000001ac4e503460 .functor AND 1, L_000001ac4e502cf0, L_000001ac4e561a60, C4<1>, C4<1>;
v000001ac4e55e150_0 .net "NULL_port", 3 0, L_000001ac4e5612e0;  1 drivers
L_000001ac4e562570 .functor BUFT 1, C4<0000>, C4<0>, C4<0>, C4<0>;
v000001ac4e55e6f0_0 .net/2u *"_ivl_10", 3 0, L_000001ac4e562570;  1 drivers
L_000001ac4e5625b8 .functor BUFT 1, C4<0>, C4<0>, C4<0>, C4<0>;
v000001ac4e55ebf0_0 .net/2u *"_ivl_14", 0 0, L_000001ac4e5625b8;  1 drivers
L_000001ac4e562600 .functor BUFT 1, C4<0>, C4<0>, C4<0>, C4<0>;
v000001ac4e55f7d0_0 .net/2u *"_ivl_21", 0 0, L_000001ac4e562600;  1 drivers
v000001ac4e55fcd0_0 .net *"_ivl_25", 0 0, L_000001ac4e502ac0;  1 drivers
v000001ac4e55f190_0 .net *"_ivl_27", 31 0, L_000001ac4e5602a0;  1 drivers
L_000001ac4e562648 .functor BUFT 1, C4<0000000000000000000000000000>, C4<0>, C4<0>, C4<0>;
v000001ac4e55f550_0 .net *"_ivl_30", 27 0, L_000001ac4e562648;  1 drivers
L_000001ac4e562690 .functor BUFT 1, C4<00000000000000000000000000000100>, C4<0>, C4<0>, C4<0>;
v000001ac4e55ea10_0 .net/2u *"_ivl_31", 31 0, L_000001ac4e562690;  1 drivers
v000001ac4e55eb50_0 .net *"_ivl_33", 31 0, L_000001ac4e560c00;  1 drivers
v000001ac4e55e790_0 .net *"_ivl_35", 31 0, L_000001ac4e560d40;  1 drivers
L_000001ac4e5626d8 .functor BUFT 1, C4<0000000000000000000000000000>, C4<0>, C4<0>, C4<0>;
v000001ac4e55e650_0 .net *"_ivl_38", 27 0, L_000001ac4e5626d8;  1 drivers
v000001ac4e55fff0_0 .net *"_ivl_39", 0 0, L_000001ac4e561f60;  1 drivers
v000001ac4e55f230_0 .net *"_ivl_4", 4 0, v000001ac4e55e470_0;  1 drivers
v000001ac4e55edd0_0 .net *"_ivl_42", 0 0, L_000001ac4e502970;  1 drivers
L_000001ac4e562720 .functor BUFT 1, C4<1>, C4<0>, C4<0>, C4<0>;
v000001ac4e55f0f0_0 .net/2u *"_ivl_43", 0 0, L_000001ac4e562720;  1 drivers
L_000001ac4e562768 .functor BUFT 1, C4<0>, C4<0>, C4<0>, C4<0>;
v000001ac4e55f2d0_0 .net/2u *"_ivl_45", 0 0, L_000001ac4e562768;  1 drivers
v000001ac4e55ee70_0 .net *"_ivl_49", 0 0, L_000001ac4e502cf0;  1 drivers
v000001ac4e55e830_0 .net *"_ivl_51", 31 0, L_000001ac4e560980;  1 drivers
L_000001ac4e5627b0 .functor BUFT 1, C4<0000000000000000000000000000>, C4<0>, C4<0>, C4<0>;
v000001ac4e55ef10_0 .net *"_ivl_54", 27 0, L_000001ac4e5627b0;  1 drivers
L_000001ac4e5627f8 .functor BUFT 1, C4<00000000000000000000000000001011>, C4<0>, C4<0>, C4<0>;
v000001ac4e55e1f0_0 .net/2u *"_ivl_55", 31 0, L_000001ac4e5627f8;  1 drivers
v000001ac4e55ec90_0 .net *"_ivl_57", 31 0, L_000001ac4e561100;  1 drivers
v000001ac4e55f370_0 .net *"_ivl_59", 31 0, L_000001ac4e561420;  1 drivers
L_000001ac4e562840 .functor BUFT 1, C4<0000000000000000000000000000>, C4<0>, C4<0>, C4<0>;
v000001ac4e55e8d0_0 .net *"_ivl_62", 27 0, L_000001ac4e562840;  1 drivers
v000001ac4e55efb0_0 .net *"_ivl_63", 0 0, L_000001ac4e561a60;  1 drivers
v000001ac4e55f730_0 .net *"_ivl_66", 0 0, L_000001ac4e503460;  1 drivers
L_000001ac4e562888 .functor BUFT 1, C4<1>, C4<0>, C4<0>, C4<0>;
v000001ac4e55e290_0 .net/2u *"_ivl_67", 0 0, L_000001ac4e562888;  1 drivers
L_000001ac4e5628d0 .functor BUFT 1, C4<0>, C4<0>, C4<0>, C4<0>;
v000001ac4e55f410_0 .net/2u *"_ivl_69", 0 0, L_000001ac4e5628d0;  1 drivers
v000001ac4e55e970_0 .net *"_ivl_9", 4 0, v000001ac4e55f9b0_0;  1 drivers
v000001ac4e55ed30_0 .net "clk", 0 0, v000001ac4e55faf0_0;  1 drivers
v000001ac4e55eab0_0 .net "data_in", 3 0, v000001ac4e55fb90_0;  1 drivers
v000001ac4e55f5f0_0 .net "data_out", 3 0, L_000001ac4e561920;  alias, 1 drivers
v000001ac4e55f4b0_0 .net "empty", 0 0, L_000001ac4e561380;  alias, 1 drivers
v000001ac4e55f690_0 .net "full", 0 0, L_000001ac4e560340;  alias, 1 drivers
v000001ac4e55e3d0_0 .net "rd", 0 0, v000001ac4e560200_0;  1 drivers
v000001ac4e55e470_0 .var "rd_addr", 4 0;
v000001ac4e55e510_0 .net "rd_addr_msb", 0 0, L_000001ac4e560840;  1 drivers
v000001ac4e55e5b0_0 .net "rd_addr_true", 3 0, L_000001ac4e560160;  1 drivers
v000001ac4e55f870_0 .net "reset_n", 0 0, v000001ac4e5619c0_0;  1 drivers
v000001ac4e55f910_0 .net "wr", 0 0, v000001ac4e560480_0;  1 drivers
v000001ac4e55f9b0_0 .var "wr_addr", 4 0;
v000001ac4e55fa50_0 .net "wr_addr_msb", 0 0, L_000001ac4e560ca0;  1 drivers
v000001ac4e55fd70_0 .net "wr_addr_true", 3 0, L_000001ac4e561880;  1 drivers
E_000001ac4e4ec7b0/0 .event negedge, v000001ac4e55f870_0;
E_000001ac4e4ec7b0/1 .event posedge, v000001ac4e4ec190_0;
E_000001ac4e4ec7b0 .event/or E_000001ac4e4ec7b0/0, E_000001ac4e4ec7b0/1;
L_000001ac4e560840 .part v000001ac4e55e470_0, 4, 1;
L_000001ac4e560160 .part v000001ac4e55e470_0, 0, 4;
L_000001ac4e560ca0 .part v000001ac4e55f9b0_0, 4, 1;
L_000001ac4e561880 .part v000001ac4e55f9b0_0, 0, 4;
L_000001ac4e561240 .concat [ 4 4 0 0], v000001ac4e55fb90_0, L_000001ac4e562570;
L_000001ac4e5611a0 .concat [ 4 1 0 0], L_000001ac4e561880, L_000001ac4e5625b8;
L_000001ac4e5612e0 .part L_000001ac4e503700, 4, 4;
L_000001ac4e561920 .part L_000001ac4e503700, 0, 4;
L_000001ac4e560b60 .concat [ 4 1 0 0], L_000001ac4e560160, L_000001ac4e562600;
L_000001ac4e5602a0 .concat [ 4 28 0 0], L_000001ac4e560160, L_000001ac4e562648;
L_000001ac4e560c00 .arith/sum 32, L_000001ac4e5602a0, L_000001ac4e562690;
L_000001ac4e560d40 .concat [ 4 28 0 0], L_000001ac4e561880, L_000001ac4e5626d8;
L_000001ac4e561f60 .cmp/gt 32, L_000001ac4e560c00, L_000001ac4e560d40;
L_000001ac4e561380 .functor MUXZ 1, L_000001ac4e562768, L_000001ac4e562720, L_000001ac4e502970, C4<>;
L_000001ac4e560980 .concat [ 4 28 0 0], L_000001ac4e560160, L_000001ac4e5627b0;
L_000001ac4e561100 .arith/sum 32, L_000001ac4e560980, L_000001ac4e5627f8;
L_000001ac4e561420 .concat [ 4 28 0 0], L_000001ac4e561880, L_000001ac4e562840;
L_000001ac4e561a60 .cmp/gt 32, L_000001ac4e561420, L_000001ac4e561100;
L_000001ac4e560340 .functor MUXZ 1, L_000001ac4e5628d0, L_000001ac4e562888, L_000001ac4e503460, C4<>;
S_000001ac4e4ff5d0 .scope module, "memory1" "memory" 3 28, 4 2 0, S_000001ac4e4f4690;
 .timescale -9 -10;
    .port_info 0 /INPUT 1 "clk";
    .port_info 1 /INPUT 8 "data_A";
    .port_info 2 /INPUT 5 "addr_A";
    .port_info 3 /OUTPUT 8 "data_B";
    .port_info 4 /INPUT 5 "addr_B";
    .port_info 5 /INPUT 1 "rd";
    .port_info 6 /INPUT 1 "wr";
P_000001ac4e4c3700 .param/l "L" 0 4 4, +C4<00000000000000000000000000000101>;
P_000001ac4e4c3738 .param/l "W" 0 4 3, +C4<00000000000000000000000000001000>;
L_000001ac4e503700 .functor BUFZ 8, L_000001ac4e5608e0, C4<00000000>, C4<00000000>, C4<00000000>;
v000001ac4e4eb8d0_0 .net *"_ivl_0", 7 0, L_000001ac4e5608e0;  1 drivers
v000001ac4e4ebdd0_0 .net *"_ivl_2", 6 0, L_000001ac4e560ac0;  1 drivers
L_000001ac4e562528 .functor BUFT 1, C4<00>, C4<0>, C4<0>, C4<0>;
v000001ac4e4eb290_0 .net *"_ivl_5", 1 0, L_000001ac4e562528;  1 drivers
v000001ac4e4ebf10_0 .net "addr_A", 4 0, L_000001ac4e5611a0;  1 drivers
v000001ac4e4ec050_0 .net "addr_B", 4 0, L_000001ac4e560b60;  1 drivers
v000001ac4e4ec0f0_0 .var "addr_rd", 4 0;
v000001ac4e4ec190_0 .net "clk", 0 0, v000001ac4e55faf0_0;  alias, 1 drivers
v000001ac4e4eb330_0 .net "data_A", 7 0, L_000001ac4e561240;  1 drivers
v000001ac4e4eb470_0 .net "data_B", 7 0, L_000001ac4e503700;  1 drivers
v000001ac4e55fe10 .array "mem", 0 31, 7 0;
v000001ac4e55f050_0 .net "rd", 0 0, v000001ac4e560200_0;  alias, 1 drivers
v000001ac4e55e330_0 .net "wr", 0 0, v000001ac4e560200_0;  alias, 1 drivers
E_000001ac4e4ec7f0 .event posedge, v000001ac4e4ec190_0;
L_000001ac4e5608e0 .array/port v000001ac4e55fe10, L_000001ac4e560ac0;
L_000001ac4e560ac0 .concat [ 5 2 0 0], v000001ac4e4ec0f0_0, L_000001ac4e562528;
    .scope S_000001ac4e4ff5d0;
T_0 ;
    %wait E_000001ac4e4ec7f0;
    %load/vec4 v000001ac4e55f050_0;
    %nor/r;
    %flag_set/vec4 8;
    %jmp/0xz  T_0.0, 8;
    %load/vec4 v000001ac4e4ec050_0;
    %assign/vec4 v000001ac4e4ec0f0_0, 0;
T_0.0 ;
    %jmp T_0;
    .thread T_0;
    .scope S_000001ac4e4ff5d0;
T_1 ;
    %wait E_000001ac4e4ec7f0;
    %load/vec4 v000001ac4e55e330_0;
    %nor/r;
    %flag_set/vec4 8;
    %jmp/0xz  T_1.0, 8;
    %load/vec4 v000001ac4e4eb330_0;
    %load/vec4 v000001ac4e4ebf10_0;
    %pad/u 7;
    %ix/vec4 3;
    %ix/load 4, 0, 0; Constant delay
    %assign/vec4/a/d v000001ac4e55fe10, 0, 4;
T_1.0 ;
    %jmp T_1;
    .thread T_1;
    .scope S_000001ac4e4f4690;
T_2 ;
    %wait E_000001ac4e4ec7b0;
    %load/vec4 v000001ac4e55f870_0;
    %inv;
    %flag_set/vec4 8;
    %jmp/0xz  T_2.0, 8;
    %pushi/vec4 0, 0, 5;
    %assign/vec4 v000001ac4e55e470_0, 0;
    %jmp T_2.1;
T_2.0 ;
    %load/vec4 v000001ac4e55e3d0_0;
    %inv;
    %flag_set/vec4 8;
    %jmp/0xz  T_2.2, 8;
    %load/vec4 v000001ac4e55e470_0;
    %addi 1, 0, 5;
    %assign/vec4 v000001ac4e55e470_0, 0;
T_2.2 ;
T_2.1 ;
    %jmp T_2;
    .thread T_2;
    .scope S_000001ac4e4f4690;
T_3 ;
    %wait E_000001ac4e4ec7b0;
    %load/vec4 v000001ac4e55f870_0;
    %inv;
    %flag_set/vec4 8;
    %jmp/0xz  T_3.0, 8;
    %pushi/vec4 0, 0, 5;
    %assign/vec4 v000001ac4e55f9b0_0, 0;
    %jmp T_3.1;
T_3.0 ;
    %load/vec4 v000001ac4e55f910_0;
    %inv;
    %flag_set/vec4 8;
    %jmp/0xz  T_3.2, 8;
    %load/vec4 v000001ac4e55f9b0_0;
    %addi 1, 0, 5;
    %assign/vec4 v000001ac4e55f9b0_0, 0;
T_3.2 ;
T_3.1 ;
    %jmp T_3;
    .thread T_3;
    .scope S_000001ac4e4f4500;
T_4 ;
    %vpi_call 2 27 "$dumpfile", "SCFIFO.vcd" {0 0 0};
    %vpi_call 2 28 "$dumpvars" {0 0 0};
    %pushi/vec4 0, 0, 1;
    %assign/vec4 v000001ac4e5619c0_0, 0;
    %pushi/vec4 0, 0, 1;
    %assign/vec4 v000001ac4e55faf0_0, 0;
    %pushi/vec4 0, 0, 4;
    %store/vec4 v000001ac4e55fb90_0, 0, 4;
    %pushi/vec4 0, 0, 1;
    %assign/vec4 v000001ac4e560200_0, 0;
    %pushi/vec4 0, 0, 1;
    %assign/vec4 v000001ac4e560480_0, 0;
    %delay 350, 0;
    %pushi/vec4 1, 0, 1;
    %assign/vec4 v000001ac4e5619c0_0, 0;
    %pushi/vec4 32, 0, 32;
T_4.0 %dup/vec4;
    %pushi/vec4 0, 0, 32;
    %cmp/s;
    %jmp/1xz T_4.1, 5;
    %jmp/1 T_4.1, 4;
    %pushi/vec4 1, 0, 32;
    %sub;
    %wait E_000001ac4e4ec770;
    %pushi/vec4 0, 0, 1;
    %assign/vec4 v000001ac4e560200_0, 0;
    %pushi/vec4 0, 0, 1;
    %assign/vec4 v000001ac4e560480_0, 0;
    %vpi_func 2 40 "$random" 32 {0 0 0};
    %pad/s 4;
    %assign/vec4 v000001ac4e55fb90_0, 0;
    %jmp T_4.0;
T_4.1 ;
    %pop/vec4 1;
    %delay 10000, 0;
    %vpi_call 2 43 "$finish" {0 0 0};
    %end;
    .thread T_4;
    .scope S_000001ac4e4f4500;
T_5 ;
    %pushi/vec4 64, 0, 32;
T_5.0 %dup/vec4;
    %pushi/vec4 0, 0, 32;
    %cmp/s;
    %jmp/1xz T_5.1, 5;
    %jmp/1 T_5.1, 4;
    %pushi/vec4 1, 0, 32;
    %sub;
    %delay 100, 0;
    %load/vec4 v000001ac4e55faf0_0;
    %inv;
    %assign/vec4 v000001ac4e55faf0_0, 0;
    %jmp T_5.0;
T_5.1 ;
    %pop/vec4 1;
    %end;
    .thread T_5;
# The file index is used to find the file name in the following table.
:file_names 5;
    "N/A";
    "<interactive>";
    "SCFIFO_tb.v";
    "./SCFIFO.v";
    "./memory.v";
