#! /usr/bin/vvp
:ivl_version "11.0 (stable)";
:ivl_delay_selection "TYPICAL";
:vpi_time_precision - 10;
:vpi_module "/usr/lib/x86_64-linux-gnu/ivl/system.vpi";
:vpi_module "/usr/lib/x86_64-linux-gnu/ivl/vhdl_sys.vpi";
:vpi_module "/usr/lib/x86_64-linux-gnu/ivl/vhdl_textio.vpi";
:vpi_module "/usr/lib/x86_64-linux-gnu/ivl/v2005_math.vpi";
:vpi_module "/usr/lib/x86_64-linux-gnu/ivl/va_math.vpi";
S_0x560c34c75d90 .scope module, "arbiter_tb" "arbiter_tb" 2 4;
 .timescale -9 -10;
v0x560c34ca9680_0 .net "a2f_data_o", 31 0, v0x560c34ca7660_0;  1 drivers
v0x560c34ca9760_0 .net "a2f_end_o", 0 0, v0x560c34ca7740_0;  1 drivers
v0x560c34ca9800_0 .net "a2f_id_o", 1 0, v0x560c34ca7800_0;  1 drivers
v0x560c34ca98a0_0 .net "a2f_pkglen_sel_o", 2 0, v0x560c34ca78e0_0;  1 drivers
v0x560c34ca9940_0 .net "a2f_val_o", 0 0, v0x560c34ca79c0_0;  1 drivers
v0x560c34ca99e0_0 .net "a2s0_ack_o", 0 0, v0x560c34ca7a80_0;  1 drivers
v0x560c34ca9ab0_0 .net "a2s1_ack_o", 0 0, v0x560c34ca7b40_0;  1 drivers
v0x560c34ca9b80_0 .net "a2s2_ack_o", 0 0, v0x560c34ca7c00_0;  1 drivers
v0x560c34ca9c50_0 .var "clk_i", 0 0;
v0x560c34ca9d20_0 .var "f2a_ack_i", 0 0;
v0x560c34ca9df0_0 .var "f2a_id_req_i", 0 0;
v0x560c34ca9ec0_0 .var "rstn_i", 0 0;
v0x560c34ca9f90_0 .var "slv0_data_i", 31 0;
v0x560c34caa060_0 .var "slv0_end_i", 0 0;
v0x560c34caa130_0 .var "slv0_pkglen_i", 2 0;
v0x560c34caa200_0 .var "slv0_prio_i", 1 0;
v0x560c34caa2d0_0 .var "slv0_req_i", 0 0;
v0x560c34caa3a0_0 .var "slv0_val_i", 0 0;
v0x560c34caa470_0 .var "slv1_data_i", 31 0;
v0x560c34caa540_0 .var "slv1_end_i", 0 0;
v0x560c34caa610_0 .var "slv1_pkglen_i", 2 0;
v0x560c34caa6e0_0 .var "slv1_prio_i", 1 0;
v0x560c34caa7b0_0 .var "slv1_req_i", 0 0;
v0x560c34caa880_0 .var "slv1_val_i", 0 0;
v0x560c34caa950_0 .var "slv2_data_i", 31 0;
v0x560c34caaa20_0 .var "slv2_end_i", 0 0;
v0x560c34caaaf0_0 .var "slv2_pkglen_i", 2 0;
v0x560c34caabc0_0 .var "slv2_prio_i", 1 0;
v0x560c34caac90_0 .var "slv2_req_i", 0 0;
v0x560c34caad60_0 .var "slv2_val_i", 0 0;
E_0x560c34c68240 .event posedge, v0x560c34ca8040_0;
S_0x560c34c75f20 .scope module, "ar1" "arbiter" 2 43, 3 4 0, S_0x560c34c75d90;
 .timescale -9 -10;
    .port_info 0 /INPUT 1 "clk_i";
    .port_info 1 /INPUT 1 "rstn_i";
    .port_info 2 /INPUT 2 "slv0_prio_i";
    .port_info 3 /INPUT 2 "slv1_prio_i";
    .port_info 4 /INPUT 2 "slv2_prio_i";
    .port_info 5 /INPUT 3 "slv0_pkglen_i";
    .port_info 6 /INPUT 3 "slv1_pkglen_i";
    .port_info 7 /INPUT 3 "slv2_pkglen_i";
    .port_info 8 /INPUT 32 "slv0_data_i";
    .port_info 9 /INPUT 32 "slv1_data_i";
    .port_info 10 /INPUT 32 "slv2_data_i";
    .port_info 11 /INPUT 1 "slv0_req_i";
    .port_info 12 /INPUT 1 "slv1_req_i";
    .port_info 13 /INPUT 1 "slv2_req_i";
    .port_info 14 /INPUT 1 "slv0_val_i";
    .port_info 15 /INPUT 1 "slv1_val_i";
    .port_info 16 /INPUT 1 "slv2_val_i";
    .port_info 17 /INPUT 1 "slv0_end_i";
    .port_info 18 /INPUT 1 "slv1_end_i";
    .port_info 19 /INPUT 1 "slv2_end_i";
    .port_info 20 /INPUT 1 "f2a_id_req_i";
    .port_info 21 /INPUT 1 "f2a_ack_i";
    .port_info 22 /OUTPUT 1 "a2s0_ack_o";
    .port_info 23 /OUTPUT 1 "a2s1_ack_o";
    .port_info 24 /OUTPUT 1 "a2s2_ack_o";
    .port_info 25 /OUTPUT 1 "a2f_val_o";
    .port_info 26 /OUTPUT 2 "a2f_id_o";
    .port_info 27 /OUTPUT 32 "a2f_data_o";
    .port_info 28 /OUTPUT 3 "a2f_pkglen_sel_o";
    .port_info 29 /OUTPUT 1 "a2f_end_o";
L_0x560c34c855e0 .functor BUFZ 1, v0x560c34caa2d0_0, C4<0>, C4<0>, C4<0>;
L_0x560c34c85a30 .functor BUFZ 1, v0x560c34caa7b0_0, C4<0>, C4<0>, C4<0>;
L_0x560c34c85d50 .functor BUFZ 1, v0x560c34caac90_0, C4<0>, C4<0>, C4<0>;
v0x560c34c85740_0 .net *"_ivl_12", 0 0, L_0x560c34c85d50;  1 drivers
L_0x7ff9526fd018 .functor BUFT 1, C4<00>, C4<0>, C4<0>, C4<0>;
v0x560c34c85b90_0 .net/2u *"_ivl_13", 1 0, L_0x7ff9526fd018;  1 drivers
v0x560c34c85eb0_0 .net *"_ivl_15", 3 0, L_0x560c34cab0c0;  1 drivers
v0x560c34c86800_0 .net *"_ivl_17", 3 0, L_0x560c34cab2f0;  1 drivers
v0x560c34ca6730_0 .net *"_ivl_19", 1 0, L_0x560c34cab200;  1 drivers
L_0x7ff9526fd060 .functor BUFT 1, C4<00>, C4<0>, C4<0>, C4<0>;
v0x560c34ca6860_0 .net *"_ivl_21", 1 0, L_0x7ff9526fd060;  1 drivers
L_0x7ff9526fd0a8 .functor BUFT 1, C4<0000>, C4<0>, C4<0>, C4<0>;
v0x560c34ca6940_0 .net/2u *"_ivl_23", 3 0, L_0x7ff9526fd0a8;  1 drivers
L_0x7ff9526fd0f0 .functor BUFT 1, C4<00>, C4<0>, C4<0>, C4<0>;
v0x560c34ca6a20_0 .net/2u *"_ivl_27", 1 0, L_0x7ff9526fd0f0;  1 drivers
v0x560c34ca6b00_0 .net *"_ivl_29", 3 0, L_0x560c34cab5a0;  1 drivers
v0x560c34ca6be0_0 .net *"_ivl_3", 0 0, L_0x560c34c855e0;  1 drivers
v0x560c34ca6cc0_0 .net *"_ivl_31", 3 0, L_0x560c34cab860;  1 drivers
v0x560c34ca6da0_0 .net *"_ivl_33", 1 0, L_0x560c34cab720;  1 drivers
L_0x7ff9526fd138 .functor BUFT 1, C4<00>, C4<0>, C4<0>, C4<0>;
v0x560c34ca6e80_0 .net *"_ivl_35", 1 0, L_0x7ff9526fd138;  1 drivers
L_0x7ff9526fd180 .functor BUFT 1, C4<0001>, C4<0>, C4<0>, C4<0>;
v0x560c34ca6f60_0 .net/2u *"_ivl_37", 3 0, L_0x7ff9526fd180;  1 drivers
L_0x7ff9526fd1c8 .functor BUFT 1, C4<00>, C4<0>, C4<0>, C4<0>;
v0x560c34ca7040_0 .net/2u *"_ivl_41", 1 0, L_0x7ff9526fd1c8;  1 drivers
v0x560c34ca7120_0 .net *"_ivl_43", 3 0, L_0x560c34cabb30;  1 drivers
v0x560c34ca7200_0 .net *"_ivl_45", 3 0, L_0x560c34cabd70;  1 drivers
v0x560c34ca72e0_0 .net *"_ivl_47", 1 0, L_0x560c34cabcd0;  1 drivers
L_0x7ff9526fd210 .functor BUFT 1, C4<00>, C4<0>, C4<0>, C4<0>;
v0x560c34ca73c0_0 .net *"_ivl_49", 1 0, L_0x7ff9526fd210;  1 drivers
L_0x7ff9526fd258 .functor BUFT 1, C4<0010>, C4<0>, C4<0>, C4<0>;
v0x560c34ca74a0_0 .net/2u *"_ivl_51", 3 0, L_0x7ff9526fd258;  1 drivers
v0x560c34ca7580_0 .net *"_ivl_7", 0 0, L_0x560c34c85a30;  1 drivers
v0x560c34ca7660_0 .var "a2f_data_o", 31 0;
v0x560c34ca7740_0 .var "a2f_end_o", 0 0;
v0x560c34ca7800_0 .var "a2f_id_o", 1 0;
v0x560c34ca78e0_0 .var "a2f_pkglen_sel_o", 2 0;
v0x560c34ca79c0_0 .var "a2f_val_o", 0 0;
v0x560c34ca7a80_0 .var "a2s0_ack_o", 0 0;
v0x560c34ca7b40_0 .var "a2s1_ack_o", 0 0;
v0x560c34ca7c00_0 .var "a2s2_ack_o", 0 0;
v0x560c34ca7cc0_0 .net "ch0_prio_syn", 3 0, L_0x560c34cab460;  1 drivers
v0x560c34ca7da0_0 .net "ch1_prio_syn", 3 0, L_0x560c34cab9f0;  1 drivers
v0x560c34ca7e80_0 .net "ch2_prio_syn", 3 0, L_0x560c34cabf20;  1 drivers
v0x560c34ca7f60_0 .var "channel_prio", 5 0;
v0x560c34ca8040_0 .net "clk_i", 0 0, v0x560c34ca9c50_0;  1 drivers
v0x560c34ca8100_0 .net "f2a_ack_i", 0 0, v0x560c34ca9d20_0;  1 drivers
v0x560c34ca81c0_0 .net "f2a_id_req_i", 0 0, v0x560c34ca9df0_0;  1 drivers
v0x560c34ca8280_0 .net "rstn_i", 0 0, v0x560c34ca9ec0_0;  1 drivers
v0x560c34ca8340_0 .net "slv0_data_i", 31 0, v0x560c34ca9f90_0;  1 drivers
v0x560c34ca8420_0 .net "slv0_end_i", 0 0, v0x560c34caa060_0;  1 drivers
v0x560c34ca84e0_0 .net "slv0_pkglen_i", 2 0, v0x560c34caa130_0;  1 drivers
v0x560c34ca85c0_0 .net "slv0_prio_i", 1 0, v0x560c34caa200_0;  1 drivers
v0x560c34ca86a0_0 .net "slv0_req_i", 0 0, v0x560c34caa2d0_0;  1 drivers
v0x560c34ca8760_0 .net "slv0_val_i", 0 0, v0x560c34caa3a0_0;  1 drivers
v0x560c34ca8820_0 .net "slv1_data_i", 31 0, v0x560c34caa470_0;  1 drivers
v0x560c34ca8900_0 .net "slv1_end_i", 0 0, v0x560c34caa540_0;  1 drivers
v0x560c34ca89c0_0 .net "slv1_pkglen_i", 2 0, v0x560c34caa610_0;  1 drivers
v0x560c34ca8aa0_0 .net "slv1_prio_i", 1 0, v0x560c34caa6e0_0;  1 drivers
v0x560c34ca8b80_0 .net "slv1_req_i", 0 0, v0x560c34caa7b0_0;  1 drivers
v0x560c34ca8c40_0 .net "slv1_val_i", 0 0, v0x560c34caa880_0;  1 drivers
v0x560c34ca8d00_0 .net "slv2_data_i", 31 0, v0x560c34caa950_0;  1 drivers
v0x560c34ca8de0_0 .net "slv2_end_i", 0 0, v0x560c34caaa20_0;  1 drivers
v0x560c34ca8ea0_0 .net "slv2_pkglen_i", 2 0, v0x560c34caaaf0_0;  1 drivers
v0x560c34ca8f80_0 .net "slv2_prio_i", 1 0, v0x560c34caabc0_0;  1 drivers
v0x560c34ca9060_0 .net "slv2_req_i", 0 0, v0x560c34caac90_0;  1 drivers
v0x560c34ca9120_0 .net "slv2_val_i", 0 0, v0x560c34caad60_0;  1 drivers
v0x560c34ca91e0_0 .net "slvx_req", 2 0, L_0x560c34caaeb0;  1 drivers
E_0x560c34c6b550/0 .event edge, v0x560c34ca7800_0, v0x560c34ca8760_0, v0x560c34ca8340_0, v0x560c34ca84e0_0;
E_0x560c34c6b550/1 .event edge, v0x560c34ca8100_0, v0x560c34ca8420_0, v0x560c34ca8c40_0, v0x560c34ca8820_0;
E_0x560c34c6b550/2 .event edge, v0x560c34ca89c0_0, v0x560c34ca8900_0, v0x560c34ca9120_0, v0x560c34ca8d00_0;
E_0x560c34c6b550/3 .event edge, v0x560c34ca8ea0_0, v0x560c34ca8de0_0;
E_0x560c34c6b550 .event/or E_0x560c34c6b550/0, E_0x560c34c6b550/1, E_0x560c34c6b550/2, E_0x560c34c6b550/3;
E_0x560c34c509b0/0 .event negedge, v0x560c34ca8280_0;
E_0x560c34c509b0/1 .event posedge, v0x560c34ca8040_0;
E_0x560c34c509b0 .event/or E_0x560c34c509b0/0, E_0x560c34c509b0/1;
E_0x560c34c87710 .event edge, v0x560c34ca7cc0_0, v0x560c34ca7da0_0, v0x560c34ca7e80_0;
L_0x560c34caaeb0 .concat8 [ 1 1 1 0], L_0x560c34c855e0, L_0x560c34c85a30, L_0x560c34c85d50;
L_0x560c34cab0c0 .concat [ 2 2 0 0], v0x560c34caa200_0, L_0x7ff9526fd018;
L_0x560c34cab200 .part L_0x560c34cab0c0, 0, 2;
L_0x560c34cab2f0 .concat [ 2 2 0 0], L_0x7ff9526fd060, L_0x560c34cab200;
L_0x560c34cab460 .arith/sum 4, L_0x560c34cab2f0, L_0x7ff9526fd0a8;
L_0x560c34cab5a0 .concat [ 2 2 0 0], v0x560c34caa6e0_0, L_0x7ff9526fd0f0;
L_0x560c34cab720 .part L_0x560c34cab5a0, 0, 2;
L_0x560c34cab860 .concat [ 2 2 0 0], L_0x7ff9526fd138, L_0x560c34cab720;
L_0x560c34cab9f0 .arith/sum 4, L_0x560c34cab860, L_0x7ff9526fd180;
L_0x560c34cabb30 .concat [ 2 2 0 0], v0x560c34caabc0_0, L_0x7ff9526fd1c8;
L_0x560c34cabcd0 .part L_0x560c34cabb30, 0, 2;
L_0x560c34cabd70 .concat [ 2 2 0 0], L_0x7ff9526fd210, L_0x560c34cabcd0;
L_0x560c34cabf20 .arith/sum 4, L_0x560c34cabd70, L_0x7ff9526fd258;
    .scope S_0x560c34c75f20;
T_0 ;
    %wait E_0x560c34c87710;
    %load/vec4 v0x560c34ca7da0_0;
    %load/vec4 v0x560c34ca7cc0_0;
    %cmp/u;
    %jmp/0xz  T_0.0, 5;
    %load/vec4 v0x560c34ca7e80_0;
    %load/vec4 v0x560c34ca7da0_0;
    %cmp/u;
    %jmp/0xz  T_0.2, 5;
    %pushi/vec4 36, 0, 6;
    %assign/vec4 v0x560c34ca7f60_0, 0;
    %jmp T_0.3;
T_0.2 ;
    %load/vec4 v0x560c34ca7e80_0;
    %load/vec4 v0x560c34ca7cc0_0;
    %cmp/u;
    %jmp/0xz  T_0.4, 5;
    %pushi/vec4 24, 0, 6;
    %assign/vec4 v0x560c34ca7f60_0, 0;
    %jmp T_0.5;
T_0.4 ;
    %pushi/vec4 18, 0, 6;
    %assign/vec4 v0x560c34ca7f60_0, 0;
T_0.5 ;
T_0.3 ;
    %jmp T_0.1;
T_0.0 ;
    %load/vec4 v0x560c34ca7da0_0;
    %load/vec4 v0x560c34ca7e80_0;
    %cmp/u;
    %jmp/0xz  T_0.6, 5;
    %pushi/vec4 6, 0, 6;
    %assign/vec4 v0x560c34ca7f60_0, 0;
    %jmp T_0.7;
T_0.6 ;
    %load/vec4 v0x560c34ca7cc0_0;
    %load/vec4 v0x560c34ca7e80_0;
    %cmp/u;
    %jmp/0xz  T_0.8, 5;
    %pushi/vec4 9, 0, 6;
    %assign/vec4 v0x560c34ca7f60_0, 0;
    %jmp T_0.9;
T_0.8 ;
    %pushi/vec4 33, 0, 6;
    %assign/vec4 v0x560c34ca7f60_0, 0;
T_0.9 ;
T_0.7 ;
T_0.1 ;
    %jmp T_0;
    .thread T_0, $push;
    .scope S_0x560c34c75f20;
T_1 ;
    %wait E_0x560c34c509b0;
    %load/vec4 v0x560c34ca8280_0;
    %inv;
    %flag_set/vec4 8;
    %jmp/0xz  T_1.0, 8;
    %pushi/vec4 3, 0, 2;
    %assign/vec4 v0x560c34ca7800_0, 0;
    %jmp T_1.1;
T_1.0 ;
    %load/vec4 v0x560c34ca81c0_0;
    %flag_set/vec4 8;
    %jmp/0xz  T_1.2, 8;
    %load/vec4 v0x560c34ca91e0_0;
    %load/vec4 v0x560c34ca7f60_0;
    %parti/s 2, 4, 4;
    %part/u 1;
    %flag_set/vec4 8;
    %jmp/0xz  T_1.4, 8;
    %load/vec4 v0x560c34ca7f60_0;
    %parti/s 2, 4, 4;
    %assign/vec4 v0x560c34ca7800_0, 0;
    %jmp T_1.5;
T_1.4 ;
    %load/vec4 v0x560c34ca91e0_0;
    %load/vec4 v0x560c34ca7f60_0;
    %parti/s 2, 2, 3;
    %part/u 1;
    %flag_set/vec4 8;
    %jmp/0xz  T_1.6, 8;
    %load/vec4 v0x560c34ca7f60_0;
    %parti/s 2, 2, 3;
    %assign/vec4 v0x560c34ca7800_0, 0;
    %jmp T_1.7;
T_1.6 ;
    %load/vec4 v0x560c34ca91e0_0;
    %load/vec4 v0x560c34ca7f60_0;
    %parti/s 2, 0, 2;
    %part/u 1;
    %flag_set/vec4 8;
    %jmp/0xz  T_1.8, 8;
    %load/vec4 v0x560c34ca7f60_0;
    %parti/s 2, 0, 2;
    %assign/vec4 v0x560c34ca7800_0, 0;
    %jmp T_1.9;
T_1.8 ;
    %pushi/vec4 3, 0, 2;
    %assign/vec4 v0x560c34ca7800_0, 0;
T_1.9 ;
T_1.7 ;
T_1.5 ;
    %jmp T_1.3;
T_1.2 ;
    %load/vec4 v0x560c34ca7800_0;
    %assign/vec4 v0x560c34ca7800_0, 0;
T_1.3 ;
T_1.1 ;
    %jmp T_1;
    .thread T_1;
    .scope S_0x560c34c75f20;
T_2 ;
    %wait E_0x560c34c6b550;
    %load/vec4 v0x560c34ca7800_0;
    %dup/vec4;
    %pushi/vec4 0, 0, 2;
    %cmp/u;
    %jmp/1 T_2.0, 6;
    %dup/vec4;
    %pushi/vec4 1, 0, 2;
    %cmp/u;
    %jmp/1 T_2.1, 6;
    %dup/vec4;
    %pushi/vec4 2, 0, 2;
    %cmp/u;
    %jmp/1 T_2.2, 6;
    %dup/vec4;
    %pushi/vec4 3, 0, 2;
    %cmp/u;
    %jmp/1 T_2.3, 6;
    %jmp T_2.4;
T_2.0 ;
    %load/vec4 v0x560c34ca8760_0;
    %store/vec4 v0x560c34ca79c0_0, 0, 1;
    %load/vec4 v0x560c34ca8340_0;
    %store/vec4 v0x560c34ca7660_0, 0, 32;
    %load/vec4 v0x560c34ca84e0_0;
    %store/vec4 v0x560c34ca78e0_0, 0, 3;
    %load/vec4 v0x560c34ca8100_0;
    %store/vec4 v0x560c34ca7a80_0, 0, 1;
    %pushi/vec4 0, 0, 1;
    %store/vec4 v0x560c34ca7b40_0, 0, 1;
    %pushi/vec4 0, 0, 1;
    %store/vec4 v0x560c34ca7c00_0, 0, 1;
    %load/vec4 v0x560c34ca8420_0;
    %store/vec4 v0x560c34ca7740_0, 0, 1;
    %jmp T_2.4;
T_2.1 ;
    %load/vec4 v0x560c34ca8c40_0;
    %store/vec4 v0x560c34ca79c0_0, 0, 1;
    %load/vec4 v0x560c34ca8820_0;
    %store/vec4 v0x560c34ca7660_0, 0, 32;
    %load/vec4 v0x560c34ca89c0_0;
    %store/vec4 v0x560c34ca78e0_0, 0, 3;
    %pushi/vec4 0, 0, 1;
    %store/vec4 v0x560c34ca7a80_0, 0, 1;
    %load/vec4 v0x560c34ca8100_0;
    %store/vec4 v0x560c34ca7b40_0, 0, 1;
    %pushi/vec4 0, 0, 1;
    %store/vec4 v0x560c34ca7c00_0, 0, 1;
    %load/vec4 v0x560c34ca8900_0;
    %store/vec4 v0x560c34ca7740_0, 0, 1;
    %jmp T_2.4;
T_2.2 ;
    %load/vec4 v0x560c34ca9120_0;
    %store/vec4 v0x560c34ca79c0_0, 0, 1;
    %load/vec4 v0x560c34ca8d00_0;
    %store/vec4 v0x560c34ca7660_0, 0, 32;
    %load/vec4 v0x560c34ca8ea0_0;
    %store/vec4 v0x560c34ca78e0_0, 0, 3;
    %pushi/vec4 0, 0, 1;
    %store/vec4 v0x560c34ca7a80_0, 0, 1;
    %pushi/vec4 0, 0, 1;
    %store/vec4 v0x560c34ca7b40_0, 0, 1;
    %load/vec4 v0x560c34ca8100_0;
    %store/vec4 v0x560c34ca7c00_0, 0, 1;
    %load/vec4 v0x560c34ca8de0_0;
    %store/vec4 v0x560c34ca7740_0, 0, 1;
    %jmp T_2.4;
T_2.3 ;
    %pushi/vec4 0, 0, 1;
    %store/vec4 v0x560c34ca79c0_0, 0, 1;
    %pushi/vec4 0, 0, 32;
    %store/vec4 v0x560c34ca7660_0, 0, 32;
    %pushi/vec4 0, 0, 3;
    %store/vec4 v0x560c34ca78e0_0, 0, 3;
    %pushi/vec4 0, 0, 1;
    %store/vec4 v0x560c34ca7a80_0, 0, 1;
    %pushi/vec4 0, 0, 1;
    %store/vec4 v0x560c34ca7b40_0, 0, 1;
    %pushi/vec4 0, 0, 1;
    %store/vec4 v0x560c34ca7c00_0, 0, 1;
    %pushi/vec4 0, 0, 1;
    %store/vec4 v0x560c34ca7740_0, 0, 1;
    %jmp T_2.4;
T_2.4 ;
    %pop/vec4 1;
    %jmp T_2;
    .thread T_2, $push;
    .scope S_0x560c34c75d90;
T_3 ;
    %pushi/vec4 0, 0, 1;
    %assign/vec4 v0x560c34ca9c50_0, 0;
    %pushi/vec4 0, 0, 1;
    %assign/vec4 v0x560c34ca9ec0_0, 0;
    %pushi/vec4 0, 0, 1;
    %assign/vec4 v0x560c34caa060_0, 0;
    %pushi/vec4 0, 0, 1;
    %assign/vec4 v0x560c34caa540_0, 0;
    %pushi/vec4 0, 0, 1;
    %assign/vec4 v0x560c34caaa20_0, 0;
    %pushi/vec4 3, 0, 2;
    %assign/vec4 v0x560c34caa200_0, 0;
    %pushi/vec4 1, 0, 2;
    %assign/vec4 v0x560c34caa6e0_0, 0;
    %pushi/vec4 1, 0, 2;
    %assign/vec4 v0x560c34caabc0_0, 0;
    %pushi/vec4 2, 0, 3;
    %assign/vec4 v0x560c34caa130_0, 0;
    %pushi/vec4 1, 0, 3;
    %assign/vec4 v0x560c34caa610_0, 0;
    %pushi/vec4 0, 0, 3;
    %assign/vec4 v0x560c34caaaf0_0, 0;
    %vpi_func 2 98 "$random" 32 {0 0 0};
    %assign/vec4 v0x560c34ca9f90_0, 0;
    %vpi_func 2 99 "$random" 32 {0 0 0};
    %assign/vec4 v0x560c34caa470_0, 0;
    %vpi_func 2 100 "$random" 32 {0 0 0};
    %assign/vec4 v0x560c34caa950_0, 0;
    %pushi/vec4 0, 0, 1;
    %assign/vec4 v0x560c34caa2d0_0, 0;
    %pushi/vec4 0, 0, 1;
    %assign/vec4 v0x560c34caa7b0_0, 0;
    %pushi/vec4 0, 0, 1;
    %assign/vec4 v0x560c34caac90_0, 0;
    %pushi/vec4 0, 0, 1;
    %assign/vec4 v0x560c34caa3a0_0, 0;
    %pushi/vec4 0, 0, 1;
    %assign/vec4 v0x560c34caa880_0, 0;
    %pushi/vec4 0, 0, 1;
    %assign/vec4 v0x560c34caad60_0, 0;
    %pushi/vec4 0, 0, 1;
    %assign/vec4 v0x560c34ca9df0_0, 0;
    %pushi/vec4 0, 0, 1;
    %assign/vec4 v0x560c34ca9d20_0, 0;
    %vpi_call 2 110 "$dumpfile", "arbiter.vcd" {0 0 0};
    %vpi_call 2 111 "$dumpvars" {0 0 0};
    %delay 250, 0;
    %pushi/vec4 1, 0, 1;
    %assign/vec4 v0x560c34ca9ec0_0, 0;
    %delay 200, 0;
    %pushi/vec4 1, 0, 1;
    %assign/vec4 v0x560c34caa2d0_0, 0;
    %pushi/vec4 1, 0, 1;
    %assign/vec4 v0x560c34caa7b0_0, 0;
    %pushi/vec4 1, 0, 1;
    %assign/vec4 v0x560c34caac90_0, 0;
    %wait E_0x560c34c68240;
    %pushi/vec4 1, 0, 1;
    %assign/vec4 v0x560c34ca9df0_0, 0;
    %wait E_0x560c34c68240;
    %pushi/vec4 0, 0, 1;
    %assign/vec4 v0x560c34ca9df0_0, 0;
    %pushi/vec4 1, 0, 1;
    %assign/vec4 v0x560c34ca9d20_0, 0;
    %wait E_0x560c34c68240;
    %pushi/vec4 0, 0, 1;
    %assign/vec4 v0x560c34ca9d20_0, 0;
    %pushi/vec4 8, 0, 32;
T_3.0 %dup/vec4;
    %pushi/vec4 0, 0, 32;
    %cmp/s;
    %jmp/1xz T_3.1, 5;
    %jmp/1 T_3.1, 4;
    %pushi/vec4 1, 0, 32;
    %sub;
    %wait E_0x560c34c68240;
    %vpi_func 2 132 "$random" 32 {0 0 0};
    %assign/vec4 v0x560c34ca9f90_0, 0;
    %vpi_func 2 133 "$random" 32 {0 0 0};
    %assign/vec4 v0x560c34caa470_0, 0;
    %vpi_func 2 134 "$random" 32 {0 0 0};
    %assign/vec4 v0x560c34caa950_0, 0;
    %pushi/vec4 0, 0, 1;
    %assign/vec4 v0x560c34caa3a0_0, 0;
    %pushi/vec4 1, 0, 1;
    %assign/vec4 v0x560c34caa880_0, 0;
    %pushi/vec4 0, 0, 1;
    %assign/vec4 v0x560c34caad60_0, 0;
    %jmp T_3.0;
T_3.1 ;
    %pop/vec4 1;
    %pushi/vec4 1, 0, 1;
    %assign/vec4 v0x560c34caa060_0, 0;
    %pushi/vec4 1, 0, 1;
    %assign/vec4 v0x560c34caa540_0, 0;
    %pushi/vec4 1, 0, 1;
    %assign/vec4 v0x560c34caaa20_0, 0;
    %wait E_0x560c34c68240;
    %vpi_func 2 144 "$random" 32 {0 0 0};
    %assign/vec4 v0x560c34ca9f90_0, 0;
    %vpi_func 2 145 "$random" 32 {0 0 0};
    %assign/vec4 v0x560c34caa470_0, 0;
    %vpi_func 2 146 "$random" 32 {0 0 0};
    %assign/vec4 v0x560c34caa950_0, 0;
    %pushi/vec4 0, 0, 1;
    %assign/vec4 v0x560c34caa060_0, 0;
    %pushi/vec4 0, 0, 1;
    %assign/vec4 v0x560c34caa540_0, 0;
    %pushi/vec4 0, 0, 1;
    %assign/vec4 v0x560c34caaa20_0, 0;
    %pushi/vec4 0, 0, 1;
    %assign/vec4 v0x560c34caa3a0_0, 0;
    %pushi/vec4 0, 0, 1;
    %assign/vec4 v0x560c34caa880_0, 0;
    %pushi/vec4 0, 0, 1;
    %assign/vec4 v0x560c34caad60_0, 0;
    %pushi/vec4 0, 0, 1;
    %assign/vec4 v0x560c34caa2d0_0, 0;
    %pushi/vec4 0, 0, 1;
    %assign/vec4 v0x560c34caa7b0_0, 0;
    %pushi/vec4 0, 0, 1;
    %assign/vec4 v0x560c34caac90_0, 0;
    %delay 20000, 0;
    %vpi_call 2 157 "$finish" {0 0 0};
    %end;
    .thread T_3;
    .scope S_0x560c34c75d90;
T_4 ;
    %delay 100, 0;
    %load/vec4 v0x560c34ca9c50_0;
    %inv;
    %assign/vec4 v0x560c34ca9c50_0, 0;
    %jmp T_4;
    .thread T_4;
# The file index is used to find the file name in the following table.
:file_names 4;
    "N/A";
    "<interactive>";
    "arbiter_tb.v";
    "./arbiter.v";
