#! /usr/bin/vvp
:ivl_version "11.0 (stable)";
:ivl_delay_selection "TYPICAL";
:vpi_time_precision - 10;
:vpi_module "/usr/lib/x86_64-linux-gnu/ivl/system.vpi";
:vpi_module "/usr/lib/x86_64-linux-gnu/ivl/vhdl_sys.vpi";
:vpi_module "/usr/lib/x86_64-linux-gnu/ivl/vhdl_textio.vpi";
:vpi_module "/usr/lib/x86_64-linux-gnu/ivl/v2005_math.vpi";
:vpi_module "/usr/lib/x86_64-linux-gnu/ivl/va_math.vpi";
S_0x560a63cb2d90 .scope module, "arbiter" "arbiter" 2 4;
 .timescale -9 -10;
    .port_info 0 /INPUT 1 "clk_i";
    .port_info 1 /INPUT 1 "rstn_i";
    .port_info 2 /INPUT 2 "slv0_prio_i";
    .port_info 3 /INPUT 2 "slv1_prio_i";
    .port_info 4 /INPUT 2 "slv2_prio_i";
    .port_info 5 /INPUT 3 "slv0_pkglen_i";
    .port_info 6 /INPUT 3 "slv1_pkglen_i";
    .port_info 7 /INPUT 3 "slv2_pkglen_i";
    .port_info 8 /INPUT 32 "slv0_data_i";
    .port_info 9 /INPUT 32 "slv1_data_i";
    .port_info 10 /INPUT 32 "slv2_data_i";
    .port_info 11 /INPUT 1 "slv0_req_i";
    .port_info 12 /INPUT 1 "slv1_req_i";
    .port_info 13 /INPUT 1 "slv2_req_i";
    .port_info 14 /INPUT 1 "slv0_val_i";
    .port_info 15 /INPUT 1 "slv1_val_i";
    .port_info 16 /INPUT 1 "slv2_val_i";
    .port_info 17 /INPUT 1 "slv0_end_i";
    .port_info 18 /INPUT 1 "slv1_end_i";
    .port_info 19 /INPUT 1 "slv2_end_i";
    .port_info 20 /INPUT 1 "f2a_id_req_i";
    .port_info 21 /INPUT 1 "f2a_ack_i";
    .port_info 22 /OUTPUT 1 "a2s0_ack_o";
    .port_info 23 /OUTPUT 1 "a2s1_ack_o";
    .port_info 24 /OUTPUT 1 "a2s2_ack_o";
    .port_info 25 /OUTPUT 1 "a2f_val_o";
    .port_info 26 /OUTPUT 2 "a2f_id_o";
    .port_info 27 /OUTPUT 32 "a2f_data_o";
    .port_info 28 /OUTPUT 3 "a2f_pkglen_sel_o";
    .port_info 29 /OUTPUT 1 "a2f_end_o";
o0x7f4dd3b397c8 .functor BUFZ 1, C4<z>; HiZ drive
L_0x560a63d1a180 .functor BUFZ 1, o0x7f4dd3b397c8, C4<0>, C4<0>, C4<0>;
o0x7f4dd3b398e8 .functor BUFZ 1, C4<z>; HiZ drive
L_0x560a63d1a210 .functor BUFZ 1, o0x7f4dd3b398e8, C4<0>, C4<0>, C4<0>;
o0x7f4dd3b39a08 .functor BUFZ 1, C4<z>; HiZ drive
L_0x560a63d1a3a0 .functor BUFZ 1, o0x7f4dd3b39a08, C4<0>, C4<0>, C4<0>;
v0x560a63ce6b30_0 .net *"_ivl_12", 0 0, L_0x560a63d1a3a0;  1 drivers
L_0x7f4dd3af0018 .functor BUFT 1, C4<00>, C4<0>, C4<0>, C4<0>;
v0x560a63d16b90_0 .net/2u *"_ivl_13", 1 0, L_0x7f4dd3af0018;  1 drivers
v0x560a63d16c70_0 .net *"_ivl_15", 3 0, L_0x560a63d1a460;  1 drivers
v0x560a63d16d30_0 .net *"_ivl_17", 3 0, L_0x560a63d1a6a0;  1 drivers
v0x560a63d16e10_0 .net *"_ivl_19", 1 0, L_0x560a63d1a5b0;  1 drivers
L_0x7f4dd3af0060 .functor BUFT 1, C4<00>, C4<0>, C4<0>, C4<0>;
v0x560a63d16f40_0 .net *"_ivl_21", 1 0, L_0x7f4dd3af0060;  1 drivers
L_0x7f4dd3af00a8 .functor BUFT 1, C4<0000>, C4<0>, C4<0>, C4<0>;
v0x560a63d17020_0 .net/2u *"_ivl_23", 3 0, L_0x7f4dd3af00a8;  1 drivers
L_0x7f4dd3af00f0 .functor BUFT 1, C4<00>, C4<0>, C4<0>, C4<0>;
v0x560a63d17100_0 .net/2u *"_ivl_27", 1 0, L_0x7f4dd3af00f0;  1 drivers
v0x560a63d171e0_0 .net *"_ivl_29", 3 0, L_0x560a63d1aa20;  1 drivers
v0x560a63d172c0_0 .net *"_ivl_3", 0 0, L_0x560a63d1a180;  1 drivers
v0x560a63d173a0_0 .net *"_ivl_31", 3 0, L_0x560a63d1acc0;  1 drivers
v0x560a63d17480_0 .net *"_ivl_33", 1 0, L_0x560a63d1ab80;  1 drivers
L_0x7f4dd3af0138 .functor BUFT 1, C4<00>, C4<0>, C4<0>, C4<0>;
v0x560a63d17560_0 .net *"_ivl_35", 1 0, L_0x7f4dd3af0138;  1 drivers
L_0x7f4dd3af0180 .functor BUFT 1, C4<0001>, C4<0>, C4<0>, C4<0>;
v0x560a63d17640_0 .net/2u *"_ivl_37", 3 0, L_0x7f4dd3af0180;  1 drivers
L_0x7f4dd3af01c8 .functor BUFT 1, C4<00>, C4<0>, C4<0>, C4<0>;
v0x560a63d17720_0 .net/2u *"_ivl_41", 1 0, L_0x7f4dd3af01c8;  1 drivers
v0x560a63d17800_0 .net *"_ivl_43", 3 0, L_0x560a63d1af90;  1 drivers
v0x560a63d178e0_0 .net *"_ivl_45", 3 0, L_0x560a63d1b180;  1 drivers
v0x560a63d17ad0_0 .net *"_ivl_47", 1 0, L_0x560a63d1b0e0;  1 drivers
L_0x7f4dd3af0210 .functor BUFT 1, C4<00>, C4<0>, C4<0>, C4<0>;
v0x560a63d17bb0_0 .net *"_ivl_49", 1 0, L_0x7f4dd3af0210;  1 drivers
L_0x7f4dd3af0258 .functor BUFT 1, C4<0010>, C4<0>, C4<0>, C4<0>;
v0x560a63d17c90_0 .net/2u *"_ivl_51", 3 0, L_0x7f4dd3af0258;  1 drivers
v0x560a63d17d70_0 .net *"_ivl_7", 0 0, L_0x560a63d1a210;  1 drivers
v0x560a63d17e50_0 .var "a2f_data_o", 31 0;
v0x560a63d17f30_0 .var "a2f_end_o", 0 0;
v0x560a63d17ff0_0 .var "a2f_id_o", 1 0;
v0x560a63d180d0_0 .var "a2f_pkglen_sel_o", 2 0;
v0x560a63d181b0_0 .var "a2f_val_o", 0 0;
v0x560a63d18270_0 .var "a2s0_ack_o", 0 0;
v0x560a63d18330_0 .var "a2s1_ack_o", 0 0;
v0x560a63d183f0_0 .var "a2s2_ack_o", 0 0;
v0x560a63d184b0_0 .net "ch0_prio_syn", 3 0, L_0x560a63d1a840;  1 drivers
v0x560a63d18590_0 .net "ch1_prio_syn", 3 0, L_0x560a63d1ae50;  1 drivers
v0x560a63d18670_0 .net "ch2_prio_syn", 3 0, L_0x560a63d1b360;  1 drivers
v0x560a63d18750_0 .var "channel_prio", 5 0;
o0x7f4dd3b39648 .functor BUFZ 1, C4<z>; HiZ drive
v0x560a63d18a40_0 .net "clk_i", 0 0, o0x7f4dd3b39648;  0 drivers
o0x7f4dd3b39678 .functor BUFZ 1, C4<z>; HiZ drive
v0x560a63d18b00_0 .net "f2a_ack_i", 0 0, o0x7f4dd3b39678;  0 drivers
o0x7f4dd3b396a8 .functor BUFZ 1, C4<z>; HiZ drive
v0x560a63d18bc0_0 .net "f2a_id_req_i", 0 0, o0x7f4dd3b396a8;  0 drivers
o0x7f4dd3b396d8 .functor BUFZ 1, C4<z>; HiZ drive
v0x560a63d18c80_0 .net "rstn_i", 0 0, o0x7f4dd3b396d8;  0 drivers
o0x7f4dd3b39708 .functor BUFZ 32, C4<zzzzzzzzzzzzzzzzzzzzzzzzzzzzzzzz>; HiZ drive
v0x560a63d18d40_0 .net "slv0_data_i", 31 0, o0x7f4dd3b39708;  0 drivers
o0x7f4dd3b39738 .functor BUFZ 1, C4<z>; HiZ drive
v0x560a63d18e20_0 .net "slv0_end_i", 0 0, o0x7f4dd3b39738;  0 drivers
o0x7f4dd3b39768 .functor BUFZ 3, C4<zzz>; HiZ drive
v0x560a63d18ee0_0 .net "slv0_pkglen_i", 2 0, o0x7f4dd3b39768;  0 drivers
o0x7f4dd3b39798 .functor BUFZ 2, C4<zz>; HiZ drive
v0x560a63d18fc0_0 .net "slv0_prio_i", 1 0, o0x7f4dd3b39798;  0 drivers
v0x560a63d190a0_0 .net "slv0_req_i", 0 0, o0x7f4dd3b397c8;  0 drivers
o0x7f4dd3b397f8 .functor BUFZ 1, C4<z>; HiZ drive
v0x560a63d19160_0 .net "slv0_val_i", 0 0, o0x7f4dd3b397f8;  0 drivers
o0x7f4dd3b39828 .functor BUFZ 32, C4<zzzzzzzzzzzzzzzzzzzzzzzzzzzzzzzz>; HiZ drive
v0x560a63d19220_0 .net "slv1_data_i", 31 0, o0x7f4dd3b39828;  0 drivers
o0x7f4dd3b39858 .functor BUFZ 1, C4<z>; HiZ drive
v0x560a63d19300_0 .net "slv1_end_i", 0 0, o0x7f4dd3b39858;  0 drivers
o0x7f4dd3b39888 .functor BUFZ 3, C4<zzz>; HiZ drive
v0x560a63d193c0_0 .net "slv1_pkglen_i", 2 0, o0x7f4dd3b39888;  0 drivers
o0x7f4dd3b398b8 .functor BUFZ 2, C4<zz>; HiZ drive
v0x560a63d194a0_0 .net "slv1_prio_i", 1 0, o0x7f4dd3b398b8;  0 drivers
v0x560a63d19580_0 .net "slv1_req_i", 0 0, o0x7f4dd3b398e8;  0 drivers
o0x7f4dd3b39918 .functor BUFZ 1, C4<z>; HiZ drive
v0x560a63d19640_0 .net "slv1_val_i", 0 0, o0x7f4dd3b39918;  0 drivers
o0x7f4dd3b39948 .functor BUFZ 32, C4<zzzzzzzzzzzzzzzzzzzzzzzzzzzzzzzz>; HiZ drive
v0x560a63d19700_0 .net "slv2_data_i", 31 0, o0x7f4dd3b39948;  0 drivers
o0x7f4dd3b39978 .functor BUFZ 1, C4<z>; HiZ drive
v0x560a63d197e0_0 .net "slv2_end_i", 0 0, o0x7f4dd3b39978;  0 drivers
o0x7f4dd3b399a8 .functor BUFZ 3, C4<zzz>; HiZ drive
v0x560a63d198a0_0 .net "slv2_pkglen_i", 2 0, o0x7f4dd3b399a8;  0 drivers
o0x7f4dd3b399d8 .functor BUFZ 2, C4<zz>; HiZ drive
v0x560a63d19980_0 .net "slv2_prio_i", 1 0, o0x7f4dd3b399d8;  0 drivers
v0x560a63d19a60_0 .net "slv2_req_i", 0 0, o0x7f4dd3b39a08;  0 drivers
o0x7f4dd3b39a38 .functor BUFZ 1, C4<z>; HiZ drive
v0x560a63d19b20_0 .net "slv2_val_i", 0 0, o0x7f4dd3b39a38;  0 drivers
v0x560a63d19be0_0 .net "slvx_req", 2 0, L_0x560a63d1a280;  1 drivers
E_0x560a63ceda00/0 .event edge, v0x560a63d17ff0_0, v0x560a63d19160_0, v0x560a63d18d40_0, v0x560a63d18ee0_0;
E_0x560a63ceda00/1 .event edge, v0x560a63d18b00_0, v0x560a63d18e20_0, v0x560a63d19640_0, v0x560a63d19220_0;
E_0x560a63ceda00/2 .event edge, v0x560a63d193c0_0, v0x560a63d19300_0, v0x560a63d19b20_0, v0x560a63d19700_0;
E_0x560a63ceda00/3 .event edge, v0x560a63d198a0_0, v0x560a63d197e0_0;
E_0x560a63ceda00 .event/or E_0x560a63ceda00/0, E_0x560a63ceda00/1, E_0x560a63ceda00/2, E_0x560a63ceda00/3;
E_0x560a63cee200/0 .event negedge, v0x560a63d18c80_0;
E_0x560a63cee200/1 .event posedge, v0x560a63d18a40_0;
E_0x560a63cee200 .event/or E_0x560a63cee200/0, E_0x560a63cee200/1;
E_0x560a63cf1510 .event edge, v0x560a63d184b0_0, v0x560a63d18590_0, v0x560a63d18670_0;
L_0x560a63d1a280 .concat8 [ 1 1 1 0], L_0x560a63d1a180, L_0x560a63d1a210, L_0x560a63d1a3a0;
L_0x560a63d1a460 .concat [ 2 2 0 0], o0x7f4dd3b39798, L_0x7f4dd3af0018;
L_0x560a63d1a5b0 .part L_0x560a63d1a460, 0, 2;
L_0x560a63d1a6a0 .concat [ 2 2 0 0], L_0x7f4dd3af0060, L_0x560a63d1a5b0;
L_0x560a63d1a840 .arith/sum 4, L_0x560a63d1a6a0, L_0x7f4dd3af00a8;
L_0x560a63d1aa20 .concat [ 2 2 0 0], o0x7f4dd3b398b8, L_0x7f4dd3af00f0;
L_0x560a63d1ab80 .part L_0x560a63d1aa20, 0, 2;
L_0x560a63d1acc0 .concat [ 2 2 0 0], L_0x7f4dd3af0138, L_0x560a63d1ab80;
L_0x560a63d1ae50 .arith/sum 4, L_0x560a63d1acc0, L_0x7f4dd3af0180;
L_0x560a63d1af90 .concat [ 2 2 0 0], o0x7f4dd3b399d8, L_0x7f4dd3af01c8;
L_0x560a63d1b0e0 .part L_0x560a63d1af90, 0, 2;
L_0x560a63d1b180 .concat [ 2 2 0 0], L_0x7f4dd3af0210, L_0x560a63d1b0e0;
L_0x560a63d1b360 .arith/sum 4, L_0x560a63d1b180, L_0x7f4dd3af0258;
    .scope S_0x560a63cb2d90;
T_0 ;
    %wait E_0x560a63cf1510;
    %load/vec4 v0x560a63d18590_0;
    %load/vec4 v0x560a63d184b0_0;
    %cmp/u;
    %jmp/0xz  T_0.0, 5;
    %load/vec4 v0x560a63d18670_0;
    %load/vec4 v0x560a63d18590_0;
    %cmp/u;
    %jmp/0xz  T_0.2, 5;
    %pushi/vec4 36, 0, 6;
    %assign/vec4 v0x560a63d18750_0, 0;
    %jmp T_0.3;
T_0.2 ;
    %load/vec4 v0x560a63d18670_0;
    %load/vec4 v0x560a63d184b0_0;
    %cmp/u;
    %jmp/0xz  T_0.4, 5;
    %pushi/vec4 24, 0, 6;
    %assign/vec4 v0x560a63d18750_0, 0;
    %jmp T_0.5;
T_0.4 ;
    %pushi/vec4 18, 0, 6;
    %assign/vec4 v0x560a63d18750_0, 0;
T_0.5 ;
T_0.3 ;
    %jmp T_0.1;
T_0.0 ;
    %load/vec4 v0x560a63d18590_0;
    %load/vec4 v0x560a63d18670_0;
    %cmp/u;
    %jmp/0xz  T_0.6, 5;
    %pushi/vec4 6, 0, 6;
    %assign/vec4 v0x560a63d18750_0, 0;
    %jmp T_0.7;
T_0.6 ;
    %load/vec4 v0x560a63d184b0_0;
    %load/vec4 v0x560a63d18670_0;
    %cmp/u;
    %jmp/0xz  T_0.8, 5;
    %pushi/vec4 9, 0, 6;
    %assign/vec4 v0x560a63d18750_0, 0;
    %jmp T_0.9;
T_0.8 ;
    %pushi/vec4 33, 0, 6;
    %assign/vec4 v0x560a63d18750_0, 0;
T_0.9 ;
T_0.7 ;
T_0.1 ;
    %jmp T_0;
    .thread T_0, $push;
    .scope S_0x560a63cb2d90;
T_1 ;
    %wait E_0x560a63cee200;
    %load/vec4 v0x560a63d18c80_0;
    %inv;
    %flag_set/vec4 8;
    %jmp/0xz  T_1.0, 8;
    %pushi/vec4 3, 0, 2;
    %assign/vec4 v0x560a63d17ff0_0, 0;
    %jmp T_1.1;
T_1.0 ;
    %load/vec4 v0x560a63d18bc0_0;
    %flag_set/vec4 8;
    %jmp/0xz  T_1.2, 8;
    %load/vec4 v0x560a63d19be0_0;
    %load/vec4 v0x560a63d18750_0;
    %parti/s 2, 4, 4;
    %part/u 1;
    %flag_set/vec4 8;
    %jmp/0xz  T_1.4, 8;
    %load/vec4 v0x560a63d18750_0;
    %parti/s 2, 4, 4;
    %assign/vec4 v0x560a63d17ff0_0, 0;
    %jmp T_1.5;
T_1.4 ;
    %load/vec4 v0x560a63d19be0_0;
    %load/vec4 v0x560a63d18750_0;
    %parti/s 2, 2, 3;
    %part/u 1;
    %flag_set/vec4 8;
    %jmp/0xz  T_1.6, 8;
    %load/vec4 v0x560a63d18750_0;
    %parti/s 2, 2, 3;
    %assign/vec4 v0x560a63d17ff0_0, 0;
    %jmp T_1.7;
T_1.6 ;
    %load/vec4 v0x560a63d19be0_0;
    %load/vec4 v0x560a63d18750_0;
    %parti/s 2, 0, 2;
    %part/u 1;
    %flag_set/vec4 8;
    %jmp/0xz  T_1.8, 8;
    %load/vec4 v0x560a63d18750_0;
    %parti/s 2, 0, 2;
    %assign/vec4 v0x560a63d17ff0_0, 0;
    %jmp T_1.9;
T_1.8 ;
    %pushi/vec4 3, 0, 2;
    %assign/vec4 v0x560a63d17ff0_0, 0;
T_1.9 ;
T_1.7 ;
T_1.5 ;
    %jmp T_1.3;
T_1.2 ;
    %load/vec4 v0x560a63d17ff0_0;
    %assign/vec4 v0x560a63d17ff0_0, 0;
T_1.3 ;
T_1.1 ;
    %jmp T_1;
    .thread T_1;
    .scope S_0x560a63cb2d90;
T_2 ;
    %wait E_0x560a63ceda00;
    %load/vec4 v0x560a63d17ff0_0;
    %dup/vec4;
    %pushi/vec4 0, 0, 2;
    %cmp/u;
    %jmp/1 T_2.0, 6;
    %dup/vec4;
    %pushi/vec4 1, 0, 2;
    %cmp/u;
    %jmp/1 T_2.1, 6;
    %dup/vec4;
    %pushi/vec4 2, 0, 2;
    %cmp/u;
    %jmp/1 T_2.2, 6;
    %dup/vec4;
    %pushi/vec4 3, 0, 2;
    %cmp/u;
    %jmp/1 T_2.3, 6;
    %jmp T_2.4;
T_2.0 ;
    %load/vec4 v0x560a63d19160_0;
    %store/vec4 v0x560a63d181b0_0, 0, 1;
    %load/vec4 v0x560a63d18d40_0;
    %store/vec4 v0x560a63d17e50_0, 0, 32;
    %load/vec4 v0x560a63d18ee0_0;
    %store/vec4 v0x560a63d180d0_0, 0, 3;
    %load/vec4 v0x560a63d18b00_0;
    %store/vec4 v0x560a63d18270_0, 0, 1;
    %pushi/vec4 0, 0, 1;
    %store/vec4 v0x560a63d18330_0, 0, 1;
    %pushi/vec4 0, 0, 1;
    %store/vec4 v0x560a63d183f0_0, 0, 1;
    %load/vec4 v0x560a63d18e20_0;
    %store/vec4 v0x560a63d17f30_0, 0, 1;
    %jmp T_2.4;
T_2.1 ;
    %load/vec4 v0x560a63d19640_0;
    %store/vec4 v0x560a63d181b0_0, 0, 1;
    %load/vec4 v0x560a63d19220_0;
    %store/vec4 v0x560a63d17e50_0, 0, 32;
    %load/vec4 v0x560a63d193c0_0;
    %store/vec4 v0x560a63d180d0_0, 0, 3;
    %pushi/vec4 0, 0, 1;
    %store/vec4 v0x560a63d18270_0, 0, 1;
    %load/vec4 v0x560a63d18b00_0;
    %store/vec4 v0x560a63d18330_0, 0, 1;
    %pushi/vec4 0, 0, 1;
    %store/vec4 v0x560a63d183f0_0, 0, 1;
    %load/vec4 v0x560a63d19300_0;
    %store/vec4 v0x560a63d17f30_0, 0, 1;
    %jmp T_2.4;
T_2.2 ;
    %load/vec4 v0x560a63d19b20_0;
    %store/vec4 v0x560a63d181b0_0, 0, 1;
    %load/vec4 v0x560a63d19700_0;
    %store/vec4 v0x560a63d17e50_0, 0, 32;
    %load/vec4 v0x560a63d198a0_0;
    %store/vec4 v0x560a63d180d0_0, 0, 3;
    %pushi/vec4 0, 0, 1;
    %store/vec4 v0x560a63d18270_0, 0, 1;
    %pushi/vec4 0, 0, 1;
    %store/vec4 v0x560a63d18330_0, 0, 1;
    %load/vec4 v0x560a63d18b00_0;
    %store/vec4 v0x560a63d183f0_0, 0, 1;
    %load/vec4 v0x560a63d197e0_0;
    %store/vec4 v0x560a63d17f30_0, 0, 1;
    %jmp T_2.4;
T_2.3 ;
    %pushi/vec4 0, 0, 1;
    %store/vec4 v0x560a63d181b0_0, 0, 1;
    %pushi/vec4 0, 0, 32;
    %store/vec4 v0x560a63d17e50_0, 0, 32;
    %pushi/vec4 0, 0, 3;
    %store/vec4 v0x560a63d180d0_0, 0, 3;
    %pushi/vec4 0, 0, 1;
    %store/vec4 v0x560a63d18270_0, 0, 1;
    %pushi/vec4 0, 0, 1;
    %store/vec4 v0x560a63d18330_0, 0, 1;
    %pushi/vec4 0, 0, 1;
    %store/vec4 v0x560a63d183f0_0, 0, 1;
    %pushi/vec4 0, 0, 1;
    %store/vec4 v0x560a63d17f30_0, 0, 1;
    %jmp T_2.4;
T_2.4 ;
    %pop/vec4 1;
    %jmp T_2;
    .thread T_2, $push;
# The file index is used to find the file name in the following table.
:file_names 3;
    "N/A";
    "<interactive>";
    "arbiter.v";
