#! /c/Source/iverilog-install/bin/vvp
:ivl_version "12.0 (devel)" "(s20150603-1539-g2693dd32b)";
:ivl_delay_selection "TYPICAL";
:vpi_time_precision + 0;
:vpi_module "C:\iverilog\lib\ivl\system.vpi";
:vpi_module "C:\iverilog\lib\ivl\vhdl_sys.vpi";
:vpi_module "C:\iverilog\lib\ivl\vhdl_textio.vpi";
:vpi_module "C:\iverilog\lib\ivl\v2005_math.vpi";
:vpi_module "C:\iverilog\lib\ivl\va_math.vpi";
S_00000202c5076c40 .scope module, "cnt10" "cnt10" 2 1;
 .timescale 0 0;
    .port_info 0 /INPUT 1 "clk";
    .port_info 1 /INPUT 1 "clr";
    .port_info 2 /INPUT 1 "en";
    .port_info 3 /OUTPUT 1 "c";
    .port_info 4 /OUTPUT 4 "out";
o00000202c4f76fd8 .functor BUFZ 1, C4<z>; HiZ drive
v00000202c5077190_0 .net "c", 0 0, o00000202c4f76fd8;  0 drivers
o00000202c4f77008 .functor BUFZ 1, C4<z>; HiZ drive
v00000202c5076dd0_0 .net "clk", 0 0, o00000202c4f77008;  0 drivers
o00000202c4f77038 .functor BUFZ 1, C4<z>; HiZ drive
v00000202c5076e70_0 .net "clr", 0 0, o00000202c4f77038;  0 drivers
o00000202c4f77068 .functor BUFZ 1, C4<z>; HiZ drive
v00000202c5076f10_0 .net "en", 0 0, o00000202c4f77068;  0 drivers
v00000202c507d660_0 .var "out", 3 0;
E_00000202c5078f80/0 .event negedge, v00000202c5076e70_0;
E_00000202c5078f80/1 .event posedge, v00000202c5076dd0_0;
E_00000202c5078f80 .event/or E_00000202c5078f80/0, E_00000202c5078f80/1;
    .scope S_00000202c5076c40;
T_0 ;
    %wait E_00000202c5078f80;
    %load/vec4 v00000202c5076e70_0;
    %inv;
    %flag_set/vec4 8;
    %jmp/0xz  T_0.0, 8;
    %pushi/vec4 0, 0, 4;
    %assign/vec4 v00000202c507d660_0, 0;
    %jmp T_0.1;
T_0.0 ;
    %load/vec4 v00000202c5076f10_0;
    %flag_set/vec4 8;
    %jmp/0xz  T_0.2, 8;
    %load/vec4 v00000202c507d660_0;
    %cmpi/u 9, 0, 4;
    %flag_inv 5; GE is !LT
    %jmp/0xz  T_0.4, 5;
    %pushi/vec4 0, 0, 4;
    %assign/vec4 v00000202c507d660_0, 0;
    %jmp T_0.5;
T_0.4 ;
    %load/vec4 v00000202c507d660_0;
    %addi 1, 0, 4;
    %assign/vec4 v00000202c507d660_0, 0;
T_0.5 ;
    %jmp T_0.3;
T_0.2 ;
    %load/vec4 v00000202c507d660_0;
    %assign/vec4 v00000202c507d660_0, 0;
T_0.3 ;
T_0.1 ;
    %jmp T_0;
    .thread T_0;
# The file index is used to find the file name in the following table.
:file_names 3;
    "N/A";
    "<interactive>";
    "cnt10.v";
