#! /c/Source/iverilog-install/bin/vvp
:ivl_version "12.0 (devel)" "(s20150603-1539-g2693dd32b)";
:ivl_delay_selection "TYPICAL";
:vpi_time_precision - 10;
:vpi_module "C:\iverilog\lib\ivl\system.vpi";
:vpi_module "C:\iverilog\lib\ivl\vhdl_sys.vpi";
:vpi_module "C:\iverilog\lib\ivl\vhdl_textio.vpi";
:vpi_module "C:\iverilog\lib\ivl\v2005_math.vpi";
:vpi_module "C:\iverilog\lib\ivl\va_math.vpi";
S_0000020046516930 .scope module, "cnt10_tb" "cnt10_tb" 2 3;
 .timescale -9 -10;
v00000200465136e0_0 .net "c", 0 0, L_00000200464cbcf0;  1 drivers
v0000020046513780_0 .var "clk", 0 0;
v0000020046513820_0 .var "clr", 0 0;
v00000200465138c0_0 .var "en", 0 0;
v0000020046513960_0 .net "out", 3 0, v0000020046513640_0;  1 drivers
S_0000020046516ac0 .scope module, "c1" "cnt10" 2 10, 3 2 0, S_0000020046516930;
 .timescale -9 -10;
    .port_info 0 /INPUT 1 "clk";
    .port_info 1 /INPUT 1 "clr";
    .port_info 2 /INPUT 1 "en";
    .port_info 3 /OUTPUT 1 "c";
    .port_info 4 /OUTPUT 4 "out";
L_00000200464cbcf0 .functor AND 1, L_000002004655c480, L_000002004655c3e0, C4<1>, C4<1>;
v00000200464c71f0_0 .net *"_ivl_1", 0 0, L_000002004655c480;  1 drivers
v00000200464c6f90_0 .net *"_ivl_3", 0 0, L_000002004655c3e0;  1 drivers
v00000200464cbc50_0 .net "c", 0 0, L_00000200464cbcf0;  alias, 1 drivers
v0000020046506240_0 .net "clk", 0 0, v0000020046513780_0;  1 drivers
v0000020046516c50_0 .net "clr", 0 0, v0000020046513820_0;  1 drivers
v0000020046516cf0_0 .net "en", 0 0, v00000200465138c0_0;  1 drivers
v0000020046513640_0 .var "out", 3 0;
E_00000200464cb150/0 .event negedge, v0000020046516c50_0;
E_00000200464cb150/1 .event posedge, v0000020046506240_0;
E_00000200464cb150 .event/or E_00000200464cb150/0, E_00000200464cb150/1;
L_000002004655c480 .part v0000020046513640_0, 3, 1;
L_000002004655c3e0 .part v0000020046513640_0, 0, 1;
    .scope S_0000020046516ac0;
T_0 ;
    %wait E_00000200464cb150;
    %load/vec4 v0000020046516c50_0;
    %inv;
    %flag_set/vec4 8;
    %jmp/0xz  T_0.0, 8;
    %pushi/vec4 0, 0, 4;
    %assign/vec4 v0000020046513640_0, 0;
    %jmp T_0.1;
T_0.0 ;
    %load/vec4 v0000020046516cf0_0;
    %flag_set/vec4 8;
    %jmp/0xz  T_0.2, 8;
    %load/vec4 v0000020046513640_0;
    %cmpi/u 9, 0, 4;
    %flag_inv 5; GE is !LT
    %jmp/0xz  T_0.4, 5;
    %pushi/vec4 0, 0, 4;
    %assign/vec4 v0000020046513640_0, 0;
    %jmp T_0.5;
T_0.4 ;
    %load/vec4 v0000020046513640_0;
    %addi 1, 0, 4;
    %assign/vec4 v0000020046513640_0, 0;
T_0.5 ;
    %jmp T_0.3;
T_0.2 ;
    %load/vec4 v0000020046513640_0;
    %assign/vec4 v0000020046513640_0, 0;
T_0.3 ;
T_0.1 ;
    %jmp T_0;
    .thread T_0;
    .scope S_0000020046516930;
T_1 ;
    %vpi_call 2 19 "$dumpfile", "cnt10.vcd" {0 0 0};
    %vpi_call 2 20 "$dumpvars" {0 0 0};
    %pushi/vec4 0, 0, 1;
    %assign/vec4 v0000020046513820_0, 0;
    %pushi/vec4 0, 0, 1;
    %assign/vec4 v0000020046513780_0, 0;
    %pushi/vec4 1, 0, 1;
    %assign/vec4 v00000200465138c0_0, 0;
    %delay 250, 0;
    %pushi/vec4 1, 0, 1;
    %assign/vec4 v0000020046513820_0, 0;
    %delay 2350, 0;
    %pushi/vec4 0, 0, 1;
    %assign/vec4 v00000200465138c0_0, 0;
    %delay 500, 0;
    %pushi/vec4 1, 0, 1;
    %assign/vec4 v00000200465138c0_0, 0;
    %delay 10000, 0;
    %vpi_call 2 27 "$finish" {0 0 0};
    %end;
    .thread T_1;
    .scope S_0000020046516930;
T_2 ;
    %delay 100, 0;
    %load/vec4 v0000020046513780_0;
    %inv;
    %assign/vec4 v0000020046513780_0, 0;
    %jmp T_2;
    .thread T_2;
# The file index is used to find the file name in the following table.
:file_names 4;
    "N/A";
    "<interactive>";
    "cnt10_tb.v";
    "./cnt10.v";
