#! /usr/bin/vvp
:ivl_version "11.0 (stable)";
:ivl_delay_selection "TYPICAL";
:vpi_time_precision + 0;
:vpi_module "/usr/lib/x86_64-linux-gnu/ivl/system.vpi";
:vpi_module "/usr/lib/x86_64-linux-gnu/ivl/vhdl_sys.vpi";
:vpi_module "/usr/lib/x86_64-linux-gnu/ivl/vhdl_textio.vpi";
:vpi_module "/usr/lib/x86_64-linux-gnu/ivl/v2005_math.vpi";
:vpi_module "/usr/lib/x86_64-linux-gnu/ivl/va_math.vpi";
S_0x55ae4e25cd30 .scope module, "key" "key" 2 2;
 .timescale 0 0;
    .port_info 0 /INPUT 1 "clk_i";
    .port_info 1 /INPUT 1 "rst_n";
    .port_info 2 /INPUT 1 "key_i";
    .port_info 3 /OUTPUT 1 "key_cap";
P_0x55ae4e25cec0 .param/l "CLK_freq" 0 2 10, +C4<00000101111101011110000100000000>;
P_0x55ae4e25cf00 .param/l "NUM_count" 0 2 13, +C4<000000000000011110100001000111111>;
P_0x55ae4e25cf40 .param/l "S0" 0 2 29, C4<00>;
P_0x55ae4e25cf80 .param/l "S1" 0 2 30, C4<01>;
P_0x55ae4e25cfc0 .param/l "S2" 0 2 31, C4<10>;
P_0x55ae4e25d000 .param/l "S3" 0 2 32, C4<11>;
P_0x55ae4e25d040 .param/l "T_clk" 0 2 11, +C4<00000000000000000000000000001010>;
P_0x55ae4e25d080 .param/l "T_divided" 0 2 12, +C4<00000000100110001001011010000000>;
L_0x55ae4e25b020 .functor AND 1, L_0x55ae4e2a5780, L_0x55ae4e2a58d0, C4<1>, C4<1>;
v0x55ae4e26bfb0_0 .net *"_ivl_0", 32 0, L_0x55ae4e2954b0;  1 drivers
v0x55ae4e26be30_0 .net *"_ivl_10", 0 0, L_0x55ae4e2a5780;  1 drivers
L_0x7f57df6540f0 .functor BUFT 1, C4<01>, C4<0>, C4<0>, C4<0>;
v0x55ae4e25aa80_0 .net/2u *"_ivl_12", 1 0, L_0x7f57df6540f0;  1 drivers
v0x55ae4e25ab80_0 .net *"_ivl_14", 0 0, L_0x55ae4e2a58d0;  1 drivers
v0x55ae4e25b140_0 .net *"_ivl_17", 0 0, L_0x55ae4e25b020;  1 drivers
L_0x7f57df654138 .functor BUFT 1, C4<01>, C4<0>, C4<0>, C4<0>;
v0x55ae4e25b210_0 .net/2s *"_ivl_18", 1 0, L_0x7f57df654138;  1 drivers
L_0x7f57df654180 .functor BUFT 1, C4<00>, C4<0>, C4<0>, C4<0>;
v0x55ae4e284680_0 .net/2s *"_ivl_20", 1 0, L_0x7f57df654180;  1 drivers
v0x55ae4e284760_0 .net *"_ivl_22", 1 0, L_0x55ae4e2a5b40;  1 drivers
L_0x7f57df654018 .functor BUFT 1, C4<000>, C4<0>, C4<0>, C4<0>;
v0x55ae4e284840_0 .net *"_ivl_3", 2 0, L_0x7f57df654018;  1 drivers
L_0x7f57df654060 .functor BUFT 1, C4<000000000000011110100001000111111>, C4<0>, C4<0>, C4<0>;
v0x55ae4e284920_0 .net/2u *"_ivl_4", 32 0, L_0x7f57df654060;  1 drivers
L_0x7f57df6540a8 .functor BUFT 1, C4<10>, C4<0>, C4<0>, C4<0>;
v0x55ae4e284a00_0 .net/2u *"_ivl_8", 1 0, L_0x7f57df6540a8;  1 drivers
o0x7f57df69d228 .functor BUFZ 1, C4<z>; HiZ drive
v0x55ae4e284ae0_0 .net "clk_i", 0 0, o0x7f57df69d228;  0 drivers
v0x55ae4e284ba0_0 .var "counter", 29 0;
v0x55ae4e284c80_0 .var "cstate", 1 0;
v0x55ae4e294e20_0 .var "cstate_r", 1 0;
v0x55ae4e294f20_0 .net "flag_dividedT", 0 0, L_0x55ae4e2a5610;  1 drivers
v0x55ae4e295000_0 .net "key_cap", 0 0, L_0x55ae4e2a5cd0;  1 drivers
o0x7f57df69d348 .functor BUFZ 1, C4<z>; HiZ drive
v0x55ae4e2951d0_0 .net "key_i", 0 0, o0x7f57df69d348;  0 drivers
v0x55ae4e295290_0 .var "nstate", 1 0;
o0x7f57df69d3a8 .functor BUFZ 1, C4<z>; HiZ drive
v0x55ae4e295370_0 .net "rst_n", 0 0, o0x7f57df69d3a8;  0 drivers
E_0x55ae4e26c7f0/0 .event negedge, v0x55ae4e295370_0;
E_0x55ae4e26c7f0/1 .event posedge, v0x55ae4e284ae0_0;
E_0x55ae4e26c7f0 .event/or E_0x55ae4e26c7f0/0, E_0x55ae4e26c7f0/1;
E_0x55ae4e231480 .event edge, v0x55ae4e284c80_0, v0x55ae4e2951d0_0;
L_0x55ae4e2954b0 .concat [ 30 3 0 0], v0x55ae4e284ba0_0, L_0x7f57df654018;
L_0x55ae4e2a5610 .cmp/eq 33, L_0x55ae4e2954b0, L_0x7f57df654060;
L_0x55ae4e2a5780 .cmp/eq 2, v0x55ae4e284c80_0, L_0x7f57df6540a8;
L_0x55ae4e2a58d0 .cmp/eq 2, v0x55ae4e294e20_0, L_0x7f57df6540f0;
L_0x55ae4e2a5b40 .functor MUXZ 2, L_0x7f57df654180, L_0x7f57df654138, L_0x55ae4e25b020, C4<>;
L_0x55ae4e2a5cd0 .part L_0x55ae4e2a5b40, 0, 1;
    .scope S_0x55ae4e25cd30;
T_0 ;
    %wait E_0x55ae4e26c7f0;
    %load/vec4 v0x55ae4e295370_0;
    %inv;
    %flag_set/vec4 8;
    %jmp/0xz  T_0.0, 8;
    %pushi/vec4 0, 0, 30;
    %assign/vec4 v0x55ae4e284ba0_0, 0;
    %jmp T_0.1;
T_0.0 ;
    %load/vec4 v0x55ae4e284ba0_0;
    %pad/u 33;
    %cmpi/u 999999, 0, 33;
    %jmp/0xz  T_0.2, 5;
    %load/vec4 v0x55ae4e284ba0_0;
    %addi 1, 0, 30;
    %assign/vec4 v0x55ae4e284ba0_0, 0;
    %jmp T_0.3;
T_0.2 ;
    %pushi/vec4 0, 0, 30;
    %assign/vec4 v0x55ae4e284ba0_0, 0;
T_0.3 ;
T_0.1 ;
    %jmp T_0;
    .thread T_0;
    .scope S_0x55ae4e25cd30;
T_1 ;
    %wait E_0x55ae4e26c7f0;
    %load/vec4 v0x55ae4e295370_0;
    %inv;
    %flag_set/vec4 8;
    %jmp/0xz  T_1.0, 8;
    %pushi/vec4 0, 0, 2;
    %assign/vec4 v0x55ae4e284c80_0, 0;
    %jmp T_1.1;
T_1.0 ;
    %load/vec4 v0x55ae4e284c80_0;
    %assign/vec4 v0x55ae4e284c80_0, 0;
T_1.1 ;
    %jmp T_1;
    .thread T_1;
    .scope S_0x55ae4e25cd30;
T_2 ;
    %wait E_0x55ae4e231480;
    %load/vec4 v0x55ae4e284c80_0;
    %dup/vec4;
    %pushi/vec4 0, 0, 2;
    %cmp/u;
    %jmp/1 T_2.0, 6;
    %dup/vec4;
    %pushi/vec4 1, 0, 2;
    %cmp/u;
    %jmp/1 T_2.1, 6;
    %dup/vec4;
    %pushi/vec4 2, 0, 2;
    %cmp/u;
    %jmp/1 T_2.2, 6;
    %dup/vec4;
    %pushi/vec4 3, 0, 2;
    %cmp/u;
    %jmp/1 T_2.3, 6;
    %jmp T_2.4;
T_2.0 ;
    %load/vec4 v0x55ae4e2951d0_0;
    %cmpi/e 1, 0, 1;
    %flag_mov 8, 4;
    %jmp/0 T_2.5, 8;
    %pushi/vec4 0, 0, 2;
    %jmp/1 T_2.6, 8;
T_2.5 ; End of true expr.
    %pushi/vec4 1, 0, 2;
    %jmp/0 T_2.6, 8;
 ; End of false expr.
    %blend;
T_2.6;
    %store/vec4 v0x55ae4e295290_0, 0, 2;
    %jmp T_2.4;
T_2.1 ;
    %load/vec4 v0x55ae4e2951d0_0;
    %cmpi/e 1, 0, 1;
    %flag_mov 8, 4;
    %jmp/0 T_2.7, 8;
    %pushi/vec4 0, 0, 2;
    %jmp/1 T_2.8, 8;
T_2.7 ; End of true expr.
    %pushi/vec4 2, 0, 2;
    %jmp/0 T_2.8, 8;
 ; End of false expr.
    %blend;
T_2.8;
    %store/vec4 v0x55ae4e295290_0, 0, 2;
    %jmp T_2.4;
T_2.2 ;
    %load/vec4 v0x55ae4e2951d0_0;
    %cmpi/e 0, 0, 1;
    %flag_mov 8, 4;
    %jmp/0 T_2.9, 8;
    %pushi/vec4 2, 0, 2;
    %jmp/1 T_2.10, 8;
T_2.9 ; End of true expr.
    %pushi/vec4 3, 0, 2;
    %jmp/0 T_2.10, 8;
 ; End of false expr.
    %blend;
T_2.10;
    %store/vec4 v0x55ae4e295290_0, 0, 2;
    %jmp T_2.4;
T_2.3 ;
    %load/vec4 v0x55ae4e2951d0_0;
    %cmpi/e 1, 0, 1;
    %flag_mov 8, 4;
    %jmp/0 T_2.11, 8;
    %pushi/vec4 0, 0, 2;
    %jmp/1 T_2.12, 8;
T_2.11 ; End of true expr.
    %pushi/vec4 2, 0, 2;
    %jmp/0 T_2.12, 8;
 ; End of false expr.
    %blend;
T_2.12;
    %store/vec4 v0x55ae4e295290_0, 0, 2;
    %jmp T_2.4;
T_2.4 ;
    %pop/vec4 1;
    %jmp T_2;
    .thread T_2, $push;
    .scope S_0x55ae4e25cd30;
T_3 ;
    %wait E_0x55ae4e26c7f0;
    %load/vec4 v0x55ae4e295370_0;
    %inv;
    %flag_set/vec4 8;
    %jmp/0xz  T_3.0, 8;
    %pushi/vec4 0, 0, 2;
    %assign/vec4 v0x55ae4e294e20_0, 0;
    %jmp T_3.1;
T_3.0 ;
    %load/vec4 v0x55ae4e284c80_0;
    %assign/vec4 v0x55ae4e294e20_0, 0;
T_3.1 ;
    %jmp T_3;
    .thread T_3;
# The file index is used to find the file name in the following table.
:file_names 3;
    "N/A";
    "<interactive>";
    "key.v";
