#! /c/Source/iverilog-install/bin/vvp
:ivl_version "12.0 (devel)" "(s20150603-1539-g2693dd32b)";
:ivl_delay_selection "TYPICAL";
:vpi_time_precision + 0;
:vpi_module "C:\iverilog\lib\ivl\system.vpi";
:vpi_module "C:\iverilog\lib\ivl\vhdl_sys.vpi";
:vpi_module "C:\iverilog\lib\ivl\vhdl_textio.vpi";
:vpi_module "C:\iverilog\lib\ivl\v2005_math.vpi";
:vpi_module "C:\iverilog\lib\ivl\va_math.vpi";
S_0000020be5ce8e50 .scope module, "pwm_breath" "pwm_breath" 2 1;
 .timescale 0 0;
    .port_info 0 /INPUT 1 "clk_i";
    .port_info 1 /INPUT 1 "rst_n";
    .port_info 2 /OUTPUT 4 "led_o";
P_0000020be5cc26e0 .param/l "BRIGHT_division" 0 2 3, +C4<00000000000000000000001111101000>;
P_0000020be5cc2718 .param/l "CLK_DIV_1u" 0 2 12, +C4<00000000000000000000000001100100>;
P_0000020be5cc2750 .param/l "CLK_frequency" 0 2 4, +C4<00000101111101011110000100000000>;
P_0000020be5cc2788 .param/l "CNT_NUM_1PWM" 0 2 27, +C4<000000000000000000000001111100111>;
P_0000020be5cc27c0 .param/l "CNT_NUM_1u" 0 2 13, +C4<000000000000000000000000001100011>;
P_0000020be5cc27f8 .param/l "CNT_NUM_LED" 0 2 46, +C4<000000000000000000000001111100111>;
L_0000020be5cfa850 .functor AND 1, L_0000020be5cf39c0, L_0000020be5cf3920, C4<1>, C4<1>;
L_0000020be5cfad90 .functor AND 1, L_0000020be5cf3b00, L_0000020be5cfa850, C4<1>, C4<1>;
v0000020be5cea8b0_0 .net *"_ivl_0", 32 0, L_0000020be5cf4460;  1 drivers
L_0000020be5d44078 .functor BUFT 1, C4<0000000000000000000000>, C4<0>, C4<0>, C4<0>;
v0000020be5cea450_0 .net *"_ivl_11", 21 0, L_0000020be5d44078;  1 drivers
L_0000020be5d440c0 .functor BUFT 1, C4<000000000000000000000001111100111>, C4<0>, C4<0>, C4<0>;
v0000020be5cea6d0_0 .net/2u *"_ivl_12", 32 0, L_0000020be5d440c0;  1 drivers
v0000020be5cea4f0_0 .net *"_ivl_14", 0 0, L_0000020be5cf39c0;  1 drivers
v0000020be5cea310_0 .net *"_ivl_18", 32 0, L_0000020be5cf3a60;  1 drivers
L_0000020be5d44108 .functor BUFT 1, C4<0000000000000000000000>, C4<0>, C4<0>, C4<0>;
v0000020be5cea950_0 .net *"_ivl_21", 21 0, L_0000020be5d44108;  1 drivers
L_0000020be5d44150 .functor BUFT 1, C4<000000000000000000000001111100111>, C4<0>, C4<0>, C4<0>;
v0000020be5cea270_0 .net/2u *"_ivl_22", 32 0, L_0000020be5d44150;  1 drivers
v0000020be5cea810_0 .net *"_ivl_24", 0 0, L_0000020be5cf3b00;  1 drivers
v0000020be5cea770_0 .net *"_ivl_28", 0 0, L_0000020be5cf27a0;  1 drivers
L_0000020be5d43fe8 .functor BUFT 1, C4<0000000000000000000000>, C4<0>, C4<0>, C4<0>;
v0000020be5cea590_0 .net *"_ivl_3", 21 0, L_0000020be5d43fe8;  1 drivers
v0000020be5cea3b0_0 .net *"_ivl_30", 0 0, L_0000020be5cf3240;  1 drivers
L_0000020be5d44030 .functor BUFT 1, C4<000000000000000000000000001100011>, C4<0>, C4<0>, C4<0>;
v0000020be5cea630_0 .net/2u *"_ivl_4", 32 0, L_0000020be5d44030;  1 drivers
v0000020be5cf36a0_0 .net *"_ivl_8", 32 0, L_0000020be5cf4500;  1 drivers
v0000020be5cf2e80_0 .var "breath", 0 0;
o0000020be5cfb208 .functor BUFZ 1, C4<z>; HiZ drive
v0000020be5cf2fc0_0 .net "clk_i", 0 0, o0000020be5cfb208;  0 drivers
v0000020be5cf43c0_0 .var "cnt_1pwm", 10 0;
v0000020be5cf4280_0 .var "cnt_1u", 10 0;
v0000020be5cf3740_0 .var "cnt_led", 10 0;
v0000020be5cf3100_0 .net "flag_1pwm", 0 0, L_0000020be5cfa850;  1 drivers
v0000020be5cf37e0_0 .net "flag_1u", 0 0, L_0000020be5cf3920;  1 drivers
v0000020be5cf4320_0 .net "flag_led", 0 0, L_0000020be5cfad90;  1 drivers
v0000020be5cf2f20_0 .net "led_o", 3 0, L_0000020be5cf3ba0;  1 drivers
v0000020be5cf32e0_0 .net "pwm_out", 0 0, L_0000020be5cf31a0;  1 drivers
o0000020be5cfb3b8 .functor BUFZ 1, C4<z>; HiZ drive
v0000020be5cf3880_0 .net "rst_n", 0 0, o0000020be5cfb3b8;  0 drivers
E_0000020be5caaa50/0 .event negedge, v0000020be5cf3880_0;
E_0000020be5caaa50/1 .event posedge, v0000020be5cf2fc0_0;
E_0000020be5caaa50 .event/or E_0000020be5caaa50/0, E_0000020be5caaa50/1;
L_0000020be5cf4460 .concat [ 11 22 0 0], v0000020be5cf4280_0, L_0000020be5d43fe8;
L_0000020be5cf3920 .cmp/eq 33, L_0000020be5cf4460, L_0000020be5d44030;
L_0000020be5cf4500 .concat [ 11 22 0 0], v0000020be5cf43c0_0, L_0000020be5d44078;
L_0000020be5cf39c0 .cmp/eq 33, L_0000020be5cf4500, L_0000020be5d440c0;
L_0000020be5cf3a60 .concat [ 11 22 0 0], v0000020be5cf3740_0, L_0000020be5d44108;
L_0000020be5cf3b00 .cmp/eq 33, L_0000020be5cf3a60, L_0000020be5d44150;
L_0000020be5cf27a0 .cmp/ge 11, v0000020be5cf43c0_0, v0000020be5cf3740_0;
L_0000020be5cf3240 .cmp/gt 11, v0000020be5cf3740_0, v0000020be5cf43c0_0;
L_0000020be5cf31a0 .functor MUXZ 1, L_0000020be5cf3240, L_0000020be5cf27a0, v0000020be5cf2e80_0, C4<>;
L_0000020be5cf3ba0 .concat [ 1 1 1 1], L_0000020be5cf31a0, L_0000020be5cf31a0, L_0000020be5cf31a0, L_0000020be5cf31a0;
    .scope S_0000020be5ce8e50;
T_0 ;
    %wait E_0000020be5caaa50;
    %load/vec4 v0000020be5cf3880_0;
    %inv;
    %flag_set/vec4 8;
    %jmp/0xz  T_0.0, 8;
    %pushi/vec4 0, 0, 11;
    %assign/vec4 v0000020be5cf4280_0, 0;
    %jmp T_0.1;
T_0.0 ;
    %load/vec4 v0000020be5cf4280_0;
    %pad/u 33;
    %cmpi/u 99, 0, 33;
    %flag_mov 8, 5;
    %jmp/0 T_0.2, 8;
    %load/vec4 v0000020be5cf4280_0;
    %addi 1, 0, 11;
    %jmp/1 T_0.3, 8;
T_0.2 ; End of true expr.
    %pushi/vec4 0, 0, 11;
    %jmp/0 T_0.3, 8;
 ; End of false expr.
    %blend;
T_0.3;
    %assign/vec4 v0000020be5cf4280_0, 0;
T_0.1 ;
    %jmp T_0;
    .thread T_0;
    .scope S_0000020be5ce8e50;
T_1 ;
    %wait E_0000020be5caaa50;
    %load/vec4 v0000020be5cf3880_0;
    %inv;
    %flag_set/vec4 8;
    %jmp/0xz  T_1.0, 8;
    %pushi/vec4 0, 0, 11;
    %assign/vec4 v0000020be5cf43c0_0, 0;
    %jmp T_1.1;
T_1.0 ;
    %load/vec4 v0000020be5cf37e0_0;
    %flag_set/vec4 8;
    %jmp/0xz  T_1.2, 8;
    %load/vec4 v0000020be5cf43c0_0;
    %pad/u 33;
    %cmpi/u 999, 0, 33;
    %flag_mov 8, 5;
    %jmp/0 T_1.4, 8;
    %load/vec4 v0000020be5cf43c0_0;
    %addi 1, 0, 11;
    %jmp/1 T_1.5, 8;
T_1.4 ; End of true expr.
    %pushi/vec4 0, 0, 11;
    %jmp/0 T_1.5, 8;
 ; End of false expr.
    %blend;
T_1.5;
    %assign/vec4 v0000020be5cf43c0_0, 0;
    %jmp T_1.3;
T_1.2 ;
    %load/vec4 v0000020be5cf43c0_0;
    %assign/vec4 v0000020be5cf43c0_0, 0;
T_1.3 ;
T_1.1 ;
    %jmp T_1;
    .thread T_1;
    .scope S_0000020be5ce8e50;
T_2 ;
    %wait E_0000020be5caaa50;
    %load/vec4 v0000020be5cf3880_0;
    %inv;
    %flag_set/vec4 8;
    %jmp/0xz  T_2.0, 8;
    %pushi/vec4 0, 0, 11;
    %assign/vec4 v0000020be5cf3740_0, 0;
    %jmp T_2.1;
T_2.0 ;
    %load/vec4 v0000020be5cf3100_0;
    %flag_set/vec4 8;
    %jmp/0xz  T_2.2, 8;
    %load/vec4 v0000020be5cf3740_0;
    %pad/u 33;
    %cmpi/u 999, 0, 33;
    %flag_mov 8, 5;
    %jmp/0 T_2.4, 8;
    %load/vec4 v0000020be5cf3740_0;
    %addi 1, 0, 11;
    %jmp/1 T_2.5, 8;
T_2.4 ; End of true expr.
    %pushi/vec4 0, 0, 11;
    %jmp/0 T_2.5, 8;
 ; End of false expr.
    %blend;
T_2.5;
    %assign/vec4 v0000020be5cf3740_0, 0;
    %jmp T_2.3;
T_2.2 ;
    %load/vec4 v0000020be5cf3740_0;
    %assign/vec4 v0000020be5cf3740_0, 0;
T_2.3 ;
T_2.1 ;
    %jmp T_2;
    .thread T_2;
    .scope S_0000020be5ce8e50;
T_3 ;
    %wait E_0000020be5caaa50;
    %load/vec4 v0000020be5cf3880_0;
    %inv;
    %flag_set/vec4 8;
    %jmp/0xz  T_3.0, 8;
    %pushi/vec4 0, 0, 1;
    %assign/vec4 v0000020be5cf2e80_0, 0;
    %jmp T_3.1;
T_3.0 ;
    %load/vec4 v0000020be5cf4320_0;
    %flag_set/vec4 8;
    %jmp/0xz  T_3.2, 8;
    %load/vec4 v0000020be5cf2e80_0;
    %inv;
    %assign/vec4 v0000020be5cf2e80_0, 0;
T_3.2 ;
T_3.1 ;
    %jmp T_3;
    .thread T_3;
# The file index is used to find the file name in the following table.
:file_names 3;
    "N/A";
    "<interactive>";
    "pwm_breath.v";
