#! /usr/bin/vvp
:ivl_version "11.0 (stable)";
:ivl_delay_selection "TYPICAL";
:vpi_time_precision - 10;
:vpi_module "/usr/lib/x86_64-linux-gnu/ivl/system.vpi";
:vpi_module "/usr/lib/x86_64-linux-gnu/ivl/vhdl_sys.vpi";
:vpi_module "/usr/lib/x86_64-linux-gnu/ivl/vhdl_textio.vpi";
:vpi_module "/usr/lib/x86_64-linux-gnu/ivl/v2005_math.vpi";
:vpi_module "/usr/lib/x86_64-linux-gnu/ivl/va_math.vpi";
S_0x5580e5510bd0 .scope module, "SCFIFO2_tb" "SCFIFO2_tb" 2 4;
 .timescale -9 -10;
P_0x5580e54ffb40 .param/l "DATA_DEPTH" 0 2 7, C4<00000000000000000000000001000000>;
P_0x5580e54ffb80 .param/l "DATA_WIDTH" 0 2 6, C4<00000000000000000000000000100000>;
v0x5580e55312a0_0 .net "FIFO_margin_o", 5 0, L_0x5580e5532390;  1 drivers
v0x5580e5531380_0 .var "clk", 0 0;
v0x5580e5531450_0 .var "data_in", 31 0;
v0x5580e5531550_0 .net "data_out", 31 0, v0x5580e5530720_0;  1 drivers
v0x5580e5531620_0 .net "empty", 0 0, L_0x5580e55325c0;  1 drivers
v0x5580e55316c0_0 .net "full", 0 0, L_0x5580e5532ad0;  1 drivers
v0x5580e5531790_0 .var "rd_en", 0 0;
v0x5580e5531860_0 .var "rst_n", 0 0;
v0x5580e5531930_0 .var "wr_en", 0 0;
E_0x5580e550cca0 .event negedge, v0x5580e5530580_0;
S_0x5580e5510e00 .scope module, "SCFIFO2_inst" "SCFIFO2" 2 27, 3 3 0, S_0x5580e5510bd0;
 .timescale -9 -10;
    .port_info 0 /INPUT 1 "clk";
    .port_info 1 /INPUT 1 "rst_n";
    .port_info 2 /INPUT 32 "data_in";
    .port_info 3 /INPUT 1 "rd_en";
    .port_info 4 /INPUT 1 "wr_en";
    .port_info 5 /OUTPUT 32 "data_out";
    .port_info 6 /OUTPUT 1 "empty";
    .port_info 7 /OUTPUT 1 "full";
    .port_info 8 /OUTPUT 6 "FIFO_margin_o";
P_0x5580e5501600 .param/l "DATA_DEPTH" 0 3 6, C4<00000000000000000000000001000000>;
P_0x5580e5501640 .param/l "DATA_WIDTH" 0 3 5, C4<00000000000000000000000000100000>;
L_0x5580e5500770 .functor BUFZ 7, v0x5580e5530f00_0, C4<0000000>, C4<0000000>, C4<0000000>;
L_0x5580e5500ce0 .functor BUFZ 7, v0x5580e5530b00_0, C4<0000000>, C4<0000000>, C4<0000000>;
L_0x5580e54fe800 .functor NOT 1, L_0x5580e55325c0, C4<0>, C4<0>, C4<0>;
L_0x5580e5531f40 .functor XOR 1, L_0x5580e5531a00, L_0x5580e5531bd0, C4<0>, C4<0>;
L_0x5580e5532970 .functor AND 1, L_0x5580e5531f40, L_0x5580e5532830, C4<1>, C4<1>;
v0x5580e5511190_0 .net "FIFO_margin_o", 5 0, L_0x5580e5532390;  alias, 1 drivers
v0x5580e5500890_0 .net *"_ivl_10", 0 0, L_0x5580e54fe800;  1 drivers
L_0x7f59e11bd018 .functor BUFT 1, C4<1000000>, C4<0>, C4<0>, C4<0>;
v0x5580e5500e40_0 .net/2u *"_ivl_12", 6 0, L_0x7f59e11bd018;  1 drivers
v0x5580e54fe960_0 .net *"_ivl_14", 6 0, L_0x5580e5531ea0;  1 drivers
v0x5580e54fea00_0 .net *"_ivl_16", 6 0, L_0x5580e5532080;  1 drivers
L_0x7f59e11bd060 .functor BUFT 1, C4<0111111>, C4<0>, C4<0>, C4<0>;
v0x5580e552fb80_0 .net/2u *"_ivl_18", 6 0, L_0x7f59e11bd060;  1 drivers
v0x5580e552fc60_0 .net *"_ivl_20", 6 0, L_0x5580e5532200;  1 drivers
v0x5580e552fd40_0 .net *"_ivl_24", 0 0, L_0x5580e5532520;  1 drivers
L_0x7f59e11bd0a8 .functor BUFT 1, C4<1>, C4<0>, C4<0>, C4<0>;
v0x5580e552fe00_0 .net/2u *"_ivl_26", 0 0, L_0x7f59e11bd0a8;  1 drivers
L_0x7f59e11bd0f0 .functor BUFT 1, C4<0>, C4<0>, C4<0>, C4<0>;
v0x5580e552fee0_0 .net/2u *"_ivl_28", 0 0, L_0x7f59e11bd0f0;  1 drivers
v0x5580e552ffc0_0 .net *"_ivl_32", 0 0, L_0x5580e5531f40;  1 drivers
v0x5580e5530080_0 .net *"_ivl_34", 0 0, L_0x5580e5532830;  1 drivers
v0x5580e5530140_0 .net *"_ivl_37", 0 0, L_0x5580e5532970;  1 drivers
L_0x7f59e11bd138 .functor BUFT 1, C4<1>, C4<0>, C4<0>, C4<0>;
v0x5580e5530200_0 .net/2u *"_ivl_38", 0 0, L_0x7f59e11bd138;  1 drivers
v0x5580e55302e0_0 .net *"_ivl_4", 6 0, L_0x5580e5500770;  1 drivers
L_0x7f59e11bd180 .functor BUFT 1, C4<0>, C4<0>, C4<0>, C4<0>;
v0x5580e55303c0_0 .net/2u *"_ivl_40", 0 0, L_0x7f59e11bd180;  1 drivers
v0x5580e55304a0_0 .net *"_ivl_9", 6 0, L_0x5580e5500ce0;  1 drivers
v0x5580e5530580_0 .net "clk", 0 0, v0x5580e5531380_0;  1 drivers
v0x5580e5530640_0 .net "data_in", 31 0, v0x5580e5531450_0;  1 drivers
v0x5580e5530720_0 .var "data_out", 31 0;
v0x5580e5530800_0 .net "empty", 0 0, L_0x5580e55325c0;  alias, 1 drivers
v0x5580e55308c0 .array "fifo_buffer", 0 63, 31 0;
v0x5580e5530980_0 .net "full", 0 0, L_0x5580e5532ad0;  alias, 1 drivers
v0x5580e5530a40_0 .net "rd_en", 0 0, v0x5580e5531790_0;  1 drivers
v0x5580e5530b00_0 .var "rd_ptr", 6 0;
v0x5580e5530be0_0 .net "rd_ptr_msb", 0 0, L_0x5580e5531bd0;  1 drivers
v0x5580e5530ca0_0 .net "rd_ptr_true", 5 0, L_0x5580e5531cd0;  1 drivers
v0x5580e5530d80_0 .net "rst_n", 0 0, v0x5580e5531860_0;  1 drivers
v0x5580e5530e40_0 .net "wr_en", 0 0, v0x5580e5531930_0;  1 drivers
v0x5580e5530f00_0 .var "wr_ptr", 6 0;
v0x5580e5530fe0_0 .net "wr_ptr_msb", 0 0, L_0x5580e5531a00;  1 drivers
v0x5580e55310a0_0 .net "wr_ptr_true", 5 0, L_0x5580e5531b00;  1 drivers
E_0x5580e550c590/0 .event negedge, v0x5580e5530d80_0;
E_0x5580e550c590/1 .event posedge, v0x5580e5530580_0;
E_0x5580e550c590 .event/or E_0x5580e550c590/0, E_0x5580e550c590/1;
L_0x5580e5531a00 .part L_0x5580e5500770, 6, 1;
L_0x5580e5531b00 .part L_0x5580e5500770, 0, 6;
L_0x5580e5531bd0 .part L_0x5580e5500ce0, 6, 1;
L_0x5580e5531cd0 .part L_0x5580e5500ce0, 0, 6;
L_0x5580e5531ea0 .arith/sub 7, v0x5580e5530f00_0, v0x5580e5530b00_0;
L_0x5580e5532080 .arith/sub 7, L_0x7f59e11bd018, L_0x5580e5531ea0;
L_0x5580e5532200 .functor MUXZ 7, L_0x7f59e11bd060, L_0x5580e5532080, L_0x5580e54fe800, C4<>;
L_0x5580e5532390 .part L_0x5580e5532200, 0, 6;
L_0x5580e5532520 .cmp/eq 7, v0x5580e5530f00_0, v0x5580e5530b00_0;
L_0x5580e55325c0 .functor MUXZ 1, L_0x7f59e11bd0f0, L_0x7f59e11bd0a8, L_0x5580e5532520, C4<>;
L_0x5580e5532830 .cmp/eq 6, L_0x5580e5531b00, L_0x5580e5531cd0;
L_0x5580e5532ad0 .functor MUXZ 1, L_0x7f59e11bd180, L_0x7f59e11bd138, L_0x5580e5532970, C4<>;
    .scope S_0x5580e5510e00;
T_0 ;
    %wait E_0x5580e550c590;
    %load/vec4 v0x5580e5530d80_0;
    %cmpi/e 0, 0, 1;
    %jmp/0xz  T_0.0, 4;
    %pushi/vec4 0, 0, 7;
    %assign/vec4 v0x5580e5530b00_0, 0;
    %jmp T_0.1;
T_0.0 ;
    %load/vec4 v0x5580e5530a40_0;
    %load/vec4 v0x5580e5530800_0;
    %nor/r;
    %and;
    %flag_set/vec4 8;
    %jmp/0xz  T_0.2, 8;
    %load/vec4 v0x5580e5530ca0_0;
    %pad/u 8;
    %ix/vec4 4;
    %load/vec4a v0x5580e55308c0, 4;
    %assign/vec4 v0x5580e5530720_0, 0;
    %load/vec4 v0x5580e5530b00_0;
    %addi 1, 0, 7;
    %assign/vec4 v0x5580e5530b00_0, 0;
T_0.2 ;
T_0.1 ;
    %jmp T_0;
    .thread T_0;
    .scope S_0x5580e5510e00;
T_1 ;
    %wait E_0x5580e550c590;
    %load/vec4 v0x5580e5530d80_0;
    %nor/r;
    %flag_set/vec4 8;
    %jmp/0xz  T_1.0, 8;
    %pushi/vec4 0, 0, 7;
    %assign/vec4 v0x5580e5530f00_0, 0;
    %jmp T_1.1;
T_1.0 ;
    %load/vec4 v0x5580e5530980_0;
    %nor/r;
    %load/vec4 v0x5580e5530e40_0;
    %and;
    %flag_set/vec4 8;
    %jmp/0xz  T_1.2, 8;
    %load/vec4 v0x5580e5530f00_0;
    %addi 1, 0, 7;
    %assign/vec4 v0x5580e5530f00_0, 0;
    %load/vec4 v0x5580e5530640_0;
    %load/vec4 v0x5580e55310a0_0;
    %pad/u 8;
    %ix/vec4 3;
    %ix/load 4, 0, 0; Constant delay
    %assign/vec4/a/d v0x5580e55308c0, 0, 4;
T_1.2 ;
T_1.1 ;
    %jmp T_1;
    .thread T_1;
    .scope S_0x5580e5510bd0;
T_2 ;
    %pushi/vec4 0, 0, 1;
    %store/vec4 v0x5580e5531380_0, 0, 1;
    %pushi/vec4 0, 0, 1;
    %assign/vec4 v0x5580e5531860_0, 0;
    %pushi/vec4 0, 0, 32;
    %assign/vec4 v0x5580e5531450_0, 0;
    %pushi/vec4 0, 0, 1;
    %assign/vec4 v0x5580e5531930_0, 0;
    %pushi/vec4 0, 0, 1;
    %assign/vec4 v0x5580e5531790_0, 0;
    %vpi_call 2 47 "$dumpfile", "SCFIFO2.vcd" {0 0 0};
    %vpi_call 2 48 "$dumpvars" {0 0 0};
    %pushi/vec4 10, 0, 32;
T_2.0 %dup/vec4;
    %pushi/vec4 0, 0, 32;
    %cmp/s;
    %jmp/1xz T_2.1, 5;
    %jmp/1 T_2.1, 4;
    %pushi/vec4 1, 0, 32;
    %sub;
    %wait E_0x5580e550cca0;
    %pushi/vec4 1, 0, 1;
    %assign/vec4 v0x5580e5531860_0, 0;
    %pushi/vec4 1, 0, 1;
    %assign/vec4 v0x5580e5531930_0, 0;
    %vpi_func 2 54 "$random" 32 {0 0 0};
    %assign/vec4 v0x5580e5531450_0, 0;
    %jmp T_2.0;
T_2.1 ;
    %pop/vec4 1;
    %pushi/vec4 10, 0, 32;
T_2.2 %dup/vec4;
    %pushi/vec4 0, 0, 32;
    %cmp/s;
    %jmp/1xz T_2.3, 5;
    %jmp/1 T_2.3, 4;
    %pushi/vec4 1, 0, 32;
    %sub;
    %wait E_0x5580e550cca0;
    %pushi/vec4 0, 0, 1;
    %assign/vec4 v0x5580e5531930_0, 0;
    %pushi/vec4 1, 0, 1;
    %assign/vec4 v0x5580e5531790_0, 0;
    %jmp T_2.2;
T_2.3 ;
    %pop/vec4 1;
    %pushi/vec4 4, 0, 32;
T_2.4 %dup/vec4;
    %pushi/vec4 0, 0, 32;
    %cmp/s;
    %jmp/1xz T_2.5, 5;
    %jmp/1 T_2.5, 4;
    %pushi/vec4 1, 0, 32;
    %sub;
    %wait E_0x5580e550cca0;
    %pushi/vec4 1, 0, 1;
    %assign/vec4 v0x5580e5531930_0, 0;
    %vpi_func 2 68 "$random" 32 {0 0 0};
    %assign/vec4 v0x5580e5531450_0, 0;
    %pushi/vec4 0, 0, 1;
    %assign/vec4 v0x5580e5531790_0, 0;
    %jmp T_2.4;
T_2.5 ;
    %pop/vec4 1;
    %delay 10000, 0;
    %vpi_call 2 80 "$finish" {0 0 0};
    %end;
    .thread T_2;
    .scope S_0x5580e5510bd0;
T_3 ;
    %delay 100, 0;
    %load/vec4 v0x5580e5531380_0;
    %inv;
    %store/vec4 v0x5580e5531380_0, 0, 1;
    %jmp T_3;
    .thread T_3;
# The file index is used to find the file name in the following table.
:file_names 4;
    "N/A";
    "<interactive>";
    "SCFIFO2_tb.v";
    "./SCFIFO2.v";
