#! /c/Source/iverilog-install/bin/vvp
:ivl_version "12.0 (devel)" "(s20150603-1539-g2693dd32b)";
:ivl_delay_selection "TYPICAL";
:vpi_time_precision - 10;
:vpi_module "C:\iverilog\lib\ivl\system.vpi";
:vpi_module "C:\iverilog\lib\ivl\vhdl_sys.vpi";
:vpi_module "C:\iverilog\lib\ivl\vhdl_textio.vpi";
:vpi_module "C:\iverilog\lib\ivl\v2005_math.vpi";
:vpi_module "C:\iverilog\lib\ivl\va_math.vpi";
S_000001e49e0a4580 .scope module, "gray_inc_tb" "gray_inc_tb" 2 3;
 .timescale -9 -10;
P_000001e49e0672d0 .param/l "INC" 0 2 5, +C4<00000000000000000000000000000001>;
P_000001e49e067308 .param/l "SIZE" 0 2 4, +C4<00000000000000000000000000000101>;
v000001e49e06c580_0 .var "clk", 0 0;
v000001e49e06c620_0 .net "gray", 4 0, v000001e49e06c440_0;  1 drivers
v000001e49e0fc030_0 .var "rst_n", 0 0;
S_000001e49e06c2b0 .scope module, "g1" "gray_inc" 2 15, 3 3 0, S_000001e49e0a4580;
 .timescale -9 -10;
    .port_info 0 /INPUT 1 "clk";
    .port_info 1 /INPUT 1 "rst_n";
    .port_info 2 /OUTPUT 5 "gray";
P_000001e49e067180 .param/l "INC" 0 3 6, +C4<00000000000000000000000000000001>;
P_000001e49e0671b8 .param/l "SIZE" 0 3 5, +C4<00000000000000000000000000000101>;
v000001e49e0674d0_0 .var "bin", 4 0;
v000001e49e066f90_0 .net "clk", 0 0, v000001e49e06c580_0;  1 drivers
v000001e49e06c440_0 .var "gray", 4 0;
v000001e49e06c4e0_0 .net "rst_n", 0 0, v000001e49e0fc030_0;  1 drivers
E_000001e49e06ac90 .event anyedge, v000001e49e0674d0_0;
E_000001e49e06b450/0 .event negedge, v000001e49e06c4e0_0;
E_000001e49e06b450/1 .event posedge, v000001e49e066f90_0;
E_000001e49e06b450 .event/or E_000001e49e06b450/0, E_000001e49e06b450/1;
    .scope S_000001e49e06c2b0;
T_0 ;
    %wait E_000001e49e06b450;
    %load/vec4 v000001e49e06c4e0_0;
    %inv;
    %flag_set/vec4 8;
    %jmp/0xz  T_0.0, 8;
    %pushi/vec4 0, 0, 5;
    %assign/vec4 v000001e49e0674d0_0, 0;
    %jmp T_0.1;
T_0.0 ;
    %load/vec4 v000001e49e0674d0_0;
    %pad/u 32;
    %addi 1, 0, 32;
    %pad/u 5;
    %assign/vec4 v000001e49e0674d0_0, 0;
T_0.1 ;
    %jmp T_0;
    .thread T_0;
    .scope S_000001e49e06c2b0;
T_1 ;
    %wait E_000001e49e06ac90;
    %load/vec4 v000001e49e0674d0_0;
    %ix/load 4, 1, 0;
    %flag_set/imm 4, 0;
    %shiftr 4;
    %load/vec4 v000001e49e0674d0_0;
    %xor;
    %assign/vec4 v000001e49e06c440_0, 0;
    %jmp T_1;
    .thread T_1, $push;
    .scope S_000001e49e0a4580;
T_2 ;
    %vpi_call 2 22 "$dumpfile", "gray_inc.vcd" {0 0 0};
    %vpi_call 2 23 "$dumpvars" {0 0 0};
    %pushi/vec4 0, 0, 1;
    %assign/vec4 v000001e49e0fc030_0, 0;
    %pushi/vec4 0, 0, 1;
    %assign/vec4 v000001e49e06c580_0, 0;
    %delay 250, 0;
    %pushi/vec4 1, 0, 1;
    %assign/vec4 v000001e49e0fc030_0, 0;
    %delay 10000, 0;
    %vpi_call 2 27 "$finish" {0 0 0};
    %end;
    .thread T_2;
    .scope S_000001e49e0a4580;
T_3 ;
    %delay 100, 0;
    %load/vec4 v000001e49e06c580_0;
    %inv;
    %assign/vec4 v000001e49e06c580_0, 0;
    %jmp T_3;
    .thread T_3;
# The file index is used to find the file name in the following table.
:file_names 4;
    "N/A";
    "<interactive>";
    "gray_inc_tb.v";
    "./gray_inc.v";
