#! /usr/bin/vvp
:ivl_version "11.0 (stable)";
:ivl_delay_selection "TYPICAL";
:vpi_time_precision + 0;
:vpi_module "/usr/lib/x86_64-linux-gnu/ivl/system.vpi";
:vpi_module "/usr/lib/x86_64-linux-gnu/ivl/vhdl_sys.vpi";
:vpi_module "/usr/lib/x86_64-linux-gnu/ivl/vhdl_textio.vpi";
:vpi_module "/usr/lib/x86_64-linux-gnu/ivl/v2005_math.vpi";
:vpi_module "/usr/lib/x86_64-linux-gnu/ivl/va_math.vpi";
S_0x556f55066dc0 .scope module, "odd_division" "odd_division" 2 1;
 .timescale 0 0;
    .port_info 0 /INPUT 1 "clk_i";
    .port_info 1 /INPUT 1 "rst_n";
    .port_info 2 /OUTPUT 1 "clk_division";
P_0x556f5508e130 .param/l "BASE_NUM" 0 2 11, +C4<000000000000000000000000000000011>;
P_0x556f5508e170 .param/l "ODD_NUM" 0 2 3, +C4<00000000000000000000000000000111>;
L_0x556f550c4830 .functor OR 1, L_0x556f550c43d0, L_0x556f550c4690, C4<0>, C4<0>;
v0x556f550670b0_0 .net *"_ivl_0", 32 0, L_0x556f550b4290;  1 drivers
L_0x7febae3360a8 .functor BUFT 1, C4<00000000000000000000000>, C4<0>, C4<0>, C4<0>;
v0x556f550b37d0_0 .net *"_ivl_11", 22 0, L_0x7febae3360a8;  1 drivers
L_0x7febae3360f0 .functor BUFT 1, C4<000000000000000000000000000000011>, C4<0>, C4<0>, C4<0>;
v0x556f550b38b0_0 .net/2u *"_ivl_12", 32 0, L_0x7febae3360f0;  1 drivers
v0x556f550b39a0_0 .net *"_ivl_14", 0 0, L_0x556f550c4690;  1 drivers
L_0x7febae336018 .functor BUFT 1, C4<00000000000000000000000>, C4<0>, C4<0>, C4<0>;
v0x556f550b3a60_0 .net *"_ivl_3", 22 0, L_0x7febae336018;  1 drivers
L_0x7febae336060 .functor BUFT 1, C4<000000000000000000000000000000011>, C4<0>, C4<0>, C4<0>;
v0x556f550b3b90_0 .net/2u *"_ivl_4", 32 0, L_0x7febae336060;  1 drivers
v0x556f550b3c70_0 .net *"_ivl_6", 0 0, L_0x556f550c43d0;  1 drivers
v0x556f550b3d30_0 .net *"_ivl_8", 32 0, L_0x556f550c4540;  1 drivers
v0x556f550b3e10_0 .net "clk_division", 0 0, L_0x556f550c4830;  1 drivers
o0x7febae37f1c8 .functor BUFZ 1, C4<z>; HiZ drive
v0x556f550b3ed0_0 .net "clk_i", 0 0, o0x7febae37f1c8;  0 drivers
v0x556f550b3f90_0 .var "neg_cnt", 9 0;
v0x556f550b4070_0 .var "pos_cnt", 9 0;
o0x7febae37f258 .functor BUFZ 1, C4<z>; HiZ drive
v0x556f550b4150_0 .net "rst_n", 0 0, o0x7febae37f258;  0 drivers
E_0x556f5509ff50 .event negedge, v0x556f550b4150_0, v0x556f550b3ed0_0;
E_0x556f55067600/0 .event negedge, v0x556f550b4150_0;
E_0x556f55067600/1 .event posedge, v0x556f550b3ed0_0;
E_0x556f55067600 .event/or E_0x556f55067600/0, E_0x556f55067600/1;
L_0x556f550b4290 .concat [ 10 23 0 0], v0x556f550b4070_0, L_0x7febae336018;
L_0x556f550c43d0 .cmp/gt 33, L_0x556f550b4290, L_0x7febae336060;
L_0x556f550c4540 .concat [ 10 23 0 0], v0x556f550b3f90_0, L_0x7febae3360a8;
L_0x556f550c4690 .cmp/gt 33, L_0x556f550c4540, L_0x7febae3360f0;
    .scope S_0x556f55066dc0;
T_0 ;
    %wait E_0x556f55067600;
    %load/vec4 v0x556f550b4150_0;
    %inv;
    %flag_set/vec4 8;
    %jmp/0xz  T_0.0, 8;
    %pushi/vec4 0, 0, 10;
    %assign/vec4 v0x556f550b4070_0, 0;
    %jmp T_0.1;
T_0.0 ;
    %load/vec4 v0x556f550b4070_0;
    %pad/u 32;
    %cmpi/u 6, 0, 32;
    %jmp/0xz  T_0.2, 5;
    %load/vec4 v0x556f550b4070_0;
    %addi 1, 0, 10;
    %assign/vec4 v0x556f550b4070_0, 0;
    %jmp T_0.3;
T_0.2 ;
    %pushi/vec4 0, 0, 10;
    %assign/vec4 v0x556f550b4070_0, 0;
T_0.3 ;
T_0.1 ;
    %jmp T_0;
    .thread T_0;
    .scope S_0x556f55066dc0;
T_1 ;
    %wait E_0x556f5509ff50;
    %load/vec4 v0x556f550b4150_0;
    %inv;
    %flag_set/vec4 8;
    %jmp/0xz  T_1.0, 8;
    %pushi/vec4 0, 0, 10;
    %assign/vec4 v0x556f550b3f90_0, 0;
    %jmp T_1.1;
T_1.0 ;
    %load/vec4 v0x556f550b3f90_0;
    %pad/u 32;
    %cmpi/u 6, 0, 32;
    %jmp/0xz  T_1.2, 5;
    %load/vec4 v0x556f550b3f90_0;
    %addi 1, 0, 10;
    %assign/vec4 v0x556f550b3f90_0, 0;
    %jmp T_1.3;
T_1.2 ;
    %pushi/vec4 0, 0, 10;
    %assign/vec4 v0x556f550b3f90_0, 0;
T_1.3 ;
T_1.1 ;
    %jmp T_1;
    .thread T_1;
# The file index is used to find the file name in the following table.
:file_names 3;
    "N/A";
    "<interactive>";
    "odd_division.v";
