#! /usr/bin/vvp
:ivl_version "11.0 (stable)";
:ivl_delay_selection "TYPICAL";
:vpi_time_precision - 12;
:vpi_module "/usr/lib/x86_64-linux-gnu/ivl/system.vpi";
:vpi_module "/usr/lib/x86_64-linux-gnu/ivl/vhdl_sys.vpi";
:vpi_module "/usr/lib/x86_64-linux-gnu/ivl/vhdl_textio.vpi";
:vpi_module "/usr/lib/x86_64-linux-gnu/ivl/v2005_math.vpi";
:vpi_module "/usr/lib/x86_64-linux-gnu/ivl/va_math.vpi";
S_0x55661f6007e0 .scope module, "odd_division_tb" "odd_division_tb" 2 3;
 .timescale -9 -12;
v0x55661f615630_0 .net "clk_division", 0 0, L_0x55661f625e70;  1 drivers
v0x55661f6156d0_0 .var "clk_i", 0 0;
v0x55661f6157a0_0 .var "rst_n", 0 0;
S_0x55661f600970 .scope module, "od1" "odd_division" 2 8, 3 1 0, S_0x55661f6007e0;
 .timescale 0 0;
    .port_info 0 /INPUT 1 "clk_i";
    .port_info 1 /INPUT 1 "rst_n";
    .port_info 2 /OUTPUT 1 "clk_division";
P_0x55661f5ec8f0 .param/l "BASE_NUM" 0 3 11, +C4<000000000000000000000000000000011>;
P_0x55661f5ec930 .param/l "ODD_NUM" 0 3 3, +C4<00000000000000000000000000000111>;
L_0x55661f625e70 .functor OR 1, L_0x55661f625a10, L_0x55661f625cd0, C4<0>, C4<0>;
v0x55661f5c4cf0_0 .net *"_ivl_0", 32 0, L_0x55661f6158a0;  1 drivers
L_0x7fbd113b70a8 .functor BUFT 1, C4<00000000000000000000000>, C4<0>, C4<0>, C4<0>;
v0x55661f614b70_0 .net *"_ivl_11", 22 0, L_0x7fbd113b70a8;  1 drivers
L_0x7fbd113b70f0 .functor BUFT 1, C4<000000000000000000000000000000011>, C4<0>, C4<0>, C4<0>;
v0x55661f614c50_0 .net/2u *"_ivl_12", 32 0, L_0x7fbd113b70f0;  1 drivers
v0x55661f614d40_0 .net *"_ivl_14", 0 0, L_0x55661f625cd0;  1 drivers
L_0x7fbd113b7018 .functor BUFT 1, C4<00000000000000000000000>, C4<0>, C4<0>, C4<0>;
v0x55661f614e00_0 .net *"_ivl_3", 22 0, L_0x7fbd113b7018;  1 drivers
L_0x7fbd113b7060 .functor BUFT 1, C4<000000000000000000000000000000011>, C4<0>, C4<0>, C4<0>;
v0x55661f614f30_0 .net/2u *"_ivl_4", 32 0, L_0x7fbd113b7060;  1 drivers
v0x55661f615010_0 .net *"_ivl_6", 0 0, L_0x55661f625a10;  1 drivers
v0x55661f6150d0_0 .net *"_ivl_8", 32 0, L_0x55661f625b80;  1 drivers
v0x55661f6151b0_0 .net "clk_division", 0 0, L_0x55661f625e70;  alias, 1 drivers
v0x55661f615270_0 .net "clk_i", 0 0, v0x55661f6156d0_0;  1 drivers
v0x55661f615330_0 .var "neg_cnt", 9 0;
v0x55661f615410_0 .var "pos_cnt", 9 0;
v0x55661f6154f0_0 .net "rst_n", 0 0, v0x55661f6157a0_0;  1 drivers
E_0x55661f5fdf90 .event negedge, v0x55661f6154f0_0, v0x55661f615270_0;
E_0x55661f5c5650/0 .event negedge, v0x55661f6154f0_0;
E_0x55661f5c5650/1 .event posedge, v0x55661f615270_0;
E_0x55661f5c5650 .event/or E_0x55661f5c5650/0, E_0x55661f5c5650/1;
L_0x55661f6158a0 .concat [ 10 23 0 0], v0x55661f615410_0, L_0x7fbd113b7018;
L_0x55661f625a10 .cmp/gt 33, L_0x55661f6158a0, L_0x7fbd113b7060;
L_0x55661f625b80 .concat [ 10 23 0 0], v0x55661f615330_0, L_0x7fbd113b70a8;
L_0x55661f625cd0 .cmp/gt 33, L_0x55661f625b80, L_0x7fbd113b70f0;
    .scope S_0x55661f600970;
T_0 ;
    %wait E_0x55661f5c5650;
    %load/vec4 v0x55661f6154f0_0;
    %inv;
    %flag_set/vec4 8;
    %jmp/0xz  T_0.0, 8;
    %pushi/vec4 0, 0, 10;
    %assign/vec4 v0x55661f615410_0, 0;
    %jmp T_0.1;
T_0.0 ;
    %load/vec4 v0x55661f615410_0;
    %pad/u 32;
    %cmpi/u 6, 0, 32;
    %jmp/0xz  T_0.2, 5;
    %load/vec4 v0x55661f615410_0;
    %addi 1, 0, 10;
    %assign/vec4 v0x55661f615410_0, 0;
    %jmp T_0.3;
T_0.2 ;
    %pushi/vec4 0, 0, 10;
    %assign/vec4 v0x55661f615410_0, 0;
T_0.3 ;
T_0.1 ;
    %jmp T_0;
    .thread T_0;
    .scope S_0x55661f600970;
T_1 ;
    %wait E_0x55661f5fdf90;
    %load/vec4 v0x55661f6154f0_0;
    %inv;
    %flag_set/vec4 8;
    %jmp/0xz  T_1.0, 8;
    %pushi/vec4 0, 0, 10;
    %assign/vec4 v0x55661f615330_0, 0;
    %jmp T_1.1;
T_1.0 ;
    %load/vec4 v0x55661f615330_0;
    %pad/u 32;
    %cmpi/u 6, 0, 32;
    %jmp/0xz  T_1.2, 5;
    %load/vec4 v0x55661f615330_0;
    %addi 1, 0, 10;
    %assign/vec4 v0x55661f615330_0, 0;
    %jmp T_1.3;
T_1.2 ;
    %pushi/vec4 0, 0, 10;
    %assign/vec4 v0x55661f615330_0, 0;
T_1.3 ;
T_1.1 ;
    %jmp T_1;
    .thread T_1;
    .scope S_0x55661f6007e0;
T_2 ;
    %vpi_call 2 14 "$dumpfile", "odd_division.vcd" {0 0 0};
    %vpi_call 2 15 "$dumpvars" {0 0 0};
    %pushi/vec4 0, 0, 1;
    %assign/vec4 v0x55661f6157a0_0, 0;
    %pushi/vec4 0, 0, 1;
    %assign/vec4 v0x55661f6156d0_0, 0;
    %delay 32000, 0;
    %pushi/vec4 1, 0, 1;
    %assign/vec4 v0x55661f6157a0_0, 0;
    %delay 1000000, 0;
    %vpi_call 2 19 "$finish" {0 0 0};
    %end;
    .thread T_2;
    .scope S_0x55661f6007e0;
T_3 ;
    %delay 5000, 0;
    %load/vec4 v0x55661f6156d0_0;
    %inv;
    %store/vec4 v0x55661f6156d0_0, 0, 1;
    %jmp T_3;
    .thread T_3;
# The file index is used to find the file name in the following table.
:file_names 4;
    "N/A";
    "<interactive>";
    "odd_division_tb.v";
    "./odd_division.v";
