#! /c/Source/iverilog-install/bin/vvp
:ivl_version "12.0 (devel)" "(s20150603-1539-g2693dd32b)";
:ivl_delay_selection "TYPICAL";
:vpi_time_precision - 10;
:vpi_module "E:\IVERILOG\iverilog\lib\ivl\system.vpi";
:vpi_module "E:\IVERILOG\iverilog\lib\ivl\vhdl_sys.vpi";
:vpi_module "E:\IVERILOG\iverilog\lib\ivl\vhdl_textio.vpi";
:vpi_module "E:\IVERILOG\iverilog\lib\ivl\v2005_math.vpi";
:vpi_module "E:\IVERILOG\iverilog\lib\ivl\va_math.vpi";
S_000002bd57ab5750 .scope module, "cmp_n" "cmp_n" 2 4;
 .timescale -9 -10;
    .port_info 0 /INPUT 8 "A";
    .port_info 1 /INPUT 8 "B";
    .port_info 2 /OUTPUT 1 "Go";
    .port_info 3 /OUTPUT 1 "Eo";
    .port_info 4 /OUTPUT 1 "Lo";
P_000002bd57ac66a0 .param/l "N" 0 2 6, +C4<00000000000000000000000000001000>;
L_000002bd57b2cc70 .functor NOT 1, L_000002bd57b2a920, C4<0>, C4<0>, C4<0>;
L_000002bd57b2cce0 .functor NOT 1, L_000002bd57b297a0, C4<0>, C4<0>, C4<0>;
L_000002bd57b2ce30 .functor AND 1, L_000002bd57b2cc70, L_000002bd57b2cce0, C4<1>, C4<1>;
o000002bd57ace7a8 .functor BUFZ 8, C4<zzzzzzzz>; HiZ drive
v000002bd57b27150_0 .net "A", 7 0, o000002bd57ace7a8;  0 drivers
o000002bd57ace7d8 .functor BUFZ 8, C4<zzzzzzzz>; HiZ drive
v000002bd57b27330_0 .net "B", 7 0, o000002bd57ace7d8;  0 drivers
v000002bd57b278d0_0 .net "Ei", 8 0, L_000002bd57b2ae20;  1 drivers
v000002bd57b273d0_0 .net "Eo", 0 0, L_000002bd57b297a0;  1 drivers
v000002bd57b27a10_0 .net "Gi", 8 0, L_000002bd57b29700;  1 drivers
v000002bd57b2a380_0 .net "Go", 0 0, L_000002bd57b2a920;  1 drivers
v000002bd57b2ab00_0 .net "Lo", 0 0, L_000002bd57b2ce30;  1 drivers
L_000002bd57eb0088 .functor BUFT 1, C4<0>, C4<0>, C4<0>, C4<0>;
v000002bd57b293e0_0 .net/2u *"_ivl_67", 0 0, L_000002bd57eb0088;  1 drivers
L_000002bd57eb00d0 .functor BUFT 1, C4<1>, C4<0>, C4<0>, C4<0>;
v000002bd57b29de0_0 .net/2u *"_ivl_72", 0 0, L_000002bd57eb00d0;  1 drivers
v000002bd57b29160_0 .net *"_ivl_78", 0 0, L_000002bd57b2cc70;  1 drivers
v000002bd57b2af60_0 .net *"_ivl_80", 0 0, L_000002bd57b2cce0;  1 drivers
L_000002bd57b29f20 .part L_000002bd57b29700, 0, 1;
L_000002bd57b29480 .part L_000002bd57b2ae20, 0, 1;
L_000002bd57b29520 .part o000002bd57ace7a8, 0, 1;
L_000002bd57b29d40 .part o000002bd57ace7d8, 0, 1;
L_000002bd57b29b60 .part L_000002bd57b29700, 1, 1;
L_000002bd57b2a740 .part L_000002bd57b2ae20, 1, 1;
L_000002bd57b2a240 .part o000002bd57ace7a8, 1, 1;
L_000002bd57b29840 .part o000002bd57ace7d8, 1, 1;
L_000002bd57b2a1a0 .part L_000002bd57b29700, 2, 1;
L_000002bd57b2aba0 .part L_000002bd57b2ae20, 2, 1;
L_000002bd57b2b000 .part o000002bd57ace7a8, 2, 1;
L_000002bd57b2a6a0 .part o000002bd57ace7d8, 2, 1;
L_000002bd57b2a7e0 .part L_000002bd57b29700, 3, 1;
L_000002bd57b2a420 .part L_000002bd57b2ae20, 3, 1;
L_000002bd57b29e80 .part o000002bd57ace7a8, 3, 1;
L_000002bd57b2a880 .part o000002bd57ace7d8, 3, 1;
L_000002bd57b2ace0 .part L_000002bd57b29700, 4, 1;
L_000002bd57b29c00 .part L_000002bd57b2ae20, 4, 1;
L_000002bd57b2a2e0 .part o000002bd57ace7a8, 4, 1;
L_000002bd57b29a20 .part o000002bd57ace7d8, 4, 1;
L_000002bd57b29200 .part L_000002bd57b29700, 5, 1;
L_000002bd57b29fc0 .part L_000002bd57b2ae20, 5, 1;
L_000002bd57b29ac0 .part o000002bd57ace7a8, 5, 1;
L_000002bd57b29ca0 .part o000002bd57ace7d8, 5, 1;
L_000002bd57b2ad80 .part L_000002bd57b29700, 6, 1;
L_000002bd57b2a060 .part L_000002bd57b2ae20, 6, 1;
L_000002bd57b292a0 .part o000002bd57ace7a8, 6, 1;
L_000002bd57b2aec0 .part o000002bd57ace7d8, 6, 1;
L_000002bd57b29340 .part L_000002bd57b29700, 7, 1;
L_000002bd57b2aa60 .part L_000002bd57b2ae20, 7, 1;
L_000002bd57b2a600 .part o000002bd57ace7a8, 7, 1;
L_000002bd57b2a100 .part o000002bd57ace7d8, 7, 1;
LS_000002bd57b29700_0_0 .concat8 [ 1 1 1 1], L_000002bd57eb0088, L_000002bd57ac2550, L_000002bd57ac1f30, L_000002bd57b2c960;
LS_000002bd57b29700_0_4 .concat8 [ 1 1 1 1], L_000002bd57b2d060, L_000002bd57b2c260, L_000002bd57b2cd50, L_000002bd57b2cb90;
LS_000002bd57b29700_0_8 .concat8 [ 1 0 0 0], L_000002bd57b2cc00;
L_000002bd57b29700 .concat8 [ 4 4 1 0], LS_000002bd57b29700_0_0, LS_000002bd57b29700_0_4, LS_000002bd57b29700_0_8;
LS_000002bd57b2ae20_0_0 .concat8 [ 1 1 1 1], L_000002bd57eb00d0, L_000002bd57ac2320, L_000002bd57ac1fa0, L_000002bd57b2c2d0;
LS_000002bd57b2ae20_0_4 .concat8 [ 1 1 1 1], L_000002bd57b2cab0, L_000002bd57b2c6c0, L_000002bd57b2c9d0, L_000002bd57b2c1f0;
LS_000002bd57b2ae20_0_8 .concat8 [ 1 0 0 0], L_000002bd57b2cdc0;
L_000002bd57b2ae20 .concat8 [ 4 4 1 0], LS_000002bd57b2ae20_0_0, LS_000002bd57b2ae20_0_4, LS_000002bd57b2ae20_0_8;
L_000002bd57b2a920 .part L_000002bd57b29700, 8, 1;
L_000002bd57b297a0 .part L_000002bd57b2ae20, 8, 1;
S_000002bd57ab58e0 .scope generate, "genblk1[0]" "genblk1[0]" 2 22, 2 22 0, S_000002bd57ab5750;
 .timescale -9 -10;
P_000002bd57ac6f20 .param/l "i" 0 2 22, +C4<00>;
S_000002bd57a82d80 .scope module, "cmp2" "cmp" 2 23, 3 2 0, S_000002bd57ab58e0;
 .timescale -9 -10;
    .port_info 0 /INPUT 1 "Gi";
    .port_info 1 /INPUT 1 "Ei";
    .port_info 2 /INPUT 1 "Ai";
    .port_info 3 /INPUT 1 "Bi";
    .port_info 4 /OUTPUT 1 "Go";
    .port_info 5 /OUTPUT 1 "Eo";
L_000002bd57ac20f0 .functor XNOR 1, L_000002bd57b29520, L_000002bd57b29d40, C4<0>, C4<0>;
L_000002bd57ac2320 .functor AND 1, L_000002bd57b29480, L_000002bd57ac20f0, C4<1>, C4<1>;
L_000002bd57ac25c0 .functor XNOR 1, L_000002bd57b29520, L_000002bd57b29d40, C4<0>, C4<0>;
L_000002bd57ac2470 .functor AND 1, L_000002bd57ac25c0, L_000002bd57b29f20, C4<1>, C4<1>;
L_000002bd57ac2550 .functor OR 1, L_000002bd57b2ac40, L_000002bd57ac2470, C4<0>, C4<0>;
v000002bd57ac4720_0 .net "Ai", 0 0, L_000002bd57b29520;  1 drivers
v000002bd57ac3aa0_0 .net "Bi", 0 0, L_000002bd57b29d40;  1 drivers
v000002bd57ac45e0_0 .net "Ei", 0 0, L_000002bd57b29480;  1 drivers
v000002bd57ac3820_0 .net "Eo", 0 0, L_000002bd57ac2320;  1 drivers
v000002bd57ac47c0_0 .net "Gi", 0 0, L_000002bd57b29f20;  1 drivers
v000002bd57ac49a0_0 .net "Go", 0 0, L_000002bd57ac2550;  1 drivers
v000002bd57ac38c0_0 .net *"_ivl_0", 0 0, L_000002bd57ac20f0;  1 drivers
v000002bd57ac3460_0 .net *"_ivl_4", 0 0, L_000002bd57b2ac40;  1 drivers
v000002bd57ac4d60_0 .net *"_ivl_6", 0 0, L_000002bd57ac25c0;  1 drivers
v000002bd57ac3280_0 .net *"_ivl_9", 0 0, L_000002bd57ac2470;  1 drivers
L_000002bd57b2ac40 .cmp/gt 1, L_000002bd57b29520, L_000002bd57b29d40;
S_000002bd57a82f10 .scope generate, "genblk1[1]" "genblk1[1]" 2 22, 2 22 0, S_000002bd57ab5750;
 .timescale -9 -10;
P_000002bd57ac6ce0 .param/l "i" 0 2 22, +C4<01>;
S_000002bd57b1dca0 .scope module, "cmp2" "cmp" 2 23, 3 2 0, S_000002bd57a82f10;
 .timescale -9 -10;
    .port_info 0 /INPUT 1 "Gi";
    .port_info 1 /INPUT 1 "Ei";
    .port_info 2 /INPUT 1 "Ai";
    .port_info 3 /INPUT 1 "Bi";
    .port_info 4 /OUTPUT 1 "Go";
    .port_info 5 /OUTPUT 1 "Eo";
L_000002bd57ac2630 .functor XNOR 1, L_000002bd57b2a240, L_000002bd57b29840, C4<0>, C4<0>;
L_000002bd57ac1fa0 .functor AND 1, L_000002bd57b2a740, L_000002bd57ac2630, C4<1>, C4<1>;
L_000002bd57ac2a20 .functor XNOR 1, L_000002bd57b2a240, L_000002bd57b29840, C4<0>, C4<0>;
L_000002bd57ac2010 .functor AND 1, L_000002bd57ac2a20, L_000002bd57b29b60, C4<1>, C4<1>;
L_000002bd57ac1f30 .functor OR 1, L_000002bd57b295c0, L_000002bd57ac2010, C4<0>, C4<0>;
v000002bd57ac33c0_0 .net "Ai", 0 0, L_000002bd57b2a240;  1 drivers
v000002bd57ac3640_0 .net "Bi", 0 0, L_000002bd57b29840;  1 drivers
v000002bd57ac3a00_0 .net "Ei", 0 0, L_000002bd57b2a740;  1 drivers
v000002bd57ac31e0_0 .net "Eo", 0 0, L_000002bd57ac1fa0;  1 drivers
v000002bd57ac30a0_0 .net "Gi", 0 0, L_000002bd57b29b60;  1 drivers
v000002bd57ac4ae0_0 .net "Go", 0 0, L_000002bd57ac1f30;  1 drivers
v000002bd57ac3500_0 .net *"_ivl_0", 0 0, L_000002bd57ac2630;  1 drivers
v000002bd57ac4b80_0 .net *"_ivl_4", 0 0, L_000002bd57b295c0;  1 drivers
v000002bd57ac35a0_0 .net *"_ivl_6", 0 0, L_000002bd57ac2a20;  1 drivers
v000002bd57ac3140_0 .net *"_ivl_9", 0 0, L_000002bd57ac2010;  1 drivers
L_000002bd57b295c0 .cmp/gt 1, L_000002bd57b2a240, L_000002bd57b29840;
S_000002bd57b25e40 .scope generate, "genblk1[2]" "genblk1[2]" 2 22, 2 22 0, S_000002bd57ab5750;
 .timescale -9 -10;
P_000002bd57ac6e60 .param/l "i" 0 2 22, +C4<010>;
S_000002bd57b25fd0 .scope module, "cmp2" "cmp" 2 23, 3 2 0, S_000002bd57b25e40;
 .timescale -9 -10;
    .port_info 0 /INPUT 1 "Gi";
    .port_info 1 /INPUT 1 "Ei";
    .port_info 2 /INPUT 1 "Ai";
    .port_info 3 /INPUT 1 "Bi";
    .port_info 4 /OUTPUT 1 "Go";
    .port_info 5 /OUTPUT 1 "Eo";
L_000002bd57b2ca40 .functor XNOR 1, L_000002bd57b2b000, L_000002bd57b2a6a0, C4<0>, C4<0>;
L_000002bd57b2c2d0 .functor AND 1, L_000002bd57b2aba0, L_000002bd57b2ca40, C4<1>, C4<1>;
L_000002bd57b2c340 .functor XNOR 1, L_000002bd57b2b000, L_000002bd57b2a6a0, C4<0>, C4<0>;
L_000002bd57b2cf10 .functor AND 1, L_000002bd57b2c340, L_000002bd57b2a1a0, C4<1>, C4<1>;
L_000002bd57b2c960 .functor OR 1, L_000002bd57b298e0, L_000002bd57b2cf10, C4<0>, C4<0>;
v000002bd57ac3960_0 .net "Ai", 0 0, L_000002bd57b2b000;  1 drivers
v000002bd57ac4e00_0 .net "Bi", 0 0, L_000002bd57b2a6a0;  1 drivers
v000002bd57ac3be0_0 .net "Ei", 0 0, L_000002bd57b2aba0;  1 drivers
v000002bd57ac3dc0_0 .net "Eo", 0 0, L_000002bd57b2c2d0;  1 drivers
v000002bd57ac3e60_0 .net "Gi", 0 0, L_000002bd57b2a1a0;  1 drivers
v000002bd57abcd50_0 .net "Go", 0 0, L_000002bd57b2c960;  1 drivers
v000002bd57abd750_0 .net *"_ivl_0", 0 0, L_000002bd57b2ca40;  1 drivers
v000002bd57abc850_0 .net *"_ivl_4", 0 0, L_000002bd57b298e0;  1 drivers
v000002bd57abc8f0_0 .net *"_ivl_6", 0 0, L_000002bd57b2c340;  1 drivers
v000002bd57abc990_0 .net *"_ivl_9", 0 0, L_000002bd57b2cf10;  1 drivers
L_000002bd57b298e0 .cmp/gt 1, L_000002bd57b2b000, L_000002bd57b2a6a0;
S_000002bd57b26160 .scope generate, "genblk1[3]" "genblk1[3]" 2 22, 2 22 0, S_000002bd57ab5750;
 .timescale -9 -10;
P_000002bd57ac6aa0 .param/l "i" 0 2 22, +C4<011>;
S_000002bd57b262f0 .scope module, "cmp2" "cmp" 2 23, 3 2 0, S_000002bd57b26160;
 .timescale -9 -10;
    .port_info 0 /INPUT 1 "Gi";
    .port_info 1 /INPUT 1 "Ei";
    .port_info 2 /INPUT 1 "Ai";
    .port_info 3 /INPUT 1 "Bi";
    .port_info 4 /OUTPUT 1 "Go";
    .port_info 5 /OUTPUT 1 "Eo";
L_000002bd57b2c880 .functor XNOR 1, L_000002bd57b29e80, L_000002bd57b2a880, C4<0>, C4<0>;
L_000002bd57b2cab0 .functor AND 1, L_000002bd57b2a420, L_000002bd57b2c880, C4<1>, C4<1>;
L_000002bd57b2c3b0 .functor XNOR 1, L_000002bd57b29e80, L_000002bd57b2a880, C4<0>, C4<0>;
L_000002bd57b2c8f0 .functor AND 1, L_000002bd57b2c3b0, L_000002bd57b2a7e0, C4<1>, C4<1>;
L_000002bd57b2d060 .functor OR 1, L_000002bd57b29660, L_000002bd57b2c8f0, C4<0>, C4<0>;
v000002bd57abcad0_0 .net "Ai", 0 0, L_000002bd57b29e80;  1 drivers
v000002bd57ab2110_0 .net "Bi", 0 0, L_000002bd57b2a880;  1 drivers
v000002bd57ab1fd0_0 .net "Ei", 0 0, L_000002bd57b2a420;  1 drivers
v000002bd57ab1990_0 .net "Eo", 0 0, L_000002bd57b2cab0;  1 drivers
v000002bd57ab17b0_0 .net "Gi", 0 0, L_000002bd57b2a7e0;  1 drivers
v000002bd57b26930_0 .net "Go", 0 0, L_000002bd57b2d060;  1 drivers
v000002bd57b27970_0 .net *"_ivl_0", 0 0, L_000002bd57b2c880;  1 drivers
v000002bd57b271f0_0 .net *"_ivl_4", 0 0, L_000002bd57b29660;  1 drivers
v000002bd57b26750_0 .net *"_ivl_6", 0 0, L_000002bd57b2c3b0;  1 drivers
v000002bd57b267f0_0 .net *"_ivl_9", 0 0, L_000002bd57b2c8f0;  1 drivers
L_000002bd57b29660 .cmp/gt 1, L_000002bd57b29e80, L_000002bd57b2a880;
S_000002bd57b28490 .scope generate, "genblk1[4]" "genblk1[4]" 2 22, 2 22 0, S_000002bd57ab5750;
 .timescale -9 -10;
P_000002bd57ac62a0 .param/l "i" 0 2 22, +C4<0100>;
S_000002bd57b28620 .scope module, "cmp2" "cmp" 2 23, 3 2 0, S_000002bd57b28490;
 .timescale -9 -10;
    .port_info 0 /INPUT 1 "Gi";
    .port_info 1 /INPUT 1 "Ei";
    .port_info 2 /INPUT 1 "Ai";
    .port_info 3 /INPUT 1 "Bi";
    .port_info 4 /OUTPUT 1 "Go";
    .port_info 5 /OUTPUT 1 "Eo";
L_000002bd57b2cea0 .functor XNOR 1, L_000002bd57b2a2e0, L_000002bd57b29a20, C4<0>, C4<0>;
L_000002bd57b2c6c0 .functor AND 1, L_000002bd57b29c00, L_000002bd57b2cea0, C4<1>, C4<1>;
L_000002bd57b2c810 .functor XNOR 1, L_000002bd57b2a2e0, L_000002bd57b29a20, C4<0>, C4<0>;
L_000002bd57b2c570 .functor AND 1, L_000002bd57b2c810, L_000002bd57b2ace0, C4<1>, C4<1>;
L_000002bd57b2c260 .functor OR 1, L_000002bd57b29980, L_000002bd57b2c570, C4<0>, C4<0>;
v000002bd57b27510_0 .net "Ai", 0 0, L_000002bd57b2a2e0;  1 drivers
v000002bd57b264d0_0 .net "Bi", 0 0, L_000002bd57b29a20;  1 drivers
v000002bd57b27c90_0 .net "Ei", 0 0, L_000002bd57b29c00;  1 drivers
v000002bd57b27d30_0 .net "Eo", 0 0, L_000002bd57b2c6c0;  1 drivers
v000002bd57b27830_0 .net "Gi", 0 0, L_000002bd57b2ace0;  1 drivers
v000002bd57b26f70_0 .net "Go", 0 0, L_000002bd57b2c260;  1 drivers
v000002bd57b28370_0 .net *"_ivl_0", 0 0, L_000002bd57b2cea0;  1 drivers
v000002bd57b266b0_0 .net *"_ivl_4", 0 0, L_000002bd57b29980;  1 drivers
v000002bd57b26610_0 .net *"_ivl_6", 0 0, L_000002bd57b2c810;  1 drivers
v000002bd57b275b0_0 .net *"_ivl_9", 0 0, L_000002bd57b2c570;  1 drivers
L_000002bd57b29980 .cmp/gt 1, L_000002bd57b2a2e0, L_000002bd57b29a20;
S_000002bd57b287b0 .scope generate, "genblk1[5]" "genblk1[5]" 2 22, 2 22 0, S_000002bd57ab5750;
 .timescale -9 -10;
P_000002bd57ac6fe0 .param/l "i" 0 2 22, +C4<0101>;
S_000002bd57b28940 .scope module, "cmp2" "cmp" 2 23, 3 2 0, S_000002bd57b287b0;
 .timescale -9 -10;
    .port_info 0 /INPUT 1 "Gi";
    .port_info 1 /INPUT 1 "Ei";
    .port_info 2 /INPUT 1 "Ai";
    .port_info 3 /INPUT 1 "Bi";
    .port_info 4 /OUTPUT 1 "Go";
    .port_info 5 /OUTPUT 1 "Eo";
L_000002bd57b2c490 .functor XNOR 1, L_000002bd57b29ac0, L_000002bd57b29ca0, C4<0>, C4<0>;
L_000002bd57b2c9d0 .functor AND 1, L_000002bd57b29fc0, L_000002bd57b2c490, C4<1>, C4<1>;
L_000002bd57b2c730 .functor XNOR 1, L_000002bd57b29ac0, L_000002bd57b29ca0, C4<0>, C4<0>;
L_000002bd57b2c420 .functor AND 1, L_000002bd57b2c730, L_000002bd57b29200, C4<1>, C4<1>;
L_000002bd57b2cd50 .functor OR 1, L_000002bd57b2a4c0, L_000002bd57b2c420, C4<0>, C4<0>;
v000002bd57b26a70_0 .net "Ai", 0 0, L_000002bd57b29ac0;  1 drivers
v000002bd57b27fb0_0 .net "Bi", 0 0, L_000002bd57b29ca0;  1 drivers
v000002bd57b282d0_0 .net "Ei", 0 0, L_000002bd57b29fc0;  1 drivers
v000002bd57b280f0_0 .net "Eo", 0 0, L_000002bd57b2c9d0;  1 drivers
v000002bd57b28190_0 .net "Gi", 0 0, L_000002bd57b29200;  1 drivers
v000002bd57b26570_0 .net "Go", 0 0, L_000002bd57b2cd50;  1 drivers
v000002bd57b27650_0 .net *"_ivl_0", 0 0, L_000002bd57b2c490;  1 drivers
v000002bd57b27790_0 .net *"_ivl_4", 0 0, L_000002bd57b2a4c0;  1 drivers
v000002bd57b27dd0_0 .net *"_ivl_6", 0 0, L_000002bd57b2c730;  1 drivers
v000002bd57b276f0_0 .net *"_ivl_9", 0 0, L_000002bd57b2c420;  1 drivers
L_000002bd57b2a4c0 .cmp/gt 1, L_000002bd57b29ac0, L_000002bd57b29ca0;
S_000002bd57b28ad0 .scope generate, "genblk1[6]" "genblk1[6]" 2 22, 2 22 0, S_000002bd57ab5750;
 .timescale -9 -10;
P_000002bd57ac7060 .param/l "i" 0 2 22, +C4<0110>;
S_000002bd57b28c60 .scope module, "cmp2" "cmp" 2 23, 3 2 0, S_000002bd57b28ad0;
 .timescale -9 -10;
    .port_info 0 /INPUT 1 "Gi";
    .port_info 1 /INPUT 1 "Ei";
    .port_info 2 /INPUT 1 "Ai";
    .port_info 3 /INPUT 1 "Bi";
    .port_info 4 /OUTPUT 1 "Go";
    .port_info 5 /OUTPUT 1 "Eo";
L_000002bd57b2cb20 .functor XNOR 1, L_000002bd57b292a0, L_000002bd57b2aec0, C4<0>, C4<0>;
L_000002bd57b2c1f0 .functor AND 1, L_000002bd57b2a060, L_000002bd57b2cb20, C4<1>, C4<1>;
L_000002bd57b2c180 .functor XNOR 1, L_000002bd57b292a0, L_000002bd57b2aec0, C4<0>, C4<0>;
L_000002bd57b2c5e0 .functor AND 1, L_000002bd57b2c180, L_000002bd57b2ad80, C4<1>, C4<1>;
L_000002bd57b2cb90 .functor OR 1, L_000002bd57b2a9c0, L_000002bd57b2c5e0, C4<0>, C4<0>;
v000002bd57b270b0_0 .net "Ai", 0 0, L_000002bd57b292a0;  1 drivers
v000002bd57b26b10_0 .net "Bi", 0 0, L_000002bd57b2aec0;  1 drivers
v000002bd57b26ed0_0 .net "Ei", 0 0, L_000002bd57b2a060;  1 drivers
v000002bd57b27470_0 .net "Eo", 0 0, L_000002bd57b2c1f0;  1 drivers
v000002bd57b26890_0 .net "Gi", 0 0, L_000002bd57b2ad80;  1 drivers
v000002bd57b269d0_0 .net "Go", 0 0, L_000002bd57b2cb90;  1 drivers
v000002bd57b26d90_0 .net *"_ivl_0", 0 0, L_000002bd57b2cb20;  1 drivers
v000002bd57b27010_0 .net *"_ivl_4", 0 0, L_000002bd57b2a9c0;  1 drivers
v000002bd57b26c50_0 .net *"_ivl_6", 0 0, L_000002bd57b2c180;  1 drivers
v000002bd57b27290_0 .net *"_ivl_9", 0 0, L_000002bd57b2c5e0;  1 drivers
L_000002bd57b2a9c0 .cmp/gt 1, L_000002bd57b292a0, L_000002bd57b2aec0;
S_000002bd57b28df0 .scope generate, "genblk1[7]" "genblk1[7]" 2 22, 2 22 0, S_000002bd57ab5750;
 .timescale -9 -10;
P_000002bd57ac6160 .param/l "i" 0 2 22, +C4<0111>;
S_000002bd57b28f80 .scope module, "cmp2" "cmp" 2 23, 3 2 0, S_000002bd57b28df0;
 .timescale -9 -10;
    .port_info 0 /INPUT 1 "Gi";
    .port_info 1 /INPUT 1 "Ei";
    .port_info 2 /INPUT 1 "Ai";
    .port_info 3 /INPUT 1 "Bi";
    .port_info 4 /OUTPUT 1 "Go";
    .port_info 5 /OUTPUT 1 "Eo";
L_000002bd57b2c500 .functor XNOR 1, L_000002bd57b2a600, L_000002bd57b2a100, C4<0>, C4<0>;
L_000002bd57b2cdc0 .functor AND 1, L_000002bd57b2aa60, L_000002bd57b2c500, C4<1>, C4<1>;
L_000002bd57b2c7a0 .functor XNOR 1, L_000002bd57b2a600, L_000002bd57b2a100, C4<0>, C4<0>;
L_000002bd57b2c650 .functor AND 1, L_000002bd57b2c7a0, L_000002bd57b29340, C4<1>, C4<1>;
L_000002bd57b2cc00 .functor OR 1, L_000002bd57b2a560, L_000002bd57b2c650, C4<0>, C4<0>;
v000002bd57b27e70_0 .net "Ai", 0 0, L_000002bd57b2a600;  1 drivers
v000002bd57b27ab0_0 .net "Bi", 0 0, L_000002bd57b2a100;  1 drivers
v000002bd57b26bb0_0 .net "Ei", 0 0, L_000002bd57b2aa60;  1 drivers
v000002bd57b27f10_0 .net "Eo", 0 0, L_000002bd57b2cdc0;  1 drivers
v000002bd57b28230_0 .net "Gi", 0 0, L_000002bd57b29340;  1 drivers
v000002bd57b27b50_0 .net "Go", 0 0, L_000002bd57b2cc00;  1 drivers
v000002bd57b28050_0 .net *"_ivl_0", 0 0, L_000002bd57b2c500;  1 drivers
v000002bd57b26cf0_0 .net *"_ivl_4", 0 0, L_000002bd57b2a560;  1 drivers
v000002bd57b26e30_0 .net *"_ivl_6", 0 0, L_000002bd57b2c7a0;  1 drivers
v000002bd57b27bf0_0 .net *"_ivl_9", 0 0, L_000002bd57b2c650;  1 drivers
L_000002bd57b2a560 .cmp/gt 1, L_000002bd57b2a600, L_000002bd57b2a100;
# The file index is used to find the file name in the following table.
:file_names 4;
    "N/A";
    "<interactive>";
    "compare_nbit.v";
    "./compare_1bit.v";
