#! /c/Source/iverilog-install/bin/vvp
:ivl_version "12.0 (devel)" "(s20150603-1539-g2693dd32b)";
:ivl_delay_selection "TYPICAL";
:vpi_time_precision + 0;
:vpi_module "C:\iverilog\lib\ivl\system.vpi";
:vpi_module "C:\iverilog\lib\ivl\vhdl_sys.vpi";
:vpi_module "C:\iverilog\lib\ivl\vhdl_textio.vpi";
:vpi_module "C:\iverilog\lib\ivl\v2005_math.vpi";
:vpi_module "C:\iverilog\lib\ivl\va_math.vpi";
S_0000014b5f43ec80 .scope module, "button_light" "button_light" 2 1;
 .timescale 0 0;
    .port_info 0 /INPUT 1 "clk";
    .port_info 1 /INPUT 1 "button";
    .port_info 2 /INPUT 1 "rst_n";
    .port_info 3 /OUTPUT 1 "light";
L_0000014b5f4373f0 .functor NOT 1, v0000014b5f43bab0_0, C4<0>, C4<0>, C4<0>;
L_0000014b5f4371b0 .functor AND 1, L_0000014b5f4373f0, v0000014b5f43ba10_0, C4<1>, C4<1>;
v0000014b5f436b30_0 .net *"_ivl_0", 0 0, L_0000014b5f4373f0;  1 drivers
o0000014b5f2f6fe8 .functor BUFZ 1, C4<z>; HiZ drive
v0000014b5f43b8d0_0 .net "button", 0 0, o0000014b5f2f6fe8;  0 drivers
v0000014b5f43b970_0 .var "button_d1", 0 0;
v0000014b5f43ba10_0 .var "button_d2", 0 0;
v0000014b5f43bab0_0 .var "button_d3", 0 0;
o0000014b5f2f70a8 .functor BUFZ 1, C4<z>; HiZ drive
v0000014b5f43bb50_0 .net "clk", 0 0, o0000014b5f2f70a8;  0 drivers
v0000014b5f43bbf0_0 .var "light", 0 0;
v0000014b5f43bc90_0 .net "pulse", 0 0, L_0000014b5f4371b0;  1 drivers
o0000014b5f2f7138 .functor BUFZ 1, C4<z>; HiZ drive
v0000014b5f43bd30_0 .net "rst_n", 0 0, o0000014b5f2f7138;  0 drivers
E_0000014b5f43cf70/0 .event negedge, v0000014b5f43bd30_0;
E_0000014b5f43cf70/1 .event posedge, v0000014b5f43bb50_0;
E_0000014b5f43cf70 .event/or E_0000014b5f43cf70/0, E_0000014b5f43cf70/1;
    .scope S_0000014b5f43ec80;
T_0 ;
    %wait E_0000014b5f43cf70;
    %load/vec4 v0000014b5f43bd30_0;
    %inv;
    %flag_set/vec4 8;
    %jmp/0xz  T_0.0, 8;
    %pushi/vec4 0, 0, 3;
    %split/vec4 1;
    %assign/vec4 v0000014b5f43b970_0, 0;
    %split/vec4 1;
    %assign/vec4 v0000014b5f43ba10_0, 0;
    %assign/vec4 v0000014b5f43bab0_0, 0;
    %jmp T_0.1;
T_0.0 ;
    %load/vec4 v0000014b5f43ba10_0;
    %load/vec4 v0000014b5f43b970_0;
    %concat/vec4; draw_concat_vec4
    %load/vec4 v0000014b5f43b8d0_0;
    %concat/vec4; draw_concat_vec4
    %split/vec4 1;
    %assign/vec4 v0000014b5f43b970_0, 0;
    %split/vec4 1;
    %assign/vec4 v0000014b5f43ba10_0, 0;
    %assign/vec4 v0000014b5f43bab0_0, 0;
T_0.1 ;
    %jmp T_0;
    .thread T_0;
    .scope S_0000014b5f43ec80;
T_1 ;
    %wait E_0000014b5f43cf70;
    %load/vec4 v0000014b5f43bd30_0;
    %inv;
    %flag_set/vec4 8;
    %jmp/0xz  T_1.0, 8;
    %pushi/vec4 0, 0, 1;
    %assign/vec4 v0000014b5f43bbf0_0, 0;
    %jmp T_1.1;
T_1.0 ;
    %load/vec4 v0000014b5f43bc90_0;
    %flag_set/vec4 8;
    %jmp/0xz  T_1.2, 8;
    %load/vec4 v0000014b5f43bbf0_0;
    %inv;
    %assign/vec4 v0000014b5f43bbf0_0, 0;
T_1.2 ;
T_1.1 ;
    %jmp T_1;
    .thread T_1;
# The file index is used to find the file name in the following table.
:file_names 3;
    "N/A";
    "<interactive>";
    "button_light.v";
