#! /c/Source/iverilog-install/bin/vvp
:ivl_version "12.0 (devel)" "(s20150603-1539-g2693dd32b)";
:ivl_delay_selection "TYPICAL";
:vpi_time_precision - 12;
:vpi_module "C:\iverilog\lib\ivl\system.vpi";
:vpi_module "C:\iverilog\lib\ivl\vhdl_sys.vpi";
:vpi_module "C:\iverilog\lib\ivl\vhdl_textio.vpi";
:vpi_module "C:\iverilog\lib\ivl\v2005_math.vpi";
:vpi_module "C:\iverilog\lib\ivl\va_math.vpi";
S_0000023770b8ab80 .scope module, "button_light_tb" "button_light_tb" 2 3;
 .timescale -9 -12;
v0000023770afd960_0 .var "button", 0 0;
v0000023770afda00_0 .var "clk", 0 0;
v0000023770afdaa0_0 .net "light", 0 0, v0000023770b8d630_0;  1 drivers
v0000023770afdb40_0 .var "rst_n", 0 0;
S_0000023770b8d2c0 .scope module, "b1" "button_light" 2 11, 3 1 0, S_0000023770b8ab80;
 .timescale -9 -12;
    .port_info 0 /INPUT 1 "clk";
    .port_info 1 /INPUT 1 "button";
    .port_info 2 /INPUT 1 "rst_n";
    .port_info 3 /OUTPUT 1 "light";
L_0000023770ab9350 .functor NOT 1, v0000023770b8d4f0_0, C4<0>, C4<0>, C4<0>;
L_0000023770ab9430 .functor AND 1, L_0000023770ab9350, v0000023770b8d450_0, C4<1>, C4<1>;
v0000023770b8a900_0 .net *"_ivl_0", 0 0, L_0000023770ab9350;  1 drivers
v0000023770b8a9a0_0 .net "button", 0 0, v0000023770afd960_0;  1 drivers
v0000023770b86f90_0 .var "button_d1", 0 0;
v0000023770b8d450_0 .var "button_d2", 0 0;
v0000023770b8d4f0_0 .var "button_d3", 0 0;
v0000023770b8d590_0 .net "clk", 0 0, v0000023770afda00_0;  1 drivers
v0000023770b8d630_0 .var "light", 0 0;
v0000023770afd820_0 .net "pulse", 0 0, L_0000023770ab9430;  1 drivers
v0000023770afd8c0_0 .net "rst_n", 0 0, v0000023770afdb40_0;  1 drivers
E_0000023770aba250/0 .event negedge, v0000023770afd8c0_0;
E_0000023770aba250/1 .event posedge, v0000023770b8d590_0;
E_0000023770aba250 .event/or E_0000023770aba250/0, E_0000023770aba250/1;
    .scope S_0000023770b8d2c0;
T_0 ;
    %wait E_0000023770aba250;
    %load/vec4 v0000023770afd8c0_0;
    %inv;
    %flag_set/vec4 8;
    %jmp/0xz  T_0.0, 8;
    %pushi/vec4 0, 0, 3;
    %split/vec4 1;
    %assign/vec4 v0000023770b86f90_0, 0;
    %split/vec4 1;
    %assign/vec4 v0000023770b8d450_0, 0;
    %assign/vec4 v0000023770b8d4f0_0, 0;
    %jmp T_0.1;
T_0.0 ;
    %load/vec4 v0000023770b8d450_0;
    %load/vec4 v0000023770b86f90_0;
    %concat/vec4; draw_concat_vec4
    %load/vec4 v0000023770b8a9a0_0;
    %concat/vec4; draw_concat_vec4
    %split/vec4 1;
    %assign/vec4 v0000023770b86f90_0, 0;
    %split/vec4 1;
    %assign/vec4 v0000023770b8d450_0, 0;
    %assign/vec4 v0000023770b8d4f0_0, 0;
T_0.1 ;
    %jmp T_0;
    .thread T_0;
    .scope S_0000023770b8d2c0;
T_1 ;
    %wait E_0000023770aba250;
    %load/vec4 v0000023770afd8c0_0;
    %inv;
    %flag_set/vec4 8;
    %jmp/0xz  T_1.0, 8;
    %pushi/vec4 0, 0, 1;
    %assign/vec4 v0000023770b8d630_0, 0;
    %jmp T_1.1;
T_1.0 ;
    %load/vec4 v0000023770afd820_0;
    %flag_set/vec4 8;
    %jmp/0xz  T_1.2, 8;
    %load/vec4 v0000023770b8d630_0;
    %inv;
    %assign/vec4 v0000023770b8d630_0, 0;
T_1.2 ;
T_1.1 ;
    %jmp T_1;
    .thread T_1;
    .scope S_0000023770b8ab80;
T_2 ;
    %vpi_call 2 20 "$dumpfile", "button_light.vcd" {0 0 0};
    %vpi_call 2 21 "$dumpvars" {0 0 0};
    %pushi/vec4 0, 0, 1;
    %assign/vec4 v0000023770afda00_0, 0;
    %pushi/vec4 0, 0, 1;
    %assign/vec4 v0000023770afdb40_0, 0;
    %pushi/vec4 0, 0, 1;
    %assign/vec4 v0000023770afd960_0, 0;
    %delay 15000, 0;
    %pushi/vec4 1, 0, 1;
    %assign/vec4 v0000023770afdb40_0, 0;
    %delay 20000, 0;
    %pushi/vec4 1, 0, 1;
    %assign/vec4 v0000023770afd960_0, 0;
    %delay 160000, 0;
    %pushi/vec4 0, 0, 1;
    %assign/vec4 v0000023770afd960_0, 0;
    %delay 125000, 0;
    %pushi/vec4 1, 0, 1;
    %assign/vec4 v0000023770afd960_0, 0;
    %delay 130000, 0;
    %pushi/vec4 0, 0, 1;
    %assign/vec4 v0000023770afd960_0, 0;
    %delay 55000, 0;
    %pushi/vec4 1, 0, 1;
    %assign/vec4 v0000023770afd960_0, 0;
    %delay 60000, 0;
    %pushi/vec4 0, 0, 1;
    %assign/vec4 v0000023770afd960_0, 0;
    %delay 1000000, 0;
    %vpi_call 2 34 "$finish" {0 0 0};
    %end;
    .thread T_2;
    .scope S_0000023770b8ab80;
T_3 ;
    %delay 10000, 0;
    %load/vec4 v0000023770afda00_0;
    %inv;
    %store/vec4 v0000023770afda00_0, 0, 1;
    %jmp T_3;
    .thread T_3;
# The file index is used to find the file name in the following table.
:file_names 4;
    "N/A";
    "<interactive>";
    "button_light_tb.v";
    "./button_light.v";
