#! /usr/bin/vvp
:ivl_version "11.0 (stable)";
:ivl_delay_selection "TYPICAL";
:vpi_time_precision - 10;
:vpi_module "/usr/lib/x86_64-linux-gnu/ivl/system.vpi";
:vpi_module "/usr/lib/x86_64-linux-gnu/ivl/vhdl_sys.vpi";
:vpi_module "/usr/lib/x86_64-linux-gnu/ivl/vhdl_textio.vpi";
:vpi_module "/usr/lib/x86_64-linux-gnu/ivl/v2005_math.vpi";
:vpi_module "/usr/lib/x86_64-linux-gnu/ivl/va_math.vpi";
S_0x557fb1439b50 .scope module, "control_register" "control_register" 2 5;
 .timescale -9 -10;
    .port_info 0 /INPUT 1 "clk_i";
    .port_info 1 /INPUT 1 "rstn_i";
    .port_info 2 /INPUT 2 "cmd_i";
    .port_info 3 /INPUT 6 "cmd_addr_i";
    .port_info 4 /INPUT 32 "cmd_data_i";
    .port_info 5 /INPUT 6 "slv0_margin_i";
    .port_info 6 /INPUT 6 "slv1_margin_i";
    .port_info 7 /INPUT 6 "slv2_margin_i";
    .port_info 8 /OUTPUT 1 "slv0_en_o";
    .port_info 9 /OUTPUT 1 "slv1_en_o";
    .port_info 10 /OUTPUT 1 "slv2_en_o";
    .port_info 11 /OUTPUT 32 "cmd_data_o";
    .port_info 12 /OUTPUT 2 "slv0_prio_o";
    .port_info 13 /OUTPUT 2 "slv1_prio_o";
    .port_info 14 /OUTPUT 2 "slv2_prio_o";
    .port_info 15 /OUTPUT 3 "slv0_pkglen_o";
    .port_info 16 /OUTPUT 3 "slv1_pkglen_o";
    .port_info 17 /OUTPUT 3 "slv2_pkglen_o";
P_0x557fb143beb0 .param/l "CTRL_REG_DEFAULT" 0 2 7, C4<00000000000000000000000000000111>;
P_0x557fb143bef0 .param/l "STATE_REG_DEFAULT" 0 2 8, C4<00000000000000000000000000111111>;
v0x557fb14371a0 .array "Register", 0 5, 31 0;
o0x7fe7808a3138 .functor BUFZ 1, C4<z>; HiZ drive
v0x557fb1465f40_0 .net "clk_i", 0 0, o0x7fe7808a3138;  0 drivers
o0x7fe7808a3168 .functor BUFZ 6, C4<zzzzzz>; HiZ drive
v0x557fb1466000_0 .net "cmd_addr_i", 5 0, o0x7fe7808a3168;  0 drivers
o0x7fe7808a3198 .functor BUFZ 32, C4<zzzzzzzzzzzzzzzzzzzzzzzzzzzzzzzz>; HiZ drive
v0x557fb14660c0_0 .net "cmd_data_i", 31 0, o0x7fe7808a3198;  0 drivers
v0x557fb14661a0_0 .var "cmd_data_o", 31 0;
o0x7fe7808a31f8 .functor BUFZ 2, C4<zz>; HiZ drive
v0x557fb14662d0_0 .net "cmd_i", 1 0, o0x7fe7808a31f8;  0 drivers
v0x557fb14663b0_0 .var/i "i", 31 0;
o0x7fe7808a3258 .functor BUFZ 1, C4<z>; HiZ drive
v0x557fb1466490_0 .net "rstn_i", 0 0, o0x7fe7808a3258;  0 drivers
v0x557fb1466550_0 .net "slv0_en_o", 0 0, L_0x557fb1410350;  1 drivers
o0x7fe7808a32b8 .functor BUFZ 6, C4<zzzzzz>; HiZ drive
v0x557fb1466610_0 .net "slv0_margin_i", 5 0, o0x7fe7808a32b8;  0 drivers
v0x557fb14666f0_0 .net "slv0_pkglen_o", 2 0, L_0x557fb1467850;  1 drivers
v0x557fb14667d0_0 .net "slv0_prio_o", 1 0, L_0x557fb1467530;  1 drivers
v0x557fb14668b0_0 .net "slv1_en_o", 0 0, L_0x557fb1467360;  1 drivers
o0x7fe7808a3378 .functor BUFZ 6, C4<zzzzzz>; HiZ drive
v0x557fb1466970_0 .net "slv1_margin_i", 5 0, o0x7fe7808a3378;  0 drivers
v0x557fb1466a50_0 .net "slv1_pkglen_o", 2 0, L_0x557fb14678f0;  1 drivers
v0x557fb1466b30_0 .net "slv1_prio_o", 1 0, L_0x557fb1467630;  1 drivers
v0x557fb1466c10_0 .net "slv2_en_o", 0 0, L_0x557fb1467430;  1 drivers
o0x7fe7808a3438 .functor BUFZ 6, C4<zzzzzz>; HiZ drive
v0x557fb1466de0_0 .net "slv2_margin_i", 5 0, o0x7fe7808a3438;  0 drivers
v0x557fb1466ec0_0 .net "slv2_pkglen_o", 2 0, L_0x557fb14679e0;  1 drivers
v0x557fb1466fa0_0 .net "slv2_prio_o", 1 0, L_0x557fb1467720;  1 drivers
E_0x557fb144afb0/0 .event negedge, v0x557fb1466490_0;
E_0x557fb144afb0/1 .event posedge, v0x557fb1465f40_0;
E_0x557fb144afb0 .event/or E_0x557fb144afb0/0, E_0x557fb144afb0/1;
v0x557fb14371a0_0 .array/port v0x557fb14371a0, 0;
L_0x557fb1410350 .part v0x557fb14371a0_0, 0, 1;
v0x557fb14371a0_1 .array/port v0x557fb14371a0, 1;
L_0x557fb1467360 .part v0x557fb14371a0_1, 0, 1;
v0x557fb14371a0_2 .array/port v0x557fb14371a0, 2;
L_0x557fb1467430 .part v0x557fb14371a0_2, 0, 1;
L_0x557fb1467530 .part v0x557fb14371a0_0, 1, 2;
L_0x557fb1467630 .part v0x557fb14371a0_1, 1, 2;
L_0x557fb1467720 .part v0x557fb14371a0_2, 1, 2;
L_0x557fb1467850 .part v0x557fb14371a0_0, 3, 3;
L_0x557fb14678f0 .part v0x557fb14371a0_1, 3, 3;
L_0x557fb14679e0 .part v0x557fb14371a0_2, 3, 3;
    .scope S_0x557fb1439b50;
T_0 ;
    %wait E_0x557fb144afb0;
    %load/vec4 v0x557fb1466490_0;
    %nor/r;
    %flag_set/vec4 8;
    %jmp/0xz  T_0.0, 8;
    %pushi/vec4 0, 0, 32;
    %store/vec4 v0x557fb14663b0_0, 0, 32;
T_0.2 ;
    %load/vec4 v0x557fb14663b0_0;
    %cmpi/s 3, 0, 32;
    %jmp/0xz T_0.3, 5;
    %pushi/vec4 7, 0, 32;
    %ix/getv/s 3, v0x557fb14663b0_0;
    %ix/load 4, 0, 0; Constant delay
    %assign/vec4/a/d v0x557fb14371a0, 0, 4;
    %load/vec4 v0x557fb14663b0_0;
    %addi 1, 0, 32;
    %store/vec4 v0x557fb14663b0_0, 0, 32;
    %jmp T_0.2;
T_0.3 ;
    %pushi/vec4 3, 0, 32;
    %store/vec4 v0x557fb14663b0_0, 0, 32;
T_0.4 ;
    %load/vec4 v0x557fb14663b0_0;
    %cmpi/s 6, 0, 32;
    %jmp/0xz T_0.5, 5;
    %pushi/vec4 63, 0, 32;
    %ix/getv/s 3, v0x557fb14663b0_0;
    %ix/load 4, 0, 0; Constant delay
    %assign/vec4/a/d v0x557fb14371a0, 0, 4;
    %load/vec4 v0x557fb14663b0_0;
    %addi 1, 0, 32;
    %store/vec4 v0x557fb14663b0_0, 0, 32;
    %jmp T_0.4;
T_0.5 ;
    %pushi/vec4 0, 0, 32;
    %assign/vec4 v0x557fb14661a0_0, 0;
    %jmp T_0.1;
T_0.0 ;
    %load/vec4 v0x557fb14662d0_0;
    %dup/vec4;
    %pushi/vec4 1, 0, 2;
    %cmp/u;
    %jmp/1 T_0.6, 6;
    %dup/vec4;
    %pushi/vec4 2, 0, 2;
    %cmp/u;
    %jmp/1 T_0.7, 6;
    %jmp T_0.9;
T_0.6 ;
    %load/vec4 v0x557fb1466000_0;
    %ix/load 5, 2, 0;
    %flag_set/imm 4, 0;
    %shiftr 5;
    %ix/vec4 4;
    %load/vec4a v0x557fb14371a0, 4;
    %assign/vec4 v0x557fb14661a0_0, 0;
    %jmp T_0.9;
T_0.7 ;
    %load/vec4 v0x557fb14660c0_0;
    %load/vec4 v0x557fb1466000_0;
    %ix/load 4, 2, 0;
    %flag_set/imm 4, 0;
    %shiftr 4;
    %ix/vec4 3;
    %ix/load 4, 0, 0; Constant delay
    %assign/vec4/a/d v0x557fb14371a0, 0, 4;
    %jmp T_0.9;
T_0.9 ;
    %pop/vec4 1;
    %load/vec4 v0x557fb1466610_0;
    %ix/load 3, 3, 0;
    %flag_set/imm 4, 0;
    %ix/load 4, 0, 0; Constant delay
    %assign/vec4/a/d v0x557fb14371a0, 0, 4;
    %load/vec4 v0x557fb1466970_0;
    %ix/load 3, 4, 0;
    %flag_set/imm 4, 0;
    %ix/load 4, 0, 0; Constant delay
    %assign/vec4/a/d v0x557fb14371a0, 0, 4;
    %load/vec4 v0x557fb1466de0_0;
    %ix/load 3, 5, 0;
    %flag_set/imm 4, 0;
    %ix/load 4, 0, 0; Constant delay
    %assign/vec4/a/d v0x557fb14371a0, 0, 4;
T_0.1 ;
    %jmp T_0;
    .thread T_0;
# The file index is used to find the file name in the following table.
:file_names 3;
    "N/A";
    "<interactive>";
    "control_register.v";
