#! /c/Source/iverilog-install/bin/vvp
:ivl_version "12.0 (devel)" "(s20150603-1539-g2693dd32b)";
:ivl_delay_selection "TYPICAL";
:vpi_time_precision + 0;
:vpi_module "C:\iverilog\lib\ivl\system.vpi";
:vpi_module "C:\iverilog\lib\ivl\vhdl_sys.vpi";
:vpi_module "C:\iverilog\lib\ivl\vhdl_textio.vpi";
:vpi_module "C:\iverilog\lib\ivl\v2005_math.vpi";
:vpi_module "C:\iverilog\lib\ivl\va_math.vpi";
S_0000016a5f2d26e0 .scope module, "uart001_tx" "uart001_tx" 2 1;
 .timescale 0 0;
    .port_info 0 /INPUT 1 "clk_i";
    .port_info 1 /INPUT 8 "uart_tx_data_i";
    .port_info 2 /INPUT 1 "uart_tx_en_i";
    .port_info 3 /OUTPUT 1 "uart_tx_o";
    .port_info 4 /OUTPUT 1 "uart_busy";
P_0000016a5f2d2870 .param/l "BAUD_DIV" 0 2 9, C4<1010001010111>;
P_0000016a5f2d28a8 .param/l "BIT0" 0 2 21, C4<0001>;
P_0000016a5f2d28e0 .param/l "BIT1" 0 2 22, C4<0010>;
P_0000016a5f2d2918 .param/l "BIT2" 0 2 23, C4<0011>;
P_0000016a5f2d2950 .param/l "BIT3" 0 2 24, C4<0100>;
P_0000016a5f2d2988 .param/l "BIT4" 0 2 25, C4<0101>;
P_0000016a5f2d29c0 .param/l "BIT5" 0 2 26, C4<0110>;
P_0000016a5f2d29f8 .param/l "BIT6" 0 2 27, C4<0111>;
P_0000016a5f2d2a30 .param/l "BIT7" 0 2 28, C4<1000>;
P_0000016a5f2d2a68 .param/l "START" 0 2 20, C4<0000>;
P_0000016a5f2d2aa0 .param/l "STOP" 0 2 29, C4<1001>;
L_0000016a5f301380 .functor BUFZ 1, v0000016a5f2b8ff0_0, C4<0>, C4<0>, C4<0>;
v0000016a5f2bb480_0 .var "TX_S", 3 0;
L_0000016a5f35fff8 .functor BUFT 1, C4<1010001010111>, C4<0>, C4<0>, C4<0>;
v0000016a5f2d2d60_0 .net/2u *"_ivl_2", 12 0, L_0000016a5f35fff8;  1 drivers
v0000016a5f2d3110_0 .var "baud_div", 12 0;
v0000016a5f2d2ae0_0 .net "bps_en", 0 0, L_0000016a5f710090;  1 drivers
v0000016a5f2b8ff0_0 .var "bps_start_en", 0 0;
o0000016a5f30f058 .functor BUFZ 1, C4<z>; HiZ drive
v0000016a5f300aa0_0 .net "clk_i", 0 0, o0000016a5f30f058;  0 drivers
v0000016a5f300b40_0 .net "uart_busy", 0 0, L_0000016a5f301380;  1 drivers
o0000016a5f30f0b8 .functor BUFZ 8, C4<zzzzzzzz>; HiZ drive
v0000016a5f300be0_0 .net "uart_tx_data_i", 7 0, o0000016a5f30f0b8;  0 drivers
v0000016a5f300c80_0 .var "uart_tx_data_r", 7 0;
o0000016a5f30f118 .functor BUFZ 1, C4<z>; HiZ drive
v0000016a5f300d20_0 .net "uart_tx_en_i", 0 0, o0000016a5f30f118;  0 drivers
v0000016a5f300dc0_0 .var "uart_tx_o", 0 0;
E_0000016a5f2ba980 .event anyedge, v0000016a5f2bb480_0, v0000016a5f300c80_0;
E_0000016a5f2bb380 .event posedge, v0000016a5f300aa0_0;
L_0000016a5f710090 .cmp/eq 13, v0000016a5f2d3110_0, L_0000016a5f35fff8;
    .scope S_0000016a5f2d26e0;
T_0 ;
    %pushi/vec4 1, 0, 1;
    %store/vec4 v0000016a5f300dc0_0, 0, 1;
    %pushi/vec4 0, 0, 1;
    %store/vec4 v0000016a5f2b8ff0_0, 0, 1;
    %pushi/vec4 0, 0, 13;
    %store/vec4 v0000016a5f2d3110_0, 0, 13;
    %pushi/vec4 0, 0, 8;
    %store/vec4 v0000016a5f300c80_0, 0, 8;
    %pushi/vec4 9, 0, 4;
    %store/vec4 v0000016a5f2bb480_0, 0, 4;
    %end;
    .thread T_0;
    .scope S_0000016a5f2d26e0;
T_1 ;
    %wait E_0000016a5f2bb380;
    %load/vec4 v0000016a5f2b8ff0_0;
    %flag_set/vec4 9;
    %flag_get/vec4 9;
    %jmp/0 T_1.2, 9;
    %load/vec4 v0000016a5f2d3110_0;
    %cmpi/u 5207, 0, 13;
    %flag_get/vec4 5;
    %and;
T_1.2;
    %flag_set/vec4 8;
    %jmp/0xz  T_1.0, 8;
    %load/vec4 v0000016a5f2d3110_0;
    %addi 1, 0, 13;
    %assign/vec4 v0000016a5f2d3110_0, 0;
    %jmp T_1.1;
T_1.0 ;
    %pushi/vec4 0, 0, 13;
    %assign/vec4 v0000016a5f2d3110_0, 0;
T_1.1 ;
    %jmp T_1;
    .thread T_1;
    .scope S_0000016a5f2d26e0;
T_2 ;
    %wait E_0000016a5f2bb380;
    %load/vec4 v0000016a5f300d20_0;
    %flag_set/vec4 8;
    %jmp/0xz  T_2.0, 8;
    %pushi/vec4 1, 0, 1;
    %assign/vec4 v0000016a5f2b8ff0_0, 0;
    %load/vec4 v0000016a5f300be0_0;
    %assign/vec4 v0000016a5f300c80_0, 0;
    %pushi/vec4 0, 0, 4;
    %assign/vec4 v0000016a5f2bb480_0, 0;
    %jmp T_2.1;
T_2.0 ;
    %load/vec4 v0000016a5f2b8ff0_0;
    %nor/r;
    %flag_set/vec4 8;
    %jmp/0xz  T_2.2, 8;
    %pushi/vec4 9, 0, 4;
    %assign/vec4 v0000016a5f2bb480_0, 0;
T_2.2 ;
T_2.1 ;
    %load/vec4 v0000016a5f2d2ae0_0;
    %flag_set/vec4 8;
    %jmp/0xz  T_2.4, 8;
    %load/vec4 v0000016a5f2bb480_0;
    %dup/vec4;
    %pushi/vec4 0, 0, 4;
    %cmp/u;
    %jmp/1 T_2.6, 6;
    %dup/vec4;
    %pushi/vec4 1, 0, 4;
    %cmp/u;
    %jmp/1 T_2.7, 6;
    %dup/vec4;
    %pushi/vec4 2, 0, 4;
    %cmp/u;
    %jmp/1 T_2.8, 6;
    %dup/vec4;
    %pushi/vec4 3, 0, 4;
    %cmp/u;
    %jmp/1 T_2.9, 6;
    %dup/vec4;
    %pushi/vec4 4, 0, 4;
    %cmp/u;
    %jmp/1 T_2.10, 6;
    %dup/vec4;
    %pushi/vec4 5, 0, 4;
    %cmp/u;
    %jmp/1 T_2.11, 6;
    %dup/vec4;
    %pushi/vec4 6, 0, 4;
    %cmp/u;
    %jmp/1 T_2.12, 6;
    %dup/vec4;
    %pushi/vec4 7, 0, 4;
    %cmp/u;
    %jmp/1 T_2.13, 6;
    %dup/vec4;
    %pushi/vec4 8, 0, 4;
    %cmp/u;
    %jmp/1 T_2.14, 6;
    %dup/vec4;
    %pushi/vec4 9, 0, 4;
    %cmp/u;
    %jmp/1 T_2.15, 6;
    %pushi/vec4 9, 0, 4;
    %assign/vec4 v0000016a5f2bb480_0, 0;
    %jmp T_2.17;
T_2.6 ;
    %pushi/vec4 1, 0, 4;
    %assign/vec4 v0000016a5f2bb480_0, 0;
    %jmp T_2.17;
T_2.7 ;
    %pushi/vec4 2, 0, 4;
    %assign/vec4 v0000016a5f2bb480_0, 0;
    %jmp T_2.17;
T_2.8 ;
    %pushi/vec4 3, 0, 4;
    %assign/vec4 v0000016a5f2bb480_0, 0;
    %jmp T_2.17;
T_2.9 ;
    %pushi/vec4 4, 0, 4;
    %assign/vec4 v0000016a5f2bb480_0, 0;
    %jmp T_2.17;
T_2.10 ;
    %pushi/vec4 5, 0, 4;
    %assign/vec4 v0000016a5f2bb480_0, 0;
    %jmp T_2.17;
T_2.11 ;
    %pushi/vec4 6, 0, 4;
    %assign/vec4 v0000016a5f2bb480_0, 0;
    %jmp T_2.17;
T_2.12 ;
    %pushi/vec4 7, 0, 4;
    %assign/vec4 v0000016a5f2bb480_0, 0;
    %jmp T_2.17;
T_2.13 ;
    %pushi/vec4 8, 0, 4;
    %assign/vec4 v0000016a5f2bb480_0, 0;
    %jmp T_2.17;
T_2.14 ;
    %pushi/vec4 9, 0, 4;
    %assign/vec4 v0000016a5f2bb480_0, 0;
    %jmp T_2.17;
T_2.15 ;
    %pushi/vec4 0, 0, 1;
    %assign/vec4 v0000016a5f2b8ff0_0, 0;
    %jmp T_2.17;
T_2.17 ;
    %pop/vec4 1;
T_2.4 ;
    %jmp T_2;
    .thread T_2;
    .scope S_0000016a5f2d26e0;
T_3 ;
    %wait E_0000016a5f2ba980;
    %load/vec4 v0000016a5f2bb480_0;
    %dup/vec4;
    %pushi/vec4 0, 0, 4;
    %cmp/u;
    %jmp/1 T_3.0, 6;
    %dup/vec4;
    %pushi/vec4 1, 0, 4;
    %cmp/u;
    %jmp/1 T_3.1, 6;
    %dup/vec4;
    %pushi/vec4 2, 0, 4;
    %cmp/u;
    %jmp/1 T_3.2, 6;
    %dup/vec4;
    %pushi/vec4 3, 0, 4;
    %cmp/u;
    %jmp/1 T_3.3, 6;
    %dup/vec4;
    %pushi/vec4 4, 0, 4;
    %cmp/u;
    %jmp/1 T_3.4, 6;
    %dup/vec4;
    %pushi/vec4 5, 0, 4;
    %cmp/u;
    %jmp/1 T_3.5, 6;
    %dup/vec4;
    %pushi/vec4 6, 0, 4;
    %cmp/u;
    %jmp/1 T_3.6, 6;
    %dup/vec4;
    %pushi/vec4 7, 0, 4;
    %cmp/u;
    %jmp/1 T_3.7, 6;
    %dup/vec4;
    %pushi/vec4 8, 0, 4;
    %cmp/u;
    %jmp/1 T_3.8, 6;
    %dup/vec4;
    %pushi/vec4 9, 0, 4;
    %cmp/u;
    %jmp/1 T_3.9, 6;
    %pushi/vec4 1, 0, 1;
    %assign/vec4 v0000016a5f300dc0_0, 0;
    %jmp T_3.11;
T_3.0 ;
    %pushi/vec4 0, 0, 1;
    %assign/vec4 v0000016a5f300dc0_0, 0;
    %jmp T_3.11;
T_3.1 ;
    %load/vec4 v0000016a5f300c80_0;
    %parti/s 1, 0, 2;
    %assign/vec4 v0000016a5f300dc0_0, 0;
    %jmp T_3.11;
T_3.2 ;
    %load/vec4 v0000016a5f300c80_0;
    %parti/s 1, 1, 2;
    %assign/vec4 v0000016a5f300dc0_0, 0;
    %jmp T_3.11;
T_3.3 ;
    %load/vec4 v0000016a5f300c80_0;
    %parti/s 1, 2, 3;
    %assign/vec4 v0000016a5f300dc0_0, 0;
    %jmp T_3.11;
T_3.4 ;
    %load/vec4 v0000016a5f300c80_0;
    %parti/s 1, 3, 3;
    %assign/vec4 v0000016a5f300dc0_0, 0;
    %jmp T_3.11;
T_3.5 ;
    %load/vec4 v0000016a5f300c80_0;
    %parti/s 1, 4, 4;
    %assign/vec4 v0000016a5f300dc0_0, 0;
    %jmp T_3.11;
T_3.6 ;
    %load/vec4 v0000016a5f300c80_0;
    %parti/s 1, 5, 4;
    %assign/vec4 v0000016a5f300dc0_0, 0;
    %jmp T_3.11;
T_3.7 ;
    %load/vec4 v0000016a5f300c80_0;
    %parti/s 1, 6, 4;
    %assign/vec4 v0000016a5f300dc0_0, 0;
    %jmp T_3.11;
T_3.8 ;
    %load/vec4 v0000016a5f300c80_0;
    %parti/s 1, 7, 4;
    %assign/vec4 v0000016a5f300dc0_0, 0;
    %jmp T_3.11;
T_3.9 ;
    %pushi/vec4 1, 0, 1;
    %assign/vec4 v0000016a5f300dc0_0, 0;
    %jmp T_3.11;
T_3.11 ;
    %pop/vec4 1;
    %jmp T_3;
    .thread T_3, $push;
# The file index is used to find the file name in the following table.
:file_names 3;
    "N/A";
    "<interactive>";
    "uart001_tx.v";
