#! /c/Source/iverilog-install/bin/vvp
:ivl_version "12.0 (devel)" "(s20150603-1539-g2693dd32b)";
:ivl_delay_selection "TYPICAL";
:vpi_time_precision + 0;
:vpi_module "C:\iverilog\lib\ivl\system.vpi";
:vpi_module "C:\iverilog\lib\ivl\vhdl_sys.vpi";
:vpi_module "C:\iverilog\lib\ivl\vhdl_textio.vpi";
:vpi_module "C:\iverilog\lib\ivl\v2005_math.vpi";
:vpi_module "C:\iverilog\lib\ivl\va_math.vpi";
S_0000024baa2a27f0 .scope module, "uart_rx_path" "uart_rx_path" 2 2;
 .timescale 0 0;
    .port_info 0 /INPUT 1 "clk_i";
    .port_info 1 /INPUT 1 "uart_rx_i";
    .port_info 2 /OUTPUT 8 "uart_rx_data_o";
    .port_info 3 /OUTPUT 1 "uart_rx_done";
P_0000024baa2d4100 .param/l "BAUD_DIV" 0 2 8, C4<10100010110000>;
P_0000024baa2d4138 .param/l "BAUD_DIV_CAP" 0 2 9, C4<0010100010101>;
P_0000024baa2d4170 .param/l "BIT0" 0 2 32, C4<0001>;
P_0000024baa2d41a8 .param/l "BIT1" 0 2 33, C4<0010>;
P_0000024baa2d41e0 .param/l "BIT2" 0 2 34, C4<0011>;
P_0000024baa2d4218 .param/l "BIT3" 0 2 35, C4<0100>;
P_0000024baa2d4250 .param/l "BIT4" 0 2 36, C4<0101>;
P_0000024baa2d4288 .param/l "BIT5" 0 2 37, C4<0110>;
P_0000024baa2d42c0 .param/l "BIT6" 0 2 38, C4<0111>;
P_0000024baa2d42f8 .param/l "BIT7" 0 2 39, C4<1000>;
P_0000024baa2d4330 .param/l "START" 0 2 31, C4<0000>;
P_0000024baa2d4368 .param/l "STOP" 0 2 40, C4<1001>;
L_0000024baa2e8340 .functor OR 1, L_0000024baa33c120, L_0000024baa33c760, C4<0>, C4<0>;
L_0000024baa2e8500 .functor OR 1, L_0000024baa2e8340, L_0000024baa33c940, C4<0>, C4<0>;
L_0000024baa2e83b0 .functor OR 1, L_0000024baa2e8500, L_0000024baa33cda0, C4<0>, C4<0>;
L_0000024baa2e8180 .functor OR 1, L_0000024baa2e83b0, L_0000024baa33d8e0, C4<0>, C4<0>;
L_0000024baa2e7690 .functor AND 1, L_0000024baa33cf80, v0000024baa33c3a0_0, C4<1>, C4<1>;
L_0000024baa2e8490 .functor AND 1, L_0000024baa33c8a0, v0000024baa33c580_0, C4<1>, C4<1>;
L_0000024baa6d01a8 .functor BUFT 1, C4<1>, C4<0>, C4<0>, C4<0>;
L_0000024baa2e79a0 .functor XNOR 1, v0000024baa33da20_0, L_0000024baa6d01a8, C4<0>, C4<0>;
L_0000024baa2e80a0 .functor AND 1, L_0000024baa2e8490, L_0000024baa2e79a0, C4<1>, C4<1>;
L_0000024baa2e7a10 .functor AND 1, L_0000024baa33cd00, L_0000024baa2e7690, C4<1>, C4<1>;
L_0000024baa2e7a80 .functor BUFZ 8, v0000024baa33d7a0_0, C4<00000000>, C4<00000000>, C4<00000000>;
v0000024baa2cd960_0 .var "RX_S", 3 0;
v0000024baa2ccf60_0 .net *"_ivl_1", 0 0, L_0000024baa33c120;  1 drivers
v0000024baa2ccce0_0 .net *"_ivl_11", 0 0, L_0000024baa33cda0;  1 drivers
v0000024baa2cd140_0 .net *"_ivl_12", 0 0, L_0000024baa2e83b0;  1 drivers
v0000024baa2cda00_0 .net *"_ivl_15", 0 0, L_0000024baa33d8e0;  1 drivers
L_0000024baa6d0088 .functor BUFT 1, C4<10100010110000>, C4<0>, C4<0>, C4<0>;
v0000024baa2cd320_0 .net/2u *"_ivl_18", 13 0, L_0000024baa6d0088;  1 drivers
L_0000024baa6d00d0 .functor BUFT 1, C4<0010100010101>, C4<0>, C4<0>, C4<0>;
v0000024baa2cd5a0_0 .net/2u *"_ivl_22", 12 0, L_0000024baa6d00d0;  1 drivers
L_0000024baa6d0118 .functor BUFT 1, C4<00111>, C4<0>, C4<0>, C4<0>;
v0000024baa2ccb00_0 .net/2u *"_ivl_26", 4 0, L_0000024baa6d0118;  1 drivers
v0000024baa2cd1e0_0 .net *"_ivl_3", 0 0, L_0000024baa33c760;  1 drivers
v0000024baa2cd0a0_0 .net *"_ivl_31", 0 0, L_0000024baa33cf80;  1 drivers
L_0000024baa6d0160 .functor BUFT 1, C4<0000>, C4<0>, C4<0>, C4<0>;
v0000024baa2ccd80_0 .net/2u *"_ivl_34", 3 0, L_0000024baa6d0160;  1 drivers
v0000024baa2cce20_0 .net *"_ivl_36", 0 0, L_0000024baa33c8a0;  1 drivers
v0000024baa2cd640_0 .net *"_ivl_39", 0 0, L_0000024baa2e8490;  1 drivers
v0000024baa2cd460_0 .net *"_ivl_4", 0 0, L_0000024baa2e8340;  1 drivers
v0000024baa2cd820_0 .net/2u *"_ivl_40", 0 0, L_0000024baa6d01a8;  1 drivers
v0000024baa2cd000_0 .net *"_ivl_42", 0 0, L_0000024baa2e79a0;  1 drivers
L_0000024baa6d01f0 .functor BUFT 1, C4<1001>, C4<0>, C4<0>, C4<0>;
v0000024baa2cd780_0 .net/2u *"_ivl_46", 3 0, L_0000024baa6d01f0;  1 drivers
v0000024baa2cd280_0 .net *"_ivl_48", 0 0, L_0000024baa33cd00;  1 drivers
v0000024baa2ccba0_0 .net *"_ivl_7", 0 0, L_0000024baa33c940;  1 drivers
v0000024baa2ccec0_0 .net *"_ivl_8", 0 0, L_0000024baa2e8500;  1 drivers
v0000024baa33c3a0_0 .var "ap_tmp_r", 0 0;
v0000024baa33d200_0 .var "ap_tmp_r1", 0 0;
v0000024baa33dd40_0 .var "baud_div", 13 0;
v0000024baa33c800_0 .net "bps_en", 0 0, L_0000024baa33d2a0;  1 drivers
v0000024baa33d660_0 .var "bps_start_en", 0 0;
v0000024baa33cb20_0 .var "cap_cnt", 4 0;
v0000024baa33d0c0_0 .net "cap_en", 0 0, L_0000024baa2e7690;  1 drivers
v0000024baa33c580_0 .var "cap_en_r", 0 0;
v0000024baa33da20_0 .var "cap_r", 0 0;
v0000024baa33c300_0 .net "cap_tmp", 0 0, L_0000024baa33d3e0;  1 drivers
o0000024baa2eb588 .functor BUFZ 1, C4<z>; HiZ drive
v0000024baa33dde0_0 .net "clk_i", 0 0, o0000024baa2eb588;  0 drivers
v0000024baa33d7a0_0 .var "rx", 7 0;
v0000024baa33d700_0 .net "rx_start_fail", 0 0, L_0000024baa2e80a0;  1 drivers
v0000024baa33db60_0 .var "rx_tmp", 4 0;
v0000024baa33d840_0 .var "samp_cnt", 12 0;
v0000024baa33cbc0_0 .net "samp_en", 0 0, L_0000024baa33d340;  1 drivers
v0000024baa33ca80_0 .var "start_bit", 0 0;
v0000024baa33cc60_0 .net "uart_rx_data_o", 7 0, L_0000024baa2e7a80;  1 drivers
v0000024baa33d160_0 .net "uart_rx_done", 0 0, L_0000024baa2e7a10;  1 drivers
o0000024baa2eb738 .functor BUFZ 1, C4<z>; HiZ drive
v0000024baa33c620_0 .net "uart_rx_i", 0 0, o0000024baa2eb738;  0 drivers
v0000024baa33c080_0 .var "uart_rx_i_r", 4 0;
v0000024baa33c6c0_0 .net "uart_rx_int", 0 0, L_0000024baa2e8180;  1 drivers
E_0000024baa2cf500 .event posedge, v0000024baa33dde0_0;
L_0000024baa33c120 .part v0000024baa33c080_0, 4, 1;
L_0000024baa33c760 .part v0000024baa33c080_0, 3, 1;
L_0000024baa33c940 .part v0000024baa33c080_0, 2, 1;
L_0000024baa33cda0 .part v0000024baa33c080_0, 1, 1;
L_0000024baa33d8e0 .part v0000024baa33c080_0, 0, 1;
L_0000024baa33d2a0 .cmp/eq 14, v0000024baa33dd40_0, L_0000024baa6d0088;
L_0000024baa33d340 .cmp/eq 13, v0000024baa33d840_0, L_0000024baa6d00d0;
L_0000024baa33d3e0 .cmp/eq 5, v0000024baa33cb20_0, L_0000024baa6d0118;
L_0000024baa33cf80 .reduce/nor v0000024baa33d200_0;
L_0000024baa33c8a0 .cmp/eq 4, v0000024baa2cd960_0, L_0000024baa6d0160;
L_0000024baa33cd00 .cmp/eq 4, v0000024baa2cd960_0, L_0000024baa6d01f0;
    .scope S_0000024baa2a27f0;
T_0 ;
    %pushi/vec4 0, 0, 14;
    %store/vec4 v0000024baa33dd40_0, 0, 14;
    %pushi/vec4 0, 0, 1;
    %store/vec4 v0000024baa33d660_0, 0, 1;
    %pushi/vec4 0, 0, 13;
    %store/vec4 v0000024baa33d840_0, 0, 13;
    %pushi/vec4 31, 0, 5;
    %store/vec4 v0000024baa33c080_0, 0, 5;
    %pushi/vec4 0, 0, 4;
    %store/vec4 v0000024baa2cd960_0, 0, 4;
    %pushi/vec4 15, 0, 5;
    %store/vec4 v0000024baa33db60_0, 0, 5;
    %pushi/vec4 0, 0, 5;
    %store/vec4 v0000024baa33cb20_0, 0, 5;
    %pushi/vec4 0, 0, 1;
    %store/vec4 v0000024baa33da20_0, 0, 1;
    %pushi/vec4 0, 0, 1;
    %store/vec4 v0000024baa33c3a0_0, 0, 1;
    %pushi/vec4 0, 0, 1;
    %store/vec4 v0000024baa33d200_0, 0, 1;
    %pushi/vec4 0, 0, 1;
    %store/vec4 v0000024baa33c580_0, 0, 1;
    %pushi/vec4 0, 0, 8;
    %store/vec4 v0000024baa33d7a0_0, 0, 8;
    %pushi/vec4 1, 0, 1;
    %store/vec4 v0000024baa33ca80_0, 0, 1;
    %end;
    .thread T_0;
    .scope S_0000024baa2a27f0;
T_1 ;
    %wait E_0000024baa2cf500;
    %load/vec4 v0000024baa33d660_0;
    %flag_set/vec4 9;
    %flag_get/vec4 9;
    %jmp/0 T_1.2, 9;
    %load/vec4 v0000024baa33dd40_0;
    %cmpi/u 10416, 0, 14;
    %flag_get/vec4 5;
    %and;
T_1.2;
    %flag_set/vec4 8;
    %jmp/0xz  T_1.0, 8;
    %load/vec4 v0000024baa33dd40_0;
    %addi 1, 0, 14;
    %assign/vec4 v0000024baa33dd40_0, 0;
    %jmp T_1.1;
T_1.0 ;
    %pushi/vec4 0, 0, 14;
    %assign/vec4 v0000024baa33dd40_0, 0;
T_1.1 ;
    %jmp T_1;
    .thread T_1;
    .scope S_0000024baa2a27f0;
T_2 ;
    %wait E_0000024baa2cf500;
    %load/vec4 v0000024baa33d660_0;
    %flag_set/vec4 9;
    %flag_get/vec4 9;
    %jmp/0 T_2.2, 9;
    %load/vec4 v0000024baa33d840_0;
    %cmpi/u 1301, 0, 13;
    %flag_get/vec4 5;
    %and;
T_2.2;
    %flag_set/vec4 8;
    %jmp/0xz  T_2.0, 8;
    %load/vec4 v0000024baa33d840_0;
    %addi 1, 0, 13;
    %assign/vec4 v0000024baa33d840_0, 0;
    %jmp T_2.1;
T_2.0 ;
    %pushi/vec4 0, 0, 13;
    %assign/vec4 v0000024baa33d840_0, 0;
T_2.1 ;
    %jmp T_2;
    .thread T_2;
    .scope S_0000024baa2a27f0;
T_3 ;
    %wait E_0000024baa2cf500;
    %load/vec4 v0000024baa33c080_0;
    %parti/s 4, 0, 2;
    %load/vec4 v0000024baa33c620_0;
    %concat/vec4; draw_concat_vec4
    %assign/vec4 v0000024baa33c080_0, 0;
    %jmp T_3;
    .thread T_3;
    .scope S_0000024baa2a27f0;
T_4 ;
    %wait E_0000024baa2cf500;
    %load/vec4 v0000024baa33c6c0_0;
    %nor/r;
    %flag_set/vec4 9;
    %flag_get/vec4 9;
    %jmp/0 T_4.2, 9;
    %load/vec4 v0000024baa33d660_0;
    %pushi/vec4 0, 0, 1;
    %cmp/e;
    %flag_get/vec4 4;
    %and;
T_4.2;
    %flag_set/vec4 8;
    %jmp/0xz  T_4.0, 8;
    %pushi/vec4 1, 0, 1;
    %assign/vec4 v0000024baa33d660_0, 0;
    %pushi/vec4 0, 0, 4;
    %assign/vec4 v0000024baa2cd960_0, 0;
    %jmp T_4.1;
T_4.0 ;
    %load/vec4 v0000024baa33d700_0;
    %flag_set/vec4 8;
    %jmp/0xz  T_4.3, 8;
    %pushi/vec4 0, 0, 1;
    %assign/vec4 v0000024baa33d660_0, 0;
    %jmp T_4.4;
T_4.3 ;
    %load/vec4 v0000024baa33c800_0;
    %flag_set/vec4 8;
    %jmp/0xz  T_4.5, 8;
    %load/vec4 v0000024baa2cd960_0;
    %dup/vec4;
    %pushi/vec4 0, 0, 4;
    %cmp/u;
    %jmp/1 T_4.7, 6;
    %dup/vec4;
    %pushi/vec4 1, 0, 4;
    %cmp/u;
    %jmp/1 T_4.8, 6;
    %dup/vec4;
    %pushi/vec4 2, 0, 4;
    %cmp/u;
    %jmp/1 T_4.9, 6;
    %dup/vec4;
    %pushi/vec4 3, 0, 4;
    %cmp/u;
    %jmp/1 T_4.10, 6;
    %dup/vec4;
    %pushi/vec4 4, 0, 4;
    %cmp/u;
    %jmp/1 T_4.11, 6;
    %dup/vec4;
    %pushi/vec4 5, 0, 4;
    %cmp/u;
    %jmp/1 T_4.12, 6;
    %dup/vec4;
    %pushi/vec4 6, 0, 4;
    %cmp/u;
    %jmp/1 T_4.13, 6;
    %dup/vec4;
    %pushi/vec4 7, 0, 4;
    %cmp/u;
    %jmp/1 T_4.14, 6;
    %dup/vec4;
    %pushi/vec4 8, 0, 4;
    %cmp/u;
    %jmp/1 T_4.15, 6;
    %dup/vec4;
    %pushi/vec4 9, 0, 4;
    %cmp/u;
    %jmp/1 T_4.16, 6;
    %pushi/vec4 9, 0, 4;
    %assign/vec4 v0000024baa2cd960_0, 0;
    %jmp T_4.18;
T_4.7 ;
    %pushi/vec4 1, 0, 4;
    %assign/vec4 v0000024baa2cd960_0, 0;
    %jmp T_4.18;
T_4.8 ;
    %pushi/vec4 2, 0, 4;
    %assign/vec4 v0000024baa2cd960_0, 0;
    %jmp T_4.18;
T_4.9 ;
    %pushi/vec4 3, 0, 4;
    %assign/vec4 v0000024baa2cd960_0, 0;
    %jmp T_4.18;
T_4.10 ;
    %pushi/vec4 4, 0, 4;
    %assign/vec4 v0000024baa2cd960_0, 0;
    %jmp T_4.18;
T_4.11 ;
    %pushi/vec4 5, 0, 4;
    %assign/vec4 v0000024baa2cd960_0, 0;
    %jmp T_4.18;
T_4.12 ;
    %pushi/vec4 6, 0, 4;
    %assign/vec4 v0000024baa2cd960_0, 0;
    %jmp T_4.18;
T_4.13 ;
    %pushi/vec4 7, 0, 4;
    %assign/vec4 v0000024baa2cd960_0, 0;
    %jmp T_4.18;
T_4.14 ;
    %pushi/vec4 8, 0, 4;
    %assign/vec4 v0000024baa2cd960_0, 0;
    %jmp T_4.18;
T_4.15 ;
    %pushi/vec4 9, 0, 4;
    %assign/vec4 v0000024baa2cd960_0, 0;
    %jmp T_4.18;
T_4.16 ;
    %pushi/vec4 0, 0, 1;
    %assign/vec4 v0000024baa33d660_0, 0;
    %jmp T_4.18;
T_4.18 ;
    %pop/vec4 1;
T_4.5 ;
T_4.4 ;
T_4.1 ;
    %jmp T_4;
    .thread T_4;
    .scope S_0000024baa2a27f0;
T_5 ;
    %wait E_0000024baa2cf500;
    %load/vec4 v0000024baa33cbc0_0;
    %flag_set/vec4 8;
    %jmp/0xz  T_5.0, 8;
    %load/vec4 v0000024baa33cb20_0;
    %addi 1, 0, 5;
    %assign/vec4 v0000024baa33cb20_0, 0;
    %load/vec4 v0000024baa33c080_0;
    %parti/s 1, 4, 4;
    %flag_set/vec4 8;
    %jmp/0 T_5.2, 8;
    %load/vec4 v0000024baa33db60_0;
    %addi 1, 0, 5;
    %jmp/1 T_5.3, 8;
T_5.2 ; End of true expr.
    %load/vec4 v0000024baa33db60_0;
    %subi 1, 0, 5;
    %jmp/0 T_5.3, 8;
 ; End of false expr.
    %blend;
T_5.3;
    %assign/vec4 v0000024baa33db60_0, 0;
    %jmp T_5.1;
T_5.0 ;
    %load/vec4 v0000024baa33c800_0;
    %flag_set/vec4 8;
    %jmp/0xz  T_5.4, 8;
    %pushi/vec4 15, 0, 5;
    %assign/vec4 v0000024baa33db60_0, 0;
    %pushi/vec4 0, 0, 5;
    %assign/vec4 v0000024baa33cb20_0, 0;
T_5.4 ;
T_5.1 ;
    %jmp T_5;
    .thread T_5;
    .scope S_0000024baa2a27f0;
T_6 ;
    %wait E_0000024baa2cf500;
    %load/vec4 v0000024baa33c300_0;
    %assign/vec4 v0000024baa33c3a0_0, 0;
    %load/vec4 v0000024baa33c3a0_0;
    %assign/vec4 v0000024baa33d200_0, 0;
    %load/vec4 v0000024baa33d0c0_0;
    %assign/vec4 v0000024baa33c580_0, 0;
    %jmp T_6;
    .thread T_6;
    .scope S_0000024baa2a27f0;
T_7 ;
    %wait E_0000024baa2cf500;
    %load/vec4 v0000024baa33d0c0_0;
    %flag_set/vec4 9;
    %flag_get/vec4 9;
    %jmp/0 T_7.2, 9;
    %load/vec4 v0000024baa33d660_0;
    %and;
T_7.2;
    %flag_set/vec4 8;
    %jmp/0xz  T_7.0, 8;
    %load/vec4 v0000024baa33db60_0;
    %cmpi/u 15, 0, 5;
    %flag_or 5, 4; GT is !LE
    %flag_inv 5;
    %flag_mov 8, 5;
    %jmp/0 T_7.3, 8;
    %pushi/vec4 1, 0, 2;
    %jmp/1 T_7.4, 8;
T_7.3 ; End of true expr.
    %pushi/vec4 0, 0, 2;
    %jmp/0 T_7.4, 8;
 ; End of false expr.
    %blend;
T_7.4;
    %pad/s 1;
    %assign/vec4 v0000024baa33da20_0, 0;
    %jmp T_7.1;
T_7.0 ;
    %load/vec4 v0000024baa33d660_0;
    %nor/r;
    %flag_set/vec4 8;
    %jmp/0xz  T_7.5, 8;
    %pushi/vec4 1, 0, 1;
    %assign/vec4 v0000024baa33da20_0, 0;
T_7.5 ;
T_7.1 ;
    %jmp T_7;
    .thread T_7;
    .scope S_0000024baa2a27f0;
T_8 ;
    %wait E_0000024baa2cf500;
    %load/vec4 v0000024baa33c580_0;
    %flag_set/vec4 8;
    %jmp/0xz  T_8.0, 8;
    %load/vec4 v0000024baa2cd960_0;
    %dup/vec4;
    %pushi/vec4 1, 0, 4;
    %cmp/u;
    %jmp/1 T_8.2, 6;
    %dup/vec4;
    %pushi/vec4 2, 0, 4;
    %cmp/u;
    %jmp/1 T_8.3, 6;
    %dup/vec4;
    %pushi/vec4 3, 0, 4;
    %cmp/u;
    %jmp/1 T_8.4, 6;
    %dup/vec4;
    %pushi/vec4 4, 0, 4;
    %cmp/u;
    %jmp/1 T_8.5, 6;
    %dup/vec4;
    %pushi/vec4 5, 0, 4;
    %cmp/u;
    %jmp/1 T_8.6, 6;
    %dup/vec4;
    %pushi/vec4 6, 0, 4;
    %cmp/u;
    %jmp/1 T_8.7, 6;
    %dup/vec4;
    %pushi/vec4 7, 0, 4;
    %cmp/u;
    %jmp/1 T_8.8, 6;
    %dup/vec4;
    %pushi/vec4 8, 0, 4;
    %cmp/u;
    %jmp/1 T_8.9, 6;
    %load/vec4 v0000024baa33d7a0_0;
    %assign/vec4 v0000024baa33d7a0_0, 0;
    %jmp T_8.11;
T_8.2 ;
    %load/vec4 v0000024baa33da20_0;
    %ix/load 4, 0, 0;
    %ix/load 5, 0, 0;
    %flag_set/imm 4, 0;
    %assign/vec4/off/d v0000024baa33d7a0_0, 4, 5;
    %jmp T_8.11;
T_8.3 ;
    %load/vec4 v0000024baa33da20_0;
    %ix/load 4, 1, 0;
    %ix/load 5, 0, 0;
    %flag_set/imm 4, 0;
    %assign/vec4/off/d v0000024baa33d7a0_0, 4, 5;
    %jmp T_8.11;
T_8.4 ;
    %load/vec4 v0000024baa33da20_0;
    %ix/load 4, 2, 0;
    %ix/load 5, 0, 0;
    %flag_set/imm 4, 0;
    %assign/vec4/off/d v0000024baa33d7a0_0, 4, 5;
    %jmp T_8.11;
T_8.5 ;
    %load/vec4 v0000024baa33da20_0;
    %ix/load 4, 3, 0;
    %ix/load 5, 0, 0;
    %flag_set/imm 4, 0;
    %assign/vec4/off/d v0000024baa33d7a0_0, 4, 5;
    %jmp T_8.11;
T_8.6 ;
    %load/vec4 v0000024baa33da20_0;
    %ix/load 4, 4, 0;
    %ix/load 5, 0, 0;
    %flag_set/imm 4, 0;
    %assign/vec4/off/d v0000024baa33d7a0_0, 4, 5;
    %jmp T_8.11;
T_8.7 ;
    %load/vec4 v0000024baa33da20_0;
    %ix/load 4, 5, 0;
    %ix/load 5, 0, 0;
    %flag_set/imm 4, 0;
    %assign/vec4/off/d v0000024baa33d7a0_0, 4, 5;
    %jmp T_8.11;
T_8.8 ;
    %load/vec4 v0000024baa33da20_0;
    %ix/load 4, 6, 0;
    %ix/load 5, 0, 0;
    %flag_set/imm 4, 0;
    %assign/vec4/off/d v0000024baa33d7a0_0, 4, 5;
    %jmp T_8.11;
T_8.9 ;
    %load/vec4 v0000024baa33da20_0;
    %ix/load 4, 7, 0;
    %ix/load 5, 0, 0;
    %flag_set/imm 4, 0;
    %assign/vec4/off/d v0000024baa33d7a0_0, 4, 5;
    %jmp T_8.11;
T_8.11 ;
    %pop/vec4 1;
T_8.0 ;
    %jmp T_8;
    .thread T_8;
# The file index is used to find the file name in the following table.
:file_names 3;
    "N/A";
    "<interactive>";
    "uart001_rx.v";
